--- Snapshot Timing Progress ---
-----------------------------------------------------------------------------------------------------------------------------------------------------------------------------
QoR Report                                  WNS     TNS     Hold     LogicDRC     RouteDRC     Cell Cnt      Area     Buf/Inv       Util     CPU/Elps(hr)    Mem(Mb)     Host
-----------------------------------------------------------------------------------------------------------------------------------------------------------------------------
place_opt_icc                             1.574     0.0        0         1113            0         5789     95052        1552     53.10%        0.04/0.05       1012      mgt
clock_opt_cts_icc                         1.577     0.0        0         1114            0         5794     95217        1557     53.19%        0.04/0.06       1012      mgt
clock_opt_psyn_icc                        4.664     0.0        0           68            0         6122     98257        1626     54.89%        0.06/0.08       1012      mgt
clock_opt_route_icc                       4.665     0.0        0           69            0         6122     98257        1626     54.89%        0.06/0.09       1019      mgt
route_icc                                 4.067     0.0        0           88            0         6122     98257        1626     54.89%        0.08/0.11       1042      mgt
route_opt_icc                             4.049     0.0        0            9            0         6140     98815        1644     55.20%        0.10/0.13       1076      mgt
chip_finish_icc                           3.856     0.0        0            9            0         6140     98845        1644     47.75%        0.14/0.18       1092      mgt
metal_fill_icc                            3.856     0.0        0            9            0         6140     98845        1644     50.35%        0.14/0.19       1092      mgt
init_design_icc                           3.470     0.0        0          887            0         5787     83058        1551     40.12%        0.01/0.02        935      mgt


***********************************************
Report          : create_qor_snapshot (place_opt_icc)
Design          : clefia_128
Version         : L-2016.03-SP5-3
Date            : Sun Jan  2 03:07:15 2022
Time unit       : 1.0e-09 Second(ns)
Capacitance unit: 1.0e-12 Farad(pF)
Voltage unit    : 1 Volt
Power unit      : N/A
Location        : /js1/baixf/teaching/PCD2021/example/apr/snapshot
***********************************************
No. of scenario = 1
--------------------------------------------------
WNS of each timing group:                
--------------------------------------------------
--------------------------------------------------
Setup WNS:                                   1.574 
Setup TNS:                                     0.0
Number of setup violations:                      0  
Hold WNS:                                    0.000  
Hold TNS:                                    0.000  
Number of hold violations:                       0  
Number of max trans violations:               1107  
Number of max cap violations:                    6  
Number of min pulse width violations:            0  
Route drc violations:                            0
--------------------------------------------------
Area:                                        95052
Cell count:                                   5789
Buf/inv cell count:                           1552
Std cell utilization:                       53.10%
CPU/ELAPSE(hr):                          0.04/0.05
Mem(Mb):                                      1012
Host name:                                     mgt
--------------------------------------------------
Histogram:           
--------------------------------------------------
Max violations:         0 
   above ~ -0.7  ---    0 
    -0.6 ~ -0.7  ---    0 
    -0.5 ~ -0.6  ---    0 
    -0.4 ~ -0.5  ---    0 
    -0.3 ~ -0.4  ---    0 
    -0.2 ~ -0.3  ---    0 
    -0.1 ~ -0.2  ---    0 
       0 ~ -0.1  ---    0 
--------------------------------------------------
Min violations:         0 
  -0.06 ~ above  ---    0 
  -0.05 ~ -0.06  ---    0 
  -0.04 ~ -0.05  ---    0 
  -0.03 ~ -0.04  ---    0 
  -0.02 ~ -0.03  ---    0 
  -0.01 ~ -0.02  ---    0 
      0 ~ -0.01  ---    0 
--------------------------------------------------





***********************************************
Report          : create_qor_snapshot (clock_opt_cts_icc)
Design          : clefia_128
Version         : L-2016.03-SP5-3
Date            : Sun Jan  2 03:07:42 2022
Time unit       : 1.0e-09 Second(ns)
Capacitance unit: 1.0e-12 Farad(pF)
Voltage unit    : 1 Volt
Power unit      : N/A
Location        : /js1/baixf/teaching/PCD2021/example/apr/snapshot
***********************************************
No. of scenario = 1
--------------------------------------------------
WNS of each timing group:                
--------------------------------------------------
--------------------------------------------------
Setup WNS:                                   1.577 
Setup TNS:                                     0.0
Number of setup violations:                      0  
Hold WNS:                                    0.000  
Hold TNS:                                    0.000  
Number of hold violations:                       0  
Number of max trans violations:               1108  
Number of max cap violations:                    6  
Number of min pulse width violations:            0  
Route drc violations:                            0
--------------------------------------------------
Area:                                        95217
Cell count:                                   5794
Buf/inv cell count:                           1557
Std cell utilization:                       53.19%
CPU/ELAPSE(hr):                          0.04/0.06
Mem(Mb):                                      1012
Host name:                                     mgt
--------------------------------------------------
Histogram:           
--------------------------------------------------
Max violations:         0 
   above ~ -0.7  ---    0 
    -0.6 ~ -0.7  ---    0 
    -0.5 ~ -0.6  ---    0 
    -0.4 ~ -0.5  ---    0 
    -0.3 ~ -0.4  ---    0 
    -0.2 ~ -0.3  ---    0 
    -0.1 ~ -0.2  ---    0 
       0 ~ -0.1  ---    0 
--------------------------------------------------
Min violations:         0 
  -0.06 ~ above  ---    0 
  -0.05 ~ -0.06  ---    0 
  -0.04 ~ -0.05  ---    0 
  -0.03 ~ -0.04  ---    0 
  -0.02 ~ -0.03  ---    0 
  -0.01 ~ -0.02  ---    0 
      0 ~ -0.01  ---    0 
--------------------------------------------------
Global Skew Report:                  CT Buf    Period 
--------------------------------------------------
clk                  0.033/0.667       5     40.0000 
--------------------------------------------------
Worst Skew                 0.033 
Worst Delay                0.667 
Max Transitions                0 
Max Caps                       0 
Max Fanouts                    0 
--------------------------------------------------





***********************************************
Report          : create_qor_snapshot (clock_opt_psyn_icc)
Design          : clefia_128
Version         : L-2016.03-SP5-3
Date            : Sun Jan  2 03:09:03 2022
Time unit       : 1.0e-09 Second(ns)
Capacitance unit: 1.0e-12 Farad(pF)
Voltage unit    : 1 Volt
Power unit      : N/A
Location        : /js1/baixf/teaching/PCD2021/example/apr/snapshot
***********************************************
No. of scenario = 1
--------------------------------------------------
WNS of each timing group:                
--------------------------------------------------
--------------------------------------------------
Setup WNS:                                   4.664 
Setup TNS:                                     0.0
Number of setup violations:                      0  
Hold WNS:                                    0.000  
Hold TNS:                                    0.000  
Number of hold violations:                       0  
Number of max trans violations:                 68  
Number of max cap violations:                    0  
Number of min pulse width violations:            0  
Route drc violations:                            0
--------------------------------------------------
Area:                                        98257
Cell count:                                   6122
Buf/inv cell count:                           1626
Std cell utilization:                       54.89%
CPU/ELAPSE(hr):                          0.06/0.08
Mem(Mb):                                      1012
Host name:                                     mgt
--------------------------------------------------
Histogram:           
--------------------------------------------------
Max violations:         0 
   above ~ -0.7  ---    0 
    -0.6 ~ -0.7  ---    0 
    -0.5 ~ -0.6  ---    0 
    -0.4 ~ -0.5  ---    0 
    -0.3 ~ -0.4  ---    0 
    -0.2 ~ -0.3  ---    0 
    -0.1 ~ -0.2  ---    0 
       0 ~ -0.1  ---    0 
--------------------------------------------------
Min violations:         0 
  -0.06 ~ above  ---    0 
  -0.05 ~ -0.06  ---    0 
  -0.04 ~ -0.05  ---    0 
  -0.03 ~ -0.04  ---    0 
  -0.02 ~ -0.03  ---    0 
  -0.01 ~ -0.02  ---    0 
      0 ~ -0.01  ---    0 
--------------------------------------------------
Global Skew Report:                  CT Buf    Period 
--------------------------------------------------
clk                  0.035/0.693       5     40.0000 
--------------------------------------------------
Worst Skew                 0.035 
Worst Delay                0.693 
Max Transitions                0 
Max Caps                       0 
Max Fanouts                    0 
--------------------------------------------------





***********************************************
Report          : create_qor_snapshot (clock_opt_route_icc)
Design          : clefia_128
Version         : L-2016.03-SP5-3
Date            : Sun Jan  2 03:09:22 2022
Time unit       : 1.0e-09 Second(ns)
Capacitance unit: 1.0e-12 Farad(pF)
Voltage unit    : 1 Volt
Power unit      : N/A
Location        : /js1/baixf/teaching/PCD2021/example/apr/snapshot
***********************************************
No. of scenario = 1
--------------------------------------------------
WNS of each timing group:                
--------------------------------------------------
--------------------------------------------------
Setup WNS:                                   4.665 
Setup TNS:                                     0.0
Number of setup violations:                      0  
Hold WNS:                                    0.000  
Hold TNS:                                    0.000  
Number of hold violations:                       0  
Number of max trans violations:                 69  
Number of max cap violations:                    0  
Number of min pulse width violations:            0  
Route drc violations:                            0
--------------------------------------------------
Area:                                        98257
Cell count:                                   6122
Buf/inv cell count:                           1626
Std cell utilization:                       54.89%
CPU/ELAPSE(hr):                          0.06/0.09
Mem(Mb):                                      1019
Host name:                                     mgt
--------------------------------------------------
Histogram:           
--------------------------------------------------
Max violations:         0 
   above ~ -0.7  ---    0 
    -0.6 ~ -0.7  ---    0 
    -0.5 ~ -0.6  ---    0 
    -0.4 ~ -0.5  ---    0 
    -0.3 ~ -0.4  ---    0 
    -0.2 ~ -0.3  ---    0 
    -0.1 ~ -0.2  ---    0 
       0 ~ -0.1  ---    0 
--------------------------------------------------
Min violations:         0 
  -0.06 ~ above  ---    0 
  -0.05 ~ -0.06  ---    0 
  -0.04 ~ -0.05  ---    0 
  -0.03 ~ -0.04  ---    0 
  -0.02 ~ -0.03  ---    0 
  -0.01 ~ -0.02  ---    0 
      0 ~ -0.01  ---    0 
--------------------------------------------------
Global Skew Report:                  CT Buf    Period 
--------------------------------------------------
clk                  0.039/0.711       5     40.0000 
--------------------------------------------------
Worst Skew                 0.039 
Worst Delay                0.711 
Max Transitions                2 
Max Caps                       0 
Max Fanouts                    0 
--------------------------------------------------





***********************************************
Report          : create_qor_snapshot (route_icc)
Design          : clefia_128
Version         : L-2016.03-SP5-3
Date            : Sun Jan  2 03:10:45 2022
Time unit       : 1.0e-09 Second(ns)
Capacitance unit: 1.0e-12 Farad(pF)
Voltage unit    : 1 Volt
Power unit      : N/A
Location        : /js1/baixf/teaching/PCD2021/example/apr/snapshot
***********************************************
No. of scenario = 1
--------------------------------------------------
WNS of each timing group:                
--------------------------------------------------
--------------------------------------------------
Setup WNS:                                   4.067 
Setup TNS:                                     0.0
Number of setup violations:                      0  
Hold WNS:                                    0.000  
Hold TNS:                                    0.000  
Number of hold violations:                       0  
Number of max trans violations:                 88  
Number of max cap violations:                    0  
Number of min pulse width violations:            0  
Route drc violations:                            0
--------------------------------------------------
Area:                                        98257
Cell count:                                   6122
Buf/inv cell count:                           1626
Std cell utilization:                       54.89%
CPU/ELAPSE(hr):                          0.08/0.11
Mem(Mb):                                      1042
Host name:                                     mgt
--------------------------------------------------
Histogram:           
--------------------------------------------------
Max violations:         0 
   above ~ -0.7  ---    0 
    -0.6 ~ -0.7  ---    0 
    -0.5 ~ -0.6  ---    0 
    -0.4 ~ -0.5  ---    0 
    -0.3 ~ -0.4  ---    0 
    -0.2 ~ -0.3  ---    0 
    -0.1 ~ -0.2  ---    0 
       0 ~ -0.1  ---    0 
--------------------------------------------------
Min violations:         0 
  -0.06 ~ above  ---    0 
  -0.05 ~ -0.06  ---    0 
  -0.04 ~ -0.05  ---    0 
  -0.03 ~ -0.04  ---    0 
  -0.02 ~ -0.03  ---    0 
  -0.01 ~ -0.02  ---    0 
      0 ~ -0.01  ---    0 
--------------------------------------------------
Global Skew Report:                  CT Buf    Period 
--------------------------------------------------
clk                  0.037/0.691       5     40.0000 
--------------------------------------------------
Worst Skew                 0.037 
Worst Delay                0.691 
Max Transitions                0 
Max Caps                       0 
Max Fanouts                    0 
--------------------------------------------------





***********************************************
Report          : create_qor_snapshot (route_opt_icc)
Design          : clefia_128
Version         : L-2016.03-SP5-3
Date            : Sun Jan  2 03:11:55 2022
Time unit       : 1.0e-09 Second(ns)
Capacitance unit: 1.0e-12 Farad(pF)
Voltage unit    : 1 Volt
Power unit      : N/A
Location        : /js1/baixf/teaching/PCD2021/example/apr/snapshot
***********************************************
No. of scenario = 1
--------------------------------------------------
WNS of each timing group:                
--------------------------------------------------
--------------------------------------------------
Setup WNS:                                   4.049 
Setup TNS:                                     0.0
Number of setup violations:                      0  
Hold WNS:                                    0.000  
Hold TNS:                                    0.000  
Number of hold violations:                       0  
Number of max trans violations:                  9  
Number of max cap violations:                    0  
Number of min pulse width violations:            0  
Route drc violations:                            0
--------------------------------------------------
Area:                                        98815
Cell count:                                   6140
Buf/inv cell count:                           1644
Std cell utilization:                       55.20%
CPU/ELAPSE(hr):                          0.10/0.13
Mem(Mb):                                      1076
Host name:                                     mgt
--------------------------------------------------
Histogram:           
--------------------------------------------------
Max violations:         0 
   above ~ -0.7  ---    0 
    -0.6 ~ -0.7  ---    0 
    -0.5 ~ -0.6  ---    0 
    -0.4 ~ -0.5  ---    0 
    -0.3 ~ -0.4  ---    0 
    -0.2 ~ -0.3  ---    0 
    -0.1 ~ -0.2  ---    0 
       0 ~ -0.1  ---    0 
--------------------------------------------------
Min violations:         0 
  -0.06 ~ above  ---    0 
  -0.05 ~ -0.06  ---    0 
  -0.04 ~ -0.05  ---    0 
  -0.03 ~ -0.04  ---    0 
  -0.02 ~ -0.03  ---    0 
  -0.01 ~ -0.02  ---    0 
      0 ~ -0.01  ---    0 
--------------------------------------------------
Global Skew Report:                  CT Buf    Period 
--------------------------------------------------
clk                  0.037/0.690       5     40.0000 
--------------------------------------------------
Worst Skew                 0.037 
Worst Delay                0.690 
Max Transitions                0 
Max Caps                       0 
Max Fanouts                    0 
--------------------------------------------------





***********************************************
Report          : create_qor_snapshot (chip_finish_icc)
Design          : clefia_128
Version         : L-2016.03-SP5-3
Date            : Sun Jan  2 03:14:47 2022
Time unit       : 1.0e-09 Second(ns)
Capacitance unit: 1.0e-12 Farad(pF)
Voltage unit    : 1 Volt
Power unit      : N/A
Location        : /js1/baixf/teaching/PCD2021/example/apr/snapshot
***********************************************
No. of scenario = 1
--------------------------------------------------
WNS of each timing group:                
--------------------------------------------------
--------------------------------------------------
Setup WNS:                                   3.856 
Setup TNS:                                     0.0
Number of setup violations:                      0  
Hold WNS:                                    0.000  
Hold TNS:                                    0.000  
Number of hold violations:                       0  
Number of max trans violations:                  9  
Number of max cap violations:                    0  
Number of min pulse width violations:            0  
Route drc violations:                            0
--------------------------------------------------
Area:                                        98845
Cell count:                                   6140
Buf/inv cell count:                           1644
Std cell utilization:                       47.75%
CPU/ELAPSE(hr):                          0.14/0.18
Mem(Mb):                                      1092
Host name:                                     mgt
--------------------------------------------------
Histogram:           
--------------------------------------------------
Max violations:         0 
   above ~ -0.7  ---    0 
    -0.6 ~ -0.7  ---    0 
    -0.5 ~ -0.6  ---    0 
    -0.4 ~ -0.5  ---    0 
    -0.3 ~ -0.4  ---    0 
    -0.2 ~ -0.3  ---    0 
    -0.1 ~ -0.2  ---    0 
       0 ~ -0.1  ---    0 
--------------------------------------------------
Min violations:         0 
  -0.06 ~ above  ---    0 
  -0.05 ~ -0.06  ---    0 
  -0.04 ~ -0.05  ---    0 
  -0.03 ~ -0.04  ---    0 
  -0.02 ~ -0.03  ---    0 
  -0.01 ~ -0.02  ---    0 
      0 ~ -0.01  ---    0 
--------------------------------------------------
Global Skew Report:                  CT Buf    Period 
--------------------------------------------------
clk                  0.041/0.691       5     40.0000 
--------------------------------------------------
Worst Skew                 0.041 
Worst Delay                0.691 
Max Transitions                0 
Max Caps                       0 
Max Fanouts                    0 
--------------------------------------------------





***********************************************
Report          : create_qor_snapshot (metal_fill_icc)
Design          : clefia_128
Version         : L-2016.03-SP5-3
Date            : Sun Jan  2 03:15:17 2022
Time unit       : 1.0e-09 Second(ns)
Capacitance unit: 1.0e-12 Farad(pF)
Voltage unit    : 1 Volt
Power unit      : N/A
Location        : /js1/baixf/teaching/PCD2021/example/apr/snapshot
***********************************************
No. of scenario = 1
--------------------------------------------------
WNS of each timing group:                
--------------------------------------------------
--------------------------------------------------
Setup WNS:                                   3.856 
Setup TNS:                                     0.0
Number of setup violations:                      0  
Hold WNS:                                    0.000  
Hold TNS:                                    0.000  
Number of hold violations:                       0  
Number of max trans violations:                  9  
Number of max cap violations:                    0  
Number of min pulse width violations:            0  
Route drc violations:                            0
--------------------------------------------------
Area:                                        98845
Cell count:                                   6140
Buf/inv cell count:                           1644
Std cell utilization:                       50.35%
CPU/ELAPSE(hr):                          0.14/0.19
Mem(Mb):                                      1092
Host name:                                     mgt
--------------------------------------------------
Histogram:           
--------------------------------------------------
Max violations:         0 
   above ~ -0.7  ---    0 
    -0.6 ~ -0.7  ---    0 
    -0.5 ~ -0.6  ---    0 
    -0.4 ~ -0.5  ---    0 
    -0.3 ~ -0.4  ---    0 
    -0.2 ~ -0.3  ---    0 
    -0.1 ~ -0.2  ---    0 
       0 ~ -0.1  ---    0 
--------------------------------------------------
Min violations:         0 
  -0.06 ~ above  ---    0 
  -0.05 ~ -0.06  ---    0 
  -0.04 ~ -0.05  ---    0 
  -0.03 ~ -0.04  ---    0 
  -0.02 ~ -0.03  ---    0 
  -0.01 ~ -0.02  ---    0 
      0 ~ -0.01  ---    0 
--------------------------------------------------
Global Skew Report:                  CT Buf    Period 
--------------------------------------------------
clk                  0.041/0.691       5     40.0000 
--------------------------------------------------
Worst Skew                 0.041 
Worst Delay                0.691 
Max Transitions                0 
Max Caps                       0 
Max Fanouts                    0 
--------------------------------------------------





***********************************************
Report          : create_qor_snapshot (init_design_icc)
Design          : clefia_128
Version         : L-2016.03-SP5-3
Date            : Sun Jan  2 03:33:46 2022
Time unit       : 1.0e-09 Second(ns)
Capacitance unit: 1.0e-12 Farad(pF)
Voltage unit    : 1 Volt
Power unit      : N/A
Location        : /js1/baixf/teaching/PCD2021/example/apr/snapshot
***********************************************
No. of scenario = 1
--------------------------------------------------
WNS of each timing group:                
--------------------------------------------------
--------------------------------------------------
Setup WNS:                                   3.470 
Setup TNS:                                     0.0
Number of setup violations:                      0  
Hold WNS:                                    0.000  
Hold TNS:                                    0.000  
Number of hold violations:                       0  
Number of max trans violations:                881  
Number of max cap violations:                    6  
Number of min pulse width violations:            0  
Route drc violations:                            0
--------------------------------------------------
Area:                                        83058
Cell count:                                   5787
Buf/inv cell count:                           1551
Std cell utilization:                       40.12%
CPU/ELAPSE(hr):                          0.01/0.02
Mem(Mb):                                       935
Host name:                                     mgt
--------------------------------------------------
Histogram:           
--------------------------------------------------
Max violations:         0 
   above ~ -0.7  ---    0 
    -0.6 ~ -0.7  ---    0 
    -0.5 ~ -0.6  ---    0 
    -0.4 ~ -0.5  ---    0 
    -0.3 ~ -0.4  ---    0 
    -0.2 ~ -0.3  ---    0 
    -0.1 ~ -0.2  ---    0 
       0 ~ -0.1  ---    0 
--------------------------------------------------
Min violations:         0 
  -0.06 ~ above  ---    0 
  -0.05 ~ -0.06  ---    0 
  -0.04 ~ -0.05  ---    0 
  -0.03 ~ -0.04  ---    0 
  -0.02 ~ -0.03  ---    0 
  -0.01 ~ -0.02  ---    0 
      0 ~ -0.01  ---    0 
--------------------------------------------------



Snapshot report (index) is created and can be viewed using file "/js1/baixf/teaching/PCD2021/example/apr/snapshot/index.html"
1
