\o Program:		@(#)$CDS: libManager version 6.1.6 - CAT33 02/20/2013 14:27 (sjfnl893) $
\o Sub version:		sub-version  p011 
\o Arguments:		-unmapped -mpssession virtuoso21816 -mpshost mgt 
\o Working Directory:	mgt:/bks2/PB20000328/ic_design/oa
\o 64-bit offsets
\o Qt version: 		4.7.2
\o changeWorkingDir("/bks2/PB20000328/ic_design/oa") unnecessary.
\o ddSetForcedLib("") unnecessary.
\o Log file is "/bks2/PB20000328/ic_design/oa/libManager.log".
\o Opening libManager window.
\a nrSetWindowVisibility(cdsLibManager "show")
\o MPS service: map window
\o Library Manager customization server connected.
\a nrSetCurrentWindow(cdsLibManager)
\w Warning: LIB basic from File /soft2/eda/tech/TSMC180BCDGEN3/pdk/oa/T018CVSP027K3_1_3A/HRI_3.3K_1.8V_5V_MIM_2.0fF_GA_GB_1P5M_4Kx4_MiM_40K/cds.lib Line 1 redefines
\w LIB basic from File /soft2/eda/tech/TSMC180BCDGEN3/pdk/oa/T018CMSP018K3_1_0A/MIM_2.0fF_1P5M_3X1U_40K_UTM/cds.lib
\w Insert UNDEFINE basic
\w before DEFINE basic
\w     in /soft2/eda/tech/TSMC180BCDGEN3/pdk/oa/T018CVSP027K3_1_3A/HRI_3.3K_1.8V_5V_MIM_2.0fF_GA_GB_1P5M_4Kx4_MiM_40K/cds.lib
\w Or remove or comment out DEFINE basic
\w     in /soft2/eda/tech/TSMC180BCDGEN3/pdk/oa/T018CMSP018K3_1_0A/MIM_2.0fF_1P5M_3X1U_40K_UTM/cds.lib
\w to suppress this warning message.
\w Warning: LIB analogLib from File /soft2/eda/tech/TSMC180BCDGEN3/pdk/oa/T018CVSP027K3_1_3A/HRI_3.3K_1.8V_5V_MIM_2.0fF_GA_GB_1P5M_4Kx4_MiM_40K/cds.lib Line 2 redefines
\w LIB analogLib from File /soft2/eda/tech/TSMC180BCDGEN3/pdk/oa/T018CMSP018K3_1_0A/MIM_2.0fF_1P5M_3X1U_40K_UTM/cds.lib
\w Insert UNDEFINE analogLib
\w before DEFINE analogLib
\w     in /soft2/eda/tech/TSMC180BCDGEN3/pdk/oa/T018CVSP027K3_1_3A/HRI_3.3K_1.8V_5V_MIM_2.0fF_GA_GB_1P5M_4Kx4_MiM_40K/cds.lib
\w Or remove or comment out DEFINE analogLib
\w     in /soft2/eda/tech/TSMC180BCDGEN3/pdk/oa/T018CMSP018K3_1_0A/MIM_2.0fF_1P5M_3X1U_40K_UTM/cds.lib
\w to suppress this warning message.
\w Warning: LIB tsmc18 from File /soft2/eda/tech/TSMC180BCDGEN3/pdk/oa/T018CVSP027K3_1_3A/HRI_3.3K_1.8V_5V_MIM_2.0fF_GA_GB_1P5M_4Kx4_MiM_40K/cds.lib Line 3 redefines
\w LIB tsmc18 from File /soft2/eda/tech/TSMC180BCDGEN3/pdk/oa/T018CMSP018K3_1_0A/MIM_2.0fF_1P5M_3X1U_40K_UTM/cds.lib
\w Insert UNDEFINE tsmc18
\w before DEFINE tsmc18
\w     in /soft2/eda/tech/TSMC180BCDGEN3/pdk/oa/T018CVSP027K3_1_3A/HRI_3.3K_1.8V_5V_MIM_2.0fF_GA_GB_1P5M_4Kx4_MiM_40K/cds.lib
\w Or remove or comment out DEFINE tsmc18
\w     in /soft2/eda/tech/TSMC180BCDGEN3/pdk/oa/T018CMSP018K3_1_0A/MIM_2.0fF_1P5M_3X1U_40K_UTM/cds.lib
\w to suppress this warning message.
\w Warning: '/bks2/PB20000328/ic_design/oa/cds.lib', Line 3, Repeat of INCLUDE of '/soft2/eda/tech/TSMC180BCDGEN3/pdk/oa/T018CVSP027K3_1_3A/HRI_3.3K_1.8V_5V_MIM_2.0fF_GA_GB_1P5M_4Kx4_MiM_40K/cds.lib'.
\w Warning: LIB basic from File /soft2/eda/tech/TSMC180BCDGEN3/pdk/oa/T018CVSP027K3_1_3A/HRI_3.3K_1.8V_5V_MIM_2.0fF_GA_GB_1P5M_4Kx4_MiM_40K/cds.lib Line 1 redefines
\w LIB basic from the same file (defined earlier.)
\w Warning: LIB analogLib from File /soft2/eda/tech/TSMC180BCDGEN3/pdk/oa/T018CVSP027K3_1_3A/HRI_3.3K_1.8V_5V_MIM_2.0fF_GA_GB_1P5M_4Kx4_MiM_40K/cds.lib Line 2 redefines
\w LIB analogLib from the same file (defined earlier.)
\w Warning: LIB tsmc18 from File /soft2/eda/tech/TSMC180BCDGEN3/pdk/oa/T018CVSP027K3_1_3A/HRI_3.3K_1.8V_5V_MIM_2.0fF_GA_GB_1P5M_4Kx4_MiM_40K/cds.lib Line 3 redefines
\w LIB tsmc18 from the same file (defined earlier.)
\o  Warning (gdmiExecGetConfig):  Got stderr from sosgdmconfig command.
\o  Error (gdmForkExec): Unable to run the sosgdmconfig command: No such file or directory
\o  Error (gdmLoadSharedLib):  GDM is unable to load the shared library "/soft1/cadence/IC616/tools/lib/64bit/libgdmsos_sh.so".
\o  Error (gdmLoadSharedLib):  The message returned from the system is: /soft1/cadence/IC616/tools/lib/64bit/libgdmsos_sh.so: cannot open shared object file: No such file or directory
\o  Error (gdmLoadSharedLib):  Contact the owner of the library to resolve the problem
\o before running the command again.
\o  Error (gdmiLoadDMLibrary):  GDM failed to load the DM library './libgdmsos_sh.so' for the DM system 'sos'
\o Check if this library is on the CDS_INST_DIR tools/lib and/or tools/lib/64bit,
\o or if GDM_USE_SHLIB_ENVVAR is set, check if it is defined on your LD_LIBRARY_PATH.
\o If the DM 'sos' is not a valid DM, update the valid DM in your cdsinfo.tag and rerun the GDM command
\o  Error (gdmImportDMSystem):  DM system 'sos' as specified in file '/bks2/PB20000328/ic_design/oa/sealring_1P5M/cdsinfo.tag' is not available. Check if it is installed and also check if the environment variable LD_LIBRARY_PATH is set with the correct library path.
\a nrResizeWindow(cdsLibManager list(495 127 600 463))
\a nrResizeWindow(cdsLibManager list(0 23 1440 837))
\a cdsLibManager->libListBox->value = "systolic_array"
\a cdsLibManager->libLineEdit->value = "systolic_array"
\a cdsLibManager->cellListBox->value = "systolic_array"
\a cdsLibManager->viewListBox->value = "layout"
\a cdsLibManager->viewLineEdit->value = "layout"
\a cdsLibManager->cellLineEdit->value = "systolic_array"
\a lmgrLogShowPopup("mainListPopup2" 74 9 2 "layout")
\a cdsLibManager->FileOpenROButton->value = t
\o MPS request: open design readonly
\a cdsLibManager->libListBox->value = nil
\a cdsLibManager->cellListBox->value = nil
\a cdsLibManager->viewLineEdit->value = ""
\a cdsLibManager->viewListBox->value = nil
\a cdsLibManager->cellLineEdit->value = ""
\a cdsLibManager->libLineEdit->value = ""
\w Warning: LIB basic from File /soft2/eda/tech/TSMC180BCDGEN3/pdk/oa/T018CVSP027K3_1_3A/HRI_3.3K_1.8V_5V_MIM_2.0fF_GA_GB_1P5M_4Kx4_MiM_40K/cds.lib Line 1 redefines
\w LIB basic from File /soft2/eda/tech/TSMC180BCDGEN3/pdk/oa/T018CMSP018K3_1_0A/MIM_2.0fF_1P5M_3X1U_40K_UTM/cds.lib
\w Insert UNDEFINE basic
\w before DEFINE basic
\w     in /soft2/eda/tech/TSMC180BCDGEN3/pdk/oa/T018CVSP027K3_1_3A/HRI_3.3K_1.8V_5V_MIM_2.0fF_GA_GB_1P5M_4Kx4_MiM_40K/cds.lib
\w Or remove or comment out DEFINE basic
\w     in /soft2/eda/tech/TSMC180BCDGEN3/pdk/oa/T018CMSP018K3_1_0A/MIM_2.0fF_1P5M_3X1U_40K_UTM/cds.lib
\w to suppress this warning message.
\w Warning: LIB analogLib from File /soft2/eda/tech/TSMC180BCDGEN3/pdk/oa/T018CVSP027K3_1_3A/HRI_3.3K_1.8V_5V_MIM_2.0fF_GA_GB_1P5M_4Kx4_MiM_40K/cds.lib Line 2 redefines
\w LIB analogLib from File /soft2/eda/tech/TSMC180BCDGEN3/pdk/oa/T018CMSP018K3_1_0A/MIM_2.0fF_1P5M_3X1U_40K_UTM/cds.lib
\w Insert UNDEFINE analogLib
\w before DEFINE analogLib
\w     in /soft2/eda/tech/TSMC180BCDGEN3/pdk/oa/T018CVSP027K3_1_3A/HRI_3.3K_1.8V_5V_MIM_2.0fF_GA_GB_1P5M_4Kx4_MiM_40K/cds.lib
\w Or remove or comment out DEFINE analogLib
\w     in /soft2/eda/tech/TSMC180BCDGEN3/pdk/oa/T018CMSP018K3_1_0A/MIM_2.0fF_1P5M_3X1U_40K_UTM/cds.lib
\w to suppress this warning message.
\w Warning: LIB tsmc18 from File /soft2/eda/tech/TSMC180BCDGEN3/pdk/oa/T018CVSP027K3_1_3A/HRI_3.3K_1.8V_5V_MIM_2.0fF_GA_GB_1P5M_4Kx4_MiM_40K/cds.lib Line 3 redefines
\w LIB tsmc18 from File /soft2/eda/tech/TSMC180BCDGEN3/pdk/oa/T018CMSP018K3_1_0A/MIM_2.0fF_1P5M_3X1U_40K_UTM/cds.lib
\w Insert UNDEFINE tsmc18
\w before DEFINE tsmc18
\w     in /soft2/eda/tech/TSMC180BCDGEN3/pdk/oa/T018CVSP027K3_1_3A/HRI_3.3K_1.8V_5V_MIM_2.0fF_GA_GB_1P5M_4Kx4_MiM_40K/cds.lib
\w Or remove or comment out DEFINE tsmc18
\w     in /soft2/eda/tech/TSMC180BCDGEN3/pdk/oa/T018CMSP018K3_1_0A/MIM_2.0fF_1P5M_3X1U_40K_UTM/cds.lib
\w to suppress this warning message.
\w Warning: '/bks2/PB20000328/ic_design/oa/cds.lib', Line 3, Repeat of INCLUDE of '/soft2/eda/tech/TSMC180BCDGEN3/pdk/oa/T018CVSP027K3_1_3A/HRI_3.3K_1.8V_5V_MIM_2.0fF_GA_GB_1P5M_4Kx4_MiM_40K/cds.lib'.
\w Warning: LIB basic from File /soft2/eda/tech/TSMC180BCDGEN3/pdk/oa/T018CVSP027K3_1_3A/HRI_3.3K_1.8V_5V_MIM_2.0fF_GA_GB_1P5M_4Kx4_MiM_40K/cds.lib Line 1 redefines
\w LIB basic from the same file (defined earlier.)
\w Warning: LIB analogLib from File /soft2/eda/tech/TSMC180BCDGEN3/pdk/oa/T018CVSP027K3_1_3A/HRI_3.3K_1.8V_5V_MIM_2.0fF_GA_GB_1P5M_4Kx4_MiM_40K/cds.lib Line 2 redefines
\w LIB analogLib from the same file (defined earlier.)
\w Warning: LIB tsmc18 from File /soft2/eda/tech/TSMC180BCDGEN3/pdk/oa/T018CVSP027K3_1_3A/HRI_3.3K_1.8V_5V_MIM_2.0fF_GA_GB_1P5M_4Kx4_MiM_40K/cds.lib Line 3 redefines
\w LIB tsmc18 from the same file (defined earlier.)
\a cdsLibManager->libListBox->value = "systolic_array"
\a cdsLibManager->libLineEdit->value = "systolic_array"
\a cdsLibManager->cellListBox->value = "systolic_array"
\a cdsLibManager->cellLineEdit->value = "systolic_array"
\a cdsLibManager->viewListBox->value = "layout"
\a cdsLibManager->viewLineEdit->value = "layout"
\a cdsLibManager->viewLineEdit->value = ""
\a cdsLibManager->viewListBox->value = nil
\a cdsLibManager->viewListBox->value = "layout"
\a cdsLibManager->viewLineEdit->value = "layout"
\a nrSetCurrentWindow(cdsLibManager)
\a nrSetCurrentWindow(cdsLibManager)
\a nrSetCurrentWindow(cdsLibManager)
\a lmgrLogShowPopup("mainListPopup2" 63 10 2 "layout")
\a cdsLibManager->FileOpenROButton->value = t
\o MPS request: open design readonly
\o MPS service: shutdown
\o libManager is exiting.
\a nrSetWindowVisibility(cdsLibManager "hide")
\a exit(0)
