 
****************************************
Report : constraint
        -all_violators
        -max_delay
        -min_delay
        -max_capacitance
        -max_transition
Design : systolic_array
Version: L-2016.03-SP5-3
Date   : Tue Dec 27 20:19:41 2022
****************************************


   max_transition

                             Required        Actual
   Net                      Transition     Transition        Slack
   -----------------------------------------------------------------
   p_shift_in_B[4]             0.500         18.074        -17.574  (VIOLATED)
       PORT :  p_shift_in_B[4]    0.500      18.074        -17.574  (VIOLATED)
       PIN :   u_pad_data_in_12/PAD    0.500   18.074      -17.574  (VIOLATED)
   p_shift_in_B[5]             0.500         18.073        -17.573  (VIOLATED)
       PORT :  p_shift_in_B[5]    0.500      18.073        -17.573  (VIOLATED)
       PIN :   u_pad_data_in_13/PAD    0.500   18.073      -17.573  (VIOLATED)
   p_shift_in_A[4]             0.500         18.071        -17.571  (VIOLATED)
       PORT :  p_shift_in_A[4]    0.500      18.071        -17.571  (VIOLATED)
       PIN :   u_pad_data_in_4/PAD    0.500   18.071       -17.571  (VIOLATED)
   p_shift_in_A[3]             0.500         18.070        -17.570  (VIOLATED)
       PORT :  p_shift_in_A[3]    0.500      18.070        -17.570  (VIOLATED)
       PIN :   u_pad_data_in_3/PAD    0.500   18.070       -17.570  (VIOLATED)
   p_shift_in_B[3]             0.500         18.070        -17.570  (VIOLATED)
       PORT :  p_shift_in_B[3]    0.500      18.070        -17.570  (VIOLATED)
       PIN :   u_pad_data_in_11/PAD    0.500   18.070      -17.570  (VIOLATED)
   p_shift_in_B[2]             0.500         18.069        -17.569  (VIOLATED)
       PORT :  p_shift_in_B[2]    0.500      18.069        -17.569  (VIOLATED)
       PIN :   u_pad_data_in_10/PAD    0.500   18.069      -17.569  (VIOLATED)
   p_shift_in_B[1]             0.500         18.069        -17.569  (VIOLATED)
       PORT :  p_shift_in_B[1]    0.500      18.069        -17.569  (VIOLATED)
       PIN :   u_pad_data_in_9/PAD    0.500   18.069       -17.569  (VIOLATED)
   p_shift_in_A[0]             0.500         18.069        -17.569  (VIOLATED)
       PORT :  p_shift_in_A[0]    0.500      18.069        -17.569  (VIOLATED)
       PIN :   u_pad_data_in_0/PAD    0.500   18.069       -17.569  (VIOLATED)
   p_shift_in_B[6]             0.500         18.067        -17.567  (VIOLATED)
       PORT :  p_shift_in_B[6]    0.500      18.067        -17.567  (VIOLATED)
       PIN :   u_pad_data_in_14/PAD    0.500   18.067      -17.567  (VIOLATED)
   p_shift_in_B[0]             0.500         18.067        -17.567  (VIOLATED)
       PORT :  p_shift_in_B[0]    0.500      18.067        -17.567  (VIOLATED)
       PIN :   u_pad_data_in_8/PAD    0.500   18.067       -17.567  (VIOLATED)
   p_shift_in_A[1]             0.500         18.066        -17.566  (VIOLATED)
       PORT :  p_shift_in_A[1]    0.500      18.066        -17.566  (VIOLATED)
       PIN :   u_pad_data_in_1/PAD    0.500   18.066       -17.566  (VIOLATED)
   p_shift_in_A[5]             0.500         18.065        -17.565  (VIOLATED)
       PORT :  p_shift_in_A[5]    0.500      18.065        -17.565  (VIOLATED)
       PIN :   u_pad_data_in_5/PAD    0.500   18.065       -17.565  (VIOLATED)
   p_shift_in_A[6]             0.500         18.064        -17.564  (VIOLATED)
       PORT :  p_shift_in_A[6]    0.500      18.064        -17.564  (VIOLATED)
       PIN :   u_pad_data_in_6/PAD    0.500   18.064       -17.564  (VIOLATED)
   p_shift_in_A[2]             0.500         18.062        -17.562  (VIOLATED)
       PORT :  p_shift_in_A[2]    0.500      18.062        -17.562  (VIOLATED)
       PIN :   u_pad_data_in_2/PAD    0.500   18.062       -17.562  (VIOLATED)
   p_shift_in_B[7]             0.500         18.062        -17.562  (VIOLATED)
       PORT :  p_shift_in_B[7]    0.500      18.062        -17.562  (VIOLATED)
       PIN :   u_pad_data_in_15/PAD    0.500   18.062      -17.562  (VIOLATED)
   p_shift_in_A[7]             0.500         18.062        -17.562  (VIOLATED)
       PORT :  p_shift_in_A[7]    0.500      18.062        -17.562  (VIOLATED)
       PIN :   u_pad_data_in_7/PAD    0.500   18.062       -17.562  (VIOLATED)
   en_p                        0.500         18.061        -17.561  (VIOLATED)
       PORT :  en_p            0.500         18.061        -17.561  (VIOLATED)
       PIN :   u_pad_data_in_16/PAD    0.500   18.061      -17.561  (VIOLATED)
   clk_p (dont_touch)          0.500         18.059        -17.559  (VIOLATED)
       PORT :  clk_p           0.500         18.059        -17.559  (VIOLATED)
       PIN :   u_pad_clk/PAD    0.500        18.059        -17.559  (VIOLATED)
   rstn_p                      0.500         18.058        -17.558  (VIOLATED)
       PORT :  rstn_p          0.500         18.058        -17.558  (VIOLATED)
       PIN :   u_pad_rst_n/PAD    0.500      18.058        -17.558  (VIOLATED)
   p_shift_out[1]              0.500          1.421         -0.921  (VIOLATED)
       PORT :  p_shift_out[1]    0.500        1.421         -0.921  (VIOLATED)
   p_shift_out[2]              0.500          1.421         -0.921  (VIOLATED)
       PORT :  p_shift_out[2]    0.500        1.421         -0.921  (VIOLATED)
   p_shift_out[3]              0.500          1.421         -0.921  (VIOLATED)
       PORT :  p_shift_out[3]    0.500        1.421         -0.921  (VIOLATED)
   ack_p                       0.500          1.421         -0.921  (VIOLATED)
       PORT :  ack_p           0.500          1.421         -0.921  (VIOLATED)
   p_shift_out[5]              0.500          1.421         -0.921  (VIOLATED)
       PORT :  p_shift_out[5]    0.500        1.421         -0.921  (VIOLATED)
   p_shift_out[4]              0.500          1.421         -0.921  (VIOLATED)
       PORT :  p_shift_out[4]    0.500        1.421         -0.921  (VIOLATED)
   p_shift_out[7]              0.500          1.420         -0.920  (VIOLATED)
       PORT :  p_shift_out[7]    0.500        1.420         -0.920  (VIOLATED)
   p_shift_out[0]              0.500          1.420         -0.920  (VIOLATED)
       PORT :  p_shift_out[0]    0.500        1.420         -0.920  (VIOLATED)
   p_shift_out[6]              0.500          1.417         -0.917  (VIOLATED)
       PORT :  p_shift_out[6]    0.500        1.417         -0.917  (VIOLATED)
   n1535                       0.500          0.531         -0.031  (VIOLATED)
       PIN :   U1939/B         0.500          0.531         -0.031  (VIOLATED)
       PIN :   U1938/ZN        0.500          0.531         -0.031  (VIOLATED)
   SA_core_output_row_2[2]     0.500          0.529         -0.029  (VIOLATED)
       PIN :   U1425/A2        0.500          0.529         -0.029  (VIOLATED)
       PIN :   U1994/A3        0.500          0.529         -0.029  (VIOLATED)
       PIN :   U1995/A1        0.500          0.529         -0.029  (VIOLATED)
       PIN :   SA_core_pe_2_3_Cij_o_reg_2_/Q    0.500    0.529   -0.029 (VIOLATED)
   SA_core_connect[51]         0.500          0.525         -0.025  (VIOLATED)
       PIN :   icc_place1487/I    0.500       0.525         -0.025  (VIOLATED)
       PIN :   SA_core_pe_2_0_Aij_o_reg_3_/Q    0.500    0.525   -0.025 (VIOLATED)
   n3883                       0.500          0.525         -0.025  (VIOLATED)
       PIN :   U3272/A1        0.500          0.525         -0.025  (VIOLATED)
       PIN :   U3301/A1        0.500          0.525         -0.025  (VIOLATED)
       PIN :   U3312/A1        0.500          0.525         -0.025  (VIOLATED)
       PIN :   U3290/A1        0.500          0.525         -0.025  (VIOLATED)
       PIN :   U3226/A2        0.500          0.525         -0.025  (VIOLATED)
       PIN :   U2474/ZN        0.500          0.525         -0.025  (VIOLATED)
   n3633                       0.500          0.523         -0.023  (VIOLATED)
       PIN :   U4443/B         0.500          0.523         -0.023  (VIOLATED)
       PIN :   U4442/ZN        0.500          0.523         -0.023  (VIOLATED)
   n2502                       0.500          0.522         -0.022  (VIOLATED)
       PIN :   U2816/A1        0.500          0.522         -0.022  (VIOLATED)
       PIN :   U2786/A1        0.500          0.522         -0.022  (VIOLATED)
       PIN :   U2901/B         0.500          0.522         -0.022  (VIOLATED)
       PIN :   U2913/A2        0.500          0.522         -0.022  (VIOLATED)
       PIN :   U2879/B         0.500          0.522         -0.022  (VIOLATED)
       PIN :   U2927/B         0.500          0.522         -0.022  (VIOLATED)
       PIN :   U2944/A2        0.500          0.522         -0.022  (VIOLATED)
       PIN :   U2534/A1        0.500          0.521         -0.021  (VIOLATED)
       PIN :   U2745/B         0.500          0.520         -0.020  (VIOLATED)
       PIN :   U2690/A1        0.500          0.521         -0.021  (VIOLATED)
       PIN :   U2660/A1        0.500          0.519         -0.019  (VIOLATED)
       PIN :   U2619/B         0.500          0.519         -0.019  (VIOLATED)
       PIN :   U2565/A1        0.500          0.521         -0.021  (VIOLATED)
       PIN :   icc_place1789/I    0.500       0.521         -0.021  (VIOLATED)
       PIN :   U2478/ZN        0.500          0.519         -0.019  (VIOLATED)
   n3246                       0.500          0.522         -0.022  (VIOLATED)
       PIN :   U3940/B2        0.500          0.517         -0.017  (VIOLATED)
       PIN :   U3946/B2        0.500          0.517         -0.017  (VIOLATED)
       PIN :   U3939/A1        0.500          0.519         -0.019  (VIOLATED)
       PIN :   U3945/A1        0.500          0.517         -0.017  (VIOLATED)
       PIN :   U3938/B2        0.500          0.519         -0.019  (VIOLATED)
       PIN :   U3944/B2        0.500          0.517         -0.017  (VIOLATED)
       PIN :   U3943/A1        0.500          0.517         -0.017  (VIOLATED)
       PIN :   U3947/A1        0.500          0.516         -0.016  (VIOLATED)
       PIN :   U3942/B2        0.500          0.517         -0.017  (VIOLATED)
       PIN :   U3951/A1        0.500          0.515         -0.015  (VIOLATED)
       PIN :   U3950/B2        0.500          0.515         -0.015  (VIOLATED)
       PIN :   U3949/A1        0.500          0.519         -0.019  (VIOLATED)
       PIN :   U3948/B2        0.500          0.518         -0.018  (VIOLATED)
       PIN :   U3941/A1        0.500          0.517         -0.017  (VIOLATED)
       PIN :   U4452/B2        0.500          0.522         -0.022  (VIOLATED)
       PIN :   U4445/A1        0.500          0.520         -0.020  (VIOLATED)
       PIN :   U4447/A1        0.500          0.522         -0.022  (VIOLATED)
       PIN :   U3831/B2        0.500          0.519         -0.019  (VIOLATED)
       PIN :   U4444/B2        0.500          0.520         -0.020  (VIOLATED)
       PIN :   U4446/B2        0.500          0.521         -0.021  (VIOLATED)
       PIN :   U4451/A1        0.500          0.521         -0.021  (VIOLATED)
       PIN :   U4450/B2        0.500          0.521         -0.021  (VIOLATED)
       PIN :   U4449/A1        0.500          0.521         -0.021  (VIOLATED)
       PIN :   U3832/A1        0.500          0.519         -0.019  (VIOLATED)
       PIN :   U4448/B2        0.500          0.521         -0.021  (VIOLATED)
       PIN :   U4455/A1        0.500          0.522         -0.022  (VIOLATED)
       PIN :   U4454/B2        0.500          0.522         -0.022  (VIOLATED)
       PIN :   U4358/A1        0.500          0.522         -0.022  (VIOLATED)
       PIN :   U4457/A1        0.500          0.522         -0.022  (VIOLATED)
       PIN :   U4357/B2        0.500          0.522         -0.022  (VIOLATED)
       PIN :   U4453/A1        0.500          0.522         -0.022  (VIOLATED)
       PIN :   U4456/B2        0.500          0.522         -0.022  (VIOLATED)
       PIN :   U3825/ZN        0.500          0.513         -0.013  (VIOLATED)
   n695                        0.500          0.521         -0.021  (VIOLATED)
       PIN :   SA_A_3_shift_reg_reg_6__6_/D    0.500    0.521   -0.021 (VIOLATED)
       PIN :   U4353/ZN        0.500          0.521         -0.021  (VIOLATED)
   SA_core_connect[113]        0.500          0.520         -0.020  (VIOLATED)
       PIN :   U1936/A2        0.500          0.520         -0.020  (VIOLATED)
       PIN :   U1905/A1        0.500          0.520         -0.020  (VIOLATED)
       PIN :   U1894/A1        0.500          0.520         -0.020  (VIOLATED)
       PIN :   U1925/A1        0.500          0.520         -0.020  (VIOLATED)
       PIN :   U1878/A1        0.500          0.520         -0.020  (VIOLATED)
       PIN :   U1855/A1        0.500          0.520         -0.020  (VIOLATED)
       PIN :   icc_place1678/I    0.500       0.520         -0.020  (VIOLATED)
       PIN :   SA_core_pe_2_0_Bij_o_reg_1_/Q    0.500    0.520   -0.020 (VIOLATED)
   SA_core_shift_wire[37]      0.500          0.517         -0.017  (VIOLATED)
       PIN :   U2674/B2        0.500          0.517         -0.017  (VIOLATED)
       PIN :   U2790/A3        0.500          0.517         -0.017  (VIOLATED)
       PIN :   U2791/A1        0.500          0.517         -0.017  (VIOLATED)
       PIN :   SA_core_pe_1_1_Cij_o_reg_5_/Q    0.500    0.517   -0.017 (VIOLATED)
   n648                        0.500          0.514         -0.014  (VIOLATED)
       PIN :   icc_clock1397/I    0.500       0.514         -0.014  (VIOLATED)
       PIN :   U4453/ZN        0.500          0.514         -0.014  (VIOLATED)
   n2360                       0.500          0.513         -0.013  (VIOLATED)
       PIN :   U2803/B         0.500          0.513         -0.013  (VIOLATED)
       PIN :   U2793/ZN        0.500          0.513         -0.013  (VIOLATED)
   n4564                       0.500          0.512         -0.012  (VIOLATED)
       PIN :   U1503/A1        0.500          0.512         -0.012  (VIOLATED)
       PIN :   U1513/A1        0.500          0.512         -0.012  (VIOLATED)
       PIN :   U1528/A1        0.500          0.512         -0.012  (VIOLATED)
       PIN :   U1538/A2        0.500          0.512         -0.012  (VIOLATED)
       PIN :   U1558/A2        0.500          0.512         -0.012  (VIOLATED)
       PIN :   U1460/A2        0.500          0.512         -0.012  (VIOLATED)
       PIN :   icc_place1458/ZN    0.500      0.512         -0.012  (VIOLATED)
   n698                        0.500          0.512         -0.012  (VIOLATED)
       PIN :   SA_A_3_shift_reg_reg_6__3_/D    0.500    0.512   -0.012 (VIOLATED)
       PIN :   U4346/ZN        0.500          0.512         -0.012  (VIOLATED)
   SA_core_connect[5]          0.500          0.512         -0.012  (VIOLATED)
       PIN :   U2083/I         0.500          0.512         -0.012  (VIOLATED)
       PIN :   U3310/A2        0.500          0.512         -0.012  (VIOLATED)
       PIN :   U3337/A1        0.500          0.512         -0.012  (VIOLATED)
       PIN :   SA_core_pe_0_0_Aij_o_reg_5_/Q    0.500    0.512   -0.012 (VIOLATED)
   n3713                       0.500          0.512         -0.012  (VIOLATED)
       PIN :   U4553/B         0.500          0.512         -0.012  (VIOLATED)
       PIN :   U4552/ZN        0.500          0.512         -0.012  (VIOLATED)
   SA_core_connect[64]         0.500          0.510         -0.010  (VIOLATED)
       PIN :   U2070/A1        0.500          0.510         -0.010  (VIOLATED)
       PIN :   U1977/A2        0.500          0.510         -0.010  (VIOLATED)
       PIN :   U1994/A2        0.500          0.510         -0.010  (VIOLATED)
       PIN :   U2057/A2        0.500          0.510         -0.010  (VIOLATED)
       PIN :   U1983/A2        0.500          0.510         -0.010  (VIOLATED)
       PIN :   icc_place1708/I    0.500       0.510         -0.010  (VIOLATED)
       PIN :   SA_core_pe_2_2_Aij_o_reg_0_/Q    0.500    0.510   -0.010 (VIOLATED)
   n3857                       0.500          0.508         -0.008  (VIOLATED)
       PIN :   U2906/A2        0.500          0.508         -0.008  (VIOLATED)
       PIN :   U2915/A2        0.500          0.508         -0.008  (VIOLATED)
       PIN :   U2937/A2        0.500          0.508         -0.008  (VIOLATED)
       PIN :   U2886/A1        0.500          0.508         -0.008  (VIOLATED)
       PIN :   U2894/A2        0.500          0.508         -0.008  (VIOLATED)
       PIN :   U2858/A2        0.500          0.508         -0.008  (VIOLATED)
       PIN :   U2222/ZN        0.500          0.508         -0.008  (VIOLATED)
   n3263                       0.500          0.508         -0.008  (VIOLATED)
       PIN :   U4400/A1        0.500          0.508         -0.008  (VIOLATED)
       PIN :   U4393/A1        0.500          0.508         -0.008  (VIOLATED)
       PIN :   U4392/B2        0.500          0.507         -0.007  (VIOLATED)
       PIN :   U3879/A2        0.500          0.508         -0.008  (VIOLATED)
       PIN :   U4408/A1        0.500          0.507         -0.007  (VIOLATED)
       PIN :   U4407/B2        0.500          0.507         -0.007  (VIOLATED)
       PIN :   U3878/B2        0.500          0.508         -0.008  (VIOLATED)
       PIN :   U4397/A1        0.500          0.507         -0.007  (VIOLATED)
       PIN :   U4406/A1        0.500          0.508         -0.008  (VIOLATED)
       PIN :   U4405/B2        0.500          0.508         -0.008  (VIOLATED)
       PIN :   U4404/A1        0.500          0.508         -0.008  (VIOLATED)
       PIN :   U4403/B2        0.500          0.508         -0.008  (VIOLATED)
       PIN :   U4399/B2        0.500          0.508         -0.008  (VIOLATED)
       PIN :   U3882/B2        0.500          0.507         -0.007  (VIOLATED)
       PIN :   U3891/A2        0.500          0.506         -0.006  (VIOLATED)
       PIN :   U3895/A2        0.500          0.507         -0.007  (VIOLATED)
       PIN :   U3893/A2        0.500          0.507         -0.007  (VIOLATED)
       PIN :   U3887/A2        0.500          0.508         -0.008  (VIOLATED)
       PIN :   U3894/B2        0.500          0.507         -0.007  (VIOLATED)
       PIN :   U3890/B2        0.500          0.506         -0.006  (VIOLATED)
       PIN :   U3892/B2        0.500          0.507         -0.007  (VIOLATED)
       PIN :   U3889/A2        0.500          0.507         -0.007  (VIOLATED)
       PIN :   U3886/B2        0.500          0.507         -0.007  (VIOLATED)
       PIN :   U3881/A2        0.500          0.508         -0.008  (VIOLATED)
       PIN :   U4396/B2        0.500          0.507         -0.007  (VIOLATED)
       PIN :   U4391/A1        0.500          0.507         -0.007  (VIOLATED)
       PIN :   U3883/A2        0.500          0.507         -0.007  (VIOLATED)
       PIN :   U3880/B2        0.500          0.508         -0.008  (VIOLATED)
       PIN :   U4390/B2        0.500          0.507         -0.007  (VIOLATED)
       PIN :   U4395/A1        0.500          0.507         -0.007  (VIOLATED)
       PIN :   U4394/B2        0.500          0.507         -0.007  (VIOLATED)
       PIN :   U3888/B2        0.500          0.508         -0.008  (VIOLATED)
       PIN :   U3874/ZN        0.500          0.505         -0.005  (VIOLATED)
   n1064                       0.500          0.508         -0.008  (VIOLATED)
       PIN :   U1433/A1        0.500          0.508         -0.008  (VIOLATED)
       PIN :   U1431/ZN        0.500          0.508         -0.008  (VIOLATED)
   SA_core_connect[171]        0.500          0.507         -0.007  (VIOLATED)
       PIN :   U1473/I         0.500          0.507         -0.007  (VIOLATED)
       PIN :   U2579/A1        0.500          0.507         -0.007  (VIOLATED)
       PIN :   SA_core_pe_0_3_Bij_o_reg_3_/Q    0.500    0.507   -0.007 (VIOLATED)
   SA_core_output_row_1[3]     0.500          0.506         -0.006  (VIOLATED)
       PIN :   U1428/B2        0.500          0.506         -0.006  (VIOLATED)
       PIN :   U2513/I         0.500          0.506         -0.006  (VIOLATED)
       PIN :   SA_core_pe_1_3_Cij_o_reg_3_/Q    0.500    0.506   -0.006 (VIOLATED)
   n646                        0.500          0.505         -0.005  (VIOLATED)
       PIN :   SA_A_2_shift_reg_reg_5__6_/D    0.500    0.505   -0.005 (VIOLATED)
       PIN :   U4457/ZN        0.500          0.505         -0.005  (VIOLATED)
   n1949                       0.500          0.505         -0.005  (VIOLATED)
       PIN :   U2839/I         0.500          0.505         -0.005  (VIOLATED)
       PIN :   U2376/B         0.500          0.505         -0.005  (VIOLATED)
       PIN :   U2375/ZN        0.500          0.505         -0.005  (VIOLATED)
   SA_core_connect[184]        0.500          0.505         -0.005  (VIOLATED)
       PIN :   U3439/A1        0.500          0.505         -0.005  (VIOLATED)
       PIN :   U1491/I         0.500          0.505         -0.005  (VIOLATED)
       PIN :   U3347/A1        0.500          0.505         -0.005  (VIOLATED)
       PIN :   U3406/A2        0.500          0.505         -0.005  (VIOLATED)
       PIN :   U3426/A2        0.500          0.505         -0.005  (VIOLATED)
       PIN :   SA_core_pe_2_3_Bij_o_reg_0_/Q    0.500    0.505   -0.005 (VIOLATED)
   n3656                       0.500          0.505         -0.005  (VIOLATED)
       PIN :   U4469/B         0.500          0.505         -0.005  (VIOLATED)
       PIN :   U4468/ZN        0.500          0.505         -0.005  (VIOLATED)
   SA_core_connect[1]          0.500          0.504         -0.004  (VIOLATED)
       PIN :   U3338/A2        0.500          0.504         -0.004  (VIOLATED)
       PIN :   icc_place1466/I    0.500       0.504         -0.004  (VIOLATED)
       PIN :   SA_core_pe_0_0_Aij_o_reg_1_/Q    0.500    0.504   -0.004 (VIOLATED)
   n1570                       0.500          0.503         -0.003  (VIOLATED)
       PIN :   U2331/B1        0.500          0.502         -0.002  (VIOLATED)
       PIN :   U2169/A1        0.500          0.501         -0.001  (VIOLATED)
       PIN :   U2247/B1        0.500          0.503         -0.003  (VIOLATED)
       PIN :   U2266/B1        0.500          0.503         -0.003  (VIOLATED)
       PIN :   U2279/B1        0.500          0.503         -0.003  (VIOLATED)
       PIN :   U2309/B1        0.500          0.502         -0.002  (VIOLATED)
       PIN :   U2293/B1        0.500          0.503         -0.003  (VIOLATED)
       PIN :   U2131/A1        0.500          0.501         -0.001  (VIOLATED)
       PIN :   U2115/A1        0.500          0.501         -0.001  (VIOLATED)
       PIN :   U2239/A1        0.500          0.502         -0.002  (VIOLATED)
       PIN :   U2207/B1        0.500          0.501         -0.001  (VIOLATED)
       PIN :   U2142/B1        0.500          0.501         -0.001  (VIOLATED)
       PIN :   U2255/A1        0.500          0.503         -0.003  (VIOLATED)
       PIN :   U2185/B1        0.500          0.501         -0.001  (VIOLATED)
       PIN :   U2155/B1        0.500          0.501         -0.001  (VIOLATED)
   n3245                       0.500          0.503         -0.003  (VIOLATED)
       PIN :   U3681/A2        0.500          0.503         -0.003  (VIOLATED)
       PIN :   U3701/A2        0.500          0.503         -0.003  (VIOLATED)
       PIN :   U3725/A1        0.500          0.503         -0.003  (VIOLATED)
       PIN :   U3745/A1        0.500          0.503         -0.003  (VIOLATED)
       PIN :   U3766/A1        0.500          0.503         -0.003  (VIOLATED)
       PIN :   U3786/A1        0.500          0.503         -0.003  (VIOLATED)
       PIN :   U3823/A1        0.500          0.503         -0.003  (VIOLATED)
       PIN :   U3676/ZN        0.500          0.503         -0.003  (VIOLATED)
   SA_core_output_row_1[4]     0.500          0.503         -0.003  (VIOLATED)
       PIN :   U1431/B2        0.500          0.503         -0.003  (VIOLATED)
       PIN :   U2529/I         0.500          0.503         -0.003  (VIOLATED)
       PIN :   SA_core_pe_1_3_Cij_o_reg_4_/Q    0.500    0.503   -0.003 (VIOLATED)
   n696                        0.500          0.503         -0.003  (VIOLATED)
       PIN :   SA_A_3_shift_reg_reg_6__5_/D    0.500    0.503   -0.003 (VIOLATED)
       PIN :   U4351/ZN        0.500          0.503         -0.003  (VIOLATED)
   n4842                       0.500          0.503         -0.003  (VIOLATED)
       PIN :   U2728/A2        0.500          0.503         -0.003  (VIOLATED)
       PIN :   U2794/A2        0.500          0.503         -0.003  (VIOLATED)
       PIN :   U2780/A2        0.500          0.503         -0.003  (VIOLATED)
       PIN :   U2743/A2        0.500          0.503         -0.003  (VIOLATED)
       PIN :   U2755/A2        0.500          0.503         -0.003  (VIOLATED)
       PIN :   U2767/A2        0.500          0.503         -0.003  (VIOLATED)
       PIN :   U2749/A2        0.500          0.503         -0.003  (VIOLATED)
       PIN :   icc_place1736/ZN    0.500      0.503         -0.003  (VIOLATED)
   SA_core_pe_2_2_N17          0.500          0.502         -0.002  (VIOLATED)
       PIN :   SA_core_pe_2_2_Cij_o_reg_7_/D    0.500    0.502   -0.002 (VIOLATED)
       PIN :   U2207/ZN        0.500          0.502         -0.002  (VIOLATED)
   n4846                       0.500          0.501         -0.001  (VIOLATED)
       PIN :   icc_place1741/I    0.500       0.501         -0.001  (VIOLATED)
       PIN :   U3488/A2        0.500          0.501         -0.001  (VIOLATED)
       PIN :   U3498/A3        0.500          0.501         -0.001  (VIOLATED)
       PIN :   U4645/A3        0.500          0.501         -0.001  (VIOLATED)
       PIN :   U3457/C         0.500          0.501         -0.001  (VIOLATED)
       PIN :   U3471/B         0.500          0.501         -0.001  (VIOLATED)
       PIN :   U3480/C         0.500          0.501         -0.001  (VIOLATED)
       PIN :   U3475/C         0.500          0.501         -0.001  (VIOLATED)
       PIN :   icc_place1740/Z    0.500       0.501         -0.001  (VIOLATED)
   SA_core_connect[36]         0.500          0.501         -0.001  (VIOLATED)
       PIN :   U2611/I         0.500          0.501         -0.001  (VIOLATED)
       PIN :   U2664/A2        0.500          0.501         -0.001  (VIOLATED)
       PIN :   U2704/A2        0.500          0.501         -0.001  (VIOLATED)
       PIN :   SA_core_pe_1_1_Aij_o_reg_4_/Q    0.500    0.501   -0.001 (VIOLATED)
   n1453                       0.500          0.501         -0.001  (VIOLATED)
       PIN :   U1872/B         0.500          0.501         -0.001  (VIOLATED)
       PIN :   U1867/ZN        0.500          0.501         -0.001  (VIOLATED)
   n1470                       0.500          0.500          0.000  (VIOLATED: increase significant digits)
   n1030                       0.500          0.500          0.000  (VIOLATED: increase significant digits)

   -----------------------------------------------------------------
   Total                      66              -342.441  

1
