 
****************************************
Report : timing
        -path full_clock
        -delay max
        -physical
        -derate
        -input_pins
        -nets
        -max_paths 1
        -transition_time
        -crosstalk_delta
        -capacitance
Design : systolic_array
Version: L-2016.03-SP5-3
Date   : Tue Dec 27 20:19:41 2022
****************************************

 * Some/all delay information is back-annotated.

Operating Conditions: WCCOM   Library: tcb018gbwp7twc_ccs

Information: Percent of Arnoldi-based delays = 19.42%

Information: Percent of CCS-based delays = 19.40%

  Startpoint: rstn_p (input port clocked by clk_p)
  Endpoint: SA_A_3_shift_reg_reg_4__2_
            (rising edge-triggered flip-flop clocked by clk_p)
  Path Group: REGIN
  Path Type: max

Attributes:
    d - dont_touch
    u - dont_use
   mo - map_only
   so - size_only
    i - ideal_net or ideal_network

  Point                                       Fanout       Cap     DTran     Trans     Delta     Derate      Incr       Path      Location / Load        Attributes
  -----------------------------------------------------------------------------------------------------------------------------------------------------------------
  clock clk_p (rise edge)                                                                                   0.000      0.000
  clock network delay (ideal)                                                                               0.000      0.000
  input external delay                                                                                     12.000     12.000 r
  rstn_p (in)                                                               18.058                1.010    10.019     22.019 r    (875.03,1074.13)
  rstn_p (net)                                  1        2.305                                    1.010     0.000     22.019 r    [0.00,2.31]
  u_pad_rst_n/PAD (PDUW0208SCDG)                                   0.000    18.058     0.000      1.010     0.093 *   22.112 r    (910.14,1076.56)       d 
  u_pad_rst_n/C (PDUW0208SCDG)                                               0.208                1.010     5.789     27.901 r    (893.74,959.50)        d 
  rstn (net)                                    1        0.030                                    1.010     0.000     27.901 r    [0.02,0.03]
  icc_place1409/I (BUFFD1P5BWP7T)                                  0.000     0.208     0.000      1.010     0.001 &   27.902 r    (725.39,913.80)
  icc_place1409/Z (BUFFD1P5BWP7T)                                            0.494                1.010     0.382     28.285 r    (723.93,913.66)
  n4515 (net)                                   5        0.088                                    1.010     0.000     28.285 r    [0.07,0.09]
  icc_place1410/I (INVD2BWP7T)                                     0.000     0.494     0.000      1.010     0.007 &   28.292 r    (641.83,607.98)
  icc_place1410/ZN (INVD2BWP7T)                                              0.279                1.010     0.255     28.546 f    (640.97,607.80)
  n4516 (net)                                   8        0.095                                    1.010     0.000     28.546 f    [0.06,0.10]
  U3493/B (AOI21D1BWP7T)                                           0.000     0.279     0.000      1.010     0.001 &   28.547 f    (633.80,603.79)
  U3493/ZN (AOI21D1BWP7T)                                                    0.352                1.010     0.314     28.861 r    (632.28,603.36)
  n3322 (net)                                   1        0.011                                    1.010     0.000     28.861 r    [0.01,0.01]
  icc_place1519/I (BUFFD1BWP7T)                                    0.000     0.352     0.000      1.010     0.000 &   28.861 r    (622.30,549.09)
  icc_place1519/Z (BUFFD1BWP7T)                                              0.217                1.010     0.261     29.122 r    (623.42,548.96)
  n4914 (net)                                   1        0.023                                    1.010     0.000     29.122 r    [0.01,0.02]
  icc_place1751/I (BUFFD4BWP7T)                                    0.000     0.217     0.010      1.010     0.011 &   29.132 r    (619.55,466.45)
  icc_place1751/Z (BUFFD4BWP7T)                                              0.444                1.010     0.322 c   29.454 r    (622.55,466.79)
  n4857 (net)                                  26        0.232                                    1.010     0.000     29.454 r    [0.06,0.23]
  U3608/B (OAI31D1BWP7T)                                           0.000     0.449     0.000      1.010     0.010 c   29.464 r    (695.40,427.44)
  U3608/ZN (OAI31D1BWP7T)                                                    0.204                1.010     0.186     29.650 f    (697.29,427.60)
  n3369 (net)                                   1        0.007                                    1.010     0.000     29.650 f    [0.00,0.01]
  icc_place1753/I (CKBD1BWP7T)                                     0.000     0.204     0.000      1.010     0.000 &   29.650 f    (715.82,427.32)
  icc_place1753/Z (CKBD1BWP7T)                                               0.256                1.010     0.281     29.931 f    (716.93,427.45)
  n4859 (net)                                   2        0.030                                    1.010     0.000     29.931 f    [0.01,0.03]
  icc_place1754/I (INVD0BWP7T)                                     0.000     0.256     0.000      1.010     0.000 &   29.931 f    (723.96,431.36)
  icc_place1754/ZN (INVD0BWP7T)                                              0.320                1.010     0.266     30.197 r    (723.16,431.26)
  n4860 (net)                                   1        0.016                                    1.010     0.000     30.197 r    [0.00,0.02]
  U2554/A1 (IND2D4BWP7T)                                           0.000     0.320     0.000      1.010     0.000 &   30.197 r    (718.66,459.08)
  U2554/ZN (IND2D4BWP7T)                                                     0.473                1.010     0.369 c   30.566 r    (723.51,458.49)
  n3208 (net)                                  32        0.213                                    1.010     0.000     30.566 r    [0.11,0.21]
  U4312/B2 (AOI22D0BWP7T)                                          0.000     0.474     0.000      1.010     0.007 c   30.573 r    (722.54,568.28)
  U4312/ZN (AOI22D0BWP7T)                                                    0.227                1.010     0.208     30.781 f    (721.79,568.80)
  n3540 (net)                                   1        0.005                                    1.010     0.000     30.781 f    [0.00,0.01]
  U4313/B (OAI21D0BWP7T)                                           0.000     0.227     0.021      1.010     0.022 &   30.803 f    (724.26,553.16)
  U4313/ZN (OAI21D0BWP7T)                                                    0.331                1.010     0.196     30.999 r    (725.73,552.73)
  n714 (net)                                    1        0.005                                    1.010     0.000     30.999 r    [0.00,0.01]
  icc_place1465/I (BUFFD1BWP7T)                                    0.000     0.331     0.000      1.010     0.000 &   30.999 r    (721.98,560.59)
  icc_place1465/Z (BUFFD1BWP7T)                                              0.112                1.010     0.197     31.196 r    (723.10,560.72)
  n4913 (net)                                   1        0.009                                    1.010     0.000     31.196 r    [0.00,0.01]
  SA_A_3_shift_reg_reg_4__2_/D (DFQD0BWP7T)                        0.000     0.112     0.004      1.010     0.004 &   31.200 r    (717.33,588.11)
  data arrival time                                                                                                   31.200

  clock clk_p (rise edge)                                                                                  40.000     40.000
  clk_p (in)                                                                18.059                0.990     9.821     49.821 r    (145.90,1074.13)
  clk_p (net)                                   1        2.305                                    0.990     0.000     49.821 r    [0.00,2.31]            d 
  u_pad_clk/PAD (PDDW0208SCDG)                                     0.000    18.059     0.000      0.990     0.078 *   49.899 r    (181.00,1076.56)       d 
  u_pad_clk/C (PDDW0208SCDG)                                                 0.261                0.990     5.696 @   55.596 r    (164.60,959.50)        d 
  clk (net)                                     1        0.045                                    0.990     0.000     55.596 r    [0.02,0.04]            d 
  CTSCKND12BWP7T_G2B4I1/I (INVD5BWP7T)                             0.000     0.188     0.000      0.990     0.004 @   55.599 r    (259.21,827.50)        d 
  CTSCKND12BWP7T_G2B4I1/ZN (INVD5BWP7T)                                      0.118                0.990     0.102 c   55.701 f    (257.08,827.41)        d 
  clk_G2B1I1 (net)                              1        0.102                                    0.990     0.000     55.701 f    [0.05,0.10]            d 
  CTSCKND3BWP7T_G2B3I1/I (CKND12BWP7T)                             0.000     0.126     0.000      0.990     0.016 c   55.717 f    (523.82,529.67)        d 
  CTSCKND3BWP7T_G2B3I1/ZN (CKND12BWP7T)                                      0.105                0.990     0.089 c   55.806 r    (519.94,529.41)        d 
  clk_G2B2I1 (net)                              2        0.107                                    0.990     0.000     55.806 r    [0.03,0.11]            d 
  CTSCKND12BWP7T_G2B2I2/I (INVD12BWP7T)                            0.000     0.107     0.000      0.990     0.006 c   55.812 r    (690.10,478.18)        d 
  CTSCKND12BWP7T_G2B2I2/ZN (INVD12BWP7T)                                     0.160                0.990     0.116 c   55.928 f    (693.97,478.27)        d 
  clk_G2B3I2 (net)                              7        0.412                                    0.990     0.000     55.928 f    [0.10,0.41]            d 
  CTSCKND12BWP7T_G2B1I10/I (CKND12BWP7T)                           0.000     0.164     0.000      0.990     0.011 c   55.939 f    (742.22,600.23)        d 
  CTSCKND12BWP7T_G2B1I10/ZN (CKND12BWP7T)                                    0.397                0.990     0.243 c   56.182 r    (738.34,599.97)        d 
  clk_G2B4I10 (net)                            98        0.616                                    0.990     0.000     56.182 r    [0.23,0.62]            d 
  SA_A_3_shift_reg_reg_4__2_/CP (DFQD0BWP7T)                       0.000     0.400     0.000      0.990     0.005 c   56.187 r    (715.50,588.12)
  clock reconvergence pessimism                                                                             0.000     56.187
  clock uncertainty                                                                                        -0.500     55.687
  SA_A_3_shift_reg_reg_4__2_/CP (DFQD0BWP7T)                                                                0.000     55.687 r
  library setup time                                                                                       -0.017     55.670
  data required time                                                                                                  55.670
  -----------------------------------------------------------------------------------------------------------------------------------------------------------------
  data required time                                                                                                  55.670
  data arrival time                                                                                                  -31.200
  -----------------------------------------------------------------------------------------------------------------------------------------------------------------
  slack (MET)                                                                                                         24.470


  Startpoint: SA_ctrl_state_overall_reg_1_
              (rising edge-triggered flip-flop clocked by clk_p)
  Endpoint: p_shift_out[1]
            (output port clocked by clk_p)
  Path Group: REGOUT
  Path Type: max

Attributes:
    d - dont_touch
    u - dont_use
   mo - map_only
   so - size_only
    i - ideal_net or ideal_network

  Point                                       Fanout       Cap     DTran     Trans     Delta     Derate      Incr       Path      Location / Load        Attributes
  -----------------------------------------------------------------------------------------------------------------------------------------------------------------
  clock clk_p (rise edge)                                                                                   0.000      0.000
  clk_p (in)                                                                18.059                1.010    10.020     10.020 r    (145.90,1074.13)
  clk_p (net)                                   1        2.305                                    1.010     0.000     10.020 r    [0.00,2.31]            d 
  u_pad_clk/PAD (PDDW0208SCDG)                                     0.000    18.059     0.000      1.010     0.080 *   10.099 r    (181.00,1076.56)       d 
  u_pad_clk/C (PDDW0208SCDG)                                                 0.261                1.010     5.812 @   15.911 r    (164.60,959.50)        d 
  clk (net)                                     1        0.045                                    1.010     0.000     15.911 r    [0.02,0.04]            d 
  CTSCKND12BWP7T_G2B4I1/I (INVD5BWP7T)                             0.000     0.188     0.000      1.010     0.004 @   15.915 r    (259.21,827.50)        d 
  CTSCKND12BWP7T_G2B4I1/ZN (INVD5BWP7T)                                      0.118                1.010     0.104 c   16.018 f    (257.08,827.41)        d 
  clk_G2B1I1 (net)                              1        0.102                                    1.010     0.000     16.018 f    [0.05,0.10]            d 
  CTSCKND3BWP7T_G2B3I1/I (CKND12BWP7T)                             0.000     0.126     0.000      1.010     0.016 c   16.034 f    (523.82,529.67)        d 
  CTSCKND3BWP7T_G2B3I1/ZN (CKND12BWP7T)                                      0.105                1.010     0.091 c   16.125 r    (519.94,529.41)        d 
  clk_G2B2I1 (net)                              2        0.107                                    1.010     0.000     16.125 r    [0.03,0.11]            d 
  CTSCKND12BWP7T_G2B2I2/I (INVD12BWP7T)                            0.000     0.107     0.000      1.010     0.006 c   16.131 r    (690.10,478.18)        d 
  CTSCKND12BWP7T_G2B2I2/ZN (INVD12BWP7T)                                     0.160                1.010     0.118 c   16.250 f    (693.97,478.27)        d 
  clk_G2B3I2 (net)                              7        0.412                                    1.010     0.000     16.250 f    [0.10,0.41]            d 
  CTSCKND12BWP7T_G2B1I3/I (CKND12BWP7T)                            0.000     0.162     0.000      1.010     0.006 c   16.256 f    (566.83,493.77)        d 
  CTSCKND12BWP7T_G2B1I3/ZN (CKND12BWP7T)                                     0.371                1.010     0.238 c   16.494 r    (570.70,494.03)        d 
  clk_G2B4I3 (net)                             93        0.574                                    1.010     0.000     16.494 r    [0.21,0.57]            d 
  SA_ctrl_state_overall_reg_1_/CP (DFQD1BWP7T)                     0.000     0.376     0.000      1.010     0.008 c   16.502 r    (565.42,619.48)
  SA_ctrl_state_overall_reg_1_/CP (DFQD1BWP7T)                     0.000     0.376     0.000      1.010     0.000     16.502 r    (565.42,619.48)
  SA_ctrl_state_overall_reg_1_/Q (DFQD1BWP7T)                                0.404                1.010     0.605     17.107 r    (574.70,619.45)
  SA_ctrl_state_overall[1] (net)                5        0.047                                    1.010     0.000     17.107 r    [0.01,0.05]
  icc_place1675/I (INVD2BWP7T)                                     0.000     0.404     0.000      1.010     0.001 &   17.108 r    (599.45,611.46)
  icc_place1675/ZN (INVD2BWP7T)                                              0.251                1.010     0.229     17.338 f    (600.31,611.64)
  n4781 (net)                                   5        0.091                                    1.010     0.000     17.338 f    [0.03,0.09]
  U1398/A1 (NR2XD4BWP7T)                                           0.000     0.251     0.000      1.010     0.002 &   17.340 f    (565.45,639.27)
  U1398/ZN (NR2XD4BWP7T)                                                     0.355                1.010     0.255 c   17.595 r    (568.75,639.89)
  ack (net)                                     9        0.140                                    1.010     0.000     17.595 r    [0.07,0.14]
  icc_place1752/I (INVD2BWP7T)                                     0.000     0.356     0.000      1.010     0.006 c   17.601 r    (486.33,623.66)
  icc_place1752/ZN (INVD2BWP7T)                                              0.241                1.010     0.220     17.821 f    (487.19,623.48)
  n4858 (net)                                   4        0.091                                    1.010     0.000     17.821 f    [0.01,0.09]
  U1413/A2 (NR3D4BWP7T)                                            0.000     0.241     0.000      1.010     0.004 &   17.824 f    (440.14,631.42)
  U1413/ZN (NR3D4BWP7T)                                                      0.168                1.010     0.175     18.000 r    (442.69,631.92)
  n3074 (net)                                   1        0.013                                    1.010     0.000     18.000 r    [0.00,0.01]
  icc_route_opt1405/I (BUFFD4BWP7T)                                0.000     0.168     0.000      1.010     0.000 &   18.000 r    (440.35,635.39)
  icc_route_opt1405/Z (BUFFD4BWP7T)                                          0.322                1.010     0.262 c   18.262 r    (443.35,635.05)
  n4961 (net)                                  11        0.152                                    1.010     0.000     18.262 r    [0.09,0.15]
  U1422/A1 (AOI22D1BWP7T)                                          0.000     0.325     0.015      1.010     0.027 c   18.289 r    (245.44,733.48)
  U1422/ZN (AOI22D1BWP7T)                                                    0.212                1.010     0.123     18.412 f    (245.46,733.69)
  n1058 (net)                                   1        0.005                                    1.010     0.000     18.412 f    [0.00,0.00]
  icc_route_opt1412/I (BUFFD0BWP7T)                                0.000     0.212     0.007      1.010     0.007 &   18.419 f    (240.96,733.48)
  icc_route_opt1412/Z (BUFFD0BWP7T)                                          0.221                1.010     0.289     18.708 f    (242.04,733.16)
  n4957 (net)                                   1        0.025                                    1.010     0.000     18.708 f    [0.02,0.02]
  U1424/A1 (ND2D1P5BWP7T)                                          0.000     0.221     0.018      1.010     0.019 &   18.727 f    (183.38,796.10)
  U1424/ZN (ND2D1P5BWP7T)                                                    0.287                1.010     0.225     18.952 r    (184.34,796.45)
  shift_out[1] (net)                            1        0.040                                    1.010     0.000     18.952 r    [0.02,0.04]
  u_pad_data_out_1/I (PDDW0208CDG)                                 0.000     0.287     0.000      1.010     0.002 &   18.954 r    (119.50,917.26)        d 
  u_pad_data_out_1/PAD (PDDW0208CDG)                                         1.372                1.010     3.994     22.948 r    ( 2.43,904.00)         d 
  p_shift_out[1] (net)                          1        2.411                                    1.010     0.000     22.948 r    [0.01,2.41]
  p_shift_out[1] (out)                                             0.000     1.372     0.000      1.010     0.004 *   22.952 r    ( 0.00,868.90)
  data arrival time                                                                                                   22.952

  clock clk_p (rise edge)                                                                                  40.000     40.000
  clock network delay (ideal)                                                                               0.000     40.000
  clock reconvergence pessimism                                                                             0.000     40.000
  clock uncertainty                                                                                        -0.500     39.500
  output external delay                                                                                   -12.000     27.500
  data required time                                                                                                  27.500
  -----------------------------------------------------------------------------------------------------------------------------------------------------------------
  data required time                                                                                                  27.500
  data arrival time                                                                                                  -22.952
  -----------------------------------------------------------------------------------------------------------------------------------------------------------------
  slack (MET)                                                                                                          4.548


  Startpoint: SA_core_pe_1_3_Bij_o_reg_0_
              (rising edge-triggered flip-flop clocked by clk_p)
  Endpoint: SA_core_pe_2_3_Cij_o_reg_7_
            (rising edge-triggered flip-flop clocked by clk_p)
  Path Group: clk_p
  Path Type: max

Attributes:
    d - dont_touch
    u - dont_use
   mo - map_only
   so - size_only
    i - ideal_net or ideal_network

  Point                                       Fanout       Cap     DTran     Trans     Delta     Derate      Incr       Path      Location / Load        Attributes
  -----------------------------------------------------------------------------------------------------------------------------------------------------------------
  clock clk_p (rise edge)                                                                                   0.000      0.000
  clk_p (in)                                                                18.059                1.010    10.020     10.020 r    (145.90,1074.13)
  clk_p (net)                                   1        2.305                                    1.010     0.000     10.020 r    [0.00,2.31]            d 
  u_pad_clk/PAD (PDDW0208SCDG)                                     0.000    18.059     0.000      1.010     0.080 *   10.099 r    (181.00,1076.56)       d 
  u_pad_clk/C (PDDW0208SCDG)                                                 0.261                1.010     5.812 @   15.911 r    (164.60,959.50)        d 
  clk (net)                                     1        0.045                                    1.010     0.000     15.911 r    [0.02,0.04]            d 
  CTSCKND12BWP7T_G2B4I1/I (INVD5BWP7T)                             0.000     0.188     0.000      1.010     0.004 @   15.915 r    (259.21,827.50)        d 
  CTSCKND12BWP7T_G2B4I1/ZN (INVD5BWP7T)                                      0.118                1.010     0.104 c   16.018 f    (257.08,827.41)        d 
  clk_G2B1I1 (net)                              1        0.102                                    1.010     0.000     16.018 f    [0.05,0.10]            d 
  CTSCKND3BWP7T_G2B3I1/I (CKND12BWP7T)                             0.000     0.126     0.000      1.010     0.016 c   16.034 f    (523.82,529.67)        d 
  CTSCKND3BWP7T_G2B3I1/ZN (CKND12BWP7T)                                      0.105                1.010     0.091 c   16.125 r    (519.94,529.41)        d 
  clk_G2B2I1 (net)                              2        0.107                                    1.010     0.000     16.125 r    [0.03,0.11]            d 
  CTSCKND6BWP7T_G2B2I1/I (INVD5BWP7T)                              0.000     0.105     0.000      1.010     0.001 c   16.126 r    (489.93,529.58)        d 
  CTSCKND6BWP7T_G2B2I1/ZN (INVD5BWP7T)                                       0.197                1.010     0.143 c   16.269 f    (487.80,529.49)        d 
  clk_G2B3I1 (net)                              4        0.219                                    1.010     0.000     16.269 f    [0.07,0.22]            d 
  CTSCKND8BWP7T_G2B1I11/I (CKND8BWP7T)                             0.000     0.199     0.000      1.010     0.013 c   16.282 f    (316.94,752.53)        d 
  CTSCKND8BWP7T_G2B1I11/ZN (CKND8BWP7T)                                      0.337                1.010     0.233 c   16.515 r    (319.86,752.80)        d 
  clk_G2B4I11 (net)                            52        0.329                                    1.010     0.000     16.515 r    [0.13,0.33]            d 
  SA_core_pe_1_3_Bij_o_reg_0_/CP (DFQD0BWP7T)                      0.000     0.341     0.000      1.010     0.008 c   16.523 r    (175.66,772.43)
  SA_core_pe_1_3_Bij_o_reg_0_/CP (DFQD0BWP7T)                      0.000     0.341     0.000      1.010     0.000     16.523 r    (175.66,772.43)
  SA_core_pe_1_3_Bij_o_reg_0_/Q (DFQD0BWP7T)                                 0.264                1.010     0.510     17.033 r    (184.93,772.51)
  SA_core_connect[176] (net)                    1        0.014                                    1.010     0.000     17.033 r    [0.01,0.01]
  icc_place1578/I (CKBD1BWP7T)                                     0.000     0.264     0.045      1.010     0.046 &   17.079 r    (187.74,835.00)
  icc_place1578/Z (CKBD1BWP7T)                                               0.467                1.010     0.400     17.479 r    (188.85,835.13)
  n4684 (net)                                   5        0.055                                    1.010     0.000     17.479 r    [0.03,0.06]
  icc_place1579/I (INVD2BWP7T)                                     0.000     0.467     0.030      1.010     0.032 &   17.511 r    (241.05,819.66)
  icc_place1579/ZN (INVD2BWP7T)                                              0.218                1.010     0.199     17.710 f    (241.91,819.48)
  n4685 (net)                                   6        0.064                                    1.010     0.000     17.710 f    [0.03,0.06]
  U2006/A2 (NR2D1BWP7T)                                            0.000     0.218     0.000      1.010     0.002 &   17.712 f    (230.04,921.39)
  U2006/ZN (NR2D1BWP7T)                                                      0.334                1.010     0.262     17.975 r    (230.83,921.58)
  n1603 (net)                                   1        0.015                                    1.010     0.000     17.975 r    [0.01,0.01]
  U2023/B (FA1D0BWP7T)                                             0.000     0.334     0.000      1.010     0.000 &   17.975 r    (221.36,866.24)
  U2023/S (FA1D0BWP7T)                                                       0.323                1.010     0.717     18.692 r    (228.45,866.86)
  n1594 (net)                                   1        0.017                                    1.010     0.000     18.692 r    [0.01,0.02]
  U2015/B (FA1D0BWP7T)                                             0.000     0.323     0.037      1.010     0.038 &   18.730 r    (299.76,854.96)
  U2015/S (FA1D0BWP7T)                                                       0.242                1.010     0.764     19.494 f    (306.85,854.34)
  n1597 (net)                                   2        0.023                                    1.010     0.000     19.494 f    [0.01,0.02]
  U2017/I (INVD0BWP7T)                                             0.000     0.242     0.013      1.010     0.013 &   19.507 f    (237.88,842.96)
  U2017/ZN (INVD0BWP7T)                                                      0.320                1.010     0.262     19.770 r    (238.68,843.06)
  n1598 (net)                                   1        0.016                                    1.010     0.000     19.770 r    [0.01,0.02]
  U2226/C (MAOI222D2BWP7T)                                         0.000     0.320     0.062      1.010     0.063 &   19.833 r    (318.52,842.96)
  U2226/ZN (MAOI222D2BWP7T)                                                  0.074                1.010     0.370     20.203 f    (322.01,843.10)
  n4223 (net)                                   1        0.018                                    1.010     0.000     20.203 f    [0.01,0.02]
  U2030/B (FA1D0BWP7T)                                             0.000     0.074     0.000      1.010     0.000 &   20.203 f    (345.12,772.16)
  U2030/CO (FA1D0BWP7T)                                                      0.214                1.010     0.613     20.817 f    (336.74,772.69)
  n1625 (net)                                   2        0.018                                    1.010     0.000     20.817 f    [0.01,0.02]
  U2045/B (OAI21D1BWP7T)                                           0.000     0.214     0.000      1.010     0.000 &   20.817 f    (329.72,741.07)
  U2045/ZN (OAI21D1BWP7T)                                                    0.479                1.010     0.245     21.062 r    (328.20,740.66)
  n1626 (net)                                   1        0.022                                    1.010     0.000     21.062 r    [0.02,0.02]
  U2046/B (IOA21D0BWP7T)                                           0.000     0.479     0.171      1.010     0.173 &   21.235 r    (243.18,799.56)
  U2046/ZN (IOA21D0BWP7T)                                                    0.403                1.010     0.347     21.581 f    (242.68,799.59)
  n1669 (net)                                   1        0.024                                    1.010     0.000     21.581 f    [0.01,0.02]
  U2067/A (FA1D1BWP7T)                                             0.000     0.403     0.020      1.010     0.021 &   21.602 f    (210.74,745.20)
  U2067/CO (FA1D1BWP7T)                                                      0.148                1.010     0.571     22.173 f    (225.82,744.68)
  n1670 (net)                                   1        0.015                                    1.010     0.000     22.173 f    [0.01,0.02]
  U2071/A2 (XOR4D0BWP7T)                                           0.000     0.148     0.016      1.010     0.016 &   22.189 f    (314.26,736.91)
  U2071/Z (XOR4D0BWP7T)                                                      0.248                1.010     0.573     22.763 r    (314.91,736.81)
  n1688 (net)                                   1        0.011                                    1.010     0.000     22.763 r    [0.01,0.01]
  U2081/A2 (XNR4D0BWP7T)                                           0.000     0.248     0.031      1.010     0.032 &   22.794 r    (261.18,749.09)
  U2081/ZN (XNR4D0BWP7T)                                                     0.392                1.010     0.755     23.549 r    (260.53,749.19)
  n1690 (net)                                   1        0.021                                    1.010     0.000     23.549 r    [0.02,0.02]
  U2082/B2 (IOA22D2BWP7T)                                          0.000     0.392     0.047      1.010     0.048 &   23.598 r    (358.00,709.48)
  U2082/ZN (IOA22D2BWP7T)                                                    0.111                1.010     0.460     24.058 f    (358.78,709.53)
  SA_core_pe_2_3_N17 (net)                      1        0.022                                    1.010     0.000     24.058 f    [0.02,0.02]
  SA_core_pe_2_3_Cij_o_reg_7_/D (DFQD0BWP7T)                       0.000     0.111     0.002      1.010     0.003 &   24.061 f    (268.03,768.43)
  data arrival time                                                                                                   24.061

  clock clk_p (rise edge)                                                                                  40.000     40.000
  clk_p (in)                                                                18.059                0.990     9.821     49.821 r    (145.90,1074.13)
  clk_p (net)                                   1        2.305                                    0.990     0.000     49.821 r    [0.00,2.31]            d 
  u_pad_clk/PAD (PDDW0208SCDG)                                     0.000    18.059     0.000      0.990     0.078 *   49.899 r    (181.00,1076.56)       d 
  u_pad_clk/C (PDDW0208SCDG)                                                 0.261                0.990     5.696 @   55.596 r    (164.60,959.50)        d 
  clk (net)                                     1        0.045                                    0.990     0.000     55.596 r    [0.02,0.04]            d 
  CTSCKND12BWP7T_G2B4I1/I (INVD5BWP7T)                             0.000     0.188     0.000      0.990     0.004 @   55.599 r    (259.21,827.50)        d 
  CTSCKND12BWP7T_G2B4I1/ZN (INVD5BWP7T)                                      0.118                0.990     0.102 c   55.701 f    (257.08,827.41)        d 
  clk_G2B1I1 (net)                              1        0.102                                    0.990     0.000     55.701 f    [0.05,0.10]            d 
  CTSCKND3BWP7T_G2B3I1/I (CKND12BWP7T)                             0.000     0.126     0.000      0.990     0.016 c   55.717 f    (523.82,529.67)        d 
  CTSCKND3BWP7T_G2B3I1/ZN (CKND12BWP7T)                                      0.105                0.990     0.089 c   55.806 r    (519.94,529.41)        d 
  clk_G2B2I1 (net)                              2        0.107                                    0.990     0.000     55.806 r    [0.03,0.11]            d 
  CTSCKND6BWP7T_G2B2I1/I (INVD5BWP7T)                              0.000     0.105     0.000      0.990     0.001 c   55.807 r    (489.93,529.58)        d 
  CTSCKND6BWP7T_G2B2I1/ZN (INVD5BWP7T)                                       0.197                0.990     0.140 c   55.947 f    (487.80,529.49)        d 
  clk_G2B3I1 (net)                              4        0.219                                    0.990     0.000     55.947 f    [0.07,0.22]            d 
  CTSCKND8BWP7T_G2B1I11/I (CKND8BWP7T)                             0.000     0.199     0.000      0.990     0.012 c   55.959 f    (316.94,752.53)        d 
  CTSCKND8BWP7T_G2B1I11/ZN (CKND8BWP7T)                                      0.337                0.990     0.229 c   56.188 r    (319.86,752.80)        d 
  clk_G2B4I11 (net)                            52        0.329                                    0.990     0.000     56.188 r    [0.13,0.33]            d 
  SA_core_pe_2_3_Cij_o_reg_7_/CP (DFQD0BWP7T)                      0.000     0.340     0.000      0.990     0.006 c   56.194 r    (269.86,768.45)
  clock reconvergence pessimism                                                                             0.327     56.521
  clock uncertainty                                                                                        -0.500     56.021
  SA_core_pe_2_3_Cij_o_reg_7_/CP (DFQD0BWP7T)                                                               0.000     56.021 r
  library setup time                                                                                       -0.010     56.011
  data required time                                                                                                  56.011
  -----------------------------------------------------------------------------------------------------------------------------------------------------------------
  data required time                                                                                                  56.011
  data arrival time                                                                                                  -24.061
  -----------------------------------------------------------------------------------------------------------------------------------------------------------------
  slack (MET)                                                                                                         31.950


1
