Warning: Clock network timing may not be up-to-date since only 94.117645 percentage of clock nets are routed. (TIM-233)
 
****************************************
Report : timing
        -path full_clock
        -delay min
        -physical
        -derate
        -input_pins
        -nets
        -max_paths 1
        -transition_time
        -crosstalk_delta
        -capacitance
Design : systolic_array
Version: L-2016.03-SP5-3
Date   : Tue Dec 27 20:12:15 2022
****************************************

 * Some/all delay information is back-annotated.

Operating Conditions: BCCOM   Library: tcb018gbwp7tbc_ccs
	Parasitic source    : LPE
	Parasitic mode      : RealRVirtualC
	Extraction mode     : MIN_MAX
	Extraction derating : 0/25/125

Information: Percent of Arnoldi-based delays =  5.60%

Information: Percent of CCS-based delays =  5.59%

  Startpoint: p_shift_in_B[1]
              (input port clocked by clk_p)
  Endpoint: SA_B_2_shift_reg_reg_4__1_
            (rising edge-triggered flip-flop clocked by clk_p)
  Path Group: REGIN
  Path Type: min

Attributes:
    d - dont_touch
    u - dont_use
   mo - map_only
   so - size_only
    i - ideal_net or ideal_network

  Point                                       Fanout       Cap     DTran     Trans     Delta     Derate      Incr       Path      Location / Load        Attributes
  -----------------------------------------------------------------------------------------------------------------------------------------------------------------
  clock clk_p (rise edge)                                                                                   0.000      0.000
  clock network delay (ideal)                                                                               0.000      0.000
  input external delay                                                                                     12.000     12.000 f
  p_shift_in_B[1] (in)                                                       3.826                0.990     2.282     14.282 f    (794.02, 0.00)
  p_shift_in_B[1] (net)                         1        1.971                                    0.990     0.000     14.282 f    [0.00,1.97]
  u_pad_data_in_9/PAD (PDDW0208CDG)                                0.000     3.826     0.000      0.990     0.063 *   14.346 f    (829.12, 2.43)         d 
  u_pad_data_in_9/C (PDDW0208CDG)                                            0.311                0.990     1.032     15.378 f    (845.52,119.50)        d 
  shift_in_B[1] (net)                           4        0.147                                    0.990     0.000     15.378 f    [0.12,0.15]
  U3840/A1 (ND2D1P5BWP7T)                                          0.000     0.311     0.000      0.990     0.010 &   15.388 f    (739.26,360.62)
  U3840/ZN (ND2D1P5BWP7T)                                                    0.158                0.990     0.166     15.554 r    (738.30,360.27)
  n3309 (net)                                   7        0.048                                    0.990     0.000     15.554 r    [0.03,0.05]
  U3924/A1 (OAI21D0BWP7T)                                          0.000     0.158     0.000      0.990     0.002 &   15.555 r    (864.52,380.40)
  U3924/ZN (OAI21D0BWP7T)                                                    0.061                0.990     0.058     15.614 f    (863.87,380.25)
  n883 (net)                                    1        0.007                                    0.990     0.000     15.614 f    [0.00,0.01]
  SA_B_2_shift_reg_reg_4__1_/D (DFQD0BWP7T)                        0.000     0.061     0.000      0.990     0.000 &   15.614 f    (861.25,396.13)
  data arrival time                                                                                                   15.614

  clock clk_p (rise edge)                                                                                   0.000      0.000
  clk_p (in)                                                                 7.740                1.010     4.376      4.376 r    (145.90,1074.13)
  clk_p (net)                                   1        1.969                                    1.010     0.000      4.376 r    [0.00,1.97]            d 
  u_pad_clk/PAD (PDDW0208SCDG)                                     0.000     7.740     0.000      1.010     0.055 *    4.431 r    (181.00,1076.56)       d 
  u_pad_clk/C (PDDW0208SCDG)                                                 0.146                1.010     2.055 @    6.486 r    (164.60,959.50)        d 
  clk (net)                                     1        0.047                                    1.010     0.000      6.486 r    [0.02,0.05]            d 
  CTSCKND12BWP7T_G2B4I1/I (INVD5BWP7T)                             0.000     0.106     0.000      1.010     0.004 @    6.490 r    (259.21,827.50)        d 
  CTSCKND12BWP7T_G2B4I1/ZN (INVD5BWP7T)                                      0.062                1.010     0.043 c    6.533 f    (257.08,827.41)        d 
  clk_G2B1I1 (net)                              1        0.103                                    1.010     0.000      6.533 f    [0.06,0.10]            d 
  CTSCKND3BWP7T_G2B3I1/I (CKND12BWP7T)                             0.000     0.070     0.000      1.010     0.013 c    6.546 f    (523.82,529.67)        d 
  CTSCKND3BWP7T_G2B3I1/ZN (CKND12BWP7T)                                      0.055                1.010     0.043 c    6.590 r    (519.94,529.41)        d 
  clk_G2B2I1 (net)                              2        0.098                                    1.010     0.000      6.590 r    [0.03,0.10]            d 
  CTSCKND12BWP7T_G2B2I2/I (INVD12BWP7T)                            0.000     0.059     0.000      1.010     0.006 c    6.596 r    (690.10,478.18)        d 
  CTSCKND12BWP7T_G2B2I2/ZN (INVD12BWP7T)                                     0.082                1.010     0.053 c    6.648 f    (693.97,478.27)        d 
  clk_G2B3I2 (net)                              7        0.409                                    1.010     0.000      6.648 f    [0.11,0.41]            d 
  CTSCKND12BWP7T_G2B1I9/I (INVD10BWP7T)                            0.000     0.086     0.000      1.010     0.007 c    6.655 f    (722.47,478.18)        d 
  CTSCKND12BWP7T_G2B1I9/ZN (INVD10BWP7T)                                     0.210                1.010     0.116 c    6.772 r    (725.84,478.32)        d 
  clk_G2B4I9 (net)                             79        0.407                                    1.010     0.000      6.772 r    [0.17,0.41]            d 
  SA_B_2_shift_reg_reg_4__1_/CP (DFQD0BWP7T)                       0.000     0.226     0.000      1.010     0.021 c    6.793 r    (859.42,396.11)
  clock reconvergence pessimism                                                                             0.000      6.793
  SA_B_2_shift_reg_reg_4__1_/CP (DFQD0BWP7T)                                                                0.000      6.793 r
  library hold time                                                                                         0.026      6.818
  data required time                                                                                                   6.818
  -----------------------------------------------------------------------------------------------------------------------------------------------------------------
  data required time                                                                                                   6.818
  data arrival time                                                                                                  -15.614
  -----------------------------------------------------------------------------------------------------------------------------------------------------------------
  slack (MET)                                                                                                          8.795


  Startpoint: SA_ctrl_state_overall_reg_0_
              (rising edge-triggered flip-flop clocked by clk_p)
  Endpoint: ack_p (output port clocked by clk_p)
  Path Group: REGOUT
  Path Type: min

Attributes:
    d - dont_touch
    u - dont_use
   mo - map_only
   so - size_only
    i - ideal_net or ideal_network

  Point                                       Fanout       Cap     DTran     Trans     Delta     Derate      Incr       Path      Location / Load        Attributes
  -----------------------------------------------------------------------------------------------------------------------------------------------------------------
  clock clk_p (rise edge)                                                                                   0.000      0.000
  clk_p (in)                                                                 7.740                0.990     4.290      4.290 r    (145.90,1074.13)
  clk_p (net)                                   1        1.969                                    0.990     0.000      4.290 r    [0.00,1.97]            d 
  u_pad_clk/PAD (PDDW0208SCDG)                                     0.000     7.740     0.000      0.990     0.054 *    4.343 r    (181.00,1076.56)       d 
  u_pad_clk/C (PDDW0208SCDG)                                                 0.146                0.990     2.014 @    6.358 r    (164.60,959.50)        d 
  clk (net)                                     1        0.047                                    0.990     0.000      6.358 r    [0.02,0.05]            d 
  CTSCKND12BWP7T_G2B4I1/I (INVD5BWP7T)                             0.000     0.106     0.000      0.990     0.004 @    6.361 r    (259.21,827.50)        d 
  CTSCKND12BWP7T_G2B4I1/ZN (INVD5BWP7T)                                      0.062                0.990     0.042 c    6.403 f    (257.08,827.41)        d 
  clk_G2B1I1 (net)                              1        0.103                                    0.990     0.000      6.403 f    [0.06,0.10]            d 
  CTSCKND3BWP7T_G2B3I1/I (CKND12BWP7T)                             0.000     0.070     0.000      0.990     0.013 c    6.416 f    (523.82,529.67)        d 
  CTSCKND3BWP7T_G2B3I1/ZN (CKND12BWP7T)                                      0.055                0.990     0.043 c    6.459 r    (519.94,529.41)        d 
  clk_G2B2I1 (net)                              2        0.098                                    0.990     0.000      6.459 r    [0.03,0.10]            d 
  CTSCKND12BWP7T_G2B2I2/I (INVD12BWP7T)                            0.000     0.059     0.000      0.990     0.006 c    6.465 r    (690.10,478.18)        d 
  CTSCKND12BWP7T_G2B2I2/ZN (INVD12BWP7T)                                     0.082                0.990     0.051 c    6.517 f    (693.97,478.27)        d 
  clk_G2B3I2 (net)                              7        0.409                                    0.990     0.000      6.517 f    [0.11,0.41]            d 
  CTSCKND12BWP7T_G2B1I3/I (CKND12BWP7T)                            0.000     0.086     0.000      0.990     0.008 c    6.525 f    (566.83,493.77)        d 
  CTSCKND12BWP7T_G2B1I3/ZN (CKND12BWP7T)                                     0.207                0.990     0.116 c    6.641 r    (570.70,494.03)        d 
  clk_G2B4I3 (net)                             93        0.499                                    0.990     0.000      6.641 r    [0.22,0.50]            d 
  SA_ctrl_state_overall_reg_0_/CP (DFQD1BWP7T)                     0.000     0.215     0.000      0.990     0.011 c    6.652 r    (564.86,603.80)        so 
  SA_ctrl_state_overall_reg_0_/CP (DFQD1BWP7T)                     0.000     0.215     0.000      0.990     0.000      6.652 r    (564.86,603.80)        so 
  SA_ctrl_state_overall_reg_0_/Q (DFQD1BWP7T)                                0.072                0.990     0.227      6.879 f    (574.14,603.77)        so 
  SA_ctrl_state_overall[0] (net)                3        0.030                                    0.990     0.000      6.879 f    [0.01,0.03]
  U2735/I (CKND2BWP7T)                                             0.000     0.072     0.000      0.990     0.000 &    6.879 f    (588.81,587.94)
  U2735/ZN (CKND2BWP7T)                                                      0.175                0.990     0.120      6.998 r    (589.68,588.14)
  n3910 (net)                                   7        0.082                                    0.990     0.000      6.998 r    [0.02,0.08]
  U1398/A2 (NR2XD4BWP7T)                                           0.000     0.175     0.000      0.990     0.001 &    7.000 r    (565.80,635.05)
  U1398/ZN (NR2XD4BWP7T)                                                     0.137                0.990     0.116      7.116 f    (570.05,634.43)
  ack (net)                                     9        0.219                                    0.990     0.000      7.116 f    [0.13,0.22]
  u_pad_data_out_8/I (PDDW0208CDG)                                 0.000     0.137     0.000      0.990     0.014 &    7.131 f    (356.29,959.50)        d 
  u_pad_data_out_8/PAD (PDDW0208CDG)                                         0.677                0.990     1.665      8.795 f    (343.03,1076.56)       d 
  ack_p (net)                                   1        2.073                                    0.990     0.000      8.795 f    [0.00,2.07]
  ack_p (out)                                                      0.000     0.677     0.000      0.990     0.003 *    8.799 f    (307.93,1074.13)
  data arrival time                                                                                                    8.799

  clock clk_p (rise edge)                                                                                   0.000      0.000
  clock network delay (ideal)                                                                               0.000      0.000
  clock reconvergence pessimism                                                                             0.000      0.000
  output external delay                                                                                   -12.000    -12.000
  data required time                                                                                                 -12.000
  -----------------------------------------------------------------------------------------------------------------------------------------------------------------
  data required time                                                                                                 -12.000
  data arrival time                                                                                                   -8.799
  -----------------------------------------------------------------------------------------------------------------------------------------------------------------
  slack (MET)                                                                                                         20.799


  Startpoint: SA_ctrl_state_compute_pump_reg_3_
              (rising edge-triggered flip-flop clocked by clk_p)
  Endpoint: SA_ctrl_state_compute_pump_reg_3_
            (rising edge-triggered flip-flop clocked by clk_p)
  Path Group: clk_p
  Path Type: min

Attributes:
    d - dont_touch
    u - dont_use
   mo - map_only
   so - size_only
    i - ideal_net or ideal_network

  Point                                       Fanout       Cap     DTran     Trans     Delta     Derate      Incr       Path      Location / Load        Attributes
  -----------------------------------------------------------------------------------------------------------------------------------------------------------------
  clock clk_p (rise edge)                                                                                   0.000      0.000
  clk_p (in)                                                                 7.740                0.990     4.290      4.290 r    (145.90,1074.13)
  clk_p (net)                                   1        1.969                                    0.990     0.000      4.290 r    [0.00,1.97]            d 
  u_pad_clk/PAD (PDDW0208SCDG)                                     0.000     7.740     0.000      0.990     0.054 *    4.343 r    (181.00,1076.56)       d 
  u_pad_clk/C (PDDW0208SCDG)                                                 0.146                0.990     2.014 @    6.358 r    (164.60,959.50)        d 
  clk (net)                                     1        0.047                                    0.990     0.000      6.358 r    [0.02,0.05]            d 
  CTSCKND12BWP7T_G2B4I1/I (INVD5BWP7T)                             0.000     0.106     0.000      0.990     0.004 @    6.361 r    (259.21,827.50)        d 
  CTSCKND12BWP7T_G2B4I1/ZN (INVD5BWP7T)                                      0.062                0.990     0.042 c    6.403 f    (257.08,827.41)        d 
  clk_G2B1I1 (net)                              1        0.103                                    0.990     0.000      6.403 f    [0.06,0.10]            d 
  CTSCKND3BWP7T_G2B3I1/I (CKND12BWP7T)                             0.000     0.070     0.000      0.990     0.013 c    6.416 f    (523.82,529.67)        d 
  CTSCKND3BWP7T_G2B3I1/ZN (CKND12BWP7T)                                      0.055                0.990     0.043 c    6.459 r    (519.94,529.41)        d 
  clk_G2B2I1 (net)                              2        0.098                                    0.990     0.000      6.459 r    [0.03,0.10]            d 
  CTSCKND12BWP7T_G2B2I2/I (INVD12BWP7T)                            0.000     0.059     0.000      0.990     0.006 c    6.465 r    (690.10,478.18)        d 
  CTSCKND12BWP7T_G2B2I2/ZN (INVD12BWP7T)                                     0.082                0.990     0.051 c    6.517 f    (693.97,478.27)        d 
  clk_G2B3I2 (net)                              7        0.409                                    0.990     0.000      6.517 f    [0.11,0.41]            d 
  CTSCKND12BWP7T_G2B1I3/I (CKND12BWP7T)                            0.000     0.086     0.000      0.990     0.008 c    6.525 f    (566.83,493.77)        d 
  CTSCKND12BWP7T_G2B1I3/ZN (CKND12BWP7T)                                     0.207                0.990     0.116 c    6.641 r    (570.70,494.03)        d 
  clk_G2B4I3 (net)                             93        0.499                                    0.990     0.000      6.641 r    [0.22,0.50]            d 
  SA_ctrl_state_compute_pump_reg_3_/CP (DFQD0BWP7T)                0.000     0.216     0.000      0.990     0.012 c    6.653 r    (595.66,646.99)
  SA_ctrl_state_compute_pump_reg_3_/CP (DFQD0BWP7T)                0.000     0.216     0.000      0.990     0.000      6.653 r    (595.66,646.99)
  SA_ctrl_state_compute_pump_reg_3_/Q (DFQD0BWP7T)                           0.146                0.990     0.227      6.880 r    (604.93,647.07)
  SA_ctrl_state_compute_pump[3] (net)           3        0.016                                    0.990     0.000      6.880 r    [0.01,0.02]
  U3456/A1 (AOI21D0BWP7T)                                          0.000     0.146     0.000      0.990     0.000 &    6.880 r    (602.14,627.08)
  U3456/ZN (AOI21D0BWP7T)                                                    0.060                0.990     0.062      6.941 f    (602.53,627.07)
  n1044 (net)                                   1        0.008                                    0.990     0.000      6.941 f    [0.00,0.01]
  SA_ctrl_state_compute_pump_reg_3_/D (DFQD0BWP7T)                 0.000     0.060     0.000      0.990     0.000 &    6.941 f    (597.49,647.01)
  data arrival time                                                                                                    6.941

  clock clk_p (rise edge)                                                                                   0.000      0.000
  clk_p (in)                                                                 7.740                1.010     4.376      4.376 r    (145.90,1074.13)
  clk_p (net)                                   1        1.969                                    1.010     0.000      4.376 r    [0.00,1.97]            d 
  u_pad_clk/PAD (PDDW0208SCDG)                                     0.000     7.740     0.000      1.010     0.055 *    4.431 r    (181.00,1076.56)       d 
  u_pad_clk/C (PDDW0208SCDG)                                                 0.146                1.010     2.055 @    6.486 r    (164.60,959.50)        d 
  clk (net)                                     1        0.047                                    1.010     0.000      6.486 r    [0.02,0.05]            d 
  CTSCKND12BWP7T_G2B4I1/I (INVD5BWP7T)                             0.000     0.106     0.000      1.010     0.004 @    6.490 r    (259.21,827.50)        d 
  CTSCKND12BWP7T_G2B4I1/ZN (INVD5BWP7T)                                      0.062                1.010     0.043 c    6.533 f    (257.08,827.41)        d 
  clk_G2B1I1 (net)                              1        0.103                                    1.010     0.000      6.533 f    [0.06,0.10]            d 
  CTSCKND3BWP7T_G2B3I1/I (CKND12BWP7T)                             0.000     0.070     0.000      1.010     0.013 c    6.546 f    (523.82,529.67)        d 
  CTSCKND3BWP7T_G2B3I1/ZN (CKND12BWP7T)                                      0.055                1.010     0.043 c    6.590 r    (519.94,529.41)        d 
  clk_G2B2I1 (net)                              2        0.098                                    1.010     0.000      6.590 r    [0.03,0.10]            d 
  CTSCKND12BWP7T_G2B2I2/I (INVD12BWP7T)                            0.000     0.059     0.000      1.010     0.006 c    6.596 r    (690.10,478.18)        d 
  CTSCKND12BWP7T_G2B2I2/ZN (INVD12BWP7T)                                     0.082                1.010     0.053 c    6.648 f    (693.97,478.27)        d 
  clk_G2B3I2 (net)                              7        0.409                                    1.010     0.000      6.648 f    [0.11,0.41]            d 
  CTSCKND12BWP7T_G2B1I3/I (CKND12BWP7T)                            0.000     0.086     0.000      1.010     0.008 c    6.657 f    (566.83,493.77)        d 
  CTSCKND12BWP7T_G2B1I3/ZN (CKND12BWP7T)                                     0.207                1.010     0.118 c    6.775 r    (570.70,494.03)        d 
  clk_G2B4I3 (net)                             93        0.499                                    1.010     0.000      6.775 r    [0.22,0.50]            d 
  SA_ctrl_state_compute_pump_reg_3_/CP (DFQD0BWP7T)                0.000     0.216     0.000      1.010     0.012 c    6.787 r    (595.66,646.99)
  clock reconvergence pessimism                                                                            -0.134      6.653
  SA_ctrl_state_compute_pump_reg_3_/CP (DFQD0BWP7T)                                                         0.000      6.653 r
  library hold time                                                                                         0.026      6.679
  data required time                                                                                                   6.679
  -----------------------------------------------------------------------------------------------------------------------------------------------------------------
  data required time                                                                                                   6.679
  data arrival time                                                                                                   -6.941
  -----------------------------------------------------------------------------------------------------------------------------------------------------------------
  slack (MET)                                                                                                          0.262


1
