 
****************************************
Report : design
        -physical
Design : systolic_array
Version: L-2016.03-SP5-3
Date   : Tue Dec 27 20:14:31 2022
****************************************

****************************** P&R Summary ********************************
Date : Tue Dec 27 20:14:31 2022
Machine Host Name: c01n10
Working Directory: /bks2/PB20000328/ic_design/apr
Library Name:      systolic_array_APR
Cell Name:         clock_opt_route_icc.CEL;1
Design Statistics:
    Number of Module Cells:        7970
    Number of Pins:                30470
    Number of IO Pad Cells:        40
    Number of IO Pins:             28
    Number of Nets:                4389
    Average Pins Per Net (Signal): 3.13982

Chip Utilization:
    Total Std Cell Area:           85265.96
    Total Blockage Area:           85191.32
    Total Pad Cell Area:           451600.00
    Core Size:     width 781.20, height 768.32; area 600211.58
    Pad Core Size: width 851.20, height 839.00; area 714156.80
    Chip Size:     width 1091.20, height 1079.00; area 1177404.80
    Std cells utilization:         16.56% 
    Cell/Core Ratio:               14.21%
    Cell/Chip Ratio:               45.60%
    Number of Cell Rows:            196

Master Instantiation:
	MasterName	Type	InstCount
	=================================
	TAPCELLBWP7T	STD	3920
	DFQD0BWP7T	STD	652
	NR2D1BWP7T	STD	526
	OAI21D0BWP7T	STD	434
	AOI22D0BWP7T	STD	389
	FA1D0BWP7T	STD	286
	ND2D1BWP7T	STD	208
	CKBD1BWP7T	STD	135
	INVD0BWP7T	STD	134
	INVD1BWP7T	STD	130
	DFQD1BWP7T	STD	106
	AN2D1BWP7T	STD	87
	MAOI22D0BWP7T	STD	68
	INVD2BWP7T	STD	50
	ND3D0BWP7T	STD	44
	XOR4D0BWP7T	STD	40
	MOAI22D0BWP7T	STD	36
	XNR4D0BWP7T	STD	35
	AOI21D0BWP7T	STD	34
	BUFFD1P5BWP7T	STD	32
	AOI21D1BWP7T	STD	29
	AN3D1BWP7T	STD	27
	NR3D1BWP7T	STD	27
	IAO21D0BWP7T	STD	24
	MAOI222D1BWP7T	STD	24
	XNR3D0BWP7T	STD	23
	CKND1BWP7T	STD	23
	DFQD2BWP7T	STD	23
	ND2D1P5BWP7T	STD	23
	AO22D0BWP7T	STD	21
	BUFFD2BWP7T	STD	21
	IOA21D0BWP7T	STD	19
	OA21D0BWP7T	STD	18
	OAI31D1BWP7T	STD	18
	NR3D0BWP7T	STD	15
	ND2D4BWP7T	STD	14
	BUFFD1BWP7T	STD	13
	OAI21D1BWP7T	STD	13
	XOR3D0BWP7T	STD	12
	MAOI222D2BWP7T	STD	12
	AOI22D1BWP7T	STD	12
	IOA22D2BWP7T	STD	12
	AOI211D1BWP7T	STD	9
	BUFFD5BWP7T	STD	9
	MOAI22D1BWP7T	STD	7
	CKND0BWP7T	STD	7
	OAI22D1BWP7T	STD	7
	OAI31D2BWP7T	STD	6
	OA31D0BWP7T	STD	6
	CKND2D1BWP7T	STD	6
	BUFFD3BWP7T	STD	6
	OAI211D1BWP7T	STD	5
	OAI211D0BWP7T	STD	5
	BUFFD4BWP7T	STD	5
	ND2D3BWP7T	STD	4
	IND2D4BWP7T	STD	4
	CKND8BWP7T	STD	4
	IAO21D1BWP7T	STD	4
	CKND10BWP7T	STD	4
	OA32D0BWP7T	STD	3
	AN2D4BWP7T	STD	3
	INVD4BWP7T	STD	3
	OA31D1BWP7T	STD	3
	INVD3BWP7T	STD	3
	BUFFD6BWP7T	STD	3
	CKBD0BWP7T	STD	3
	CKND2BWP7T	STD	3
	NR2XD1BWP7T	STD	3
	INR2XD4BWP7T	STD	3
	AOI22D2BWP7T	STD	3
	MAOI22D1BWP7T	STD	3
	IOA22D1BWP7T	STD	3
	CKND12BWP7T	STD	3
	OAI22D0BWP7T	STD	2
	OAI31D0BWP7T	STD	2
	AO211D0BWP7T	STD	2
	CKND2D0BWP7T	STD	2
	OR4XD1BWP7T	STD	2
	INVD5BWP7T	STD	2
	OR2D4BWP7T	STD	2
	OR4D1BWP7T	STD	2
	CKND2D4BWP7T	STD	2
	NR2XD3BWP7T	STD	2
	FA1D1BWP7T	STD	2
	INVD10BWP7T	STD	2
	DFD0BWP7T	STD	1
	ND2D2BWP7T	STD	1
	AO222D0BWP7T	STD	1
	INR2D1BWP7T	STD	1
	TIEHBWP7T	STD	1
	TIELBWP7T	STD	1
	OA211D0BWP7T	STD	1
	AN4D1BWP7T	STD	1
	IND2D2BWP7T	STD	1
	AN2D0BWP7T	STD	1
	AOI21D2BWP7T	STD	1
	DFKCND2BWP7T	STD	1
	AOI211XD0BWP7T	STD	1
	CKND3BWP7T	STD	1
	INVD6BWP7T	STD	1
	NR3D3BWP7T	STD	1
	BUFFD8BWP7T	STD	1
	CKND4BWP7T	STD	1
	CKND2D2BWP7T	STD	1
	AOI221D1BWP7T	STD	1
	NR3D4BWP7T	STD	1
	ND3D4BWP7T	STD	1
	OAI221D2BWP7T	STD	1
	AOI32D1BWP7T	STD	1
	MOAI22D2BWP7T	STD	1
	ND2D5BWP7T	STD	1
	NR2XD4BWP7T	STD	1
	IAO22D2BWP7T	STD	1
	AN2D2BWP7T	STD	1
	NR2D3BWP7T	STD	1
	NR2D2BWP7T	STD	1
	XNR4D1BWP7T	STD	1
	ND3D1BWP7T	STD	1
	NR2D2P5BWP7T	STD	1
	AOI211D2BWP7T	STD	1
	INVD12BWP7T	STD	1
	XNR3D1BWP7T	STD	1
	PFILLER0005	IO	80
	PFILLER1	IO	40
	PDDW0208CDG	IO	26
	PFILLER10	IO	4
	PVDD2CDG	IO	4
	PVSS3CDG	IO	4
	PVDD1CDG	IO	4
	PFILLER5	IO	4
	PDUW0208SCDG	IO	1
	PDDW0208SCDG	IO	1
	PCORNER		CORNER	4
	=================================

Timing/Optimization Information:

Global Routing Information:
    layer METAL1, dir Hor, min width = 0.23, min space = 0.23 pitch = 0.56
    layer METAL2, dir Ver, min width = 0.28, min space = 0.28 pitch = 0.56
    layer METAL3, dir Hor, min width = 0.28, min space = 0.28 pitch = 0.56
    layer METAL4, dir Ver, min width = 0.28, min space = 0.28 pitch = 0.56
    layer METAL5, dir Hor, min width = 0.44, min space = 0.46 pitch = 0.90
     
    Average gCell capacity  2.58	 on layer (1)	 METAL1
    Average gCell capacity  3.99	 on layer (2)	 METAL2
    Average gCell capacity  3.79	 on layer (3)	 METAL3
    Average gCell capacity  6.24	 on layer (4)	 METAL4
    Average gCell capacity  4.33	 on layer (5)	 METAL5
     
    Initial. Both Dirs: Overflow =     1 Max = 1 GRCs =     1 (0.00%)
    Initial. H routing: Overflow =     1 Max = 1 (GRCs =  1) GRCs =     1 (0.00%)
    Initial. V routing: Overflow =     0 Max = 0 (GRCs =  0) GRCs =     0 (0.00%)
     
    phase1. Both Dirs: Overflow =     1 Max = 1 GRCs =     1 (0.00%)
    phase1. H routing: Overflow =     1 Max = 1 (GRCs =  1) GRCs =     1 (0.00%)
    phase1. V routing: Overflow =     0 Max = 0 (GRCs =  0) GRCs =     0 (0.00%)
     
    phase2. Both Dirs: Overflow =     1 Max = 1 GRCs =     1 (0.00%)
    phase2. H routing: Overflow =     1 Max = 1 (GRCs =  1) GRCs =     1 (0.00%)
    phase2. V routing: Overflow =     0 Max = 0 (GRCs =  0) GRCs =     0 (0.00%)
     
    Total Wire Length = 19634.36
    Layer METAL1 wire length = 648.61
    Layer METAL2 wire length = 7.39
    Layer METAL3 wire length = 9198.86
    Layer METAL4 wire length = 9779.50
    Layer METAL5 wire length = 0.00
    Total Number of Contacts = 2560
    Via VIA12 count = 812
    Via VIA23 count = 812
    Via VIA34 count = 936
    Via VIA45 count = 0
     
    Elapsed real time: 0:00:00
    Elapsed cpu time: sys = 0:00:00 usr = 0:00:00 total = 0:00:00
    Total Proc Memory(MB): 2469

Track Assignment Information:
    Number of wires with overlap after iteration 0 = 388 of 2992

    Number of wires with overlap after iteration 1 = 102 of 1690

    Total METAL1 wire length: 0.0
    Total METAL2 wire length: 21.0
    Total METAL3 wire length: 9253.6
    Total METAL4 wire length: 9782.1
    Total METAL5 wire length: 0.0
    Total wire length: 19056.7

    Elapsed real time: 0:00:00
    Elapsed cpu time: sys = 0:00:00 usr = 0:00:00 total = 0:00:00
    Total Proc Memory(MB): 2507

Detailed Routing Information:
    

    ---------- Detail route ----------

     
    Iteration 0: DRC-SUMMARY:
    	@@@@@@@ TOTAL VIOLATIONS =	0
    	@@@@ Total number of instance ports with antenna violations =	1
     
    Iteration 1: DRC-SUMMARY:
    	@@@@@@@ TOTAL VIOLATIONS =	0
    	@@@@ Total number of instance ports with antenna violations =	0
     
    Elapsed real time: 0:00:01
    Elapsed cpu time: sys = 0:00:00 usr = 0:00:01 total = 0:00:01
    Total Proc Memory(MB): 2507
     
    Cumulative run time upto current stage: Elapsed = 0:00:01 CPU = 0:00:01
     
    DR finished with 0 open nets, of which 0 are frozen
    DR finished with 0 violations
     
    DRC-SUMMARY:
    	@@@@@@@ TOTAL VIOLATIONS =	0
    Total number of nets = 4389
    0 open nets, of which 0 are frozen
    Total number of excluded ports = 0 ports of 0 unplaced cells connected to 0 nets
                                     0 ports without pins of 0 cells connected to 0 nets
                                     0 ports of 0 cover cells connected to 0 non-pg nets
    Total number of DRCs = 0
    Total number of antenna violations = 0
    Total number of voltage-area violations = no voltage-areas defined
    

     
    Elapsed real time: 0:00:00
    Elapsed cpu time: sys = 0:00:00 usr = 0:00:00 total = 0:00:00
    Total Proc Memory(MB): 2507
     
    Cumulative run time upto current stage: Elapsed = 0:00:01 CPU = 0:00:01
     
    Total Wire Length =                    19393 micron
    Total Number of Contacts =             2613
    Total Number of Wires =                1663
    Total Number of PtConns =              987
    Total Number of Routed Wires =       1663
    Total Routed Wire Length =           19004 micron
    Total Number of Routed Contacts =       2613
    	Layer   METAL1 :          0 micron
    	Layer   METAL2 :        333 micron
    	Layer   METAL3 :       9285 micron
    	Layer   METAL4 :       9776 micron
    	Layer   METAL5 :          0 micron
    	Via      VIA34 :        987
    	Via      VIA23 :        813
    	Via      VIA12 :          6
    	Via     VIA12V :        807
     
    Redundant via conversion report:
    --------------------------------

      Total optimized via conversion rate =  0.00% (0 / 2613 vias)
     
        Layer VIA12      =  0.00% (0      / 813     vias)
            Un-optimized = 100.00% (813     vias)
        Layer VIA23      =  0.00% (0      / 813     vias)
            Un-optimized = 100.00% (813     vias)
        Layer VIA34      =  0.00% (0      / 987     vias)
            Un-optimized = 100.00% (987     vias)
     
      Total double via conversion rate    =  0.00% (0 / 2613 vias)
     
        Layer VIA12      =  0.00% (0      / 813     vias)
        Layer VIA23      =  0.00% (0      / 813     vias)
        Layer VIA34      =  0.00% (0      / 987     vias)
     
      The optimized via conversion rate based on total routed via count =  0.00% (0 / 2613 vias)
     
        Layer VIA12      =  0.00% (0      / 813     vias)
            Un-optimized = 100.00% (813     vias)
        Layer VIA23      =  0.00% (0      / 813     vias)
            Un-optimized = 100.00% (813     vias)
        Layer VIA34      =  0.00% (0      / 987     vias)
            Un-optimized = 100.00% (987     vias)
     

DRC information: 
      Total error number: 0

Ring Wiring Statistics:
    metal3 Wire Length(count):               3223.92(4)
    metal4 Wire Length(count):               3172.16(4)
  ==============================================
    Total Wire Length(count):                6396.08(8)
    Number of via3 Contacts:              8
  ==============================================
    Total Number of Contacts:        8

Stripe Wiring Statistics:
    metal4 Wire Length(count):              28873.44(36)
  ==============================================
    Total Wire Length(count):               28873.44(36)
    Number of via3 Contacts:             72
  ==============================================
    Total Number of Contacts:       72

User Wiring Statistics:

PG follow-pin Wiring Statistics:
    metal1 Wire Length(count):             160864.25(197)
  ==============================================
    Total Wire Length(count):              160864.25(197)
    Number of via1 Contacts:           3940
    Number of via2 Contacts:           3940
    Number of via3 Contacts:           3924
  ==============================================
    Total Number of Contacts:    11804

Signal Wiring Statistics:
    metal2 Wire Length(count):                332.57(813)
    metal3 Wire Length(count):               9284.92(1105)
    metal4 Wire Length(count):               9775.92(732)
  ==============================================
    Total Wire Length(count):               19393.42(2650)

      Mask Name      Contact Code    Number Of Contacts    Percentage
        via1           VIA12(2)                 6	      0.738
        via1          VIA12V(4)               807	       99.3
        via2           VIA23(5)               813	        100
        via3           VIA34(6)               987	        100
  ==============================================
    Total Number of Contacts:     2613

  Horizontal/Vertical Wire Distribution:
    Layer      Hor. Wire (% of Hor.)     Ver. Wire (% of Ver.)
    metal2             0.00 ( 0.00%)           332.57 ( 3.29%)
    metal3          9256.08 (99.64%)            28.84 ( 0.29%)
    metal4            33.04 ( 0.36%)          9742.88 (96.42%)
  ==============================================================
    Total           9289.12                  10104.30
1
