Warning: Clock network timing may not be up-to-date since only 94.117645 percentage of clock nets are routed. (TIM-233)
 
****************************************
Report : timing
        -path full_clock
        -delay max
        -physical
        -derate
        -input_pins
        -nets
        -max_paths 1
        -transition_time
        -crosstalk_delta
        -capacitance
Design : systolic_array
Version: L-2016.03-SP5-3
Date   : Tue Dec 27 20:14:32 2022
****************************************

 * Some/all delay information is back-annotated.

Operating Conditions: WCCOM   Library: tcb018gbwp7twc_ccs

Information: Percent of Arnoldi-based delays =  5.60%

Information: Percent of CCS-based delays =  5.58%

  Startpoint: rstn_p (input port clocked by clk_p)
  Endpoint: SA_core_pe_3_0_Cij_o_reg_1_
            (rising edge-triggered flip-flop clocked by clk_p)
  Path Group: REGIN
  Path Type: max

Attributes:
    d - dont_touch
    u - dont_use
   mo - map_only
   so - size_only
    i - ideal_net or ideal_network

  Point                                       Fanout       Cap     DTran     Trans     Delta     Derate      Incr       Path      Location / Load        Attributes
  -----------------------------------------------------------------------------------------------------------------------------------------------------------------
  clock clk_p (rise edge)                                                                                   0.000      0.000
  clock network delay (ideal)                                                                               0.000      0.000
  input external delay                                                                                     12.000     12.000 r
  rstn_p (in)                                                               18.062                1.010    10.021     22.021 r    (875.03,1074.13)
  rstn_p (net)                                  1        2.306                                    1.010     0.000     22.021 r    [0.00,2.31]
  u_pad_rst_n/PAD (PDUW0208SCDG)                                   0.000    18.062     0.000      1.010     0.093 *   22.114 r    (910.14,1076.56)       d 
  u_pad_rst_n/C (PDUW0208SCDG)                                               0.220                1.010     5.797     27.911 r    (893.74,959.50)        d 
  rstn (net)                                    1        0.033                                    1.010     0.000     27.911 r    [0.03,0.03]
  icc_place1409/I (BUFFD1P5BWP7T)                                  0.000     0.220     0.000      1.010     0.002 *   27.913 r    (725.39,913.80)
  icc_place1409/Z (BUFFD1P5BWP7T)                                            0.597                1.010     0.442     28.354 r    (723.93,913.66)
  n4515 (net)                                   5        0.108                                    1.010     0.000     28.354 r    [0.08,0.11]
  U1443/B (OAI21D1BWP7T)                                           0.000     0.597     0.000      1.010     0.015 *   28.369 r    (619.80,592.10)
  U1443/ZN (OAI21D1BWP7T)                                                    0.254                1.010     0.250     28.619 f    (621.32,591.70)
  n4480 (net)                                   1        0.019                                    1.010     0.000     28.619 f    [0.00,0.02]
  icc_place1774/I (BUFFD8BWP7T)                                    0.000     0.254     0.000      1.010     0.001 *   28.619 f    (596.63,599.98)
  icc_place1774/Z (BUFFD8BWP7T)                                              0.258                1.010     0.357     28.976 f    (591.97,600.04)
  n4880 (net)                                  36        0.463                                    1.010     0.000     28.976 f    [0.25,0.46]
  icc_place1779/I (BUFFD5BWP7T)                                    0.000     0.258     0.000      1.010     0.006 *   28.982 f    (549.55,752.98)
  icc_place1779/Z (BUFFD5BWP7T)                                              0.281                1.010     0.363     29.345 f    (553.34,752.65)
  n4885 (net)                                  30        0.321                                    1.010     0.000     29.345 f    [0.13,0.32]
  icc_place1780/I (INVD2BWP7T)                                     0.000     0.281     0.000      1.010     0.010 *   29.355 f    (526.65,697.70)
  icc_place1780/ZN (INVD2BWP7T)                                              0.450                1.010     0.351     29.706 r    (527.51,697.88)
  n4886 (net)                                  11        0.102                                    1.010     0.000     29.706 r    [0.04,0.10]
  U1605/A1 (ND2D5BWP7T)                                            0.000     0.450     0.000      1.010     0.005 *   29.711 r    (531.38,768.40)
  U1605/ZN (ND2D5BWP7T)                                                      0.401                1.010     0.340     30.051 f    (529.54,768.91)
  n3049 (net)                                  20        0.238                                    1.010     0.000     30.051 f    [0.14,0.24]
  icc_place1793/I (INVD3BWP7T)                                     0.000     0.401     0.000      1.010     0.028 *   30.079 f    (673.46,901.54)
  icc_place1793/ZN (INVD3BWP7T)                                              0.465                1.010     0.385     30.464 r    (675.21,901.61)
  n4899 (net)                                  13        0.151                                    1.010     0.000     30.464 r    [0.11,0.15]
  U1861/B (OAI21D0BWP7T)                                           0.000     0.465     0.000      1.010     0.010 *   30.474 r    (870.41,913.80)
  U1861/ZN (OAI21D0BWP7T)                                                    0.347                1.010     0.268     30.742 f    (871.89,913.37)
  n1444 (net)                                   1        0.013                                    1.010     0.000     30.742 f    [0.01,0.01]
  U1862/B (AOI21D0BWP7T)                                           0.000     0.347     0.000      1.010     0.000 *   30.743 f    (803.48,921.42)
  U1862/ZN (AOI21D0BWP7T)                                                    0.601                1.010     0.484     31.227 r    (802.27,921.66)
  SA_core_pe_3_0_N11 (net)                      1        0.013                                    1.010     0.000     31.227 r    [0.01,0.01]
  icc_clock1398/I (BUFFD1BWP7T)                                    0.000     0.601     0.000      1.010     0.000 *   31.227 r    (867.58,913.39)
  icc_clock1398/Z (BUFFD1BWP7T)                                              0.135                1.010     0.235     31.462 r    (868.70,913.53)
  n4936 (net)                                   1        0.011                                    1.010     0.000     31.462 r    [0.01,0.01]
  SA_core_pe_3_0_Cij_o_reg_1_/D (DFQD0BWP7T)                       0.000     0.135     0.000      1.010     0.000 *   31.463 r    (824.11,913.57)
  data arrival time                                                                                                   31.463

  clock clk_p (rise edge)                                                                                  40.000     40.000
  clk_p (in)                                                                18.058                0.990     9.821     49.821 r    (145.90,1074.13)
  clk_p (net)                                   1        2.305                                    0.990     0.000     49.821 r    [0.00,2.31]            d 
  u_pad_clk/PAD (PDDW0208SCDG)                                     0.000    18.058     0.000      0.990     0.078 *   49.899 r    (181.00,1076.56)       d 
  u_pad_clk/C (PDDW0208SCDG)                                                 0.269                0.990     5.703 @   55.602 r    (164.60,959.50)        d 
  clk (net)                                     1        0.048                                    0.990     0.000     55.602 r    [0.02,0.05]            d 
  CTSCKND12BWP7T_G2B4I1/I (INVD5BWP7T)                             0.000     0.216     0.000      0.990     0.004 @   55.606 r    (259.21,827.50)        d 
  CTSCKND12BWP7T_G2B4I1/ZN (INVD5BWP7T)                                      0.131                0.990     0.111 c   55.717 f    (257.08,827.41)        d 
  clk_G2B1I1 (net)                              1        0.110                                    0.990     0.000     55.717 f    [0.06,0.11]            d 
  CTSCKND3BWP7T_G2B3I1/I (CKND12BWP7T)                             0.000     0.139     0.000      0.990     0.018 c   55.735 f    (523.82,529.67)        d 
  CTSCKND3BWP7T_G2B3I1/ZN (CKND12BWP7T)                                      0.108                0.990     0.092 c   55.827 r    (519.94,529.41)        d 
  clk_G2B2I1 (net)                              2        0.106                                    0.990     0.000     55.827 r    [0.03,0.11]            d 
  CTSCKND12BWP7T_G2B2I2/I (INVD12BWP7T)                            0.000     0.111     0.000      0.990     0.008 c   55.834 r    (690.10,478.18)        d 
  CTSCKND12BWP7T_G2B2I2/ZN (INVD12BWP7T)                                     0.166                0.990     0.116 c   55.951 f    (693.97,478.27)        d 
  clk_G2B3I2 (net)                              7        0.423                                    0.990     0.000     55.951 f    [0.11,0.42]            d 
  CTSCKND12BWP7T_G2B1I5/I (INVD10BWP7T)                            0.000     0.172     0.000      0.990     0.019 c   55.970 f    (715.19,799.62)        d 
  CTSCKND12BWP7T_G2B1I5/ZN (INVD10BWP7T)                                     0.364                0.990     0.233 c   56.202 r    (718.57,799.76)        d 
  clk_G2B4I5 (net)                             68        0.452                                    0.990     0.000     56.202 r    [0.19,0.45]            d 
  SA_core_pe_3_0_Cij_o_reg_1_/CP (DFQD0BWP7T)                      0.000     0.374     0.000      0.990     0.018 c   56.221 r    (825.94,913.55)
  clock reconvergence pessimism                                                                             0.000     56.221
  clock uncertainty                                                                                        -0.500     55.721
  SA_core_pe_3_0_Cij_o_reg_1_/CP (DFQD0BWP7T)                                                               0.000     55.721 r
  library setup time                                                                                       -0.022     55.699
  data required time                                                                                                  55.699
  -----------------------------------------------------------------------------------------------------------------------------------------------------------------
  data required time                                                                                                  55.699
  data arrival time                                                                                                  -31.463
  -----------------------------------------------------------------------------------------------------------------------------------------------------------------
  slack (MET)                                                                                                         24.236


  Startpoint: SA_ctrl_state_overall_reg_1_
              (rising edge-triggered flip-flop clocked by clk_p)
  Endpoint: p_shift_out[4]
            (output port clocked by clk_p)
  Path Group: REGOUT
  Path Type: max

Attributes:
    d - dont_touch
    u - dont_use
   mo - map_only
   so - size_only
    i - ideal_net or ideal_network

  Point                                       Fanout       Cap     DTran     Trans     Delta     Derate      Incr       Path      Location / Load        Attributes
  -----------------------------------------------------------------------------------------------------------------------------------------------------------------
  clock clk_p (rise edge)                                                                                   0.000      0.000
  clk_p (in)                                                                18.058                1.010    10.019     10.019 r    (145.90,1074.13)
  clk_p (net)                                   1        2.305                                    1.010     0.000     10.019 r    [0.00,2.31]            d 
  u_pad_clk/PAD (PDDW0208SCDG)                                     0.000    18.058     0.000      1.010     0.080 *   10.099 r    (181.00,1076.56)       d 
  u_pad_clk/C (PDDW0208SCDG)                                                 0.269                1.010     5.819 @   15.917 r    (164.60,959.50)        d 
  clk (net)                                     1        0.048                                    1.010     0.000     15.917 r    [0.02,0.05]            d 
  CTSCKND12BWP7T_G2B4I1/I (INVD5BWP7T)                             0.000     0.216     0.000      1.010     0.005 @   15.922 r    (259.21,827.50)        d 
  CTSCKND12BWP7T_G2B4I1/ZN (INVD5BWP7T)                                      0.131                1.010     0.113 c   16.035 f    (257.08,827.41)        d 
  clk_G2B1I1 (net)                              1        0.110                                    1.010     0.000     16.035 f    [0.06,0.11]            d 
  CTSCKND3BWP7T_G2B3I1/I (CKND12BWP7T)                             0.000     0.139     0.000      1.010     0.018 c   16.053 f    (523.82,529.67)        d 
  CTSCKND3BWP7T_G2B3I1/ZN (CKND12BWP7T)                                      0.108                1.010     0.093 c   16.146 r    (519.94,529.41)        d 
  clk_G2B2I1 (net)                              2        0.106                                    1.010     0.000     16.146 r    [0.03,0.11]            d 
  CTSCKND12BWP7T_G2B2I2/I (INVD12BWP7T)                            0.000     0.111     0.000      1.010     0.008 c   16.154 r    (690.10,478.18)        d 
  CTSCKND12BWP7T_G2B2I2/ZN (INVD12BWP7T)                                     0.166                1.010     0.119 c   16.273 f    (693.97,478.27)        d 
  clk_G2B3I2 (net)                              7        0.423                                    1.010     0.000     16.273 f    [0.11,0.42]            d 
  CTSCKND12BWP7T_G2B1I3/I (CKND12BWP7T)                            0.000     0.169     0.000      1.010     0.010 c   16.283 f    (566.83,493.77)        d 
  CTSCKND12BWP7T_G2B1I3/ZN (CKND12BWP7T)                                     0.392                1.010     0.245 c   16.528 r    (570.70,494.03)        d 
  clk_G2B4I3 (net)                             93        0.603                                    1.010     0.000     16.528 r    [0.23,0.60]            d 
  SA_ctrl_state_overall_reg_1_/CP (DFQD1BWP7T)                     0.000     0.400     0.000      1.010     0.014 c   16.542 r    (565.42,619.48)
  SA_ctrl_state_overall_reg_1_/CP (DFQD1BWP7T)                     0.000     0.400     0.000      1.010     0.000     16.542 r    (565.42,619.48)
  SA_ctrl_state_overall_reg_1_/Q (DFQD1BWP7T)                                0.401                1.010     0.607     17.149 r    (574.70,619.45)
  SA_ctrl_state_overall[1] (net)                5        0.047                                    1.010     0.000     17.149 r    [0.01,0.05]
  icc_place1675/I (INVD2BWP7T)                                     0.000     0.401     0.000      1.010     0.003 *   17.151 r    (599.45,611.46)
  icc_place1675/ZN (INVD2BWP7T)                                              0.260                1.010     0.236     17.388 f    (600.31,611.64)
  n4781 (net)                                   5        0.096                                    1.010     0.000     17.388 f    [0.04,0.10]
  U1398/A1 (NR2XD4BWP7T)                                           0.000     0.260     0.000      1.010     0.003 *   17.391 f    (565.45,639.27)
  U1398/ZN (NR2XD4BWP7T)                                                     0.410                1.010     0.309     17.700 r    (568.75,639.89)
  ack (net)                                     9        0.172                                    1.010     0.000     17.700 r    [0.09,0.17]
  icc_place1752/I (CKND4BWP7T)                                     0.000     0.410     0.000      1.010     0.015 *   17.715 r    (486.39,623.67)
  icc_place1752/ZN (CKND4BWP7T)                                              0.231                1.010     0.220     17.935 f    (487.86,623.55)
  n4858 (net)                                   4        0.081                                    1.010     0.000     17.935 f    [0.01,0.08]
  U1415/A2 (NR3D3BWP7T)                                            0.000     0.231     0.000      1.010     0.003 *   17.938 f    (430.98,627.12)
  U1415/ZN (NR3D3BWP7T)                                                      0.543                1.010     0.406     18.344 r    (432.67,626.55)
  n3075 (net)                                   9        0.109                                    1.010     0.000     18.344 r    [0.07,0.11]
  U1431/B1 (AOI22D0BWP7T)                                          0.000     0.543     0.000      1.010     0.017 *   18.361 r    (226.85,709.77)
  U1431/ZN (AOI22D0BWP7T)                                                    0.437                1.010     0.390     18.751 f    (225.49,709.92)
  n1064 (net)                                   1        0.021                                    1.010     0.000     18.751 f    [0.01,0.02]
  U1433/A1 (ND2D1P5BWP7T)                                          0.000     0.437     0.000      1.010     0.001 *   18.752 f    (183.74,760.46)
  U1433/ZN (ND2D1P5BWP7T)                                                    0.482                1.010     0.405     19.158 r    (182.78,760.11)
  shift_out[4] (net)                            1        0.075                                    1.010     0.000     19.158 r    [0.05,0.08]
  u_pad_data_out_4/I (PDDW0208CDG)                                 0.000     0.482     0.000      1.010     0.009 *   19.166 r    (119.50,431.26)        d 
  u_pad_data_out_4/PAD (PDDW0208CDG)                                         1.368                1.010     4.074     23.240 r    ( 2.43,418.00)         d 
  p_shift_out[4] (net)                          1        2.410                                    1.010     0.000     23.240 r    [0.01,2.41]
  p_shift_out[4] (out)                                             0.000     1.368     0.000      1.010     0.004 *   23.245 r    ( 0.00,382.90)
  data arrival time                                                                                                   23.245

  clock clk_p (rise edge)                                                                                  40.000     40.000
  clock network delay (ideal)                                                                               0.000     40.000
  clock reconvergence pessimism                                                                             0.000     40.000
  clock uncertainty                                                                                        -0.500     39.500
  output external delay                                                                                   -12.000     27.500
  data required time                                                                                                  27.500
  -----------------------------------------------------------------------------------------------------------------------------------------------------------------
  data required time                                                                                                  27.500
  data arrival time                                                                                                  -23.245
  -----------------------------------------------------------------------------------------------------------------------------------------------------------------
  slack (MET)                                                                                                          4.255


  Startpoint: SA_core_pe_1_3_Bij_o_reg_0_
              (rising edge-triggered flip-flop clocked by clk_p)
  Endpoint: SA_core_pe_2_3_Cij_o_reg_7_
            (rising edge-triggered flip-flop clocked by clk_p)
  Path Group: clk_p
  Path Type: max

Attributes:
    d - dont_touch
    u - dont_use
   mo - map_only
   so - size_only
    i - ideal_net or ideal_network

  Point                                       Fanout       Cap     DTran     Trans     Delta     Derate      Incr       Path      Location / Load        Attributes
  -----------------------------------------------------------------------------------------------------------------------------------------------------------------
  clock clk_p (rise edge)                                                                                   0.000      0.000
  clk_p (in)                                                                18.058                1.010    10.019     10.019 r    (145.90,1074.13)
  clk_p (net)                                   1        2.305                                    1.010     0.000     10.019 r    [0.00,2.31]            d 
  u_pad_clk/PAD (PDDW0208SCDG)                                     0.000    18.058     0.000      1.010     0.080 *   10.099 r    (181.00,1076.56)       d 
  u_pad_clk/C (PDDW0208SCDG)                                                 0.269                1.010     5.819 @   15.917 r    (164.60,959.50)        d 
  clk (net)                                     1        0.048                                    1.010     0.000     15.917 r    [0.02,0.05]            d 
  CTSCKND12BWP7T_G2B4I1/I (INVD5BWP7T)                             0.000     0.216     0.000      1.010     0.005 @   15.922 r    (259.21,827.50)        d 
  CTSCKND12BWP7T_G2B4I1/ZN (INVD5BWP7T)                                      0.131                1.010     0.113 c   16.035 f    (257.08,827.41)        d 
  clk_G2B1I1 (net)                              1        0.110                                    1.010     0.000     16.035 f    [0.06,0.11]            d 
  CTSCKND3BWP7T_G2B3I1/I (CKND12BWP7T)                             0.000     0.139     0.000      1.010     0.018 c   16.053 f    (523.82,529.67)        d 
  CTSCKND3BWP7T_G2B3I1/ZN (CKND12BWP7T)                                      0.108                1.010     0.093 c   16.146 r    (519.94,529.41)        d 
  clk_G2B2I1 (net)                              2        0.106                                    1.010     0.000     16.146 r    [0.03,0.11]            d 
  CTSCKND6BWP7T_G2B2I1/I (INVD5BWP7T)                              0.000     0.109     0.000      1.010     0.002 c   16.148 r    (489.93,529.58)        d 
  CTSCKND6BWP7T_G2B2I1/ZN (INVD5BWP7T)                                       0.207                1.010     0.146 c   16.294 f    (487.80,529.49)        d 
  clk_G2B3I1 (net)                              4        0.229                                    1.010     0.000     16.294 f    [0.08,0.23]            d 
  CTSCKND8BWP7T_G2B1I11/I (CKND8BWP7T)                             0.000     0.211     0.000      1.010     0.016 c   16.310 f    (316.94,752.53)        d 
  CTSCKND8BWP7T_G2B1I11/ZN (CKND8BWP7T)                                      0.350                1.010     0.240 c   16.550 r    (319.86,752.80)        d 
  clk_G2B4I11 (net)                            52        0.340                                    1.010     0.000     16.550 r    [0.14,0.34]            d 
  SA_core_pe_1_3_Bij_o_reg_0_/CP (DFQD0BWP7T)                      0.000     0.357     0.000      1.010     0.013 c   16.563 r    (175.66,772.43)
  SA_core_pe_1_3_Bij_o_reg_0_/CP (DFQD0BWP7T)                      0.000     0.357     0.000      1.010     0.000     16.563 r    (175.66,772.43)
  SA_core_pe_1_3_Bij_o_reg_0_/Q (DFQD0BWP7T)                                 0.269                1.010     0.516     17.079 r    (184.93,772.51)
  SA_core_connect[176] (net)                    1        0.014                                    1.010     0.000     17.079 r    [0.01,0.01]
  icc_place1578/I (CKBD1BWP7T)                                     0.000     0.269     0.000      1.010     0.000 *   17.079 r    (187.74,835.00)
  icc_place1578/Z (CKBD1BWP7T)                                               0.449                1.010     0.392     17.471 r    (188.85,835.13)
  n4684 (net)                                   5        0.053                                    1.010     0.000     17.471 r    [0.03,0.05]
  icc_place1579/I (INVD1BWP7T)                                     0.000     0.449     0.000      1.010     0.003 *   17.473 r    (241.04,819.66)
  icc_place1579/ZN (INVD1BWP7T)                                              0.314                1.010     0.284     17.757 f    (242.05,819.59)
  n4685 (net)                                   6        0.059                                    1.010     0.000     17.757 f    [0.03,0.06]
  U2006/A2 (NR2D1BWP7T)                                            0.000     0.314     0.000      1.010     0.002 *   17.759 f    (230.04,921.39)
  U2006/ZN (NR2D1BWP7T)                                                      0.364                1.010     0.289     18.048 r    (230.83,921.58)
  n1603 (net)                                   1        0.016                                    1.010     0.000     18.048 r    [0.01,0.02]
  U2023/B (FA1D0BWP7T)                                             0.000     0.364     0.000      1.010     0.001 *   18.049 r    (221.36,866.24)
  U2023/S (FA1D0BWP7T)                                                       0.350                1.010     0.740     18.789 r    (228.45,866.86)
  n1594 (net)                                   1        0.019                                    1.010     0.000     18.789 r    [0.01,0.02]
  U2015/B (FA1D0BWP7T)                                             0.000     0.350     0.000      1.010     0.001 *   18.790 r    (299.76,854.96)
  U2015/S (FA1D0BWP7T)                                                       0.254                1.010     0.777     19.567 f    (306.85,854.34)
  n1597 (net)                                   2        0.024                                    1.010     0.000     19.567 f    [0.01,0.02]
  U2017/I (INVD0BWP7T)                                             0.000     0.254     0.000      1.010     0.000 *   19.568 f    (237.88,842.96)
  U2017/ZN (INVD0BWP7T)                                                      0.328                1.010     0.270     19.838 r    (238.68,843.06)
  n1598 (net)                                   1        0.016                                    1.010     0.000     19.838 r    [0.01,0.02]
  U2226/C (MAOI222D2BWP7T)                                         0.000     0.328     0.000      1.010     0.001 *   19.839 r    (318.52,842.96)
  U2226/ZN (MAOI222D2BWP7T)                                                  0.080                1.010     0.375     20.214 f    (322.01,843.10)
  n4223 (net)                                   1        0.021                                    1.010     0.000     20.214 f    [0.01,0.02]
  U2030/B (FA1D0BWP7T)                                             0.000     0.080     0.000      1.010     0.001 *   20.215 f    (345.12,772.16)
  U2030/CO (FA1D0BWP7T)                                                      0.204                1.010     0.605     20.820 f    (336.74,772.69)
  n1625 (net)                                   2        0.016                                    1.010     0.000     20.820 f    [0.01,0.02]
  U2045/B (OAI21D0BWP7T)                                           0.000     0.204     0.000      1.010     0.000 *   20.820 f    (329.98,741.32)
  U2045/ZN (OAI21D0BWP7T)                                                    0.823                1.010     0.346     21.166 r    (328.51,740.89)
  n1626 (net)                                   1        0.022                                    1.010     0.000     21.166 r    [0.02,0.02]
  U2046/B (IOA21D0BWP7T)                                           0.000     0.823     0.000      1.010     0.001 *   21.167 r    (243.18,799.56)
  U2046/ZN (IOA21D0BWP7T)                                                    0.464                1.010     0.406     21.573 f    (242.68,799.59)
  n1669 (net)                                   1        0.023                                    1.010     0.000     21.573 f    [0.01,0.02]
  U2067/A (FA1D1BWP7T)                                             0.000     0.464     0.000      1.010     0.001 *   21.574 f    (210.74,745.20)
  U2067/CO (FA1D1BWP7T)                                                      0.156                1.010     0.591     22.165 f    (225.82,744.68)
  n1670 (net)                                   1        0.017                                    1.010     0.000     22.165 f    [0.01,0.02]
  U2071/A2 (XOR4D0BWP7T)                                           0.000     0.156     0.000      1.010     0.001 *   22.165 f    (314.26,736.91)
  U2071/Z (XOR4D0BWP7T)                                                      0.269                1.010     0.589     22.754 r    (314.91,736.81)
  n1688 (net)                                   1        0.013                                    1.010     0.000     22.754 r    [0.01,0.01]
  U2081/A2 (XNR4D0BWP7T)                                           0.000     0.269     0.000      1.010     0.000 *   22.754 r    (261.18,749.09)
  U2081/ZN (XNR4D0BWP7T)                                                     0.298                1.010     0.770     23.524 f    (260.53,749.19)
  n1690 (net)                                   1        0.021                                    1.010     0.000     23.524 f    [0.02,0.02]
  U2082/A2 (MOAI22D0BWP7T)                                         0.000     0.298     0.000      1.010     0.001 *   23.525 f    (356.89,709.90)
  U2082/ZN (MOAI22D0BWP7T)                                                   0.893                1.010     0.617     24.142 r    (357.56,709.66)
  SA_core_pe_2_3_N17 (net)                      1        0.024                                    1.010     0.000     24.142 r    [0.02,0.02]
  SA_core_pe_2_3_Cij_o_reg_7_/D (DFQD0BWP7T)                       0.000     0.893     0.000      1.010     0.001 *   24.143 r    (268.03,768.43)
  data arrival time                                                                                                   24.143

  clock clk_p (rise edge)                                                                                  40.000     40.000
  clk_p (in)                                                                18.058                0.990     9.821     49.821 r    (145.90,1074.13)
  clk_p (net)                                   1        2.305                                    0.990     0.000     49.821 r    [0.00,2.31]            d 
  u_pad_clk/PAD (PDDW0208SCDG)                                     0.000    18.058     0.000      0.990     0.078 *   49.899 r    (181.00,1076.56)       d 
  u_pad_clk/C (PDDW0208SCDG)                                                 0.269                0.990     5.703 @   55.602 r    (164.60,959.50)        d 
  clk (net)                                     1        0.048                                    0.990     0.000     55.602 r    [0.02,0.05]            d 
  CTSCKND12BWP7T_G2B4I1/I (INVD5BWP7T)                             0.000     0.216     0.000      0.990     0.004 @   55.606 r    (259.21,827.50)        d 
  CTSCKND12BWP7T_G2B4I1/ZN (INVD5BWP7T)                                      0.131                0.990     0.111 c   55.717 f    (257.08,827.41)        d 
  clk_G2B1I1 (net)                              1        0.110                                    0.990     0.000     55.717 f    [0.06,0.11]            d 
  CTSCKND3BWP7T_G2B3I1/I (CKND12BWP7T)                             0.000     0.139     0.000      0.990     0.018 c   55.735 f    (523.82,529.67)        d 
  CTSCKND3BWP7T_G2B3I1/ZN (CKND12BWP7T)                                      0.108                0.990     0.092 c   55.827 r    (519.94,529.41)        d 
  clk_G2B2I1 (net)                              2        0.106                                    0.990     0.000     55.827 r    [0.03,0.11]            d 
  CTSCKND6BWP7T_G2B2I1/I (INVD5BWP7T)                              0.000     0.109     0.000      0.990     0.002 c   55.828 r    (489.93,529.58)        d 
  CTSCKND6BWP7T_G2B2I1/ZN (INVD5BWP7T)                                       0.207                0.990     0.143 c   55.971 f    (487.80,529.49)        d 
  clk_G2B3I1 (net)                              4        0.229                                    0.990     0.000     55.971 f    [0.08,0.23]            d 
  CTSCKND8BWP7T_G2B1I11/I (CKND8BWP7T)                             0.000     0.211     0.000      0.990     0.016 c   55.987 f    (316.94,752.53)        d 
  CTSCKND8BWP7T_G2B1I11/ZN (CKND8BWP7T)                                      0.350                0.990     0.235 c   56.223 r    (319.86,752.80)        d 
  clk_G2B4I11 (net)                            52        0.340                                    0.990     0.000     56.223 r    [0.14,0.34]            d 
  SA_core_pe_2_3_Cij_o_reg_7_/CP (DFQD0BWP7T)                      0.000     0.356     0.000      0.990     0.010 c   56.233 r    (269.86,768.45)
  clock reconvergence pessimism                                                                             0.328     56.560
  clock uncertainty                                                                                        -0.500     56.060
  SA_core_pe_2_3_Cij_o_reg_7_/CP (DFQD0BWP7T)                                                               0.000     56.060 r
  library setup time                                                                                       -0.056     56.005
  data required time                                                                                                  56.005
  -----------------------------------------------------------------------------------------------------------------------------------------------------------------
  data required time                                                                                                  56.005
  data arrival time                                                                                                  -24.143
  -----------------------------------------------------------------------------------------------------------------------------------------------------------------
  slack (MET)                                                                                                         31.862


1
