Warning: Clock network timing may not be up-to-date since only 94.117645 percentage of clock nets are routed. (TIM-233)
 
****************************************
Report : timing
        -path full_clock
        -delay max
        -physical
        -derate
        -input_pins
        -nets
        -max_paths 1
        -transition_time
        -crosstalk_delta
        -capacitance
Design : systolic_array
Version: L-2016.03-SP5-3
Date   : Tue Dec 27 20:12:15 2022
****************************************

 * Some/all delay information is back-annotated.

Operating Conditions: WCCOM   Library: tcb018gbwp7twc_ccs
	Parasitic source    : LPE
	Parasitic mode      : RealRVirtualC
	Extraction mode     : MIN_MAX
	Extraction derating : 0/25/125

Information: Percent of Arnoldi-based delays =  5.60%

Information: Percent of CCS-based delays =  5.59%

  Startpoint: rstn_p (input port clocked by clk_p)
  Endpoint: SA_A_3_shift_reg_reg_4__2_
            (rising edge-triggered flip-flop clocked by clk_p)
  Path Group: REGIN
  Path Type: max

Attributes:
    d - dont_touch
    u - dont_use
   mo - map_only
   so - size_only
    i - ideal_net or ideal_network

  Point                                       Fanout       Cap     DTran     Trans     Delta     Derate      Incr       Path      Location / Load        Attributes
  -----------------------------------------------------------------------------------------------------------------------------------------------------------------
  clock clk_p (rise edge)                                                                                   0.000      0.000
  clock network delay (ideal)                                                                               0.000      0.000
  input external delay                                                                                     12.000     12.000 r
  rstn_p (in)                                                               18.059                1.010    10.020     22.020 r    (875.03,1074.13)
  rstn_p (net)                                  1        2.305                                    1.010     0.000     22.020 r    [0.00,2.31]
  u_pad_rst_n/PAD (PDUW0208SCDG)                                   0.000    18.059     0.000      1.010     0.093 *   22.112 r    (910.14,1076.56)       d 
  u_pad_rst_n/C (PDUW0208SCDG)                                               0.443                1.010     5.922     28.035 r    (893.74,959.50)        d 
  rstn (net)                                    1        0.097                                    1.010     0.000     28.035 r    [0.09,0.10]
  icc_place1409/I (BUFFD1P5BWP7T)                                  0.000     0.443     0.000      1.010     0.012 &   28.047 r    (662.11,917.16)
  icc_place1409/Z (BUFFD1P5BWP7T)                                            0.452                1.010     0.383     28.430 r    (660.65,917.30)
  n4515 (net)                                   5        0.080                                    1.010     0.000     28.430 r    [0.06,0.08]
  icc_place1410/I (INVD2BWP7T)                                     0.000     0.452     0.000      1.010     0.009 *   28.440 r    (636.41,603.62)
  icc_place1410/ZN (INVD2BWP7T)                                              0.269                1.010     0.245     28.685 f    (637.27,603.79)
  n4516 (net)                                   8        0.095                                    1.010     0.000     28.685 f    [0.06,0.09]
  U3493/B (AOI21D0BWP7T)                                           0.000     0.269     0.000      1.010     0.002 *   28.687 f    (612.52,607.82)
  U3493/ZN (AOI21D0BWP7T)                                                    1.440                1.010     0.956     29.642 r    (611.31,608.05)
  n3322 (net)                                   1        0.040                                    1.010     0.000     29.642 r    [0.04,0.04]
  icc_place1519/I (BUFFD1BWP7T)                                    0.000     1.440     0.000      1.010     0.000 &   29.642 r    (612.22,611.81)
  icc_place1519/Z (BUFFD1BWP7T)                                              0.351                1.010     0.395     30.038 r    (613.34,611.67)
  n4914 (net)                                   1        0.039                                    1.010     0.000     30.038 r    [0.03,0.04]
  icc_place1751/I (BUFFD4BWP7T)                                    0.000     0.351     0.000      1.010     0.002 *   30.040 r    (643.07,450.77)
  icc_place1751/Z (BUFFD4BWP7T)                                              0.412                1.010     0.355     30.395 r    (646.07,451.11)
  n4857 (net)                                  26        0.196                                    1.010     0.000     30.395 r    [0.05,0.20]
  U3608/B (OAI31D1BWP7T)                                           0.000     0.412     0.000      1.010     0.010 *   30.405 r    (719.48,431.36)
  U3608/ZN (OAI31D1BWP7T)                                                    0.274                1.010     0.239     30.644 f    (717.59,431.20)
  n3369 (net)                                   1        0.019                                    1.010     0.000     30.644 f    [0.01,0.02]
  icc_place1753/I (CKBD1BWP7T)                                     0.000     0.274     0.000      1.010     0.000 &   30.644 f    (727.58,431.48)
  icc_place1753/Z (CKBD1BWP7T)                                               0.254                1.010     0.294     30.938 f    (728.70,431.35)
  n4859 (net)                                   2        0.030                                    1.010     0.000     30.938 f    [0.01,0.03]
  icc_place1754/I (INVD0BWP7T)                                     0.000     0.254     0.000      1.010     0.001 *   30.939 f    (731.24,431.36)
  icc_place1754/ZN (INVD0BWP7T)                                              0.322                1.010     0.267     31.205 r    (730.44,431.26)
  n4860 (net)                                   1        0.016                                    1.010     0.000     31.205 r    [0.00,0.02]
  U2554/A1 (IND2D4BWP7T)                                           0.000     0.322     0.000      1.010     0.001 *   31.206 r    (728.74,462.44)
  U2554/ZN (IND2D4BWP7T)                                                     0.481                1.010     0.401     31.607 r    (733.59,463.03)
  n3208 (net)                                  32        0.217                                    1.010     0.000     31.607 r    [0.13,0.22]
  U4312/B2 (AOI22D0BWP7T)                                          0.000     0.481     0.000      1.010     0.009 &   31.616 r    (749.98,576.12)
  U4312/ZN (AOI22D0BWP7T)                                                    0.206                1.010     0.190     31.806 f    (749.23,576.64)
  n3540 (net)                                   1        0.003                                    1.010     0.000     31.806 f    [0.00,0.00]
  U4313/B (OAI21D0BWP7T)                                           0.000     0.206     0.000      1.010     0.000 &   31.806 f    (762.90,584.52)
  U4313/ZN (OAI21D0BWP7T)                                                    0.375                1.010     0.204     32.010 r    (764.37,584.09)
  n714 (net)                                    1        0.007                                    1.010     0.000     32.010 r    [0.00,0.01]
  icc_place1465/I (BUFFD1BWP7T)                                    0.000     0.375     0.000      1.010     0.000 &   32.010 r    (763.46,588.29)
  icc_place1465/Z (BUFFD1BWP7T)                                              0.127                1.010     0.210     32.220 r    (762.34,588.16)
  n4913 (net)                                   1        0.011                                    1.010     0.000     32.220 r    [0.01,0.01]
  SA_A_3_shift_reg_reg_4__2_/D (DFQD0BWP7T)                        0.000     0.127     0.000      1.010     0.000 *   32.220 r    (717.33,588.11)
  data arrival time                                                                                                   32.220

  clock clk_p (rise edge)                                                                                  40.000     40.000
  clk_p (in)                                                                18.053                0.990     9.818     49.818 r    (145.90,1074.13)
  clk_p (net)                                   1        2.305                                    0.990     0.000     49.818 r    [0.00,2.30]            d 
  u_pad_clk/PAD (PDDW0208SCDG)                                     0.000    18.053     0.000      0.990     0.078 *   49.896 r    (181.00,1076.56)       d 
  u_pad_clk/C (PDDW0208SCDG)                                                 0.267                0.990     5.698 @   55.594 r    (164.60,959.50)        d 
  clk (net)                                     1        0.046                                    0.990     0.000     55.594 r    [0.02,0.05]            d 
  CTSCKND12BWP7T_G2B4I1/I (INVD5BWP7T)                             0.000     0.193     0.000      0.990     0.005 @   55.599 r    (259.21,827.50)        d 
  CTSCKND12BWP7T_G2B4I1/ZN (INVD5BWP7T)                                      0.123                0.990     0.104 c   55.703 f    (257.08,827.41)        d 
  clk_G2B1I1 (net)                              1        0.107                                    0.990     0.000     55.703 f    [0.06,0.11]            d 
  CTSCKND3BWP7T_G2B3I1/I (CKND12BWP7T)                             0.000     0.132     0.000      0.990     0.018 c   55.721 f    (523.82,529.67)        d 
  CTSCKND3BWP7T_G2B3I1/ZN (CKND12BWP7T)                                      0.106                0.990     0.089 c   55.811 r    (519.94,529.41)        d 
  clk_G2B2I1 (net)                              2        0.105                                    0.990     0.000     55.811 r    [0.03,0.11]            d 
  CTSCKND12BWP7T_G2B2I2/I (INVD12BWP7T)                            0.000     0.109     0.000      0.990     0.008 c   55.818 r    (690.10,478.18)        d 
  CTSCKND12BWP7T_G2B2I2/ZN (INVD12BWP7T)                                     0.165                0.990     0.116 c   55.934 f    (693.97,478.27)        d 
  clk_G2B3I2 (net)                              7        0.423                                    0.990     0.000     55.934 f    [0.11,0.42]            d 
  CTSCKND12BWP7T_G2B1I10/I (CKND12BWP7T)                           0.000     0.171     0.000      0.990     0.015 c   55.949 f    (742.22,600.23)        d 
  CTSCKND12BWP7T_G2B1I10/ZN (CKND12BWP7T)                                    0.404                0.990     0.245 c   56.194 r    (738.34,599.97)        d 
  clk_G2B4I10 (net)                            98        0.628                                    0.990     0.000     56.194 r    [0.23,0.63]            d 
  SA_A_3_shift_reg_reg_4__2_/CP (DFQD0BWP7T)                       0.000     0.409     0.000      0.990     0.008 c   56.202 r    (715.50,588.12)
  clock reconvergence pessimism                                                                             0.000     56.202
  clock uncertainty                                                                                        -0.500     55.702
  SA_A_3_shift_reg_reg_4__2_/CP (DFQD0BWP7T)                                                                0.000     55.702 r
  library setup time                                                                                       -0.019     55.683
  data required time                                                                                                  55.683
  -----------------------------------------------------------------------------------------------------------------------------------------------------------------
  data required time                                                                                                  55.683
  data arrival time                                                                                                  -32.220
  -----------------------------------------------------------------------------------------------------------------------------------------------------------------
  slack (MET)                                                                                                         23.463


  Startpoint: SA_ctrl_state_overall_reg_1_
              (rising edge-triggered flip-flop clocked by clk_p)
  Endpoint: p_shift_out[0]
            (output port clocked by clk_p)
  Path Group: REGOUT
  Path Type: max

Attributes:
    d - dont_touch
    u - dont_use
   mo - map_only
   so - size_only
    i - ideal_net or ideal_network

  Point                                       Fanout       Cap     DTran     Trans     Delta     Derate      Incr       Path      Location / Load        Attributes
  -----------------------------------------------------------------------------------------------------------------------------------------------------------------
  clock clk_p (rise edge)                                                                                   0.000      0.000
  clk_p (in)                                                                18.053                1.010    10.016     10.016 r    (145.90,1074.13)
  clk_p (net)                                   1        2.305                                    1.010     0.000     10.016 r    [0.00,2.30]            d 
  u_pad_clk/PAD (PDDW0208SCDG)                                     0.000    18.053     0.000      1.010     0.080 *   10.096 r    (181.00,1076.56)       d 
  u_pad_clk/C (PDDW0208SCDG)                                                 0.267                1.010     5.813 @   15.909 r    (164.60,959.50)        d 
  clk (net)                                     1        0.046                                    1.010     0.000     15.909 r    [0.02,0.05]            d 
  CTSCKND12BWP7T_G2B4I1/I (INVD5BWP7T)                             0.000     0.193     0.000      1.010     0.005 @   15.914 r    (259.21,827.50)        d 
  CTSCKND12BWP7T_G2B4I1/ZN (INVD5BWP7T)                                      0.123                1.010     0.106 c   16.020 f    (257.08,827.41)        d 
  clk_G2B1I1 (net)                              1        0.107                                    1.010     0.000     16.020 f    [0.06,0.11]            d 
  CTSCKND3BWP7T_G2B3I1/I (CKND12BWP7T)                             0.000     0.132     0.000      1.010     0.018 c   16.039 f    (523.82,529.67)        d 
  CTSCKND3BWP7T_G2B3I1/ZN (CKND12BWP7T)                                      0.106                1.010     0.091 c   16.130 r    (519.94,529.41)        d 
  clk_G2B2I1 (net)                              2        0.105                                    1.010     0.000     16.130 r    [0.03,0.11]            d 
  CTSCKND12BWP7T_G2B2I2/I (INVD12BWP7T)                            0.000     0.109     0.000      1.010     0.008 c   16.138 r    (690.10,478.18)        d 
  CTSCKND12BWP7T_G2B2I2/ZN (INVD12BWP7T)                                     0.165                1.010     0.118 c   16.256 f    (693.97,478.27)        d 
  clk_G2B3I2 (net)                              7        0.423                                    1.010     0.000     16.256 f    [0.11,0.42]            d 
  CTSCKND12BWP7T_G2B1I3/I (CKND12BWP7T)                            0.000     0.169     0.000      1.010     0.010 c   16.266 f    (566.83,493.77)        d 
  CTSCKND12BWP7T_G2B1I3/ZN (CKND12BWP7T)                                     0.381                1.010     0.240 c   16.506 r    (570.70,494.03)        d 
  clk_G2B4I3 (net)                             93        0.586                                    1.010     0.000     16.506 r    [0.22,0.59]            d 
  SA_ctrl_state_overall_reg_1_/CP (DFQD1BWP7T)                     0.000     0.388     0.000      1.010     0.013 c   16.519 r    (565.42,619.48)
  SA_ctrl_state_overall_reg_1_/CP (DFQD1BWP7T)                     0.000     0.388     0.000      1.010     0.000     16.519 r    (565.42,619.48)
  SA_ctrl_state_overall_reg_1_/Q (DFQD1BWP7T)                                0.388                1.010     0.598     17.117 r    (574.70,619.45)
  SA_ctrl_state_overall[1] (net)                5        0.045                                    1.010     0.000     17.117 r    [0.01,0.04]
  icc_place1675/I (INVD2BWP7T)                                     0.000     0.388     0.000      1.010     0.000 &   17.117 r    (588.81,619.30)
  icc_place1675/ZN (INVD2BWP7T)                                              0.247                1.010     0.225     17.342 f    (589.67,619.47)
  n4781 (net)                                   5        0.090                                    1.010     0.000     17.342 f    [0.03,0.09]
  U1398/A1 (NR2XD4BWP7T)                                           0.000     0.247     0.000      1.010     0.002 *   17.344 f    (573.35,635.05)
  U1398/ZN (NR2XD4BWP7T)                                                     0.472                1.010     0.344     17.688 r    (570.05,634.43)
  ack (net)                                     9        0.205                                    1.010     0.000     17.688 r    [0.13,0.21]
  U1417/A3 (ND3D4BWP7T)                                            0.000     0.472     0.000      1.010     0.011 &   17.699 r    (429.40,631.31)
  U1417/ZN (ND3D4BWP7T)                                                      0.471                1.010     0.372     18.071 f    (433.11,630.63)
  n3055 (net)                                   5        0.162                                    1.010     0.000     18.071 f    [0.09,0.16]
  icc_place1756/I (INVD2BWP7T)                                     0.000     0.471     0.000      1.010     0.000 &   18.071 f    (286.79,642.82)
  icc_place1756/ZN (INVD2BWP7T)                                              0.343                1.010     0.319     18.391 r    (285.93,642.99)
  n4862 (net)                                   8        0.066                                    1.010     0.000     18.391 r    [0.02,0.07]
  U1420/A1 (AOI22D0BWP7T)                                          0.000     0.343     0.000      1.010     0.006 *   18.397 r    (267.56,752.80)
  U1420/ZN (AOI22D0BWP7T)                                                    0.586                1.010     0.409     18.806 f    (266.93,752.56)
  n1055 (net)                                   1        0.034                                    1.010     0.000     18.806 f    [0.03,0.03]
  U1421/A2 (ND2D1BWP7T)                                            0.000     0.586     0.000      1.010     0.000 &   18.806 f    (267.83,757.00)
  U1421/ZN (ND2D1BWP7T)                                                      0.557                1.010     0.491     19.297 r    (266.78,756.93)
  shift_out[0] (net)                            1        0.055                                    1.010     0.000     19.297 r    [0.03,0.06]
  u_pad_data_out_0/I (PDDW0208CDG)                                 0.000     0.557     0.000      1.010     0.004 &   19.301 r    (275.27,959.50)        d 
  u_pad_data_out_0/PAD (PDDW0208CDG)                                         1.367                1.010     4.107     23.408 r    (262.02,1076.56)       d 
  p_shift_out[0] (net)                          1        2.408                                    1.010     0.000     23.408 r    [0.00,2.41]
  p_shift_out[0] (out)                                             0.000     1.367     0.000      1.010     0.004 *   23.412 r    (226.91,1074.13)
  data arrival time                                                                                                   23.412

  clock clk_p (rise edge)                                                                                  40.000     40.000
  clock network delay (ideal)                                                                               0.000     40.000
  clock reconvergence pessimism                                                                             0.000     40.000
  clock uncertainty                                                                                        -0.500     39.500
  output external delay                                                                                   -12.000     27.500
  data required time                                                                                                  27.500
  -----------------------------------------------------------------------------------------------------------------------------------------------------------------
  data required time                                                                                                  27.500
  data arrival time                                                                                                  -23.412
  -----------------------------------------------------------------------------------------------------------------------------------------------------------------
  slack (MET)                                                                                                          4.088


  Startpoint: SA_core_pe_1_0_Bij_o_reg_2_
              (rising edge-triggered flip-flop clocked by clk_p)
  Endpoint: SA_core_pe_2_0_Cij_o_reg_7_
            (rising edge-triggered flip-flop clocked by clk_p)
  Path Group: clk_p
  Path Type: max

Attributes:
    d - dont_touch
    u - dont_use
   mo - map_only
   so - size_only
    i - ideal_net or ideal_network

  Point                                       Fanout       Cap     DTran     Trans     Delta     Derate      Incr       Path      Location / Load        Attributes
  -----------------------------------------------------------------------------------------------------------------------------------------------------------------
  clock clk_p (rise edge)                                                                                   0.000      0.000
  clk_p (in)                                                                18.053                1.010    10.016     10.016 r    (145.90,1074.13)
  clk_p (net)                                   1        2.305                                    1.010     0.000     10.016 r    [0.00,2.30]            d 
  u_pad_clk/PAD (PDDW0208SCDG)                                     0.000    18.053     0.000      1.010     0.080 *   10.096 r    (181.00,1076.56)       d 
  u_pad_clk/C (PDDW0208SCDG)                                                 0.267                1.010     5.813 @   15.909 r    (164.60,959.50)        d 
  clk (net)                                     1        0.046                                    1.010     0.000     15.909 r    [0.02,0.05]            d 
  CTSCKND12BWP7T_G2B4I1/I (INVD5BWP7T)                             0.000     0.193     0.000      1.010     0.005 @   15.914 r    (259.21,827.50)        d 
  CTSCKND12BWP7T_G2B4I1/ZN (INVD5BWP7T)                                      0.123                1.010     0.106 c   16.020 f    (257.08,827.41)        d 
  clk_G2B1I1 (net)                              1        0.107                                    1.010     0.000     16.020 f    [0.06,0.11]            d 
  CTSCKND3BWP7T_G2B3I1/I (CKND12BWP7T)                             0.000     0.132     0.000      1.010     0.018 c   16.039 f    (523.82,529.67)        d 
  CTSCKND3BWP7T_G2B3I1/ZN (CKND12BWP7T)                                      0.106                1.010     0.091 c   16.130 r    (519.94,529.41)        d 
  clk_G2B2I1 (net)                              2        0.105                                    1.010     0.000     16.130 r    [0.03,0.11]            d 
  CTSCKND12BWP7T_G2B2I2/I (INVD12BWP7T)                            0.000     0.109     0.000      1.010     0.008 c   16.138 r    (690.10,478.18)        d 
  CTSCKND12BWP7T_G2B2I2/ZN (INVD12BWP7T)                                     0.165                1.010     0.118 c   16.256 f    (693.97,478.27)        d 
  clk_G2B3I2 (net)                              7        0.423                                    1.010     0.000     16.256 f    [0.11,0.42]            d 
  CTSCKND12BWP7T_G2B1I10/I (CKND12BWP7T)                           0.000     0.171     0.000      1.010     0.015 c   16.271 f    (742.22,600.23)        d 
  CTSCKND12BWP7T_G2B1I10/ZN (CKND12BWP7T)                                    0.404                1.010     0.250 c   16.521 r    (738.34,599.97)        d 
  clk_G2B4I10 (net)                            98        0.628                                    1.010     0.000     16.521 r    [0.23,0.63]            d 
  SA_core_pe_1_0_Bij_o_reg_2_/CP (DFQD0BWP7T)                      0.000     0.414     0.000      1.010     0.016 c   16.537 r    (646.62,654.84)
  SA_core_pe_1_0_Bij_o_reg_2_/CP (DFQD0BWP7T)                      0.000     0.414     0.000      1.010     0.000     16.537 r    (646.62,654.84)
  SA_core_pe_1_0_Bij_o_reg_2_/Q (DFQD0BWP7T)                                 1.500                1.010     1.211     17.748 r    (655.90,654.91)
  SA_core_connect[106] (net)                    1        0.091                                    1.010     0.000     17.748 r    [0.09,0.09]
  icc_place1607/I (CKBD1BWP7T)                                     0.000     1.500     0.000      1.010     0.011 &   17.759 r    (717.50,709.56)
  icc_place1607/Z (CKBD1BWP7T)                                               0.213                1.010     0.372     18.130 r    (718.61,709.69)
  n4713 (net)                                   2        0.021                                    1.010     0.000     18.130 r    [0.01,0.02]
  icc_place1608/I (INVD1BWP7T)                                     0.000     0.213     0.000      1.010     0.001 *   18.131 r    (800.48,725.58)
  icc_place1608/ZN (INVD1BWP7T)                                              0.259                1.010     0.217     18.348 f    (801.49,725.51)
  n4714 (net)                                   8        0.056                                    1.010     0.000     18.348 f    [0.02,0.06]
  U2384/A1 (NR2D1BWP7T)                                            0.000     0.259     0.000      1.010     0.002 *   18.350 f    (840.73,760.36)
  U2384/ZN (NR2D1BWP7T)                                                      0.260                1.010     0.224     18.574 r    (841.33,760.42)
  n1966 (net)                                   1        0.010                                    1.010     0.000     18.574 r    [0.00,0.01]
  U2401/A (FA1D0BWP7T)                                             0.000     0.260     0.000      1.010     0.000 &   18.574 r    (814.68,760.63)
  U2401/S (FA1D0BWP7T)                                                       0.186                1.010     0.718     19.292 f    (825.41,760.26)
  n1959 (net)                                   1        0.015                                    1.010     0.000     19.292 f    [0.01,0.01]
  U2396/B (FA1D0BWP7T)                                             0.000     0.186     0.000      1.010     0.000 &   19.292 f    (822.80,776.55)
  U2396/S (FA1D0BWP7T)                                                       0.250                1.010     0.633     19.924 r    (815.71,775.94)
  n1955 (net)                                   2        0.012                                    1.010     0.000     19.924 r    [0.01,0.01]
  U2392/I (INVD0BWP7T)                                             0.000     0.250     0.000      1.010     0.000 &   19.924 r    (813.56,776.32)
  U2392/ZN (INVD0BWP7T)                                                      0.203                1.010     0.186     20.110 f    (812.76,776.22)
  n1962 (net)                                   2        0.020                                    1.010     0.000     20.110 f    [0.01,0.02]
  U1946/B (MAOI222D2BWP7T)                                         0.000     0.203     0.000      1.010     0.000 &   20.110 f    (807.98,775.99)
  U1946/ZN (MAOI222D2BWP7T)                                                  0.078                1.010     0.475     20.585 r    (811.45,776.18)
  n4229 (net)                                   1        0.009                                    1.010     0.000     20.585 r    [0.00,0.01]
  U2407/B (FA1D0BWP7T)                                             0.000     0.078     0.000      1.010     0.000 &   20.585 r    (886.64,776.55)
  U2407/CO (FA1D0BWP7T)                                                      0.393                1.010     0.564     21.149 r    (895.02,776.03)
  n1987 (net)                                   3        0.022                                    1.010     0.000     21.149 r    [0.01,0.02]
  U2422/A (MAOI222D1BWP7T)                                         0.000     0.393     0.000      1.010     0.000 &   21.149 r    (927.53,776.04)
  U2422/ZN (MAOI222D1BWP7T)                                                  0.206                1.010     0.190     21.339 f    (930.26,776.10)
  n1988 (net)                                   1        0.005                                    1.010     0.000     21.339 f    [0.00,0.00]
  icc_place1794/I (INVD0BWP7T)                                     0.000     0.206     0.000      1.010     0.000 &   21.339 f    (935.64,748.88)
  icc_place1794/ZN (INVD0BWP7T)                                              0.246                1.010     0.209     21.548 r    (934.84,748.98)
  n4900 (net)                                   1        0.011                                    1.010     0.000     21.548 r    [0.01,0.01]
  U2442/A (FA1D0BWP7T)                                             0.000     0.246     0.000      1.010     0.000 *   21.548 r    (910.44,729.27)
  U2442/CO (FA1D0BWP7T)                                                      0.469                1.010     0.780     22.328 r    (898.42,728.99)
  n2027 (net)                                   1        0.026                                    1.010     0.000     22.328 r    [0.02,0.03]
  U2459/A1 (XNR4D0BWP7T)                                           0.000     0.469     0.000      1.010     0.000 &   22.328 r    (894.48,702.12)
  U2459/ZN (XNR4D0BWP7T)                                                     0.437                1.010     0.743     23.071 r    (890.53,702.15)
  n2057 (net)                                   2        0.024                                    1.010     0.000     23.071 r    [0.01,0.02]
  U2460/A2 (NR2D1BWP7T)                                            0.000     0.437     0.000      1.010     0.000 &   23.071 r    (871.80,682.21)
  U2460/ZN (NR2D1BWP7T)                                                      0.135                1.010     0.122     23.193 f    (871.01,682.03)
  n2055 (net)                                   1        0.009                                    1.010     0.000     23.193 f    [0.00,0.01]
  U2461/C (AOI211D1BWP7T)                                          0.000     0.135     0.000      1.010     0.000 &   23.193 f    (875.42,682.47)
  U2461/ZN (AOI211D1BWP7T)                                                   0.420                1.010     0.371     23.565 r    (873.75,681.82)
  SA_core_pe_2_0_N17 (net)                      1        0.006                                    1.010     0.000     23.565 r    [0.00,0.01]
  SA_core_pe_2_0_Cij_o_reg_7_/D (DFQD0BWP7T)                       0.000     0.420     0.000      1.010     0.000 &   23.565 r    (862.19,678.37)
  data arrival time                                                                                                   23.565

  clock clk_p (rise edge)                                                                                  40.000     40.000
  clk_p (in)                                                                18.053                0.990     9.818     49.818 r    (145.90,1074.13)
  clk_p (net)                                   1        2.305                                    0.990     0.000     49.818 r    [0.00,2.30]            d 
  u_pad_clk/PAD (PDDW0208SCDG)                                     0.000    18.053     0.000      0.990     0.078 *   49.896 r    (181.00,1076.56)       d 
  u_pad_clk/C (PDDW0208SCDG)                                                 0.267                0.990     5.698 @   55.594 r    (164.60,959.50)        d 
  clk (net)                                     1        0.046                                    0.990     0.000     55.594 r    [0.02,0.05]            d 
  CTSCKND12BWP7T_G2B4I1/I (INVD5BWP7T)                             0.000     0.193     0.000      0.990     0.005 @   55.599 r    (259.21,827.50)        d 
  CTSCKND12BWP7T_G2B4I1/ZN (INVD5BWP7T)                                      0.123                0.990     0.104 c   55.703 f    (257.08,827.41)        d 
  clk_G2B1I1 (net)                              1        0.107                                    0.990     0.000     55.703 f    [0.06,0.11]            d 
  CTSCKND3BWP7T_G2B3I1/I (CKND12BWP7T)                             0.000     0.132     0.000      0.990     0.018 c   55.721 f    (523.82,529.67)        d 
  CTSCKND3BWP7T_G2B3I1/ZN (CKND12BWP7T)                                      0.106                0.990     0.089 c   55.811 r    (519.94,529.41)        d 
  clk_G2B2I1 (net)                              2        0.105                                    0.990     0.000     55.811 r    [0.03,0.11]            d 
  CTSCKND12BWP7T_G2B2I2/I (INVD12BWP7T)                            0.000     0.109     0.000      0.990     0.008 c   55.818 r    (690.10,478.18)        d 
  CTSCKND12BWP7T_G2B2I2/ZN (INVD12BWP7T)                                     0.165                0.990     0.116 c   55.934 f    (693.97,478.27)        d 
  clk_G2B3I2 (net)                              7        0.423                                    0.990     0.000     55.934 f    [0.11,0.42]            d 
  CTSCKND12BWP7T_G2B1I10/I (CKND12BWP7T)                           0.000     0.171     0.000      0.990     0.015 c   55.949 f    (742.22,600.23)        d 
  CTSCKND12BWP7T_G2B1I10/ZN (CKND12BWP7T)                                    0.404                0.990     0.245 c   56.194 r    (738.34,599.97)        d 
  clk_G2B4I10 (net)                            98        0.628                                    0.990     0.000     56.194 r    [0.23,0.63]            d 
  SA_core_pe_2_0_Cij_o_reg_7_/CP (DFQD0BWP7T)                      0.000     0.418     0.000      0.990     0.021 c   56.215 r    (864.02,678.35)
  clock reconvergence pessimism                                                                             0.327     56.542
  clock uncertainty                                                                                        -0.500     56.042
  SA_core_pe_2_0_Cij_o_reg_7_/CP (DFQD0BWP7T)                                                               0.000     56.042 r
  library setup time                                                                                       -0.047     55.995
  data required time                                                                                                  55.995
  -----------------------------------------------------------------------------------------------------------------------------------------------------------------
  data required time                                                                                                  55.995
  data arrival time                                                                                                  -23.565
  -----------------------------------------------------------------------------------------------------------------------------------------------------------------
  slack (MET)                                                                                                         32.430


1
