Warning: Clock network timing may not be up-to-date since only 94.117645 percentage of clock nets are routed. (TIM-233)
 
****************************************
Report : timing
        -path full_clock
        -delay min
        -physical
        -derate
        -input_pins
        -nets
        -max_paths 1
        -transition_time
        -crosstalk_delta
        -capacitance
Design : systolic_array
Version: L-2016.03-SP5-3
Date   : Tue Dec 27 20:13:42 2022
****************************************

 * Some/all delay information is back-annotated.

Operating Conditions: BCCOM   Library: tcb018gbwp7tbc_ccs

Information: Percent of Arnoldi-based delays =  5.60%

Information: Percent of CCS-based delays =  5.58%

  Startpoint: p_shift_in_A[7]
              (input port clocked by clk_p)
  Endpoint: SA_A_0_shift_reg_reg_4__7_
            (rising edge-triggered flip-flop clocked by clk_p)
  Path Group: REGIN
  Path Type: min

Attributes:
    d - dont_touch
    u - dont_use
   mo - map_only
   so - size_only
    i - ideal_net or ideal_network

  Point                                       Fanout       Cap     DTran     Trans     Delta     Derate      Incr       Path      Location / Load        Attributes
  -----------------------------------------------------------------------------------------------------------------------------------------------------------------
  clock clk_p (rise edge)                                                                                   0.000      0.000
  clock network delay (ideal)                                                                               0.000      0.000
  input external delay                                                                                     12.000     12.000 f
  p_shift_in_A[7] (in)                                                       3.824                0.990     2.281     14.281 f    (1086.33,139.90)
  p_shift_in_A[7] (net)                         1        1.970                                    0.990     0.000     14.281 f    [0.00,1.97]
  u_pad_data_in_7/PAD (PDDW0208CDG)                                0.000     3.824     0.000      0.990     0.063 *   14.345 f    (1088.77,175.00)       d 
  u_pad_data_in_7/C (PDDW0208CDG)                                            0.206                0.990     0.965     15.310 f    (971.70,191.40)        d 
  shift_in_A[7] (net)                           3        0.077                                    0.990     0.000     15.310 f    [0.06,0.08]
  U3500/A1 (ND2D1P5BWP7T)                                          0.000     0.206     0.000      0.990     0.007 *   15.317 f    (765.58,250.86)
  U3500/ZN (ND2D1P5BWP7T)                                                    0.166                0.990     0.144     15.460 r    (764.62,250.51)
  n3170 (net)                                   7        0.050                                    0.990     0.000     15.460 r    [0.03,0.05]
  U3633/A1 (OAI21D0BWP7T)                                          0.000     0.166     0.000      0.990     0.002 *   15.462 r    (804.04,251.04)
  U3633/ZN (OAI21D0BWP7T)                                                    0.064                0.990     0.055     15.517 f    (803.39,251.19)
  n989 (net)                                    1        0.006                                    0.990     0.000     15.517 f    [0.00,0.01]
  SA_A_0_shift_reg_reg_4__7_/D (DFQD0BWP7T)                        0.000     0.064     0.000      0.990     0.000 *   15.517 f    (814.59,247.17)
  data arrival time                                                                                                   15.517

  clock clk_p (rise edge)                                                                                   0.000      0.000
  clk_p (in)                                                                 7.743                1.010     4.378      4.378 r    (145.90,1074.13)
  clk_p (net)                                   1        1.970                                    1.010     0.000      4.378 r    [0.00,1.97]            d 
  u_pad_clk/PAD (PDDW0208SCDG)                                     0.000     7.743     0.000      1.010     0.055 *    4.432 r    (181.00,1076.56)       d 
  u_pad_clk/C (PDDW0208SCDG)                                                 0.151                1.010     2.058 @    6.490 r    (164.60,959.50)        d 
  clk (net)                                     1        0.050                                    1.010     0.000      6.490 r    [0.02,0.05]            d 
  CTSCKND12BWP7T_G2B4I1/I (INVD5BWP7T)                             0.000     0.109     0.000      1.010     0.004 @    6.494 r    (259.21,827.50)        d 
  CTSCKND12BWP7T_G2B4I1/ZN (INVD5BWP7T)                                      0.064                1.010     0.045 c    6.538 f    (257.08,827.41)        d 
  clk_G2B1I1 (net)                              1        0.106                                    1.010     0.000      6.538 f    [0.06,0.11]            d 
  CTSCKND3BWP7T_G2B3I1/I (CKND12BWP7T)                             0.000     0.072     0.000      1.010     0.013 c    6.551 f    (523.82,529.67)        d 
  CTSCKND3BWP7T_G2B3I1/ZN (CKND12BWP7T)                                      0.055                1.010     0.044 c    6.596 r    (519.94,529.41)        d 
  clk_G2B2I1 (net)                              2        0.100                                    1.010     0.000      6.596 r    [0.03,0.10]            d 
  CTSCKND12BWP7T_G2B2I2/I (INVD12BWP7T)                            0.000     0.059     0.000      1.010     0.006 c    6.602 r    (690.10,478.18)        d 
  CTSCKND12BWP7T_G2B2I2/ZN (INVD12BWP7T)                                     0.082                1.010     0.053 c    6.655 f    (693.97,478.27)        d 
  clk_G2B3I2 (net)                              7        0.410                                    1.010     0.000      6.655 f    [0.11,0.41]            d 
  CTSCKND12BWP7T_G2B1I2/I (CKND10BWP7T)                            0.000     0.091     0.000      1.010     0.019 c    6.674 f    (853.73,255.35)        d 
  CTSCKND12BWP7T_G2B1I2/ZN (CKND10BWP7T)                                     0.197                1.010     0.116 c    6.790 r    (850.49,255.04)        d 
  clk_G2B4I2 (net)                             74        0.399                                    1.010     0.000      6.790 r    [0.18,0.40]            d 
  SA_A_0_shift_reg_reg_4__7_/CP (DFQD0BWP7T)                       0.000     0.203     0.000      1.010     0.009 c    6.800 r    (816.42,247.15)
  clock reconvergence pessimism                                                                             0.000      6.800
  SA_A_0_shift_reg_reg_4__7_/CP (DFQD0BWP7T)                                                                0.000      6.800 r
  library hold time                                                                                         0.026      6.825
  data required time                                                                                                   6.825
  -----------------------------------------------------------------------------------------------------------------------------------------------------------------
  data required time                                                                                                   6.825
  data arrival time                                                                                                  -15.517
  -----------------------------------------------------------------------------------------------------------------------------------------------------------------
  slack (MET)                                                                                                          8.692


  Startpoint: SA_core_pe_2_3_Cij_o_reg_0_
              (rising edge-triggered flip-flop clocked by clk_p)
  Endpoint: p_shift_out[0]
            (output port clocked by clk_p)
  Path Group: REGOUT
  Path Type: min

Attributes:
    d - dont_touch
    u - dont_use
   mo - map_only
   so - size_only
    i - ideal_net or ideal_network

  Point                                       Fanout       Cap     DTran     Trans     Delta     Derate      Incr       Path      Location / Load        Attributes
  -----------------------------------------------------------------------------------------------------------------------------------------------------------------
  clock clk_p (rise edge)                                                                                   0.000      0.000
  clk_p (in)                                                                 7.743                0.990     4.291      4.291 r    (145.90,1074.13)
  clk_p (net)                                   1        1.970                                    0.990     0.000      4.291 r    [0.00,1.97]            d 
  u_pad_clk/PAD (PDDW0208SCDG)                                     0.000     7.743     0.000      0.990     0.054 *    4.345 r    (181.00,1076.56)       d 
  u_pad_clk/C (PDDW0208SCDG)                                                 0.151                0.990     2.017 @    6.361 r    (164.60,959.50)        d 
  clk (net)                                     1        0.050                                    0.990     0.000      6.361 r    [0.02,0.05]            d 
  CTSCKND12BWP7T_G2B4I1/I (INVD5BWP7T)                             0.000     0.109     0.000      0.990     0.004 @    6.365 r    (259.21,827.50)        d 
  CTSCKND12BWP7T_G2B4I1/ZN (INVD5BWP7T)                                      0.064                0.990     0.044 c    6.409 f    (257.08,827.41)        d 
  clk_G2B1I1 (net)                              1        0.106                                    0.990     0.000      6.409 f    [0.06,0.11]            d 
  CTSCKND3BWP7T_G2B3I1/I (CKND12BWP7T)                             0.000     0.072     0.000      0.990     0.013 c    6.422 f    (523.82,529.67)        d 
  CTSCKND3BWP7T_G2B3I1/ZN (CKND12BWP7T)                                      0.055                0.990     0.043 c    6.465 r    (519.94,529.41)        d 
  clk_G2B2I1 (net)                              2        0.100                                    0.990     0.000      6.465 r    [0.03,0.10]            d 
  CTSCKND6BWP7T_G2B2I1/I (INVD5BWP7T)                              0.000     0.057     0.000      0.990     0.002 c    6.467 r    (489.93,529.58)        d 
  CTSCKND6BWP7T_G2B2I1/ZN (INVD5BWP7T)                                       0.103                0.990     0.066 c    6.533 f    (487.80,529.49)        d 
  clk_G2B3I1 (net)                              4        0.225                                    0.990     0.000      6.533 f    [0.08,0.22]            d 
  CTSCKND8BWP7T_G2B1I11/I (CKND8BWP7T)                             0.000     0.106     0.000      0.990     0.012 c    6.545 f    (316.94,752.53)        d 
  CTSCKND8BWP7T_G2B1I11/ZN (CKND8BWP7T)                                      0.188                0.990     0.115 c    6.660 r    (319.86,752.80)        d 
  clk_G2B4I11 (net)                            52        0.300                                    0.990     0.000      6.660 r    [0.14,0.30]            d 
  SA_core_pe_2_3_Cij_o_reg_0_/CP (DFQD1BWP7T)                      0.000     0.192     0.000      0.990     0.007 c    6.667 r    (305.14,776.28)        so 
  SA_core_pe_2_3_Cij_o_reg_0_/CP (DFQD1BWP7T)                      0.000     0.192     0.000      0.990     0.000      6.667 r    (305.14,776.28)        so 
  SA_core_pe_2_3_Cij_o_reg_0_/Q (DFQD1BWP7T)                                 0.054                0.990     0.213      6.880 f    (295.86,776.25)        so 
  SA_core_output_row_2[0] (net)                 3        0.020                                    0.990     0.000      6.880 f    [0.01,0.02]
  U1416/A2 (AOI22D0BWP7T)                                          0.000     0.054     0.000      0.990     0.000 *    6.880 f    (276.79,749.16)
  U1416/ZN (AOI22D0BWP7T)                                                    0.149                0.990     0.107      6.987 r    (274.77,749.12)
  n1056 (net)                                   1        0.009                                    0.990     0.000      6.987 r    [0.00,0.01]
  U1421/A1 (ND2D1BWP7T)                                            0.000     0.149     0.000      0.990     0.000 *    6.987 r    (265.61,733.48)
  U1421/ZN (ND2D1BWP7T)                                                      0.177                0.990     0.136      7.123 f    (266.22,733.41)
  shift_out[0] (net)                            1        0.055                                    0.990     0.000      7.123 f    [0.03,0.06]
  u_pad_data_out_0/I (PDDW0208CDG)                                 0.000     0.177     0.000      0.990     0.003 *    7.126 f    (275.27,959.50)        d 
  u_pad_data_out_0/PAD (PDDW0208CDG)                                         0.676                0.990     1.673      8.800 f    (262.02,1076.56)       d 
  p_shift_out[0] (net)                          1        2.074                                    0.990     0.000      8.800 f    [0.00,2.07]
  p_shift_out[0] (out)                                             0.000     0.676     0.000      0.990     0.003 *    8.803 f    (226.91,1074.13)
  data arrival time                                                                                                    8.803

  clock clk_p (rise edge)                                                                                   0.000      0.000
  clock network delay (ideal)                                                                               0.000      0.000
  clock reconvergence pessimism                                                                             0.000      0.000
  output external delay                                                                                   -12.000    -12.000
  data required time                                                                                                 -12.000
  -----------------------------------------------------------------------------------------------------------------------------------------------------------------
  data required time                                                                                                 -12.000
  data arrival time                                                                                                   -8.803
  -----------------------------------------------------------------------------------------------------------------------------------------------------------------
  slack (MET)                                                                                                         20.803


  Startpoint: SA_ctrl_state_compute_pump_reg_3_
              (rising edge-triggered flip-flop clocked by clk_p)
  Endpoint: SA_ctrl_state_compute_pump_reg_3_
            (rising edge-triggered flip-flop clocked by clk_p)
  Path Group: clk_p
  Path Type: min

Attributes:
    d - dont_touch
    u - dont_use
   mo - map_only
   so - size_only
    i - ideal_net or ideal_network

  Point                                       Fanout       Cap     DTran     Trans     Delta     Derate      Incr       Path      Location / Load        Attributes
  -----------------------------------------------------------------------------------------------------------------------------------------------------------------
  clock clk_p (rise edge)                                                                                   0.000      0.000
  clk_p (in)                                                                 7.743                0.990     4.291      4.291 r    (145.90,1074.13)
  clk_p (net)                                   1        1.970                                    0.990     0.000      4.291 r    [0.00,1.97]            d 
  u_pad_clk/PAD (PDDW0208SCDG)                                     0.000     7.743     0.000      0.990     0.054 *    4.345 r    (181.00,1076.56)       d 
  u_pad_clk/C (PDDW0208SCDG)                                                 0.151                0.990     2.017 @    6.361 r    (164.60,959.50)        d 
  clk (net)                                     1        0.050                                    0.990     0.000      6.361 r    [0.02,0.05]            d 
  CTSCKND12BWP7T_G2B4I1/I (INVD5BWP7T)                             0.000     0.109     0.000      0.990     0.004 @    6.365 r    (259.21,827.50)        d 
  CTSCKND12BWP7T_G2B4I1/ZN (INVD5BWP7T)                                      0.064                0.990     0.044 c    6.409 f    (257.08,827.41)        d 
  clk_G2B1I1 (net)                              1        0.106                                    0.990     0.000      6.409 f    [0.06,0.11]            d 
  CTSCKND3BWP7T_G2B3I1/I (CKND12BWP7T)                             0.000     0.072     0.000      0.990     0.013 c    6.422 f    (523.82,529.67)        d 
  CTSCKND3BWP7T_G2B3I1/ZN (CKND12BWP7T)                                      0.055                0.990     0.043 c    6.465 r    (519.94,529.41)        d 
  clk_G2B2I1 (net)                              2        0.100                                    0.990     0.000      6.465 r    [0.03,0.10]            d 
  CTSCKND12BWP7T_G2B2I2/I (INVD12BWP7T)                            0.000     0.059     0.000      0.990     0.006 c    6.471 r    (690.10,478.18)        d 
  CTSCKND12BWP7T_G2B2I2/ZN (INVD12BWP7T)                                     0.082                0.990     0.052 c    6.523 f    (693.97,478.27)        d 
  clk_G2B3I2 (net)                              7        0.410                                    0.990     0.000      6.523 f    [0.11,0.41]            d 
  CTSCKND12BWP7T_G2B1I3/I (CKND12BWP7T)                            0.000     0.086     0.000      0.990     0.008 c    6.531 f    (566.83,493.77)        d 
  CTSCKND12BWP7T_G2B1I3/ZN (CKND12BWP7T)                                     0.215                0.990     0.120 c    6.651 r    (570.70,494.03)        d 
  clk_G2B4I3 (net)                             93        0.522                                    0.990     0.000      6.651 r    [0.24,0.52]            d 
  SA_ctrl_state_compute_pump_reg_3_/CP (DFQD0BWP7T)                0.000     0.224     0.000      0.990     0.013 c    6.663 r    (595.66,646.99)
  SA_ctrl_state_compute_pump_reg_3_/CP (DFQD0BWP7T)                0.000     0.224     0.000      0.990     0.000      6.663 r    (595.66,646.99)
  SA_ctrl_state_compute_pump_reg_3_/Q (DFQD0BWP7T)                           0.144                0.990     0.226      6.890 r    (604.93,647.07)
  SA_ctrl_state_compute_pump[3] (net)           3        0.016                                    0.990     0.000      6.890 r    [0.01,0.02]
  U3456/A1 (AOI21D0BWP7T)                                          0.000     0.144     0.000      0.990     0.000 *    6.890 r    (589.82,647.24)
  U3456/ZN (AOI21D0BWP7T)                                                    0.056                0.990     0.051      6.941 f    (590.21,647.26)
  n1044 (net)                                   1        0.005                                    0.990     0.000      6.941 f    [0.00,0.01]
  SA_ctrl_state_compute_pump_reg_3_/D (DFQD0BWP7T)                 0.000     0.056     0.000      0.990     0.000 *    6.941 f    (597.49,647.01)
  data arrival time                                                                                                    6.941

  clock clk_p (rise edge)                                                                                   0.000      0.000
  clk_p (in)                                                                 7.743                1.010     4.378      4.378 r    (145.90,1074.13)
  clk_p (net)                                   1        1.970                                    1.010     0.000      4.378 r    [0.00,1.97]            d 
  u_pad_clk/PAD (PDDW0208SCDG)                                     0.000     7.743     0.000      1.010     0.055 *    4.432 r    (181.00,1076.56)       d 
  u_pad_clk/C (PDDW0208SCDG)                                                 0.151                1.010     2.058 @    6.490 r    (164.60,959.50)        d 
  clk (net)                                     1        0.050                                    1.010     0.000      6.490 r    [0.02,0.05]            d 
  CTSCKND12BWP7T_G2B4I1/I (INVD5BWP7T)                             0.000     0.109     0.000      1.010     0.004 @    6.494 r    (259.21,827.50)        d 
  CTSCKND12BWP7T_G2B4I1/ZN (INVD5BWP7T)                                      0.064                1.010     0.045 c    6.538 f    (257.08,827.41)        d 
  clk_G2B1I1 (net)                              1        0.106                                    1.010     0.000      6.538 f    [0.06,0.11]            d 
  CTSCKND3BWP7T_G2B3I1/I (CKND12BWP7T)                             0.000     0.072     0.000      1.010     0.013 c    6.551 f    (523.82,529.67)        d 
  CTSCKND3BWP7T_G2B3I1/ZN (CKND12BWP7T)                                      0.055                1.010     0.044 c    6.596 r    (519.94,529.41)        d 
  clk_G2B2I1 (net)                              2        0.100                                    1.010     0.000      6.596 r    [0.03,0.10]            d 
  CTSCKND12BWP7T_G2B2I2/I (INVD12BWP7T)                            0.000     0.059     0.000      1.010     0.006 c    6.602 r    (690.10,478.18)        d 
  CTSCKND12BWP7T_G2B2I2/ZN (INVD12BWP7T)                                     0.082                1.010     0.053 c    6.655 f    (693.97,478.27)        d 
  clk_G2B3I2 (net)                              7        0.410                                    1.010     0.000      6.655 f    [0.11,0.41]            d 
  CTSCKND12BWP7T_G2B1I3/I (CKND12BWP7T)                            0.000     0.086     0.000      1.010     0.008 c    6.663 f    (566.83,493.77)        d 
  CTSCKND12BWP7T_G2B1I3/ZN (CKND12BWP7T)                                     0.215                1.010     0.122 c    6.785 r    (570.70,494.03)        d 
  clk_G2B4I3 (net)                             93        0.522                                    1.010     0.000      6.785 r    [0.24,0.52]            d 
  SA_ctrl_state_compute_pump_reg_3_/CP (DFQD0BWP7T)                0.000     0.224     0.000      1.010     0.013 c    6.798 r    (595.66,646.99)
  clock reconvergence pessimism                                                                            -0.134      6.664
  SA_ctrl_state_compute_pump_reg_3_/CP (DFQD0BWP7T)                                                         0.000      6.664 r
  library hold time                                                                                         0.027      6.691
  data required time                                                                                                   6.691
  -----------------------------------------------------------------------------------------------------------------------------------------------------------------
  data required time                                                                                                   6.691
  data arrival time                                                                                                   -6.941
  -----------------------------------------------------------------------------------------------------------------------------------------------------------------
  slack (MET)                                                                                                          0.250


1
