 
****************************************
Report : timing
        -path full_clock
        -delay max
        -physical
        -derate
        -input_pins
        -nets
        -max_paths 1
        -transition_time
        -crosstalk_delta
        -capacitance
Design : systolic_array
Version: L-2016.03-SP5-3
Date   : Tue Dec 27 20:09:10 2022
****************************************

 * Some/all delay information is back-annotated.

Operating Conditions: WCCOM   Library: tcb018gbwp7twc_ccs
Wire Load Model Mode: Inactive.

  Startpoint: rstn_p (input port clocked by clk_p)
  Endpoint: SA_B_0_shift_reg_reg_5__4_
            (rising edge-triggered flip-flop clocked by clk_p)
  Path Group: REGIN
  Path Type: max

Attributes:
    d - dont_touch
    u - dont_use
   mo - map_only
   so - size_only
    i - ideal_net or ideal_network

  Point                                       Fanout       Cap     DTran     Trans     Delta     Derate      Incr       Path      Location / Load        Attributes
  -----------------------------------------------------------------------------------------------------------------------------------------------------------------
  clock clk_p (rise edge)                                                                                   0.000      0.000
  clock network delay (ideal)                                                                               0.000      0.000
  input external delay                                                                                     12.000     12.000 r
  rstn_p (in)                                                                0.000                1.010    10.001     22.001 r    (875.03,1074.13)       i 
  rstn_p (net)                                  1        2.301                                    1.010     0.000     22.001 r    [0.00,2.30]
  u_pad_rst_n/PAD (PDUW0208SCDG)                                   0.000     0.000     0.000      1.010     0.039 *   22.040 r    (910.14,1076.56)       d 
  u_pad_rst_n/C (PDUW0208SCDG)                                               0.313                1.010     1.247     23.287 r    (893.74,959.50)        d 
  rstn (net)                                    5        0.058                                    1.010     0.000     23.287 r    [0.04,0.06]
  U1399/I (INVD0BWP7T)                                             0.000     0.313     0.000      1.010     0.002 *   23.289 r    (NO LOCATION)
  U1399/ZN (INVD0BWP7T)                                                      0.459                1.010     0.367     23.656 f    (NO LOCATION)
  n3327 (net)                                   8        0.054                                    1.010     0.000     23.656 f    [0.02,0.05]
  U3493/B (AOI21D2BWP7T)                                           0.000     0.459     0.000      1.010     0.001 *   23.657 f    (NO LOCATION)
  U3493/ZN (AOI21D2BWP7T)                                                    0.600                1.010     0.495     24.152 r    (NO LOCATION)
  n3322 (net)                                   9        0.057                                    1.010     0.000     24.152 r    [0.03,0.06]
  U4859/I (DEL1BWP7T)                                              0.000     0.600     0.000      1.010     0.002 *   24.154 r    (NO LOCATION)
  U4859/Z (DEL1BWP7T)                                                        0.295                1.010     1.115     25.269 r    (NO LOCATION)
  n4397 (net)                                   5        0.028                                    1.010     0.000     25.269 r    [0.01,0.03]
  U3495/B (OAI31D0BWP7T)                                           0.000     0.295     0.000      1.010     0.001 *   25.270 r    (NO LOCATION)
  U3495/ZN (OAI31D0BWP7T)                                                    0.253                1.010     0.235     25.505 f    (NO LOCATION)
  n3152 (net)                                   1        0.010                                    1.010     0.000     25.505 f    [0.01,0.01]
  U4854/I (BUFFD1BWP7T)                                            0.000     0.253     0.000      1.010     0.000 *   25.505 f    (NO LOCATION)
  U4854/Z (BUFFD1BWP7T)                                                      0.397                1.010     0.441     25.947 f    (NO LOCATION)
  n4390 (net)                                   7        0.093                                    1.010     0.000     25.947 f    [0.01,0.09]
  U3496/A2 (CKND2D3BWP7T)                                          0.000     0.397     0.000      1.010     0.003 *   25.950 f    (NO LOCATION)
  U3496/ZN (CKND2D3BWP7T)                                                    0.316                1.010     0.282     26.231 r    (NO LOCATION)
  n3090 (net)                                  11        0.079                                    1.010     0.000     26.231 r    [0.05,0.08]
  U3485/I (DEL1BWP7T)                                              0.000     0.316     0.000      1.010     0.003 *   26.235 r    (NO LOCATION)
  U3485/Z (DEL1BWP7T)                                                        0.468                1.010     1.184     27.418 r    (NO LOCATION)
  n3968 (net)                                  13        0.052                                    1.010     0.000     27.418 r    [0.02,0.05]
  U4214/B2 (AOI22D0BWP7T)                                          0.000     0.468     0.000      1.010     0.001 *   27.420 r    (NO LOCATION)
  U4214/ZN (AOI22D0BWP7T)                                                    0.206                1.010     0.190     27.609 f    (NO LOCATION)
  n3470 (net)                                   1        0.004                                    1.010     0.000     27.609 f    [0.00,0.00]
  U4215/B (OAI21D0BWP7T)                                           0.000     0.206     0.000      1.010     0.000 *   27.609 f    (NO LOCATION)
  U4215/ZN (OAI21D0BWP7T)                                                    0.385                1.010     0.205     27.814 r    (NO LOCATION)
  n760 (net)                                    1        0.007                                    1.010     0.000     27.814 r    [0.00,0.01]
  SA_B_0_shift_reg_reg_5__4_/D (DFQD0BWP7T)                        0.000     0.385     0.000      1.010     0.000 *   27.814 r    (NO LOCATION)
  data arrival time                                                                                                   27.814

  clock clk_p (rise edge)                                                                                  40.000     40.000
  clock network delay (ideal)                                                                               0.000     40.000
  clock uncertainty                                                                                        -0.500     39.500
  SA_B_0_shift_reg_reg_5__4_/CP (DFQD0BWP7T)                                                                0.000     39.500 r
  library setup time                                                                                       -0.119     39.381
  data required time                                                                                                  39.381
  -----------------------------------------------------------------------------------------------------------------------------------------------------------------
  data required time                                                                                                  39.381
  data arrival time                                                                                                  -27.814
  -----------------------------------------------------------------------------------------------------------------------------------------------------------------
  slack (MET)                                                                                                         11.567


  Startpoint: SA_ctrl_state_overall_reg_1_
              (rising edge-triggered flip-flop clocked by clk_p)
  Endpoint: p_shift_out[5]
            (output port clocked by clk_p)
  Path Group: REGOUT
  Path Type: max

Attributes:
    d - dont_touch
    u - dont_use
   mo - map_only
   so - size_only
    i - ideal_net or ideal_network

  Point                                       Fanout       Cap     DTran     Trans     Delta     Derate      Incr       Path      Location / Load        Attributes
  -----------------------------------------------------------------------------------------------------------------------------------------------------------------
  clock clk_p (rise edge)                                                                                   0.000      0.000
  clock network delay (ideal)                                                                               0.000      0.000
  SA_ctrl_state_overall_reg_1_/CP (DFQD1BWP7T)                     0.000     0.000     0.000      1.010     0.000      0.000 r    (NO LOCATION)
  SA_ctrl_state_overall_reg_1_/Q (DFQD1BWP7T)                                0.278                1.010     0.446      0.446 r    (NO LOCATION)
  SA_ctrl_state_overall[1] (net)                5        0.031                                    1.010     0.000      0.446 r    [0.01,0.03]
  U2733/I (INVD0BWP7T)                                             0.000     0.278     0.000      1.010     0.001 *    0.447 r    (NO LOCATION)
  U2733/ZN (INVD0BWP7T)                                                      0.285                1.010     0.247      0.694 f    (NO LOCATION)
  n3909 (net)                                   5        0.031                                    1.010     0.000      0.694 f    [0.01,0.03]
  U1398/A1 (NR2D1BWP7T)                                            0.000     0.285     0.000      1.010     0.001 *    0.695 f    (NO LOCATION)
  U1398/ZN (NR2D1BWP7T)                                                      1.777                1.010     1.123      1.817 r    (NO LOCATION)
  ack (net)                                     9        0.108                                    1.010     0.000      1.817 r    [0.05,0.11]
  U1417/A3 (ND3D0BWP7T)                                            0.000     1.777     0.000      1.010     0.003 *    1.821 r    (NO LOCATION)
  U1417/ZN (ND3D0BWP7T)                                                      1.266                1.010     0.943      2.763 f    (NO LOCATION)
  n3055 (net)                                   5        0.059                                    1.010     0.000      2.763 f    [0.03,0.06]
  U3015/I (INVD0BWP7T)                                             0.000     1.266     0.000      1.010     0.002 *    2.765 f    (NO LOCATION)
  U3015/ZN (INVD0BWP7T)                                                      0.707                1.010     0.685      3.450 r    (NO LOCATION)
  n3938 (net)                                   8        0.030                                    1.010     0.000      3.450 r    [0.01,0.03]
  U1435/A1 (AOI22D0BWP7T)                                          0.000     0.707     0.000      1.010     0.001 *    3.451 r    (NO LOCATION)
  U1435/ZN (AOI22D0BWP7T)                                                    0.342                1.010     0.278      3.729 f    (NO LOCATION)
  n1065 (net)                                   1        0.012                                    1.010     0.000      3.729 f    [0.01,0.01]
  U1436/A2 (ND2D1BWP7T)                                            0.000     0.342     0.000      1.010     0.000 *    3.729 f    (NO LOCATION)
  U1436/ZN (ND2D1BWP7T)                                                      0.362                1.010     0.315      4.045 r    (NO LOCATION)
  shift_out[5] (net)                            1        0.034                                    1.010     0.000      4.045 r    [0.01,0.03]
  u_pad_data_out_5/I (PDDW0208CDG)                                 0.000     0.362     0.000      1.010     0.002 *    4.046 r    (119.50,350.26)        d 
  u_pad_data_out_5/PAD (PDDW0208CDG)                                         1.373                1.010     4.024      8.071 r    ( 2.43,337.00)         d 
  p_shift_out[5] (net)                          1        2.405                                    1.010     0.000      8.071 r    [0.00,2.40]
  p_shift_out[5] (out)                                             0.000     1.373     0.000      1.010     0.025 *    8.096 r    ( 0.00,301.90)
  data arrival time                                                                                                    8.096

  clock clk_p (rise edge)                                                                                  40.000     40.000
  clock network delay (ideal)                                                                               0.000     40.000
  clock uncertainty                                                                                        -0.500     39.500
  output external delay                                                                                   -12.000     27.500
  data required time                                                                                                  27.500
  -----------------------------------------------------------------------------------------------------------------------------------------------------------------
  data required time                                                                                                  27.500
  data arrival time                                                                                                   -8.096
  -----------------------------------------------------------------------------------------------------------------------------------------------------------------
  slack (MET)                                                                                                         19.404


  Startpoint: SA_core_pe_0_1_Aij_o_reg_0_
              (rising edge-triggered flip-flop clocked by clk_p)
  Endpoint: SA_core_pe_0_2_Cij_o_reg_7_
            (rising edge-triggered flip-flop clocked by clk_p)
  Path Group: clk_p
  Path Type: max

Attributes:
    d - dont_touch
    u - dont_use
   mo - map_only
   so - size_only
    i - ideal_net or ideal_network

  Point                                       Fanout       Cap     DTran     Trans     Delta     Derate      Incr       Path      Location / Load        Attributes
  -----------------------------------------------------------------------------------------------------------------------------------------------------------------
  clock clk_p (rise edge)                                                                                   0.000      0.000
  clock network delay (ideal)                                                                               0.000      0.000
  SA_core_pe_0_1_Aij_o_reg_0_/CP (DFQD1BWP7T)                      0.000     0.000     0.000      1.010     0.000      0.000 r    (NO LOCATION)
  SA_core_pe_0_1_Aij_o_reg_0_/Q (DFQD1BWP7T)                                 0.167                1.010     0.471      0.471 f    (NO LOCATION)
  SA_core_connect[8] (net)                      5        0.035                                    1.010     0.000      0.471 f    [0.02,0.03]
  U1401/I (INVD0BWP7T)                                             0.000     0.167     0.000      1.010     0.001 *    0.472 f    (NO LOCATION)
  U1401/ZN (INVD0BWP7T)                                                      0.957                1.010     0.610      1.082 r    (NO LOCATION)
  n3766 (net)                                   8        0.057                                    1.010     0.000      1.082 r    [0.02,0.06]
  U3129/A2 (NR3D0BWP7T)                                            0.000     0.957     0.000      1.010     0.001 *    1.084 r    (NO LOCATION)
  U3129/ZN (NR3D0BWP7T)                                                      0.321                1.010     0.302      1.386 f    (NO LOCATION)
  n2691 (net)                                   3        0.014                                    1.010     0.000      1.386 f    [0.00,0.01]
  U4905/B (AOI21D0BWP7T)                                           0.000     0.321     0.000      1.010     0.000 *    1.386 f    (NO LOCATION)
  U4905/ZN (AOI21D0BWP7T)                                                    0.364                1.010     0.344      1.730 r    (NO LOCATION)
  n4444 (net)                                   1        0.006                                    1.010     0.000      1.730 r    [0.00,0.01]
  U3138/B (MAOI222D0BWP7T)                                         0.000     0.364     0.000      1.010     0.000 *    1.730 r    (NO LOCATION)
  U3138/ZN (MAOI222D0BWP7T)                                                  0.253                1.010     0.256      1.986 f    (NO LOCATION)
  n2695 (net)                                   1        0.006                                    1.010     0.000      1.986 f    [0.00,0.01]
  U4723/I (INVD0BWP7T)                                             0.000     0.253     0.000      1.010     0.000 *    1.986 f    (NO LOCATION)
  U4723/ZN (INVD0BWP7T)                                                      0.129                1.010     0.131      2.117 r    (NO LOCATION)
  n4260 (net)                                   1        0.003                                    1.010     0.000      2.117 r    [0.00,0.00]
  U4722/I (INVD0BWP7T)                                             0.000     0.129     0.000      1.010     0.000 *    2.117 r    (NO LOCATION)
  U4722/ZN (INVD0BWP7T)                                                      0.093                1.010     0.091      2.208 f    (NO LOCATION)
  n4259 (net)                                   1        0.008                                    1.010     0.000      2.208 f    [0.00,0.01]
  U3151/B (FA1D0BWP7T)                                             0.000     0.093     0.000      1.010     0.000 *    2.208 f    (NO LOCATION)
  U3151/CO (FA1D0BWP7T)                                                      0.196                1.010     0.604      2.813 f    (NO LOCATION)
  n2705 (net)                                   2        0.015                                    1.010     0.000      2.813 f    [0.00,0.02]
  U2270/A (MAOI222D1BWP7T)                                         0.000     0.196     0.000      1.010     0.000 *    2.813 f    (NO LOCATION)
  U2270/ZN (MAOI222D1BWP7T)                                                  0.438                1.010     0.287      3.100 r    (NO LOCATION)
  n4208 (net)                                   1        0.008                                    1.010     0.000      3.100 r    [0.00,0.01]
  U3167/B (FA1D0BWP7T)                                             0.000     0.438     0.000      1.010     0.000 *    3.100 r    (NO LOCATION)
  U3167/CO (FA1D0BWP7T)                                                      0.186                1.010     0.527      3.627 r    (NO LOCATION)
  n2726 (net)                                   2        0.008                                    1.010     0.000      3.627 r    [0.00,0.01]
  U3181/B (OAI21D0BWP7T)                                           0.000     0.186     0.000      1.010     0.000 *    3.628 r    (NO LOCATION)
  U3181/ZN (OAI21D0BWP7T)                                                    0.151                1.010     0.141      3.769 f    (NO LOCATION)
  n2727 (net)                                   1        0.004                                    1.010     0.000      3.769 f    [0.00,0.00]
  U3182/B (IOA21D0BWP7T)                                           0.000     0.151     0.000      1.010     0.000 *    3.769 f    (NO LOCATION)
  U3182/ZN (IOA21D0BWP7T)                                                    0.172                1.010     0.148      3.917 r    (NO LOCATION)
  n2774 (net)                                   1        0.006                                    1.010     0.000      3.917 r    [0.00,0.01]
  U3203/A (FA1D0BWP7T)                                             0.000     0.172     0.000      1.010     0.000 *    3.917 r    (NO LOCATION)
  U3203/CO (FA1D0BWP7T)                                                      0.180                1.010     0.597      4.514 r    (NO LOCATION)
  n2775 (net)                                   1        0.008                                    1.010     0.000      4.514 r    [0.00,0.01]
  U3207/A2 (XOR4D0BWP7T)                                           0.000     0.180     0.000      1.010     0.000 *    4.514 r    (NO LOCATION)
  U3207/Z (XOR4D0BWP7T)                                                      0.155                1.010     0.603      5.116 r    (NO LOCATION)
  n2793 (net)                                   1        0.005                                    1.010     0.000      5.116 r    [0.00,0.00]
  U3217/A2 (XNR4D0BWP7T)                                           0.000     0.155     0.000      1.010     0.000 *    5.117 r    (NO LOCATION)
  U3217/ZN (XNR4D0BWP7T)                                                     0.223                1.010     0.677      5.794 f    (NO LOCATION)
  n2795 (net)                                   1        0.011                                    1.010     0.000      5.794 f    [0.01,0.01]
  U3218/A2 (MOAI22D0BWP7T)                                         0.000     0.223     0.000      1.010     0.000 *    5.794 f    (NO LOCATION)
  U3218/ZN (MOAI22D0BWP7T)                                                   0.324                1.010     0.264      6.058 r    (NO LOCATION)
  SA_core_pe_0_2_N17 (net)                      1        0.006                                    1.010     0.000      6.058 r    [0.00,0.01]
  SA_core_pe_0_2_Cij_o_reg_7_/D (DFQD0BWP7T)                       0.000     0.324     0.000      1.010     0.000 *    6.059 r    (NO LOCATION)
  data arrival time                                                                                                    6.059

  clock clk_p (rise edge)                                                                                  40.000     40.000
  clock network delay (ideal)                                                                               0.000     40.000
  clock uncertainty                                                                                        -0.500     39.500
  SA_core_pe_0_2_Cij_o_reg_7_/CP (DFQD0BWP7T)                                                               0.000     39.500 r
  library setup time                                                                                       -0.118     39.382
  data required time                                                                                                  39.382
  -----------------------------------------------------------------------------------------------------------------------------------------------------------------
  data required time                                                                                                  39.382
  data arrival time                                                                                                   -6.059
  -----------------------------------------------------------------------------------------------------------------------------------------------------------------
  slack (MET)                                                                                                         33.324


1
