 
****************************************
Report : timing
        -path full_clock
        -delay min
        -physical
        -derate
        -input_pins
        -nets
        -max_paths 1
        -transition_time
        -crosstalk_delta
        -capacitance
Design : systolic_array
Version: L-2016.03-SP5-3
Date   : Tue Dec 27 20:09:10 2022
****************************************

 * Some/all delay information is back-annotated.

Operating Conditions: BCCOM   Library: tcb018gbwp7tbc_ccs
Wire Load Model Mode: Inactive.

  Startpoint: rstn_p (input port clocked by clk_p)
  Endpoint: SA_ctrl_state_overall_reg_0_
            (rising edge-triggered flip-flop clocked by clk_p)
  Path Group: REGIN
  Path Type: min

Attributes:
    d - dont_touch
    u - dont_use
   mo - map_only
   so - size_only
    i - ideal_net or ideal_network

  Point                                       Fanout       Cap     DTran     Trans     Delta     Derate      Incr       Path      Location / Load        Attributes
  -----------------------------------------------------------------------------------------------------------------------------------------------------------------
  clock clk_p (rise edge)                                                                                   0.000      0.000
  clock network delay (ideal)                                                                               0.000      0.000
  input external delay                                                                                     12.000     12.000 f
  rstn_p (in)                                                                0.000                0.990     2.276     14.276 f    (875.03,1074.13)       i 
  rstn_p (net)                                  1        1.965                                    0.990     0.000     14.276 f    [0.00,1.97]
  u_pad_rst_n/PAD (PDUW0208SCDG)                                   0.000     0.000     0.000      0.990     0.038 *   14.315 f    (910.14,1076.56)       d 
  u_pad_rst_n/C (PDUW0208SCDG)                                               0.178                0.990     0.621     14.936 f    (893.74,959.50)        d 
  rstn (net)                                    5        0.062                                    0.990     0.000     14.936 f    [0.04,0.06]
  U3462/A3 (ND3D0BWP7T)                                            0.000     0.178     0.000      0.990     0.003 *   14.939 f    (NO LOCATION)
  U3462/ZN (ND3D0BWP7T)                                                      0.065                0.990     0.096     15.034 r    (NO LOCATION)
  n3056 (net)                                   1        0.003                                    0.990     0.000     15.034 r    [0.00,0.00]
  U3463/B (OAI21D0BWP7T)                                           0.000     0.065     0.000      0.990     0.000 *   15.034 r    (NO LOCATION)
  U3463/ZN (OAI21D0BWP7T)                                                    0.048                0.990     0.043     15.077 f    (NO LOCATION)
  n1042 (net)                                   1        0.005                                    0.990     0.000     15.077 f    [0.00,0.01]
  SA_ctrl_state_overall_reg_0_/D (DFQD0BWP7T)                      0.000     0.048     0.000      0.990     0.000 *   15.077 f    (NO LOCATION)
  data arrival time                                                                                                   15.077

  clock clk_p (rise edge)                                                                                   0.000      0.000
  clock network delay (ideal)                                                                               0.000      0.000
  SA_ctrl_state_overall_reg_0_/CP (DFQD0BWP7T)                                                              0.000      0.000 r
  library hold time                                                                                         0.011      0.011
  data required time                                                                                                   0.011
  -----------------------------------------------------------------------------------------------------------------------------------------------------------------
  data required time                                                                                                   0.011
  data arrival time                                                                                                  -15.077
  -----------------------------------------------------------------------------------------------------------------------------------------------------------------
  slack (MET)                                                                                                         15.066


  Startpoint: SA_core_pe_2_3_Cij_o_reg_0_
              (rising edge-triggered flip-flop clocked by clk_p)
  Endpoint: p_shift_out[0]
            (output port clocked by clk_p)
  Path Group: REGOUT
  Path Type: min

Attributes:
    d - dont_touch
    u - dont_use
   mo - map_only
   so - size_only
    i - ideal_net or ideal_network

  Point                                       Fanout       Cap     DTran     Trans     Delta     Derate      Incr       Path      Location / Load        Attributes
  -----------------------------------------------------------------------------------------------------------------------------------------------------------------
  clock clk_p (rise edge)                                                                                   0.000      0.000
  clock network delay (ideal)                                                                               0.000      0.000
  SA_core_pe_2_3_Cij_o_reg_0_/CP (DFQD0BWP7T)                      0.000     0.000     0.000      0.990     0.000      0.000 r    (NO LOCATION)
  SA_core_pe_2_3_Cij_o_reg_0_/Q (DFQD0BWP7T)                                 0.075                0.990     0.206      0.206 f    (NO LOCATION)
  SA_core_output_row_2[0] (net)                 3        0.016                                    0.990     0.000      0.206 f    [0.01,0.02]
  U1416/A2 (AOI22D0BWP7T)                                          0.000     0.075     0.000      0.990     0.000 *    0.206 f    (NO LOCATION)
  U1416/ZN (AOI22D0BWP7T)                                                    0.140                0.990     0.101      0.307 r    (NO LOCATION)
  n1056 (net)                                   1        0.007                                    0.990     0.000      0.307 r    [0.00,0.01]
  U1421/A1 (ND2D1BWP7T)                                            0.000     0.140     0.000      0.990     0.000 *    0.308 r    (NO LOCATION)
  U1421/ZN (ND2D1BWP7T)                                                      0.131                0.990     0.102      0.409 f    (NO LOCATION)
  shift_out[0] (net)                            1        0.036                                    0.990     0.000      0.409 f    [0.01,0.04]
  u_pad_data_out_0/I (PDDW0208CDG)                                 0.000     0.131     0.000      0.990     0.001 *    0.411 f    (275.27,959.50)        d 
  u_pad_data_out_0/PAD (PDDW0208CDG)                                         0.677                0.990     1.663      2.074 f    (262.02,1076.56)       d 
  p_shift_out[0] (net)                          1        2.069                                    0.990     0.000      2.074 f    [0.00,2.07]
  p_shift_out[0] (out)                                             0.000     0.677     0.000      0.990     0.025 *    2.099 f    (226.91,1074.13)
  data arrival time                                                                                                    2.099

  clock clk_p (rise edge)                                                                                   0.000      0.000
  clock network delay (ideal)                                                                               0.000      0.000
  output external delay                                                                                   -12.000    -12.000
  data required time                                                                                                 -12.000
  -----------------------------------------------------------------------------------------------------------------------------------------------------------------
  data required time                                                                                                 -12.000
  data arrival time                                                                                                   -2.099
  -----------------------------------------------------------------------------------------------------------------------------------------------------------------
  slack (MET)                                                                                                         14.099


  Startpoint: SA_ctrl_state_compute_pump_reg_3_
              (rising edge-triggered flip-flop clocked by clk_p)
  Endpoint: SA_ctrl_state_compute_pump_reg_3_
            (rising edge-triggered flip-flop clocked by clk_p)
  Path Group: clk_p
  Path Type: min

Attributes:
    d - dont_touch
    u - dont_use
   mo - map_only
   so - size_only
    i - ideal_net or ideal_network

  Point                                       Fanout       Cap     DTran     Trans     Delta     Derate      Incr       Path      Location / Load        Attributes
  -----------------------------------------------------------------------------------------------------------------------------------------------------------------
  clock clk_p (rise edge)                                                                                   0.000      0.000
  clock network delay (ideal)                                                                               0.000      0.000
  SA_ctrl_state_compute_pump_reg_3_/CP (DFQD0BWP7T)                0.000     0.000     0.000      0.990     0.000      0.000 r    (NO LOCATION)
  SA_ctrl_state_compute_pump_reg_3_/Q (DFQD0BWP7T)                           0.111                0.990     0.182      0.182 r    (NO LOCATION)
  SA_ctrl_state_compute_pump[3] (net)           3        0.012                                    0.990     0.000      0.182 r    [0.00,0.01]
  U3456/A1 (AOI21D0BWP7T)                                          0.000     0.111     0.000      0.990     0.000 *    0.182 r    (NO LOCATION)
  U3456/ZN (AOI21D0BWP7T)                                                    0.051                0.990     0.048      0.230 f    (NO LOCATION)
  n1044 (net)                                   1        0.005                                    0.990     0.000      0.230 f    [0.00,0.01]
  SA_ctrl_state_compute_pump_reg_3_/D (DFQD0BWP7T)                 0.000     0.051     0.000      0.990     0.000 *    0.231 f    (NO LOCATION)
  data arrival time                                                                                                    0.231

  clock clk_p (rise edge)                                                                                   0.000      0.000
  clock network delay (ideal)                                                                               0.000      0.000
  SA_ctrl_state_compute_pump_reg_3_/CP (DFQD0BWP7T)                                                         0.000      0.000 r
  library hold time                                                                                         0.011      0.011
  data required time                                                                                                   0.011
  -----------------------------------------------------------------------------------------------------------------------------------------------------------------
  data required time                                                                                                   0.011
  data arrival time                                                                                                   -0.231
  -----------------------------------------------------------------------------------------------------------------------------------------------------------------
  slack (MET)                                                                                                          0.220


1
