 
****************************************
Report : timing
        -path full_clock
        -delay min
        -physical
        -derate
        -input_pins
        -nets
        -max_paths 1
        -transition_time
        -crosstalk_delta
        -capacitance
Design : systolic_array
Version: L-2016.03-SP5-3
Date   : Tue Dec 27 20:20:36 2022
****************************************

 * Some/all delay information is back-annotated.

Operating Conditions: BCCOM   Library: tcb018gbwp7tbc_ccs

Information: Percent of Arnoldi-based delays = 19.42%

Information: Percent of CCS-based delays = 19.40%

  Startpoint: p_shift_in_B[2]
              (input port clocked by clk_p)
  Endpoint: SA_B_3_shift_reg_reg_0__2_
            (rising edge-triggered flip-flop clocked by clk_p)
  Path Group: REGIN
  Path Type: min

Attributes:
    d - dont_touch
    u - dont_use
   mo - map_only
   so - size_only
    i - ideal_net or ideal_network

  Point                                       Fanout       Cap     DTran     Trans     Delta     Derate      Incr       Path      Location / Load        Attributes
  -----------------------------------------------------------------------------------------------------------------------------------------------------------------
  clock clk_p (rise edge)                                                                                   0.000      0.000
  clock network delay (ideal)                                                                               0.000      0.000
  input external delay                                                                                     12.000     12.000 f
  p_shift_in_B[2] (in)                                                       3.827                0.990     2.283     14.283 f    (713.01, 0.00)
  p_shift_in_B[2] (net)                         1        1.971                                    0.990     0.000     14.283 f    [0.01,1.97]
  u_pad_data_in_10/PAD (PDDW0208CDG)                               0.000     3.827     0.000      0.990     0.063 *   14.346 f    (748.10, 2.43)         d 
  u_pad_data_in_10/C (PDDW0208CDG)                                           0.179                0.990     0.946     15.292 f    (764.50,119.50)        d 
  shift_in_B[2] (net)                           2        0.060                                    0.990     0.000     15.292 f    [0.04,0.06]
  U3691/A1 (CKND2D2BWP7T)                                          0.000     0.179     0.000      0.990     0.003 &   15.296 f    (706.02,478.32)
  U3691/ZN (CKND2D2BWP7T)                                                    0.153                0.990     0.129     15.425 r    (705.86,478.73)
  n3235 (net)                                   7        0.061                                    0.990     0.000     15.425 r    [0.04,0.06]
  U3692/A2 (MAOI22D0BWP7T)                                         0.000     0.153    -0.008      0.990    -0.007 &   15.418 r    (663.74,529.14)
  U3692/ZN (MAOI22D0BWP7T)                                                   0.063                0.990     0.049     15.467 f    (663.08,529.46)
  n970 (net)                                    1        0.006                                    0.990     0.000     15.467 f    [0.00,0.01]
  SA_B_3_shift_reg_reg_0__2_/D (DFQD0BWP7T)                        0.000     0.063    -0.001      0.990    -0.001 &   15.466 f    (656.11,521.57)
  data arrival time                                                                                                   15.466

  clock clk_p (rise edge)                                                                                   0.000      0.000
  clk_p (in)                                                                 7.744                1.010     4.378      4.378 r    (145.90,1074.13)
  clk_p (net)                                   1        1.970                                    1.010     0.000      4.378 r    [0.00,1.97]            d 
  u_pad_clk/PAD (PDDW0208SCDG)                                     0.000     7.744     0.000      1.010     0.055 *    4.433 r    (181.00,1076.56)       d 
  u_pad_clk/C (PDDW0208SCDG)                                                 0.143                1.010     2.054 @    6.487 r    (164.60,959.50)        d 
  clk (net)                                     1        0.046                                    1.010     0.000      6.487 r    [0.02,0.05]            d 
  CTSCKND12BWP7T_G2B4I1/I (INVD5BWP7T)                             0.000     0.103     0.000      1.010     0.003 @    6.490 r    (259.21,827.50)        d 
  CTSCKND12BWP7T_G2B4I1/ZN (INVD5BWP7T)                                      0.060                1.010     0.042 c    6.532 f    (257.08,827.41)        d 
  clk_G2B1I1 (net)                              1        0.098                                    1.010     0.000      6.532 f    [0.05,0.10]            d 
  CTSCKND3BWP7T_G2B3I1/I (CKND12BWP7T)                             0.000     0.066     0.000      1.010     0.011 c    6.544 f    (523.82,529.67)        d 
  CTSCKND3BWP7T_G2B3I1/ZN (CKND12BWP7T)                                      0.054                1.010     0.043 c    6.587 r    (519.94,529.41)        d 
  clk_G2B2I1 (net)                              2        0.099                                    1.010     0.000      6.587 r    [0.03,0.10]            d 
  CTSCKND12BWP7T_G2B2I2/I (INVD12BWP7T)                            0.000     0.057     0.000      1.010     0.005 c    6.592 r    (690.10,478.18)        d 
  CTSCKND12BWP7T_G2B2I2/ZN (INVD12BWP7T)                                     0.080                1.010     0.054 c    6.645 f    (693.97,478.27)        d 
  clk_G2B3I2 (net)                              7        0.398                                    1.010     0.000      6.645 f    [0.10,0.40]            d 
  CTSCKND12BWP7T_G2B1I3/I (CKND12BWP7T)                            0.000     0.082     0.000      1.010     0.005 c    6.650 f    (566.83,493.77)        d 
  CTSCKND12BWP7T_G2B1I3/ZN (CKND12BWP7T)                                     0.202                1.010     0.119 c    6.769 r    (570.70,494.03)        d 
  clk_G2B4I3 (net)                             93        0.490                                    1.010     0.000      6.769 r    [0.21,0.49]            d 
  SA_B_3_shift_reg_reg_0__2_/CP (DFQD0BWP7T)                       0.000     0.207     0.000      1.010     0.008 c    6.777 r    (657.94,521.55)
  clock reconvergence pessimism                                                                             0.000      6.777
  SA_B_3_shift_reg_reg_0__2_/CP (DFQD0BWP7T)                                                                0.000      6.777 r
  library hold time                                                                                         0.026      6.803
  data required time                                                                                                   6.803
  -----------------------------------------------------------------------------------------------------------------------------------------------------------------
  data required time                                                                                                   6.803
  data arrival time                                                                                                  -15.466
  -----------------------------------------------------------------------------------------------------------------------------------------------------------------
  slack (MET)                                                                                                          8.664


  Startpoint: SA_core_pe_3_3_Cij_o_reg_4_
              (rising edge-triggered flip-flop clocked by clk_p)
  Endpoint: p_shift_out[4]
            (output port clocked by clk_p)
  Path Group: REGOUT
  Path Type: min

Attributes:
    d - dont_touch
    u - dont_use
   mo - map_only
   so - size_only
    i - ideal_net or ideal_network

  Point                                       Fanout       Cap     DTran     Trans     Delta     Derate      Incr       Path      Location / Load        Attributes
  -----------------------------------------------------------------------------------------------------------------------------------------------------------------
  clock clk_p (rise edge)                                                                                   0.000      0.000
  clk_p (in)                                                                 7.744                0.990     4.291      4.291 r    (145.90,1074.13)
  clk_p (net)                                   1        1.970                                    0.990     0.000      4.291 r    [0.00,1.97]            d 
  u_pad_clk/PAD (PDDW0208SCDG)                                     0.000     7.744     0.000      0.990     0.054 *    4.345 r    (181.00,1076.56)       d 
  u_pad_clk/C (PDDW0208SCDG)                                                 0.143                0.990     2.014 @    6.359 r    (164.60,959.50)        d 
  clk (net)                                     1        0.046                                    0.990     0.000      6.359 r    [0.02,0.05]            d 
  CTSCKND12BWP7T_G2B4I1/I (INVD5BWP7T)                             0.000     0.103     0.000      0.990     0.003 @    6.362 r    (259.21,827.50)        d 
  CTSCKND12BWP7T_G2B4I1/ZN (INVD5BWP7T)                                      0.060                0.990     0.041 c    6.403 f    (257.08,827.41)        d 
  clk_G2B1I1 (net)                              1        0.098                                    0.990     0.000      6.403 f    [0.05,0.10]            d 
  CTSCKND3BWP7T_G2B3I1/I (CKND12BWP7T)                             0.000     0.066     0.000      0.990     0.011 c    6.414 f    (523.82,529.67)        d 
  CTSCKND3BWP7T_G2B3I1/ZN (CKND12BWP7T)                                      0.054                0.990     0.042 c    6.456 r    (519.94,529.41)        d 
  clk_G2B2I1 (net)                              2        0.099                                    0.990     0.000      6.456 r    [0.03,0.10]            d 
  CTSCKND6BWP7T_G2B2I1/I (INVD5BWP7T)                              0.000     0.055     0.000      0.990     0.001 c    6.457 r    (489.93,529.58)        d 
  CTSCKND6BWP7T_G2B2I1/ZN (INVD5BWP7T)                                       0.098                0.990     0.065 c    6.522 f    (487.80,529.49)        d 
  clk_G2B3I1 (net)                              4        0.215                                    0.990     0.000      6.522 f    [0.07,0.22]            d 
  CTSCKND10BWP7T_G2B1I1/I (CKND10BWP7T)                            0.000     0.101     0.000      0.990     0.007 c    6.530 f    (488.61,749.28)        d 
  CTSCKND10BWP7T_G2B1I1/ZN (CKND10BWP7T)                                     0.174                0.990     0.108 c    6.638 r    (485.37,748.96)        d 
  clk_G2B4I1 (net)                             63        0.345                                    0.990     0.000      6.638 r    [0.16,0.35]            d 
  SA_core_pe_3_3_Cij_o_reg_4_/CP (DFQD2BWP7T)                      0.000     0.177     0.000      0.990     0.006 c    6.644 r    (447.94,866.52)        so 
  SA_core_pe_3_3_Cij_o_reg_4_/CP (DFQD2BWP7T)                      0.000     0.177     0.000      0.990     0.000      6.644 r    (447.94,866.52)        so 
  SA_core_pe_3_3_Cij_o_reg_4_/Q (DFQD2BWP7T)                                 0.070                0.990     0.234      6.878 f    (438.77,866.55)        so 
  SA_core_output_row_3[4] (net)                 2        0.053                                    0.990     0.000      6.878 f    [0.04,0.05]
  U1432/A2 (AOI22D2BWP7T)                                          0.000     0.070     0.000      0.990     0.002 &    6.880 f    (247.12,728.95)
  U1432/ZN (AOI22D2BWP7T)                                                    0.106                0.990     0.084      6.964 r    (247.64,729.08)
  n1063 (net)                                   1        0.021                                    0.990     0.000      6.964 r    [0.01,0.02]
  U1433/A2 (ND2D1P5BWP7T)                                          0.000     0.106    -0.006      0.990    -0.006 &    6.958 r    (182.59,760.98)
  U1433/ZN (ND2D1P5BWP7T)                                                    0.147                0.990     0.104      7.063 f    (182.78,760.11)
  shift_out[4] (net)                            1        0.069                                    0.990     0.000      7.063 f    [0.04,0.07]
  u_pad_data_out_4/I (PDDW0208CDG)                                 0.000     0.147    -0.014      0.990    -0.010 &    7.052 f    (119.50,431.26)        d 
  u_pad_data_out_4/PAD (PDDW0208CDG)                                         0.677                0.990     1.667      8.719 f    ( 2.43,418.00)         d 
  p_shift_out[4] (net)                          1        2.075                                    0.990     0.000      8.719 f    [0.01,2.07]
  p_shift_out[4] (out)                                             0.000     0.677     0.000      0.990     0.003 *    8.723 f    ( 0.00,382.90)
  data arrival time                                                                                                    8.723

  clock clk_p (rise edge)                                                                                   0.000      0.000
  clock network delay (ideal)                                                                               0.000      0.000
  clock reconvergence pessimism                                                                             0.000      0.000
  output external delay                                                                                   -12.000    -12.000
  data required time                                                                                                 -12.000
  -----------------------------------------------------------------------------------------------------------------------------------------------------------------
  data required time                                                                                                 -12.000
  data arrival time                                                                                                   -8.723
  -----------------------------------------------------------------------------------------------------------------------------------------------------------------
  slack (MET)                                                                                                         20.723


  Startpoint: SA_ctrl_state_compute_pump_reg_3_
              (rising edge-triggered flip-flop clocked by clk_p)
  Endpoint: SA_ctrl_state_compute_pump_reg_3_
            (rising edge-triggered flip-flop clocked by clk_p)
  Path Group: clk_p
  Path Type: min

Attributes:
    d - dont_touch
    u - dont_use
   mo - map_only
   so - size_only
    i - ideal_net or ideal_network

  Point                                       Fanout       Cap     DTran     Trans     Delta     Derate      Incr       Path      Location / Load        Attributes
  -----------------------------------------------------------------------------------------------------------------------------------------------------------------
  clock clk_p (rise edge)                                                                                   0.000      0.000
  clk_p (in)                                                                 7.744                0.990     4.291      4.291 r    (145.90,1074.13)
  clk_p (net)                                   1        1.970                                    0.990     0.000      4.291 r    [0.00,1.97]            d 
  u_pad_clk/PAD (PDDW0208SCDG)                                     0.000     7.744     0.000      0.990     0.054 *    4.345 r    (181.00,1076.56)       d 
  u_pad_clk/C (PDDW0208SCDG)                                                 0.143                0.990     2.014 @    6.359 r    (164.60,959.50)        d 
  clk (net)                                     1        0.046                                    0.990     0.000      6.359 r    [0.02,0.05]            d 
  CTSCKND12BWP7T_G2B4I1/I (INVD5BWP7T)                             0.000     0.103     0.000      0.990     0.003 @    6.362 r    (259.21,827.50)        d 
  CTSCKND12BWP7T_G2B4I1/ZN (INVD5BWP7T)                                      0.060                0.990     0.041 c    6.403 f    (257.08,827.41)        d 
  clk_G2B1I1 (net)                              1        0.098                                    0.990     0.000      6.403 f    [0.05,0.10]            d 
  CTSCKND3BWP7T_G2B3I1/I (CKND12BWP7T)                             0.000     0.066     0.000      0.990     0.011 c    6.414 f    (523.82,529.67)        d 
  CTSCKND3BWP7T_G2B3I1/ZN (CKND12BWP7T)                                      0.054                0.990     0.042 c    6.456 r    (519.94,529.41)        d 
  clk_G2B2I1 (net)                              2        0.099                                    0.990     0.000      6.456 r    [0.03,0.10]            d 
  CTSCKND12BWP7T_G2B2I2/I (INVD12BWP7T)                            0.000     0.057     0.000      0.990     0.005 c    6.461 r    (690.10,478.18)        d 
  CTSCKND12BWP7T_G2B2I2/ZN (INVD12BWP7T)                                     0.080                0.990     0.053 c    6.514 f    (693.97,478.27)        d 
  clk_G2B3I2 (net)                              7        0.398                                    0.990     0.000      6.514 f    [0.10,0.40]            d 
  CTSCKND12BWP7T_G2B1I3/I (CKND12BWP7T)                            0.000     0.082     0.000      0.990     0.005 c    6.519 f    (566.83,493.77)        d 
  CTSCKND12BWP7T_G2B1I3/ZN (CKND12BWP7T)                                     0.202                0.990     0.116 c    6.635 r    (570.70,494.03)        d 
  clk_G2B4I3 (net)                             93        0.490                                    0.990     0.000      6.635 r    [0.21,0.49]            d 
  SA_ctrl_state_compute_pump_reg_3_/CP (DFQD0BWP7T)                0.000     0.207     0.000      0.990     0.007 c    6.642 r    (595.66,646.99)
  SA_ctrl_state_compute_pump_reg_3_/CP (DFQD0BWP7T)                0.000     0.207     0.000      0.990     0.000      6.642 r    (595.66,646.99)
  SA_ctrl_state_compute_pump_reg_3_/Q (DFQD0BWP7T)                           0.147                0.990     0.227      6.869 r    (604.93,647.07)
  SA_ctrl_state_compute_pump[3] (net)           3        0.016                                    0.990     0.000      6.869 r    [0.01,0.02]
  U3456/A1 (AOI21D0BWP7T)                                          0.000     0.147    -0.004      0.990    -0.004 &    6.865 r    (589.82,647.24)
  U3456/ZN (AOI21D0BWP7T)                                                    0.059                0.990     0.055      6.920 f    (590.21,647.26)
  n1044 (net)                                   1        0.006                                    0.990     0.000      6.920 f    [0.00,0.01]
  SA_ctrl_state_compute_pump_reg_3_/D (DFQD0BWP7T)                 0.000     0.059    -0.002      0.990    -0.002 &    6.918 f    (597.49,647.01)
  data arrival time                                                                                                    6.918

  clock clk_p (rise edge)                                                                                   0.000      0.000
  clk_p (in)                                                                 7.744                1.010     4.378      4.378 r    (145.90,1074.13)
  clk_p (net)                                   1        1.970                                    1.010     0.000      4.378 r    [0.00,1.97]            d 
  u_pad_clk/PAD (PDDW0208SCDG)                                     0.000     7.744     0.000      1.010     0.055 *    4.433 r    (181.00,1076.56)       d 
  u_pad_clk/C (PDDW0208SCDG)                                                 0.143                1.010     2.054 @    6.487 r    (164.60,959.50)        d 
  clk (net)                                     1        0.046                                    1.010     0.000      6.487 r    [0.02,0.05]            d 
  CTSCKND12BWP7T_G2B4I1/I (INVD5BWP7T)                             0.000     0.103     0.000      1.010     0.003 @    6.490 r    (259.21,827.50)        d 
  CTSCKND12BWP7T_G2B4I1/ZN (INVD5BWP7T)                                      0.060                1.010     0.042 c    6.532 f    (257.08,827.41)        d 
  clk_G2B1I1 (net)                              1        0.098                                    1.010     0.000      6.532 f    [0.05,0.10]            d 
  CTSCKND3BWP7T_G2B3I1/I (CKND12BWP7T)                             0.000     0.066     0.000      1.010     0.011 c    6.544 f    (523.82,529.67)        d 
  CTSCKND3BWP7T_G2B3I1/ZN (CKND12BWP7T)                                      0.054                1.010     0.043 c    6.587 r    (519.94,529.41)        d 
  clk_G2B2I1 (net)                              2        0.099                                    1.010     0.000      6.587 r    [0.03,0.10]            d 
  CTSCKND12BWP7T_G2B2I2/I (INVD12BWP7T)                            0.000     0.057     0.000      1.010     0.005 c    6.592 r    (690.10,478.18)        d 
  CTSCKND12BWP7T_G2B2I2/ZN (INVD12BWP7T)                                     0.080                1.010     0.054 c    6.645 f    (693.97,478.27)        d 
  clk_G2B3I2 (net)                              7        0.398                                    1.010     0.000      6.645 f    [0.10,0.40]            d 
  CTSCKND12BWP7T_G2B1I3/I (CKND12BWP7T)                            0.000     0.082     0.000      1.010     0.005 c    6.650 f    (566.83,493.77)        d 
  CTSCKND12BWP7T_G2B1I3/ZN (CKND12BWP7T)                                     0.202                1.010     0.119 c    6.769 r    (570.70,494.03)        d 
  clk_G2B4I3 (net)                             93        0.490                                    1.010     0.000      6.769 r    [0.21,0.49]            d 
  SA_ctrl_state_compute_pump_reg_3_/CP (DFQD0BWP7T)                0.000     0.207     0.000      1.010     0.007 c    6.776 r    (595.66,646.99)
  clock reconvergence pessimism                                                                            -0.134      6.642
  SA_ctrl_state_compute_pump_reg_3_/CP (DFQD0BWP7T)                                                         0.000      6.642 r
  library hold time                                                                                         0.027      6.669
  data required time                                                                                                   6.669
  -----------------------------------------------------------------------------------------------------------------------------------------------------------------
  data required time                                                                                                   6.669
  data arrival time                                                                                                   -6.918
  -----------------------------------------------------------------------------------------------------------------------------------------------------------------
  slack (MET)                                                                                                          0.249


1
