Warning: Clock network timing may not be up-to-date since only 0.000000 percentage of clock nets are routed. (TIM-233)
 
****************************************
Report : timing
        -path full_clock
        -delay min
        -physical
        -derate
        -input_pins
        -nets
        -max_paths 1
        -transition_time
        -crosstalk_delta
        -capacitance
Design : systolic_array
Version: L-2016.03-SP5-3
Date   : Tue Dec 27 20:11:21 2022
****************************************

 * Some/all delay information is back-annotated.

Operating Conditions: BCCOM   Library: tcb018gbwp7tbc_ccs

Information: Percent of Arnoldi-based delays =  0.00%

  Startpoint: p_shift_in_B[1]
              (input port clocked by clk_p)
  Endpoint: SA_B_2_shift_reg_reg_4__1_
            (rising edge-triggered flip-flop clocked by clk_p)
  Path Group: REGIN
  Path Type: min

Attributes:
    d - dont_touch
    u - dont_use
   mo - map_only
   so - size_only
    i - ideal_net or ideal_network

  Point                                       Fanout       Cap     DTran     Trans     Delta     Derate      Incr       Path      Location / Load        Attributes
  -----------------------------------------------------------------------------------------------------------------------------------------------------------------
  clock clk_p (rise edge)                                                                                   0.000      0.000
  clock network delay (ideal)                                                                               0.000      0.000
  input external delay                                                                                     12.000     12.000 f
  p_shift_in_B[1] (in)                                                       3.826                0.990     2.282     14.282 f    (794.02, 0.00)
  p_shift_in_B[1] (net)                         1        1.971                                    0.990     0.000     14.282 f    [0.00,1.97]
  u_pad_data_in_9/PAD (PDDW0208CDG)                                0.000     3.826     0.000      0.990     0.063 *   14.346 f    (829.12, 2.43)         d 
  u_pad_data_in_9/C (PDDW0208CDG)                                            0.312                0.990     1.033     15.379 f    (845.52,119.50)        d 
  shift_in_B[1] (net)                           4        0.148                                    0.990     0.000     15.379 f    [0.12,0.15]
  U3840/A1 (ND2D1P5BWP7T)                                          0.000     0.312     0.000      0.990     0.010 *   15.388 f    (739.26,360.62)
  U3840/ZN (ND2D1P5BWP7T)                                                    0.158                0.990     0.166     15.554 r    (738.30,360.27)
  n3309 (net)                                   7        0.048                                    0.990     0.000     15.554 r    [0.03,0.05]
  U3924/A1 (OAI21D0BWP7T)                                          0.000     0.158     0.000      0.990     0.002 *   15.556 r    (864.52,380.40)
  U3924/ZN (OAI21D0BWP7T)                                                    0.061                0.990     0.059     15.615 f    (863.87,380.25)
  n883 (net)                                    1        0.007                                    0.990     0.000     15.615 f    [0.00,0.01]
  SA_B_2_shift_reg_reg_4__1_/D (DFQD0BWP7T)                        0.000     0.061     0.000      0.990     0.000 *   15.615 f    (861.25,396.13)        so 
  data arrival time                                                                                                   15.615

  clock clk_p (rise edge)                                                                                   0.000      0.000
  clock network delay (ideal)                                                                               0.000      0.000
  SA_B_2_shift_reg_reg_4__1_/CP (DFQD0BWP7T)                                                                0.000      0.000 r
  library hold time                                                                                         0.008      0.008
  data required time                                                                                                   0.008
  -----------------------------------------------------------------------------------------------------------------------------------------------------------------
  data required time                                                                                                   0.008
  data arrival time                                                                                                  -15.615
  -----------------------------------------------------------------------------------------------------------------------------------------------------------------
  slack (MET)                                                                                                         15.606


  Startpoint: SA_ctrl_state_overall_reg_0_
              (rising edge-triggered flip-flop clocked by clk_p)
  Endpoint: ack_p (output port clocked by clk_p)
  Path Group: REGOUT
  Path Type: min

Attributes:
    d - dont_touch
    u - dont_use
   mo - map_only
   so - size_only
    i - ideal_net or ideal_network

  Point                                       Fanout       Cap     DTran     Trans     Delta     Derate      Incr       Path      Location / Load        Attributes
  -----------------------------------------------------------------------------------------------------------------------------------------------------------------
  clock clk_p (rise edge)                                                                                   0.000      0.000
  clock network delay (ideal)                                                                               0.000      0.000
  SA_ctrl_state_overall_reg_0_/CP (DFQD1BWP7T)                     0.000     0.000     0.000      0.990     0.000      0.000 r    (564.86,603.80)        so i 
  SA_ctrl_state_overall_reg_0_/Q (DFQD1BWP7T)                                0.073                0.990     0.201      0.201 f    (574.14,603.77)        so 
  SA_ctrl_state_overall[0] (net)                3        0.030                                    0.990     0.000      0.201 f    [0.01,0.03]
  U2735/I (CKND2BWP7T)                                             0.000     0.073     0.000      0.990     0.000 *    0.201 f    (588.81,587.94)
  U2735/ZN (CKND2BWP7T)                                                      0.175                0.990     0.120      0.320 r    (589.68,588.14)
  n3910 (net)                                   7        0.082                                    0.990     0.000      0.320 r    [0.02,0.08]
  U1398/A2 (NR2XD4BWP7T)                                           0.000     0.175     0.000      0.990     0.001 *    0.322 r    (565.80,635.05)
  U1398/ZN (NR2XD4BWP7T)                                                     0.137                0.990     0.116      0.438 f    (570.05,634.43)
  ack (net)                                     9        0.218                                    0.990     0.000      0.438 f    [0.13,0.22]
  u_pad_data_out_8/I (PDDW0208CDG)                                 0.000     0.137     0.000      0.990     0.014 *    0.453 f    (356.29,959.50)        d 
  u_pad_data_out_8/PAD (PDDW0208CDG)                                         0.677                0.990     1.665      2.117 f    (343.03,1076.56)       d 
  ack_p (net)                                   1        2.073                                    0.990     0.000      2.117 f    [0.00,2.07]
  ack_p (out)                                                      0.000     0.677     0.000      0.990     0.003 *    2.121 f    (307.93,1074.13)
  data arrival time                                                                                                    2.121

  clock clk_p (rise edge)                                                                                   0.000      0.000
  clock network delay (ideal)                                                                               0.000      0.000
  output external delay                                                                                   -12.000    -12.000
  data required time                                                                                                 -12.000
  -----------------------------------------------------------------------------------------------------------------------------------------------------------------
  data required time                                                                                                 -12.000
  data arrival time                                                                                                   -2.121
  -----------------------------------------------------------------------------------------------------------------------------------------------------------------
  slack (MET)                                                                                                         14.121


  Startpoint: SA_ctrl_state_compute_pump_reg_3_
              (rising edge-triggered flip-flop clocked by clk_p)
  Endpoint: SA_ctrl_state_compute_pump_reg_3_
            (rising edge-triggered flip-flop clocked by clk_p)
  Path Group: clk_p
  Path Type: min

Attributes:
    d - dont_touch
    u - dont_use
   mo - map_only
   so - size_only
    i - ideal_net or ideal_network

  Point                                       Fanout       Cap     DTran     Trans     Delta     Derate      Incr       Path      Location / Load        Attributes
  -----------------------------------------------------------------------------------------------------------------------------------------------------------------
  clock clk_p (rise edge)                                                                                   0.000      0.000
  clock network delay (ideal)                                                                               0.000      0.000
  SA_ctrl_state_compute_pump_reg_3_/CP (DFQD0BWP7T)                0.000     0.000     0.000      0.990     0.000      0.000 r    (595.66,646.99)        so i 
  SA_ctrl_state_compute_pump_reg_3_/Q (DFQD0BWP7T)                           0.146                0.990     0.202      0.202 r    (604.93,647.07)        so 
  SA_ctrl_state_compute_pump[3] (net)           3        0.016                                    0.990     0.000      0.202 r    [0.01,0.02]
  U3456/A1 (AOI21D0BWP7T)                                          0.000     0.146     0.000      0.990     0.000 *    0.202 r    (602.14,627.08)
  U3456/ZN (AOI21D0BWP7T)                                                    0.061                0.990     0.062      0.264 f    (602.53,627.07)
  n1044 (net)                                   1        0.008                                    0.990     0.000      0.264 f    [0.00,0.01]
  SA_ctrl_state_compute_pump_reg_3_/D (DFQD0BWP7T)                 0.000     0.061     0.000      0.990     0.000 *    0.264 f    (597.49,647.01)        so 
  data arrival time                                                                                                    0.264

  clock clk_p (rise edge)                                                                                   0.000      0.000
  clock network delay (ideal)                                                                               0.000      0.000
  SA_ctrl_state_compute_pump_reg_3_/CP (DFQD0BWP7T)                                                         0.000      0.000 r
  library hold time                                                                                         0.008      0.008
  data required time                                                                                                   0.008
  -----------------------------------------------------------------------------------------------------------------------------------------------------------------
  data required time                                                                                                   0.008
  data arrival time                                                                                                   -0.264
  -----------------------------------------------------------------------------------------------------------------------------------------------------------------
  slack (MET)                                                                                                          0.256


1
