Warning: Clock network timing may not be up-to-date since only 0.000000 percentage of clock nets are routed. (TIM-233)
 
****************************************
Report : timing
        -path full_clock
        -delay max
        -physical
        -derate
        -input_pins
        -nets
        -max_paths 1
        -transition_time
        -crosstalk_delta
        -capacitance
Design : systolic_array
Version: L-2016.03-SP5-3
Date   : Tue Dec 27 20:11:21 2022
****************************************

 * Some/all delay information is back-annotated.

Operating Conditions: WCCOM   Library: tcb018gbwp7twc_ccs

Information: Percent of Arnoldi-based delays =  0.00%

  Startpoint: rstn_p (input port clocked by clk_p)
  Endpoint: SA_A_3_shift_reg_reg_4__2_
            (rising edge-triggered flip-flop clocked by clk_p)
  Path Group: REGIN
  Path Type: max

Attributes:
    d - dont_touch
    u - dont_use
   mo - map_only
   so - size_only
    i - ideal_net or ideal_network

  Point                                       Fanout       Cap     DTran     Trans     Delta     Derate      Incr       Path      Location / Load        Attributes
  -----------------------------------------------------------------------------------------------------------------------------------------------------------------
  clock clk_p (rise edge)                                                                                   0.000      0.000
  clock network delay (ideal)                                                                               0.000      0.000
  input external delay                                                                                     12.000     12.000 r
  rstn_p (in)                                                               18.059                1.010    10.020     22.020 r    (875.03,1074.13)
  rstn_p (net)                                  1        2.305                                    1.010     0.000     22.020 r    [0.00,2.31]
  u_pad_rst_n/PAD (PDUW0208SCDG)                                   0.000    18.059     0.000      1.010     0.093 *   22.112 r    (910.14,1076.56)       d 
  u_pad_rst_n/C (PDUW0208SCDG)                                               0.443                1.010     5.922     28.035 r    (893.74,959.50)        d 
  rstn (net)                                    1        0.097                                    1.010     0.000     28.035 r    [0.09,0.10]
  icc_place1409/I (BUFFD1P5BWP7T)                                  0.000     0.443     0.000      1.010     0.012 *   28.047 r    (662.11,917.16)
  icc_place1409/Z (BUFFD1P5BWP7T)                                            0.452                1.010     0.383     28.431 r    (660.65,917.30)
  n4515 (net)                                   5        0.080                                    1.010     0.000     28.431 r    [0.06,0.08]
  icc_place1410/I (INVD2BWP7T)                                     0.000     0.452     0.000      1.010     0.009 *   28.440 r    (636.41,603.62)
  icc_place1410/ZN (INVD2BWP7T)                                              0.269                1.010     0.245     28.685 f    (637.27,603.79)
  n4516 (net)                                   8        0.095                                    1.010     0.000     28.685 f    [0.06,0.09]
  U3493/B (AOI21D0BWP7T)                                           0.000     0.269     0.000      1.010     0.002 *   28.687 f    (612.52,607.82)
  U3493/ZN (AOI21D0BWP7T)                                                    1.440                1.010     0.956     29.642 r    (611.31,608.05)
  n3322 (net)                                   1        0.040                                    1.010     0.000     29.642 r    [0.04,0.04]
  icc_place1519/I (BUFFD1BWP7T)                                    0.000     1.440     0.000      1.010     0.000 *   29.642 r    (612.22,611.81)
  icc_place1519/Z (BUFFD1BWP7T)                                              0.351                1.010     0.395     30.038 r    (613.34,611.67)
  n4914 (net)                                   1        0.039                                    1.010     0.000     30.038 r    [0.03,0.04]
  icc_place1751/I (BUFFD4BWP7T)                                    0.000     0.351     0.000      1.010     0.002 *   30.040 r    (643.07,450.77)
  icc_place1751/Z (BUFFD4BWP7T)                                              0.412                1.010     0.355     30.395 r    (646.07,451.11)
  n4857 (net)                                  26        0.196                                    1.010     0.000     30.395 r    [0.05,0.20]
  U3608/B (OAI31D1BWP7T)                                           0.000     0.412     0.000      1.010     0.010 *   30.405 r    (719.48,431.36)
  U3608/ZN (OAI31D1BWP7T)                                                    0.274                1.010     0.239     30.644 f    (717.59,431.20)
  n3369 (net)                                   1        0.019                                    1.010     0.000     30.644 f    [0.01,0.02]
  icc_place1753/I (CKBD1BWP7T)                                     0.000     0.274     0.000      1.010     0.000 *   30.644 f    (727.58,431.48)
  icc_place1753/Z (CKBD1BWP7T)                                               0.254                1.010     0.294     30.938 f    (728.70,431.35)
  n4859 (net)                                   2        0.030                                    1.010     0.000     30.938 f    [0.01,0.03]
  icc_place1754/I (INVD0BWP7T)                                     0.000     0.254     0.000      1.010     0.001 *   30.938 f    (731.24,431.36)
  icc_place1754/ZN (INVD0BWP7T)                                              0.322                1.010     0.267     31.205 r    (730.44,431.26)
  n4860 (net)                                   1        0.016                                    1.010     0.000     31.205 r    [0.00,0.02]
  U2554/A1 (IND2D4BWP7T)                                           0.000     0.322     0.000      1.010     0.001 *   31.206 r    (728.74,462.44)
  U2554/ZN (IND2D4BWP7T)                                                     0.479                1.010     0.400     31.605 r    (733.59,463.03)
  n3208 (net)                                  32        0.216                                    1.010     0.000     31.605 r    [0.13,0.22]
  U4312/B2 (AOI22D0BWP7T)                                          0.000     0.479     0.000      1.010     0.009 *   31.614 r    (749.98,576.12)
  U4312/ZN (AOI22D0BWP7T)                                                    0.207                1.010     0.190     31.804 f    (749.23,576.64)
  n3540 (net)                                   1        0.004                                    1.010     0.000     31.804 f    [0.00,0.00]
  U4313/B (OAI21D0BWP7T)                                           0.000     0.207     0.000      1.010     0.000 *   31.804 f    (762.90,584.52)
  U4313/ZN (OAI21D0BWP7T)                                                    0.382                1.010     0.207     32.011 r    (764.37,584.09)
  n714 (net)                                    1        0.007                                    1.010     0.000     32.011 r    [0.00,0.01]
  icc_place1465/I (BUFFD1BWP7T)                                    0.000     0.382     0.000      1.010     0.000 *   32.011 r    (763.46,588.29)
  icc_place1465/Z (BUFFD1BWP7T)                                              0.127                1.010     0.211     32.222 r    (762.34,588.16)
  n4913 (net)                                   1        0.011                                    1.010     0.000     32.222 r    [0.01,0.01]
  SA_A_3_shift_reg_reg_4__2_/D (DFQD0BWP7T)                        0.000     0.127     0.000      1.010     0.000 *   32.222 r    (717.33,588.11)        so 
  data arrival time                                                                                                   32.222

  clock clk_p (rise edge)                                                                                  40.000     40.000
  clock network delay (ideal)                                                                               0.000     40.000
  clock uncertainty                                                                                        -0.500     39.500
  SA_A_3_shift_reg_reg_4__2_/CP (DFQD0BWP7T)                                                                0.000     39.500 r
  library setup time                                                                                       -0.090     39.410
  data required time                                                                                                  39.410
  -----------------------------------------------------------------------------------------------------------------------------------------------------------------
  data required time                                                                                                  39.410
  data arrival time                                                                                                  -32.222
  -----------------------------------------------------------------------------------------------------------------------------------------------------------------
  slack (MET)                                                                                                          7.188


  Startpoint: SA_ctrl_state_overall_reg_1_
              (rising edge-triggered flip-flop clocked by clk_p)
  Endpoint: p_shift_out[0]
            (output port clocked by clk_p)
  Path Group: REGOUT
  Path Type: max

Attributes:
    d - dont_touch
    u - dont_use
   mo - map_only
   so - size_only
    i - ideal_net or ideal_network

  Point                                       Fanout       Cap     DTran     Trans     Delta     Derate      Incr       Path      Location / Load        Attributes
  -----------------------------------------------------------------------------------------------------------------------------------------------------------------
  clock clk_p (rise edge)                                                                                   0.000      0.000
  clock network delay (ideal)                                                                               0.000      0.000
  SA_ctrl_state_overall_reg_1_/CP (DFQD1BWP7T)                     0.000     0.000     0.000      1.010     0.000      0.000 r    (565.42,619.48)        so i 
  SA_ctrl_state_overall_reg_1_/Q (DFQD1BWP7T)                                0.388                1.010     0.508      0.508 r    (574.70,619.45)        so 
  SA_ctrl_state_overall[1] (net)                5        0.045                                    1.010     0.000      0.508 r    [0.01,0.04]
  icc_place1675/I (INVD2BWP7T)                                     0.000     0.388     0.000      1.010     0.000 *    0.508 r    (588.81,619.30)
  icc_place1675/ZN (INVD2BWP7T)                                              0.247                1.010     0.225      0.733 f    (589.67,619.47)
  n4781 (net)                                   5        0.090                                    1.010     0.000      0.733 f    [0.03,0.09]
  U1398/A1 (NR2XD4BWP7T)                                           0.000     0.247     0.000      1.010     0.002 *    0.735 f    (573.35,635.05)
  U1398/ZN (NR2XD4BWP7T)                                                     0.471                1.010     0.343      1.079 r    (570.05,634.43)
  ack (net)                                     9        0.205                                    1.010     0.000      1.079 r    [0.13,0.20]
  U1417/A3 (ND3D4BWP7T)                                            0.000     0.471     0.000      1.010     0.011 *    1.090 r    (429.40,631.31)
  U1417/ZN (ND3D4BWP7T)                                                      0.467                1.010     0.370      1.460 f    (433.11,630.63)
  n3055 (net)                                   5        0.161                                    1.010     0.000      1.460 f    [0.09,0.16]
  icc_place1756/I (INVD2BWP7T)                                     0.000     0.467     0.000      1.010     0.000 *    1.460 f    (286.79,642.82)
  icc_place1756/ZN (INVD2BWP7T)                                              0.343                1.010     0.318      1.778 r    (285.93,642.99)
  n4862 (net)                                   8        0.066                                    1.010     0.000      1.778 r    [0.02,0.07]
  U1420/A1 (AOI22D0BWP7T)                                          0.000     0.343     0.000      1.010     0.006 *    1.785 r    (267.56,752.80)
  U1420/ZN (AOI22D0BWP7T)                                                    0.586                1.010     0.409      2.193 f    (266.93,752.56)
  n1055 (net)                                   1        0.034                                    1.010     0.000      2.193 f    [0.03,0.03]
  U1421/A2 (ND2D1BWP7T)                                            0.000     0.586     0.000      1.010     0.000 *    2.193 f    (267.83,757.00)
  U1421/ZN (ND2D1BWP7T)                                                      0.557                1.010     0.491      2.684 r    (266.78,756.93)
  shift_out[0] (net)                            1        0.055                                    1.010     0.000      2.684 r    [0.03,0.06]
  u_pad_data_out_0/I (PDDW0208CDG)                                 0.000     0.557     0.000      1.010     0.004 *    2.688 r    (275.27,959.50)        d 
  u_pad_data_out_0/PAD (PDDW0208CDG)                                         1.367                1.010     4.107      6.795 r    (262.02,1076.56)       d 
  p_shift_out[0] (net)                          1        2.408                                    1.010     0.000      6.795 r    [0.00,2.41]
  p_shift_out[0] (out)                                             0.000     1.367     0.000      1.010     0.004 *    6.799 r    (226.91,1074.13)
  data arrival time                                                                                                    6.799

  clock clk_p (rise edge)                                                                                  40.000     40.000
  clock network delay (ideal)                                                                               0.000     40.000
  clock uncertainty                                                                                        -0.500     39.500
  output external delay                                                                                   -12.000     27.500
  data required time                                                                                                  27.500
  -----------------------------------------------------------------------------------------------------------------------------------------------------------------
  data required time                                                                                                  27.500
  data arrival time                                                                                                   -6.799
  -----------------------------------------------------------------------------------------------------------------------------------------------------------------
  slack (MET)                                                                                                         20.701


  Startpoint: SA_core_pe_1_0_Bij_o_reg_2_
              (rising edge-triggered flip-flop clocked by clk_p)
  Endpoint: SA_core_pe_2_0_Cij_o_reg_7_
            (rising edge-triggered flip-flop clocked by clk_p)
  Path Group: clk_p
  Path Type: max

Attributes:
    d - dont_touch
    u - dont_use
   mo - map_only
   so - size_only
    i - ideal_net or ideal_network

  Point                                       Fanout       Cap     DTran     Trans     Delta     Derate      Incr       Path      Location / Load        Attributes
  -----------------------------------------------------------------------------------------------------------------------------------------------------------------
  clock clk_p (rise edge)                                                                                   0.000      0.000
  clock network delay (ideal)                                                                               0.000      0.000
  SA_core_pe_1_0_Bij_o_reg_2_/CP (DFQD0BWP7T)                      0.000     0.000     0.000      1.010     0.000      0.000 r    (646.62,654.84)        so i 
  SA_core_pe_1_0_Bij_o_reg_2_/Q (DFQD0BWP7T)                                 1.501                1.010     1.117      1.117 r    (655.90,654.91)        so 
  SA_core_connect[106] (net)                    1        0.091                                    1.010     0.000      1.117 r    [0.09,0.09]
  icc_place1607/I (CKBD1BWP7T)                                     0.000     1.501     0.000      1.010     0.011 *    1.128 r    (717.50,709.56)
  icc_place1607/Z (CKBD1BWP7T)                                               0.213                1.010     0.372      1.499 r    (718.61,709.69)
  n4713 (net)                                   2        0.021                                    1.010     0.000      1.499 r    [0.01,0.02]
  icc_place1608/I (INVD1BWP7T)                                     0.000     0.213     0.000      1.010     0.001 *    1.500 r    (800.48,725.58)
  icc_place1608/ZN (INVD1BWP7T)                                              0.259                1.010     0.217      1.717 f    (801.49,725.51)
  n4714 (net)                                   8        0.056                                    1.010     0.000      1.717 f    [0.02,0.06]
  U2384/A1 (NR2D1BWP7T)                                            0.000     0.259     0.000      1.010     0.002 *    1.719 f    (840.73,760.36)
  U2384/ZN (NR2D1BWP7T)                                                      0.260                1.010     0.224      1.943 r    (841.33,760.42)
  n1966 (net)                                   1        0.010                                    1.010     0.000      1.943 r    [0.00,0.01]
  U2401/A (FA1D0BWP7T)                                             0.000     0.260     0.000      1.010     0.000 *    1.943 r    (814.68,760.63)
  U2401/S (FA1D0BWP7T)                                                       0.186                1.010     0.718      2.661 f    (825.41,760.26)
  n1959 (net)                                   1        0.015                                    1.010     0.000      2.661 f    [0.01,0.01]
  U2396/B (FA1D0BWP7T)                                             0.000     0.186     0.000      1.010     0.000 *    2.661 f    (822.80,776.55)
  U2396/S (FA1D0BWP7T)                                                       0.250                1.010     0.633      3.294 r    (815.71,775.94)
  n1955 (net)                                   2        0.012                                    1.010     0.000      3.294 r    [0.01,0.01]
  U2392/I (INVD0BWP7T)                                             0.000     0.250     0.000      1.010     0.000 *    3.294 r    (813.56,776.32)
  U2392/ZN (INVD0BWP7T)                                                      0.203                1.010     0.186      3.479 f    (812.76,776.22)
  n1962 (net)                                   2        0.020                                    1.010     0.000      3.479 f    [0.01,0.02]
  U1946/B (MAOI222D2BWP7T)                                         0.000     0.203     0.000      1.010     0.000 *    3.479 f    (807.98,775.99)
  U1946/ZN (MAOI222D2BWP7T)                                                  0.078                1.010     0.475      3.954 r    (811.45,776.18)
  n4229 (net)                                   1        0.009                                    1.010     0.000      3.954 r    [0.00,0.01]
  U2407/B (FA1D0BWP7T)                                             0.000     0.078     0.000      1.010     0.000 *    3.954 r    (886.64,776.55)
  U2407/CO (FA1D0BWP7T)                                                      0.393                1.010     0.564      4.518 r    (895.02,776.03)
  n1987 (net)                                   3        0.022                                    1.010     0.000      4.518 r    [0.01,0.02]
  U2422/A (MAOI222D1BWP7T)                                         0.000     0.393     0.000      1.010     0.000 *    4.518 r    (927.53,776.04)
  U2422/ZN (MAOI222D1BWP7T)                                                  0.206                1.010     0.190      4.708 f    (930.26,776.10)
  n1988 (net)                                   1        0.005                                    1.010     0.000      4.708 f    [0.00,0.00]
  icc_place1794/I (INVD0BWP7T)                                     0.000     0.206     0.000      1.010     0.000 *    4.708 f    (935.64,748.88)
  icc_place1794/ZN (INVD0BWP7T)                                              0.246                1.010     0.209      4.917 r    (934.84,748.98)
  n4900 (net)                                   1        0.011                                    1.010     0.000      4.917 r    [0.01,0.01]
  U2442/A (FA1D0BWP7T)                                             0.000     0.246     0.000      1.010     0.000 *    4.917 r    (910.44,729.27)
  U2442/CO (FA1D0BWP7T)                                                      0.473                1.010     0.782      5.700 r    (898.42,728.99)
  n2027 (net)                                   1        0.027                                    1.010     0.000      5.700 r    [0.02,0.03]
  U2459/A1 (XNR4D0BWP7T)                                           0.000     0.473     0.000      1.010     0.000 *    5.700 r    (894.48,702.12)
  U2459/ZN (XNR4D0BWP7T)                                                     0.437                1.010     0.743      6.443 r    (890.53,702.15)
  n2057 (net)                                   2        0.024                                    1.010     0.000      6.443 r    [0.01,0.02]
  U2460/A2 (NR2D1BWP7T)                                            0.000     0.437     0.000      1.010     0.000 *    6.443 r    (871.80,682.21)
  U2460/ZN (NR2D1BWP7T)                                                      0.135                1.010     0.122      6.565 f    (871.01,682.03)
  n2055 (net)                                   1        0.009                                    1.010     0.000      6.565 f    [0.00,0.01]
  U2461/C (AOI211D1BWP7T)                                          0.000     0.135     0.000      1.010     0.000 *    6.565 f    (875.42,682.47)
  U2461/ZN (AOI211D1BWP7T)                                                   0.420                1.010     0.371      6.936 r    (873.75,681.82)
  SA_core_pe_2_0_N17 (net)                      1        0.006                                    1.010     0.000      6.936 r    [0.00,0.01]
  SA_core_pe_2_0_Cij_o_reg_7_/D (DFQD0BWP7T)                       0.000     0.420     0.000      1.010     0.000 *    6.936 r    (862.19,678.37)        so 
  data arrival time                                                                                                    6.936

  clock clk_p (rise edge)                                                                                  40.000     40.000
  clock network delay (ideal)                                                                               0.000     40.000
  clock uncertainty                                                                                        -0.500     39.500
  SA_core_pe_2_0_Cij_o_reg_7_/CP (DFQD0BWP7T)                                                               0.000     39.500 r
  library setup time                                                                                       -0.119     39.381
  data required time                                                                                                  39.381
  -----------------------------------------------------------------------------------------------------------------------------------------------------------------
  data required time                                                                                                  39.381
  data arrival time                                                                                                   -6.936
  -----------------------------------------------------------------------------------------------------------------------------------------------------------------
  slack (MET)                                                                                                         32.445


1
