 
****************************************
Report : design
        -physical
Design : systolic_array
Version: L-2016.03-SP5-3
Date   : Tue Dec 27 20:15:46 2022
****************************************

	Parasitic source    : LPE
	Parasitic mode      : RealRC
	Extraction mode     : MIN_MAX
	Extraction derating : 0/25/125
****************************** P&R Summary ********************************
Date : Tue Dec 27 20:15:46 2022
Machine Host Name: c01n10
Working Directory: /bks2/PB20000328/ic_design/apr
Library Name:      systolic_array_APR
Cell Name:         route_icc.CEL;1
Design Statistics:
    Number of Module Cells:        7970
    Number of Pins:                30470
    Number of IO Pad Cells:        40
    Number of IO Pins:             28
    Number of Nets:                4389
    Average Pins Per Net (Signal): 3.13982

Chip Utilization:
    Total Std Cell Area:           85265.96
    Total Blockage Area:           85191.32
    Total Pad Cell Area:           451600.00
    Core Size:     width 781.20, height 768.32; area 600211.58
    Pad Core Size: width 851.20, height 839.00; area 714156.80
    Chip Size:     width 1091.20, height 1079.00; area 1177404.80
    Std cells utilization:         16.56% 
    Cell/Core Ratio:               14.21%
    Cell/Chip Ratio:               45.60%
    Number of Cell Rows:            196

Master Instantiation:
	MasterName	Type	InstCount
	=================================
	TAPCELLBWP7T	STD	3920
	DFQD0BWP7T	STD	652
	NR2D1BWP7T	STD	526
	OAI21D0BWP7T	STD	434
	AOI22D0BWP7T	STD	389
	FA1D0BWP7T	STD	286
	ND2D1BWP7T	STD	208
	CKBD1BWP7T	STD	135
	INVD0BWP7T	STD	134
	INVD1BWP7T	STD	130
	DFQD1BWP7T	STD	106
	AN2D1BWP7T	STD	87
	MAOI22D0BWP7T	STD	68
	INVD2BWP7T	STD	50
	ND3D0BWP7T	STD	44
	XOR4D0BWP7T	STD	40
	MOAI22D0BWP7T	STD	36
	XNR4D0BWP7T	STD	35
	AOI21D0BWP7T	STD	34
	BUFFD1P5BWP7T	STD	32
	AOI21D1BWP7T	STD	29
	AN3D1BWP7T	STD	27
	NR3D1BWP7T	STD	27
	IAO21D0BWP7T	STD	24
	MAOI222D1BWP7T	STD	24
	XNR3D0BWP7T	STD	23
	CKND1BWP7T	STD	23
	DFQD2BWP7T	STD	23
	ND2D1P5BWP7T	STD	23
	AO22D0BWP7T	STD	21
	BUFFD2BWP7T	STD	21
	IOA21D0BWP7T	STD	19
	OA21D0BWP7T	STD	18
	OAI31D1BWP7T	STD	18
	NR3D0BWP7T	STD	15
	ND2D4BWP7T	STD	14
	BUFFD1BWP7T	STD	13
	OAI21D1BWP7T	STD	13
	XOR3D0BWP7T	STD	12
	MAOI222D2BWP7T	STD	12
	AOI22D1BWP7T	STD	12
	IOA22D2BWP7T	STD	12
	AOI211D1BWP7T	STD	9
	BUFFD5BWP7T	STD	9
	MOAI22D1BWP7T	STD	7
	CKND0BWP7T	STD	7
	OAI22D1BWP7T	STD	7
	OAI31D2BWP7T	STD	6
	OA31D0BWP7T	STD	6
	CKND2D1BWP7T	STD	6
	BUFFD3BWP7T	STD	6
	OAI211D1BWP7T	STD	5
	OAI211D0BWP7T	STD	5
	BUFFD4BWP7T	STD	5
	ND2D3BWP7T	STD	4
	IND2D4BWP7T	STD	4
	CKND8BWP7T	STD	4
	IAO21D1BWP7T	STD	4
	CKND10BWP7T	STD	4
	OA32D0BWP7T	STD	3
	AN2D4BWP7T	STD	3
	INVD4BWP7T	STD	3
	OA31D1BWP7T	STD	3
	INVD3BWP7T	STD	3
	BUFFD6BWP7T	STD	3
	CKBD0BWP7T	STD	3
	CKND2BWP7T	STD	3
	NR2XD1BWP7T	STD	3
	INR2XD4BWP7T	STD	3
	AOI22D2BWP7T	STD	3
	MAOI22D1BWP7T	STD	3
	IOA22D1BWP7T	STD	3
	CKND12BWP7T	STD	3
	OAI22D0BWP7T	STD	2
	OAI31D0BWP7T	STD	2
	AO211D0BWP7T	STD	2
	CKND2D0BWP7T	STD	2
	OR4XD1BWP7T	STD	2
	INVD5BWP7T	STD	2
	OR2D4BWP7T	STD	2
	OR4D1BWP7T	STD	2
	CKND2D4BWP7T	STD	2
	NR2XD3BWP7T	STD	2
	FA1D1BWP7T	STD	2
	INVD10BWP7T	STD	2
	DFD0BWP7T	STD	1
	ND2D2BWP7T	STD	1
	AO222D0BWP7T	STD	1
	INR2D1BWP7T	STD	1
	TIEHBWP7T	STD	1
	TIELBWP7T	STD	1
	OA211D0BWP7T	STD	1
	AN4D1BWP7T	STD	1
	IND2D2BWP7T	STD	1
	AN2D0BWP7T	STD	1
	AOI21D2BWP7T	STD	1
	DFKCND2BWP7T	STD	1
	AOI211XD0BWP7T	STD	1
	CKND3BWP7T	STD	1
	INVD6BWP7T	STD	1
	NR3D3BWP7T	STD	1
	BUFFD8BWP7T	STD	1
	CKND4BWP7T	STD	1
	CKND2D2BWP7T	STD	1
	AOI221D1BWP7T	STD	1
	NR3D4BWP7T	STD	1
	ND3D4BWP7T	STD	1
	OAI221D2BWP7T	STD	1
	AOI32D1BWP7T	STD	1
	MOAI22D2BWP7T	STD	1
	ND2D5BWP7T	STD	1
	NR2XD4BWP7T	STD	1
	IAO22D2BWP7T	STD	1
	AN2D2BWP7T	STD	1
	NR2D3BWP7T	STD	1
	NR2D2BWP7T	STD	1
	XNR4D1BWP7T	STD	1
	ND3D1BWP7T	STD	1
	NR2D2P5BWP7T	STD	1
	AOI211D2BWP7T	STD	1
	INVD12BWP7T	STD	1
	XNR3D1BWP7T	STD	1
	PFILLER0005	IO	80
	PFILLER1	IO	40
	PDDW0208CDG	IO	26
	PFILLER10	IO	4
	PVDD2CDG	IO	4
	PVSS3CDG	IO	4
	PVDD1CDG	IO	4
	PFILLER5	IO	4
	PDUW0208SCDG	IO	1
	PDDW0208SCDG	IO	1
	PCORNER		CORNER	4
	=================================

Timing/Optimization Information:

Global Routing Information:
    layer METAL1, dir Hor, min width = 0.23, min space = 0.23 pitch = 0.56
    layer METAL2, dir Ver, min width = 0.28, min space = 0.28 pitch = 0.56
    layer METAL3, dir Hor, min width = 0.28, min space = 0.28 pitch = 0.56
    layer METAL4, dir Ver, min width = 0.28, min space = 0.28 pitch = 0.56
    layer METAL5, dir Hor, min width = 0.44, min space = 0.46 pitch = 0.90
     
    Average gCell capacity  2.58	 on layer (1)	 METAL1
    Average gCell capacity  3.99	 on layer (2)	 METAL2
    Average gCell capacity  3.79	 on layer (3)	 METAL3
    Average gCell capacity  6.24	 on layer (4)	 METAL4
    Average gCell capacity  4.33	 on layer (5)	 METAL5
     
    Initial. Both Dirs: Overflow =    19 Max = 1 GRCs =    31 (0.02%)
    Initial. H routing: Overflow =     4 Max = 1 (GRCs =  4) GRCs =     5 (0.01%)
    Initial. V routing: Overflow =    15 Max = 1 (GRCs =  3) GRCs =    26 (0.03%)
     
    phase1. Both Dirs: Overflow =     5 Max = 1 GRCs =     9 (0.01%)
    phase1. H routing: Overflow =     1 Max = 1 (GRCs =  1) GRCs =     2 (0.00%)
    phase1. V routing: Overflow =     4 Max = 1 (GRCs =  1) GRCs =     7 (0.01%)
     
    phase2. Both Dirs: Overflow =     3 Max = 1 GRCs =     6 (0.00%)
    phase2. H routing: Overflow =     3 Max = 1 (GRCs =  1) GRCs =     6 (0.01%)
    phase2. V routing: Overflow =     0 Max = 0 (GRCs =  0) GRCs =     0 (0.00%)
     
    phase3. Both Dirs: Overflow =     3 Max = 1 GRCs =     6 (0.00%)
    phase3. H routing: Overflow =     3 Max = 1 (GRCs =  1) GRCs =     6 (0.01%)
    phase3. V routing: Overflow =     0 Max = 0 (GRCs =  0) GRCs =     0 (0.00%)
     
    Total Wire Length = 361726.61
    Layer METAL1 wire length = 19203.83
    Layer METAL2 wire length = 155264.95
    Layer METAL3 wire length = 172941.15
    Layer METAL4 wire length = 14316.67
    Layer METAL5 wire length = 0.00
    Total Number of Contacts = 26632
    Via VIA12 count = 14130
    Via VIA23 count = 12146
    Via VIA34 count = 356
    Via VIA45 count = 0
     
    Elapsed real time: 0:00:01
    Elapsed cpu time: sys = 0:00:00 usr = 0:00:01 total = 0:00:01
    Total Proc Memory(MB): 2498

Track Assignment Information:
    Number of wires with overlap after iteration 0 = 20255 of 34450

    Number of wires with overlap after iteration 1 = 13520 of 26108

    Total METAL1 wire length: 15973.0
    Total METAL2 wire length: 149438.0
    Total METAL3 wire length: 177270.5
    Total METAL4 wire length: 19499.7
    Total METAL5 wire length: 0.0
    Total wire length: 362181.2

    Elapsed real time: 0:00:02
    Elapsed cpu time: sys = 0:00:00 usr = 0:00:02 total = 0:00:02
    Total Proc Memory(MB): 2536

Detailed Routing Information:
    

    ---------- Detail route ----------

     
    Iteration 0: DRC-SUMMARY:
    	@@@@@@@ TOTAL VIOLATIONS =	2
    	@@@@ Total number of instance ports with antenna violations =	42
     
    Iteration 1: DRC-SUMMARY:
    	@@@@@@@ TOTAL VIOLATIONS =	1
    	@@@@ Total number of instance ports with antenna violations =	1
     
    Iteration 2: DRC-SUMMARY:
    	@@@@@@@ TOTAL VIOLATIONS =	0
    	@@@@ Total number of instance ports with antenna violations =	0
    DR finished with 0 violations
     
    DRC-SUMMARY:
    	@@@@@@@ TOTAL VIOLATIONS =	0
    

    ---------- Chip finish: insert redundant vias ----------

    RedundantVia finished with 0 violations
     
    DRC-SUMMARY:
    	@@@@@@@ TOTAL VIOLATIONS =	0
     
    Begin DRC fixing ...

     
    Iteration 1: DRC-SUMMARY:
    	@@@@@@@ TOTAL VIOLATIONS =	0
    	@@@@ Total number of instance ports with antenna violations =	0
     
    Elapsed real time: 0:00:14
    Elapsed cpu time: sys = 0:00:00 usr = 0:00:14 total = 0:00:14
    Total Proc Memory(MB): 2536
     
    Cumulative run time upto current stage: Elapsed = 0:00:14 CPU = 0:00:14
     
    DR finished with 0 open nets, of which 0 are frozen
    DR finished with 0 violations
     
    DRC-SUMMARY:
    	@@@@@@@ TOTAL VIOLATIONS =	0
    Total number of nets = 4389
    0 open nets, of which 0 are frozen
    Total number of excluded ports = 0 ports of 0 unplaced cells connected to 0 nets
                                     0 ports without pins of 0 cells connected to 0 nets
                                     0 ports of 0 cover cells connected to 0 non-pg nets
    Total number of DRCs = 0
    Total number of antenna violations = 0
    Total number of voltage-area violations = no voltage-areas defined
    

     
    Elapsed real time: 0:00:00
    Elapsed cpu time: sys = 0:00:00 usr = 0:00:00 total = 0:00:00
    Total Proc Memory(MB): 2536
     
    Cumulative run time upto current stage: Elapsed = 0:00:14 CPU = 0:00:14
     
    Total Wire Length =                    380991 micron
    Total Number of Contacts =             32372
    Total Number of Wires =                27095
    Total Number of PtConns =              97
    Total Number of Routed Wires =       27095
    Total Routed Wire Length =           380967 micron
    Total Number of Routed Contacts =       32372
    	Layer          METAL1 :      15980 micron
    	Layer          METAL2 :     149416 micron
    	Layer          METAL3 :     186177 micron
    	Layer          METAL4 :      29418 micron
    	Layer          METAL5 :          0 micron
    	Via             VIA34 :          9
    	Via         VIA34_1x2 :        145
    	Via    VIA34(rot)_2x1 :          8
    	Via    VIA34(rot)_1x2 :          1
    	Via         VIA34_2x1 :       1556
    	Via             VIA23 :        273
    	Via         VIA23_1x2 :      12448
    	Via    VIA23(rot)_1x2 :          4
    	Via         VIA23_2x1 :       2852
    	Via             VIA12 :        165
    	Via        VIA12(rot) :          1
    	Via            VIA12V :        238
    	Via       VIA12V(rot) :          2
    	Via         VIA12_1x2 :        776
    	Via    VIA12(rot)_2x1 :         27
    	Via    VIA12(rot)_1x2 :         23
    	Via         VIA12_2x1 :       2525
    	Via        VIA12H_1x2 :         13
    	Via   VIA12H(rot)_2x1 :       2605
    	Via   VIA12H(rot)_1x2 :       8282
    	Via        VIA12H_2x1 :        419
     
    Redundant via conversion report:
    --------------------------------

      Total optimized via conversion rate = 97.87% (31684 / 32372 vias)
     
        Layer VIA12      = 97.31% (14670  / 15076   vias)
            Weight 1     = 97.31% (14670   vias)
            Un-optimized =  2.69% (406     vias)
        Layer VIA23      = 98.25% (15304  / 15577   vias)
            Weight 1     = 98.25% (15304   vias)
            Un-optimized =  1.75% (273     vias)
        Layer VIA34      = 99.48% (1710   / 1719    vias)
            Weight 1     = 99.48% (1710    vias)
            Un-optimized =  0.52% (9       vias)
     
      Total double via conversion rate    = 97.87% (31684 / 32372 vias)
     
        Layer VIA12      = 97.31% (14670  / 15076   vias)
        Layer VIA23      = 98.25% (15304  / 15577   vias)
        Layer VIA34      = 99.48% (1710   / 1719    vias)
     
      The optimized via conversion rate based on total routed via count = 97.87% (31684 / 32372 vias)
     
        Layer VIA12      = 97.31% (14670  / 15076   vias)
            Weight 1     = 97.31% (14670   vias)
            Un-optimized =  2.69% (406     vias)
        Layer VIA23      = 98.25% (15304  / 15577   vias)
            Weight 1     = 98.25% (15304   vias)
            Un-optimized =  1.75% (273     vias)
        Layer VIA34      = 99.48% (1710   / 1719    vias)
            Weight 1     = 99.48% (1710    vias)
            Un-optimized =  0.52% (9       vias)
     

DRC information: 
      Total error number: 0

Ring Wiring Statistics:
    metal3 Wire Length(count):               3223.92(4)
    metal4 Wire Length(count):               3172.16(4)
  ==============================================
    Total Wire Length(count):                6396.08(8)
    Number of via3 Contacts:              8
  ==============================================
    Total Number of Contacts:        8

Stripe Wiring Statistics:
    metal4 Wire Length(count):              28873.44(36)
  ==============================================
    Total Wire Length(count):               28873.44(36)
    Number of via3 Contacts:             72
  ==============================================
    Total Number of Contacts:       72

User Wiring Statistics:

PG follow-pin Wiring Statistics:
    metal1 Wire Length(count):             160864.25(197)
  ==============================================
    Total Wire Length(count):              160864.25(197)
    Number of via1 Contacts:           3940
    Number of via2 Contacts:           3940
    Number of via3 Contacts:           3924
  ==============================================
    Total Number of Contacts:    11804

Signal Wiring Statistics:
    metal1 Wire Length(count):              16025.82(2620)
    metal2 Wire Length(count):             149425.17(13685)
    metal3 Wire Length(count):             186176.52(9783)
    metal4 Wire Length(count):              29418.40(1184)
  ==============================================
    Total Wire Length(count):              381045.91(27272)

      Mask Name      Contact Code    Number Of Contacts    Percentage
        via1           VIA12(2)               166	        1.1
        via1          VIA12V(4)               240	       1.59
        via1_1x2       VIA12(2)               803	       5.33
        via1_2x1       VIA12(2)              2548	       16.9
        via1_1x2      VIA12H(3)              2618	       17.4
        via1_2x1      VIA12H(3)              8701	       57.7
 Default via for layer via1:                   2.69%
 Yield-optmized via for layer via1:            97.3%

        via2           VIA23(5)               273	       1.75
        via2_2x1       VIA23(5)              2856	       18.3
        via2_1x2       VIA23(5)             12448	       79.9
 Default via for layer via2:                   1.75%
 Yield-optmized via for layer via2:            98.2%

        via3           VIA34(6)                 9	      0.524
        via3_1x2       VIA34(6)               153	        8.9
        via3_2x1       VIA34(6)              1557	       90.6
 Default via for layer via3:                   0.524%
 Yield-optmized via for layer via3:            99.5%


 Double Via rate for all layers:           97.9%
  ==============================================
    Total Number of Contacts:    32372

  Horizontal/Vertical Wire Distribution:
    Layer      Hor. Wire (% of Hor.)     Ver. Wire (% of Ver.)
    metal1         15902.50 ( 7.83%)           123.32 ( 0.07%)
    metal2          1180.80 ( 0.58%)        148244.37 (83.26%)
    metal3        185860.48 (91.55%)           316.05 ( 0.18%)
    metal4            62.30 ( 0.03%)         29356.10 (16.49%)
  ==============================================================
    Total         203006.07                 178039.84
1
