 
****************************************
Report : timing
        -path full_clock
        -delay min
        -physical
        -derate
        -input_pins
        -nets
        -max_paths 1
        -transition_time
        -crosstalk_delta
        -capacitance
Design : systolic_array
Version: L-2016.03-SP5-3
Date   : Tue Dec 27 20:15:46 2022
****************************************

 * Some/all delay information is back-annotated.

Operating Conditions: BCCOM   Library: tcb018gbwp7tbc_ccs
	Parasitic source    : LPE
	Parasitic mode      : RealRC
	Extraction mode     : MIN_MAX
	Extraction derating : 0/25/125

Information: Percent of Arnoldi-based delays = 20.01%

Information: Percent of CCS-based delays = 19.93%

  Startpoint: p_shift_in_A[6]
              (input port clocked by clk_p)
  Endpoint: SA_A_0_shift_reg_reg_6__6_
            (rising edge-triggered flip-flop clocked by clk_p)
  Path Group: REGIN
  Path Type: min

Attributes:
    d - dont_touch
    u - dont_use
   mo - map_only
   so - size_only
    i - ideal_net or ideal_network

  Point                                       Fanout       Cap     DTran     Trans     Delta     Derate      Incr       Path      Location / Load        Attributes
  -----------------------------------------------------------------------------------------------------------------------------------------------------------------
  clock clk_p (rise edge)                                                                                   0.000      0.000
  clock network delay (ideal)                                                                               0.000      0.000
  input external delay                                                                                     12.000     12.000 f
  p_shift_in_A[6] (in)                                                       3.825                0.990     2.282     14.282 f    (1086.33,220.90)
  p_shift_in_A[6] (net)                         1        1.970                                    0.990     0.000     14.282 f    [0.00,1.97]
  u_pad_data_in_6/PAD (PDDW0208CDG)                                0.000     3.825     0.000      0.990     0.063 *   14.345 f    (1088.77,256.00)       d 
  u_pad_data_in_6/C (PDDW0208CDG)                                            0.223                0.990     0.969 @   15.314 f    (971.70,272.39)        d 
  shift_in_A[6] (net)                           4        0.082                                    0.990     0.000     15.314 f    [0.05,0.08]
  U3526/A2 (ND2D1P5BWP7T)                                          0.000     0.161    -0.004      0.990     0.002 @   15.316 f    (776.45,348.70)
  U3526/ZN (ND2D1P5BWP7T)                                                    0.174                0.990     0.150     15.466 r    (776.26,349.57)
  n3168 (net)                                   7        0.057                                    0.990     0.000     15.466 r    [0.04,0.06]
  U3668/A1 (OAI21D0BWP7T)                                          0.000     0.174    -0.028      0.990    -0.028 &   15.438 r    (707.16,325.52)
  U3668/ZN (OAI21D0BWP7T)                                                    0.065                0.990     0.052     15.490 f    (706.51,325.37)
  n975 (net)                                    1        0.006                                    0.990     0.000     15.490 f    [0.00,0.01]
  SA_A_0_shift_reg_reg_6__6_/D (DFQD0BWP7T)                        0.000     0.065     0.000      0.990     0.000 &   15.490 f    (698.11,325.57)
  data arrival time                                                                                                   15.490

  clock clk_p (rise edge)                                                                                   0.000      0.000
  clk_p (in)                                                                 7.743                1.010     4.378      4.378 r    (145.90,1074.13)
  clk_p (net)                                   1        1.970                                    1.010     0.000      4.378 r    [0.00,1.97]            d 
  u_pad_clk/PAD (PDDW0208SCDG)                                     0.000     7.743     0.000      1.010     0.055 *    4.432 r    (181.00,1076.56)       d 
  u_pad_clk/C (PDDW0208SCDG)                                                 0.143                1.010     2.054 @    6.487 r    (164.60,959.50)        d 
  clk (net)                                     1        0.046                                    1.010     0.000      6.487 r    [0.02,0.05]            d 
  CTSCKND12BWP7T_G2B4I1/I (INVD5BWP7T)                             0.000     0.103     0.000      1.010     0.003 @    6.490 r    (259.21,827.50)        d 
  CTSCKND12BWP7T_G2B4I1/ZN (INVD5BWP7T)                                      0.059                1.010     0.042 c    6.532 f    (257.08,827.41)        d 
  clk_G2B1I1 (net)                              1        0.097                                    1.010     0.000      6.532 f    [0.05,0.10]            d 
  CTSCKND3BWP7T_G2B3I1/I (CKND12BWP7T)                             0.000     0.065     0.000      1.010     0.011 c    6.543 f    (523.82,529.67)        d 
  CTSCKND3BWP7T_G2B3I1/ZN (CKND12BWP7T)                                      0.054                1.010     0.043 c    6.586 r    (519.94,529.41)        d 
  clk_G2B2I1 (net)                              2        0.099                                    1.010     0.000      6.586 r    [0.03,0.10]            d 
  CTSCKND12BWP7T_G2B2I2/I (INVD12BWP7T)                            0.000     0.057     0.000      1.010     0.005 c    6.591 r    (690.10,478.18)        d 
  CTSCKND12BWP7T_G2B2I2/ZN (INVD12BWP7T)                                     0.080                1.010     0.054 c    6.644 f    (693.97,478.27)        d 
  clk_G2B3I2 (net)                              7        0.396                                    1.010     0.000      6.644 f    [0.10,0.40]            d 
  CTSCKND10BWP7T_G2B1I6/I (CKND8BWP7T)                             0.000     0.085     0.000      1.010     0.012 c    6.656 f    (699.78,278.75)        d 
  CTSCKND10BWP7T_G2B1I6/ZN (CKND8BWP7T)                                      0.214                1.010     0.126 c    6.782 r    (696.86,278.48)        d 
  clk_G2B4I6 (net)                             64        0.347                                    1.010     0.000      6.782 r    [0.15,0.35]            d 
  SA_A_0_shift_reg_reg_6__6_/CP (DFQD0BWP7T)                       0.000     0.219     0.000      1.010     0.007 c    6.789 r    (699.94,325.55)
  clock reconvergence pessimism                                                                             0.000      6.789
  SA_A_0_shift_reg_reg_6__6_/CP (DFQD0BWP7T)                                                                0.000      6.789 r
  library hold time                                                                                         0.025      6.814
  data required time                                                                                                   6.814
  -----------------------------------------------------------------------------------------------------------------------------------------------------------------
  data required time                                                                                                   6.814
  data arrival time                                                                                                  -15.490
  -----------------------------------------------------------------------------------------------------------------------------------------------------------------
  slack (MET)                                                                                                          8.676


  Startpoint: SA_core_pe_3_3_Cij_o_reg_4_
              (rising edge-triggered flip-flop clocked by clk_p)
  Endpoint: p_shift_out[4]
            (output port clocked by clk_p)
  Path Group: REGOUT
  Path Type: min

Attributes:
    d - dont_touch
    u - dont_use
   mo - map_only
   so - size_only
    i - ideal_net or ideal_network

  Point                                       Fanout       Cap     DTran     Trans     Delta     Derate      Incr       Path      Location / Load        Attributes
  -----------------------------------------------------------------------------------------------------------------------------------------------------------------
  clock clk_p (rise edge)                                                                                   0.000      0.000
  clk_p (in)                                                                 7.743                0.990     4.291      4.291 r    (145.90,1074.13)
  clk_p (net)                                   1        1.970                                    0.990     0.000      4.291 r    [0.00,1.97]            d 
  u_pad_clk/PAD (PDDW0208SCDG)                                     0.000     7.743     0.000      0.990     0.054 *    4.345 r    (181.00,1076.56)       d 
  u_pad_clk/C (PDDW0208SCDG)                                                 0.143                0.990     2.014 @    6.358 r    (164.60,959.50)        d 
  clk (net)                                     1        0.046                                    0.990     0.000      6.358 r    [0.02,0.05]            d 
  CTSCKND12BWP7T_G2B4I1/I (INVD5BWP7T)                             0.000     0.103     0.000      0.990     0.003 @    6.361 r    (259.21,827.50)        d 
  CTSCKND12BWP7T_G2B4I1/ZN (INVD5BWP7T)                                      0.059                0.990     0.041 c    6.402 f    (257.08,827.41)        d 
  clk_G2B1I1 (net)                              1        0.097                                    0.990     0.000      6.402 f    [0.05,0.10]            d 
  CTSCKND3BWP7T_G2B3I1/I (CKND12BWP7T)                             0.000     0.065     0.000      0.990     0.011 c    6.413 f    (523.82,529.67)        d 
  CTSCKND3BWP7T_G2B3I1/ZN (CKND12BWP7T)                                      0.054                0.990     0.042 c    6.456 r    (519.94,529.41)        d 
  clk_G2B2I1 (net)                              2        0.099                                    0.990     0.000      6.456 r    [0.03,0.10]            d 
  CTSCKND6BWP7T_G2B2I1/I (INVD5BWP7T)                              0.000     0.055     0.000      0.990     0.001 c    6.456 r    (489.93,529.58)        d 
  CTSCKND6BWP7T_G2B2I1/ZN (INVD5BWP7T)                                       0.098                0.990     0.064 c    6.520 f    (487.80,529.49)        d 
  clk_G2B3I1 (net)                              4        0.214                                    0.990     0.000      6.520 f    [0.07,0.21]            d 
  CTSCKND10BWP7T_G2B1I1/I (CKND10BWP7T)                            0.000     0.101     0.000      0.990     0.008 c    6.528 f    (488.61,749.28)        d 
  CTSCKND10BWP7T_G2B1I1/ZN (CKND10BWP7T)                                     0.173                0.990     0.107 c    6.636 r    (485.37,748.96)        d 
  clk_G2B4I1 (net)                             63        0.341                                    0.990     0.000      6.636 r    [0.15,0.34]            d 
  SA_core_pe_3_3_Cij_o_reg_4_/CP (DFQD2BWP7T)                      0.000     0.176     0.000      0.990     0.006 c    6.641 r    (447.94,866.52)        so 
  SA_core_pe_3_3_Cij_o_reg_4_/CP (DFQD2BWP7T)                      0.000     0.176     0.000      0.990     0.000      6.641 r    (447.94,866.52)        so 
  SA_core_pe_3_3_Cij_o_reg_4_/Q (DFQD2BWP7T)                                 0.062                0.990     0.228      6.869 f    (438.77,866.55)        so 
  SA_core_output_row_3[4] (net)                 2        0.044                                    0.990     0.000      6.869 f    [0.04,0.04]
  U1432/A2 (AOI22D1BWP7T)                                          0.000     0.062     0.000      0.990     0.002 &    6.871 f    (244.60,729.27)
  U1432/ZN (AOI22D1BWP7T)                                                    0.159                0.990     0.114      6.985 r    (245.46,728.79)
  n1063 (net)                                   1        0.019                                    0.990     0.000      6.985 r    [0.01,0.02]
  U1433/A2 (ND2D1P5BWP7T)                                          0.000     0.159    -0.007      0.990    -0.007 &    6.978 r    (182.59,760.98)
  U1433/ZN (ND2D1P5BWP7T)                                                    0.144                0.990     0.104      7.083 f    (182.78,760.11)
  shift_out[4] (net)                            1        0.065                                    0.990     0.000      7.083 f    [0.04,0.06]
  u_pad_data_out_4/I (PDDW0208CDG)                                 0.000     0.144    -0.013      0.990    -0.007 &    7.075 f    (119.50,431.26)        d 
  u_pad_data_out_4/PAD (PDDW0208CDG)                                         0.677                0.990     1.666      8.741 f    ( 2.43,418.00)         d 
  p_shift_out[4] (net)                          1        2.074                                    0.990     0.000      8.741 f    [0.01,2.07]
  p_shift_out[4] (out)                                             0.000     0.677     0.000      0.990     0.003 *    8.745 f    ( 0.00,382.90)
  data arrival time                                                                                                    8.745

  clock clk_p (rise edge)                                                                                   0.000      0.000
  clock network delay (ideal)                                                                               0.000      0.000
  clock reconvergence pessimism                                                                             0.000      0.000
  output external delay                                                                                   -12.000    -12.000
  data required time                                                                                                 -12.000
  -----------------------------------------------------------------------------------------------------------------------------------------------------------------
  data required time                                                                                                 -12.000
  data arrival time                                                                                                   -8.745
  -----------------------------------------------------------------------------------------------------------------------------------------------------------------
  slack (MET)                                                                                                         20.745


  Startpoint: SA_ctrl_state_compute_pump_reg_3_
              (rising edge-triggered flip-flop clocked by clk_p)
  Endpoint: SA_ctrl_state_compute_pump_reg_3_
            (rising edge-triggered flip-flop clocked by clk_p)
  Path Group: clk_p
  Path Type: min

Attributes:
    d - dont_touch
    u - dont_use
   mo - map_only
   so - size_only
    i - ideal_net or ideal_network

  Point                                       Fanout       Cap     DTran     Trans     Delta     Derate      Incr       Path      Location / Load        Attributes
  -----------------------------------------------------------------------------------------------------------------------------------------------------------------
  clock clk_p (rise edge)                                                                                   0.000      0.000
  clk_p (in)                                                                 7.743                0.990     4.291      4.291 r    (145.90,1074.13)
  clk_p (net)                                   1        1.970                                    0.990     0.000      4.291 r    [0.00,1.97]            d 
  u_pad_clk/PAD (PDDW0208SCDG)                                     0.000     7.743     0.000      0.990     0.054 *    4.345 r    (181.00,1076.56)       d 
  u_pad_clk/C (PDDW0208SCDG)                                                 0.143                0.990     2.014 @    6.358 r    (164.60,959.50)        d 
  clk (net)                                     1        0.046                                    0.990     0.000      6.358 r    [0.02,0.05]            d 
  CTSCKND12BWP7T_G2B4I1/I (INVD5BWP7T)                             0.000     0.103     0.000      0.990     0.003 @    6.361 r    (259.21,827.50)        d 
  CTSCKND12BWP7T_G2B4I1/ZN (INVD5BWP7T)                                      0.059                0.990     0.041 c    6.402 f    (257.08,827.41)        d 
  clk_G2B1I1 (net)                              1        0.097                                    0.990     0.000      6.402 f    [0.05,0.10]            d 
  CTSCKND3BWP7T_G2B3I1/I (CKND12BWP7T)                             0.000     0.065     0.000      0.990     0.011 c    6.413 f    (523.82,529.67)        d 
  CTSCKND3BWP7T_G2B3I1/ZN (CKND12BWP7T)                                      0.054                0.990     0.042 c    6.456 r    (519.94,529.41)        d 
  clk_G2B2I1 (net)                              2        0.099                                    0.990     0.000      6.456 r    [0.03,0.10]            d 
  CTSCKND12BWP7T_G2B2I2/I (INVD12BWP7T)                            0.000     0.057     0.000      0.990     0.005 c    6.460 r    (690.10,478.18)        d 
  CTSCKND12BWP7T_G2B2I2/ZN (INVD12BWP7T)                                     0.080                0.990     0.053 c    6.513 f    (693.97,478.27)        d 
  clk_G2B3I2 (net)                              7        0.396                                    0.990     0.000      6.513 f    [0.10,0.40]            d 
  CTSCKND12BWP7T_G2B1I3/I (CKND12BWP7T)                            0.000     0.082     0.000      0.990     0.005 c    6.518 f    (566.83,493.77)        d 
  CTSCKND12BWP7T_G2B1I3/ZN (CKND12BWP7T)                                     0.200                0.990     0.115 c    6.633 r    (570.70,494.03)        d 
  clk_G2B4I3 (net)                             93        0.485                                    0.990     0.000      6.633 r    [0.21,0.49]            d 
  SA_ctrl_state_compute_pump_reg_3_/CP (DFQD0BWP7T)                0.000     0.205     0.000      0.990     0.007 c    6.640 r    (595.66,646.99)
  SA_ctrl_state_compute_pump_reg_3_/CP (DFQD0BWP7T)                0.000     0.205     0.000      0.990     0.000      6.640 r    (595.66,646.99)
  SA_ctrl_state_compute_pump_reg_3_/Q (DFQD0BWP7T)                           0.144                0.990     0.225      6.866 r    (604.93,647.07)
  SA_ctrl_state_compute_pump[3] (net)           3        0.016                                    0.990     0.000      6.866 r    [0.01,0.02]
  U3456/A1 (AOI21D0BWP7T)                                          0.000     0.144    -0.003      0.990    -0.003 &    6.863 r    (589.82,647.24)
  U3456/ZN (AOI21D0BWP7T)                                                    0.058                0.990     0.054      6.917 f    (590.21,647.26)
  n1044 (net)                                   1        0.006                                    0.990     0.000      6.917 f    [0.00,0.01]
  SA_ctrl_state_compute_pump_reg_3_/D (DFQD0BWP7T)                 0.000     0.058    -0.002      0.990    -0.002 &    6.915 f    (597.49,647.01)
  data arrival time                                                                                                    6.915

  clock clk_p (rise edge)                                                                                   0.000      0.000
  clk_p (in)                                                                 7.743                1.010     4.378      4.378 r    (145.90,1074.13)
  clk_p (net)                                   1        1.970                                    1.010     0.000      4.378 r    [0.00,1.97]            d 
  u_pad_clk/PAD (PDDW0208SCDG)                                     0.000     7.743     0.000      1.010     0.055 *    4.432 r    (181.00,1076.56)       d 
  u_pad_clk/C (PDDW0208SCDG)                                                 0.143                1.010     2.054 @    6.487 r    (164.60,959.50)        d 
  clk (net)                                     1        0.046                                    1.010     0.000      6.487 r    [0.02,0.05]            d 
  CTSCKND12BWP7T_G2B4I1/I (INVD5BWP7T)                             0.000     0.103     0.000      1.010     0.003 @    6.490 r    (259.21,827.50)        d 
  CTSCKND12BWP7T_G2B4I1/ZN (INVD5BWP7T)                                      0.059                1.010     0.042 c    6.532 f    (257.08,827.41)        d 
  clk_G2B1I1 (net)                              1        0.097                                    1.010     0.000      6.532 f    [0.05,0.10]            d 
  CTSCKND3BWP7T_G2B3I1/I (CKND12BWP7T)                             0.000     0.065     0.000      1.010     0.011 c    6.543 f    (523.82,529.67)        d 
  CTSCKND3BWP7T_G2B3I1/ZN (CKND12BWP7T)                                      0.054                1.010     0.043 c    6.586 r    (519.94,529.41)        d 
  clk_G2B2I1 (net)                              2        0.099                                    1.010     0.000      6.586 r    [0.03,0.10]            d 
  CTSCKND12BWP7T_G2B2I2/I (INVD12BWP7T)                            0.000     0.057     0.000      1.010     0.005 c    6.591 r    (690.10,478.18)        d 
  CTSCKND12BWP7T_G2B2I2/ZN (INVD12BWP7T)                                     0.080                1.010     0.054 c    6.644 f    (693.97,478.27)        d 
  clk_G2B3I2 (net)                              7        0.396                                    1.010     0.000      6.644 f    [0.10,0.40]            d 
  CTSCKND12BWP7T_G2B1I3/I (CKND12BWP7T)                            0.000     0.082     0.000      1.010     0.005 c    6.649 f    (566.83,493.77)        d 
  CTSCKND12BWP7T_G2B1I3/ZN (CKND12BWP7T)                                     0.200                1.010     0.118 c    6.767 r    (570.70,494.03)        d 
  clk_G2B4I3 (net)                             93        0.485                                    1.010     0.000      6.767 r    [0.21,0.49]            d 
  SA_ctrl_state_compute_pump_reg_3_/CP (DFQD0BWP7T)                0.000     0.205     0.000      1.010     0.007 c    6.774 r    (595.66,646.99)
  clock reconvergence pessimism                                                                            -0.134      6.640
  SA_ctrl_state_compute_pump_reg_3_/CP (DFQD0BWP7T)                                                         0.000      6.640 r
  library hold time                                                                                         0.027      6.667
  data required time                                                                                                   6.667
  -----------------------------------------------------------------------------------------------------------------------------------------------------------------
  data required time                                                                                                   6.667
  data arrival time                                                                                                   -6.915
  -----------------------------------------------------------------------------------------------------------------------------------------------------------------
  slack (MET)                                                                                                          0.248


1
