 
****************************************
Report : timing
        -path full_clock
        -delay min
        -physical
        -derate
        -input_pins
        -nets
        -max_paths 1
        -transition_time
        -crosstalk_delta
        -capacitance
Design : systolic_array
Version: L-2016.03-SP5-3
Date   : Tue Dec 27 20:17:13 2022
****************************************

 * Some/all delay information is back-annotated.

Operating Conditions: BCCOM   Library: tcb018gbwp7tbc_ccs
	Parasitic source    : LPE
	Parasitic mode      : RealRC
	Extraction mode     : MIN_MAX
	Extraction derating : 0/25/125

Information: Percent of Arnoldi-based delays = 20.25%

Information: Percent of CCS-based delays = 20.17%

  Startpoint: p_shift_in_B[2]
              (input port clocked by clk_p)
  Endpoint: SA_B_3_shift_reg_reg_0__2_
            (rising edge-triggered flip-flop clocked by clk_p)
  Path Group: REGIN
  Path Type: min

Attributes:
    d - dont_touch
    u - dont_use
   mo - map_only
   so - size_only
    i - ideal_net or ideal_network

  Point                                       Fanout       Cap     DTran     Trans     Delta     Derate      Incr       Path      Location / Load        Attributes
  -----------------------------------------------------------------------------------------------------------------------------------------------------------------
  clock clk_p (rise edge)                                                                                   0.000      0.000
  clock network delay (ideal)                                                                               0.000      0.000
  input external delay                                                                                     12.000     12.000 f
  p_shift_in_B[2] (in)                                                       3.826                0.990     2.282     14.282 f    (713.01, 0.00)
  p_shift_in_B[2] (net)                         1        1.971                                    0.990     0.000     14.282 f    [0.00,1.97]
  u_pad_data_in_10/PAD (PDDW0208CDG)                               0.000     3.826     0.000      0.990     0.063 *   14.346 f    (748.10, 2.43)         d 
  u_pad_data_in_10/C (PDDW0208CDG)                                           0.173                0.990     0.942     15.287 f    (764.50,119.50)        d 
  shift_in_B[2] (net)                           2        0.056                                    0.990     0.000     15.287 f    [0.04,0.06]
  U3691/A1 (CKND2D2BWP7T)                                          0.000     0.173     0.000      0.990     0.004 &   15.291 f    (706.02,478.32)
  U3691/ZN (CKND2D2BWP7T)                                                    0.145                0.990     0.123     15.414 r    (705.86,478.73)
  n3235 (net)                                   7        0.057                                    0.990     0.000     15.414 r    [0.04,0.06]
  U3692/A2 (MAOI22D0BWP7T)                                         0.000     0.145    -0.003      0.990    -0.001 &   15.413 r    (663.74,529.14)
  U3692/ZN (MAOI22D0BWP7T)                                                   0.062                0.990     0.048     15.461 f    (663.08,529.46)
  n970 (net)                                    1        0.006                                    0.990     0.000     15.461 f    [0.00,0.01]
  SA_B_3_shift_reg_reg_0__2_/D (DFQD0BWP7T)                        0.000     0.062    -0.001      0.990    -0.001 &   15.460 f    (656.11,521.57)
  data arrival time                                                                                                   15.460

  clock clk_p (rise edge)                                                                                   0.000      0.000
  clk_p (in)                                                                 7.743                1.010     4.378      4.378 r    (145.90,1074.13)
  clk_p (net)                                   1        1.970                                    1.010     0.000      4.378 r    [0.00,1.97]            d 
  u_pad_clk/PAD (PDDW0208SCDG)                                     0.000     7.743     0.000      1.010     0.055 *    4.432 r    (181.00,1076.56)       d 
  u_pad_clk/C (PDDW0208SCDG)                                                 0.142                1.010     2.054 @    6.487 r    (164.60,959.50)        d 
  clk (net)                                     1        0.046                                    1.010     0.000      6.487 r    [0.02,0.05]            d 
  CTSCKND12BWP7T_G2B4I1/I (INVD5BWP7T)                             0.000     0.103     0.000      1.010     0.003 @    6.489 r    (259.21,827.50)        d 
  CTSCKND12BWP7T_G2B4I1/ZN (INVD5BWP7T)                                      0.059                1.010     0.042 c    6.531 f    (257.08,827.41)        d 
  clk_G2B1I1 (net)                              1        0.097                                    1.010     0.000      6.531 f    [0.05,0.10]            d 
  CTSCKND3BWP7T_G2B3I1/I (CKND12BWP7T)                             0.000     0.066     0.000      1.010     0.011 c    6.542 f    (523.82,529.67)        d 
  CTSCKND3BWP7T_G2B3I1/ZN (CKND12BWP7T)                                      0.054                1.010     0.043 c    6.586 r    (519.94,529.41)        d 
  clk_G2B2I1 (net)                              2        0.099                                    1.010     0.000      6.586 r    [0.03,0.10]            d 
  CTSCKND12BWP7T_G2B2I2/I (INVD12BWP7T)                            0.000     0.057     0.000      1.010     0.005 c    6.591 r    (690.10,478.18)        d 
  CTSCKND12BWP7T_G2B2I2/ZN (INVD12BWP7T)                                     0.080                1.010     0.054 c    6.644 f    (693.97,478.27)        d 
  clk_G2B3I2 (net)                              7        0.396                                    1.010     0.000      6.644 f    [0.10,0.40]            d 
  CTSCKND12BWP7T_G2B1I3/I (CKND12BWP7T)                            0.000     0.082     0.000      1.010     0.005 c    6.649 f    (566.83,493.77)        d 
  CTSCKND12BWP7T_G2B1I3/ZN (CKND12BWP7T)                                     0.200                1.010     0.118 c    6.767 r    (570.70,494.03)        d 
  clk_G2B4I3 (net)                             93        0.485                                    1.010     0.000      6.767 r    [0.21,0.49]            d 
  SA_B_3_shift_reg_reg_0__2_/CP (DFQD0BWP7T)                       0.000     0.205     0.000      1.010     0.008 c    6.775 r    (657.94,521.55)
  clock reconvergence pessimism                                                                             0.000      6.775
  SA_B_3_shift_reg_reg_0__2_/CP (DFQD0BWP7T)                                                                0.000      6.775 r
  library hold time                                                                                         0.026      6.801
  data required time                                                                                                   6.801
  -----------------------------------------------------------------------------------------------------------------------------------------------------------------
  data required time                                                                                                   6.801
  data arrival time                                                                                                  -15.460
  -----------------------------------------------------------------------------------------------------------------------------------------------------------------
  slack (MET)                                                                                                          8.660


  Startpoint: SA_core_pe_2_3_Cij_o_reg_4_
              (rising edge-triggered flip-flop clocked by clk_p)
  Endpoint: p_shift_out[4]
            (output port clocked by clk_p)
  Path Group: REGOUT
  Path Type: min

Attributes:
    d - dont_touch
    u - dont_use
   mo - map_only
   so - size_only
    i - ideal_net or ideal_network

  Point                                       Fanout       Cap     DTran     Trans     Delta     Derate      Incr       Path      Location / Load        Attributes
  -----------------------------------------------------------------------------------------------------------------------------------------------------------------
  clock clk_p (rise edge)                                                                                   0.000      0.000
  clk_p (in)                                                                 7.743                0.990     4.291      4.291 r    (145.90,1074.13)
  clk_p (net)                                   1        1.970                                    0.990     0.000      4.291 r    [0.00,1.97]            d 
  u_pad_clk/PAD (PDDW0208SCDG)                                     0.000     7.743     0.000      0.990     0.054 *    4.345 r    (181.00,1076.56)       d 
  u_pad_clk/C (PDDW0208SCDG)                                                 0.142                0.990     2.014 @    6.358 r    (164.60,959.50)        d 
  clk (net)                                     1        0.046                                    0.990     0.000      6.358 r    [0.02,0.05]            d 
  CTSCKND12BWP7T_G2B4I1/I (INVD5BWP7T)                             0.000     0.103     0.000      0.990     0.003 @    6.361 r    (259.21,827.50)        d 
  CTSCKND12BWP7T_G2B4I1/ZN (INVD5BWP7T)                                      0.059                0.990     0.041 c    6.402 f    (257.08,827.41)        d 
  clk_G2B1I1 (net)                              1        0.097                                    0.990     0.000      6.402 f    [0.05,0.10]            d 
  CTSCKND3BWP7T_G2B3I1/I (CKND12BWP7T)                             0.000     0.066     0.000      0.990     0.011 c    6.413 f    (523.82,529.67)        d 
  CTSCKND3BWP7T_G2B3I1/ZN (CKND12BWP7T)                                      0.054                0.990     0.042 c    6.455 r    (519.94,529.41)        d 
  clk_G2B2I1 (net)                              2        0.099                                    0.990     0.000      6.455 r    [0.03,0.10]            d 
  CTSCKND6BWP7T_G2B2I1/I (INVD5BWP7T)                              0.000     0.055     0.000      0.990     0.001 c    6.456 r    (489.93,529.58)        d 
  CTSCKND6BWP7T_G2B2I1/ZN (INVD5BWP7T)                                       0.098                0.990     0.065 c    6.521 f    (487.80,529.49)        d 
  clk_G2B3I1 (net)                              4        0.214                                    0.990     0.000      6.521 f    [0.07,0.21]            d 
  CTSCKND8BWP7T_G2B1I11/I (CKND8BWP7T)                             0.000     0.100     0.000      0.990     0.009 c    6.530 f    (316.94,752.53)        d 
  CTSCKND8BWP7T_G2B1I11/ZN (CKND8BWP7T)                                      0.179                0.990     0.112 c    6.642 r    (319.86,752.80)        d 
  clk_G2B4I11 (net)                            52        0.285                                    0.990     0.000      6.642 r    [0.13,0.29]            d 
  SA_core_pe_2_3_Cij_o_reg_4_/CP (DFQD1BWP7T)                      0.000     0.181     0.000      0.990     0.005 c    6.647 r    (279.94,756.76)        so 
  SA_core_pe_2_3_Cij_o_reg_4_/CP (DFQD1BWP7T)                      0.000     0.181     0.000      0.990     0.000      6.647 r    (279.94,756.76)        so 
  SA_core_pe_2_3_Cij_o_reg_4_/Q (DFQD1BWP7T)                                 0.062                0.990     0.218      6.864 f    (270.67,756.79)        so 
  SA_core_output_row_2[4] (net)                 2        0.024                                    0.990     0.000      6.864 f    [0.01,0.02]
  U1431/A2 (AOI22D1BWP7T)                                          0.000     0.062    -0.003      0.990    -0.002 &    6.862 f    (226.68,709.69)
  U1431/ZN (AOI22D1BWP7T)                                                    0.156                0.990     0.112      6.973 r    (227.54,710.17)
  n1064 (net)                                   1        0.019                                    0.990     0.000      6.973 r    [0.01,0.02]
  U1433/A1 (ND2D1P5BWP7T)                                          0.000     0.156    -0.007      0.990    -0.006 &    6.967 r    (183.74,760.46)
  U1433/ZN (ND2D1P5BWP7T)                                                    0.144                0.990     0.112      7.079 f    (182.78,760.11)
  shift_out[4] (net)                            1        0.065                                    0.990     0.000      7.079 f    [0.04,0.06]
  u_pad_data_out_4/I (PDDW0208CDG)                                 0.000     0.144    -0.013      0.990    -0.007 &    7.072 f    (119.50,431.26)        d 
  u_pad_data_out_4/PAD (PDDW0208CDG)                                         0.677                0.990     1.666      8.738 f    ( 2.43,418.00)         d 
  p_shift_out[4] (net)                          1        2.074                                    0.990     0.000      8.738 f    [0.00,2.07]
  p_shift_out[4] (out)                                             0.000     0.677     0.000      0.990     0.003 *    8.742 f    ( 0.00,382.90)
  data arrival time                                                                                                    8.742

  clock clk_p (rise edge)                                                                                   0.000      0.000
  clock network delay (ideal)                                                                               0.000      0.000
  clock reconvergence pessimism                                                                             0.000      0.000
  output external delay                                                                                   -12.000    -12.000
  data required time                                                                                                 -12.000
  -----------------------------------------------------------------------------------------------------------------------------------------------------------------
  data required time                                                                                                 -12.000
  data arrival time                                                                                                   -8.742
  -----------------------------------------------------------------------------------------------------------------------------------------------------------------
  slack (MET)                                                                                                         20.742


  Startpoint: SA_ctrl_state_compute_pump_reg_3_
              (rising edge-triggered flip-flop clocked by clk_p)
  Endpoint: SA_ctrl_state_compute_pump_reg_3_
            (rising edge-triggered flip-flop clocked by clk_p)
  Path Group: clk_p
  Path Type: min

Attributes:
    d - dont_touch
    u - dont_use
   mo - map_only
   so - size_only
    i - ideal_net or ideal_network

  Point                                       Fanout       Cap     DTran     Trans     Delta     Derate      Incr       Path      Location / Load        Attributes
  -----------------------------------------------------------------------------------------------------------------------------------------------------------------
  clock clk_p (rise edge)                                                                                   0.000      0.000
  clk_p (in)                                                                 7.743                0.990     4.291      4.291 r    (145.90,1074.13)
  clk_p (net)                                   1        1.970                                    0.990     0.000      4.291 r    [0.00,1.97]            d 
  u_pad_clk/PAD (PDDW0208SCDG)                                     0.000     7.743     0.000      0.990     0.054 *    4.345 r    (181.00,1076.56)       d 
  u_pad_clk/C (PDDW0208SCDG)                                                 0.142                0.990     2.014 @    6.358 r    (164.60,959.50)        d 
  clk (net)                                     1        0.046                                    0.990     0.000      6.358 r    [0.02,0.05]            d 
  CTSCKND12BWP7T_G2B4I1/I (INVD5BWP7T)                             0.000     0.103     0.000      0.990     0.003 @    6.361 r    (259.21,827.50)        d 
  CTSCKND12BWP7T_G2B4I1/ZN (INVD5BWP7T)                                      0.059                0.990     0.041 c    6.402 f    (257.08,827.41)        d 
  clk_G2B1I1 (net)                              1        0.097                                    0.990     0.000      6.402 f    [0.05,0.10]            d 
  CTSCKND3BWP7T_G2B3I1/I (CKND12BWP7T)                             0.000     0.066     0.000      0.990     0.011 c    6.413 f    (523.82,529.67)        d 
  CTSCKND3BWP7T_G2B3I1/ZN (CKND12BWP7T)                                      0.054                0.990     0.042 c    6.455 r    (519.94,529.41)        d 
  clk_G2B2I1 (net)                              2        0.099                                    0.990     0.000      6.455 r    [0.03,0.10]            d 
  CTSCKND12BWP7T_G2B2I2/I (INVD12BWP7T)                            0.000     0.057     0.000      0.990     0.005 c    6.460 r    (690.10,478.18)        d 
  CTSCKND12BWP7T_G2B2I2/ZN (INVD12BWP7T)                                     0.080                0.990     0.052 c    6.513 f    (693.97,478.27)        d 
  clk_G2B3I2 (net)                              7        0.396                                    0.990     0.000      6.513 f    [0.10,0.40]            d 
  CTSCKND12BWP7T_G2B1I3/I (CKND12BWP7T)                            0.000     0.082     0.000      0.990     0.005 c    6.517 f    (566.83,493.77)        d 
  CTSCKND12BWP7T_G2B1I3/ZN (CKND12BWP7T)                                     0.200                0.990     0.115 c    6.633 r    (570.70,494.03)        d 
  clk_G2B4I3 (net)                             93        0.485                                    0.990     0.000      6.633 r    [0.21,0.49]            d 
  SA_ctrl_state_compute_pump_reg_3_/CP (DFQD0BWP7T)                0.000     0.205     0.000      0.990     0.007 c    6.640 r    (595.66,646.99)
  SA_ctrl_state_compute_pump_reg_3_/CP (DFQD0BWP7T)                0.000     0.205     0.000      0.990     0.000      6.640 r    (595.66,646.99)
  SA_ctrl_state_compute_pump_reg_3_/Q (DFQD0BWP7T)                           0.144                0.990     0.225      6.865 r    (604.93,647.07)
  SA_ctrl_state_compute_pump[3] (net)           3        0.016                                    0.990     0.000      6.865 r    [0.01,0.02]
  U3456/A1 (AOI21D0BWP7T)                                          0.000     0.144    -0.003      0.990    -0.003 &    6.862 r    (589.82,647.24)
  U3456/ZN (AOI21D0BWP7T)                                                    0.058                0.990     0.054      6.917 f    (590.21,647.26)
  n1044 (net)                                   1        0.006                                    0.990     0.000      6.917 f    [0.00,0.01]
  SA_ctrl_state_compute_pump_reg_3_/D (DFQD0BWP7T)                 0.000     0.058    -0.002      0.990    -0.002 &    6.915 f    (597.49,647.01)
  data arrival time                                                                                                    6.915

  clock clk_p (rise edge)                                                                                   0.000      0.000
  clk_p (in)                                                                 7.743                1.010     4.378      4.378 r    (145.90,1074.13)
  clk_p (net)                                   1        1.970                                    1.010     0.000      4.378 r    [0.00,1.97]            d 
  u_pad_clk/PAD (PDDW0208SCDG)                                     0.000     7.743     0.000      1.010     0.055 *    4.432 r    (181.00,1076.56)       d 
  u_pad_clk/C (PDDW0208SCDG)                                                 0.142                1.010     2.054 @    6.487 r    (164.60,959.50)        d 
  clk (net)                                     1        0.046                                    1.010     0.000      6.487 r    [0.02,0.05]            d 
  CTSCKND12BWP7T_G2B4I1/I (INVD5BWP7T)                             0.000     0.103     0.000      1.010     0.003 @    6.489 r    (259.21,827.50)        d 
  CTSCKND12BWP7T_G2B4I1/ZN (INVD5BWP7T)                                      0.059                1.010     0.042 c    6.531 f    (257.08,827.41)        d 
  clk_G2B1I1 (net)                              1        0.097                                    1.010     0.000      6.531 f    [0.05,0.10]            d 
  CTSCKND3BWP7T_G2B3I1/I (CKND12BWP7T)                             0.000     0.066     0.000      1.010     0.011 c    6.542 f    (523.82,529.67)        d 
  CTSCKND3BWP7T_G2B3I1/ZN (CKND12BWP7T)                                      0.054                1.010     0.043 c    6.586 r    (519.94,529.41)        d 
  clk_G2B2I1 (net)                              2        0.099                                    1.010     0.000      6.586 r    [0.03,0.10]            d 
  CTSCKND12BWP7T_G2B2I2/I (INVD12BWP7T)                            0.000     0.057     0.000      1.010     0.005 c    6.591 r    (690.10,478.18)        d 
  CTSCKND12BWP7T_G2B2I2/ZN (INVD12BWP7T)                                     0.080                1.010     0.054 c    6.644 f    (693.97,478.27)        d 
  clk_G2B3I2 (net)                              7        0.396                                    1.010     0.000      6.644 f    [0.10,0.40]            d 
  CTSCKND12BWP7T_G2B1I3/I (CKND12BWP7T)                            0.000     0.082     0.000      1.010     0.005 c    6.649 f    (566.83,493.77)        d 
  CTSCKND12BWP7T_G2B1I3/ZN (CKND12BWP7T)                                     0.200                1.010     0.118 c    6.767 r    (570.70,494.03)        d 
  clk_G2B4I3 (net)                             93        0.485                                    1.010     0.000      6.767 r    [0.21,0.49]            d 
  SA_ctrl_state_compute_pump_reg_3_/CP (DFQD0BWP7T)                0.000     0.205     0.000      1.010     0.007 c    6.774 r    (595.66,646.99)
  clock reconvergence pessimism                                                                            -0.134      6.640
  SA_ctrl_state_compute_pump_reg_3_/CP (DFQD0BWP7T)                                                         0.000      6.640 r
  library hold time                                                                                         0.027      6.667
  data required time                                                                                                   6.667
  -----------------------------------------------------------------------------------------------------------------------------------------------------------------
  data required time                                                                                                   6.667
  data arrival time                                                                                                   -6.915
  -----------------------------------------------------------------------------------------------------------------------------------------------------------------
  slack (MET)                                                                                                          0.248


1
