 
****************************************
Report : constraint
        -all_violators
        -max_delay
        -min_delay
        -max_capacitance
        -max_transition
Design : systolic_array
Version: L-2016.03-SP5-3
Date   : Tue Dec 27 20:17:13 2022
****************************************

	Parasitic source    : LPE
	Parasitic mode      : RealRC
	Extraction mode     : MIN_MAX
	Extraction derating : 0/25/125

   max_transition

                             Required        Actual
   Net                      Transition     Transition        Slack
   -----------------------------------------------------------------
   p_shift_in_B[4]             0.500         18.067        -17.567  (VIOLATED)
       PORT :  p_shift_in_B[4]    0.500      18.067        -17.567  (VIOLATED)
       PIN :   u_pad_data_in_12/PAD    0.500   18.067      -17.567  (VIOLATED)
   p_shift_in_B[5]             0.500         18.067        -17.567  (VIOLATED)
       PORT :  p_shift_in_B[5]    0.500      18.067        -17.567  (VIOLATED)
       PIN :   u_pad_data_in_13/PAD    0.500   18.067      -17.567  (VIOLATED)
   p_shift_in_B[3]             0.500         18.066        -17.566  (VIOLATED)
       PORT :  p_shift_in_B[3]    0.500      18.066        -17.566  (VIOLATED)
       PIN :   u_pad_data_in_11/PAD    0.500   18.066      -17.566  (VIOLATED)
   p_shift_in_A[4]             0.500         18.066        -17.566  (VIOLATED)
       PORT :  p_shift_in_A[4]    0.500      18.066        -17.566  (VIOLATED)
       PIN :   u_pad_data_in_4/PAD    0.500   18.066       -17.566  (VIOLATED)
   p_shift_in_B[1]             0.500         18.065        -17.565  (VIOLATED)
       PORT :  p_shift_in_B[1]    0.500      18.065        -17.565  (VIOLATED)
       PIN :   u_pad_data_in_9/PAD    0.500   18.065       -17.565  (VIOLATED)
   p_shift_in_A[3]             0.500         18.065        -17.565  (VIOLATED)
       PORT :  p_shift_in_A[3]    0.500      18.065        -17.565  (VIOLATED)
       PIN :   u_pad_data_in_3/PAD    0.500   18.065       -17.565  (VIOLATED)
   p_shift_in_B[2]             0.500         18.065        -17.565  (VIOLATED)
       PORT :  p_shift_in_B[2]    0.500      18.065        -17.565  (VIOLATED)
       PIN :   u_pad_data_in_10/PAD    0.500   18.065      -17.565  (VIOLATED)
   p_shift_in_A[0]             0.500         18.064        -17.564  (VIOLATED)
       PORT :  p_shift_in_A[0]    0.500      18.064        -17.564  (VIOLATED)
       PIN :   u_pad_data_in_0/PAD    0.500   18.064       -17.564  (VIOLATED)
   p_shift_in_B[0]             0.500         18.063        -17.563  (VIOLATED)
       PORT :  p_shift_in_B[0]    0.500      18.063        -17.563  (VIOLATED)
       PIN :   u_pad_data_in_8/PAD    0.500   18.063       -17.563  (VIOLATED)
   p_shift_in_A[1]             0.500         18.063        -17.563  (VIOLATED)
       PORT :  p_shift_in_A[1]    0.500      18.063        -17.563  (VIOLATED)
       PIN :   u_pad_data_in_1/PAD    0.500   18.063       -17.563  (VIOLATED)
   p_shift_in_B[6]             0.500         18.063        -17.563  (VIOLATED)
       PORT :  p_shift_in_B[6]    0.500      18.063        -17.563  (VIOLATED)
       PIN :   u_pad_data_in_14/PAD    0.500   18.063      -17.563  (VIOLATED)
   p_shift_in_A[6]             0.500         18.062        -17.562  (VIOLATED)
       PORT :  p_shift_in_A[6]    0.500      18.062        -17.562  (VIOLATED)
       PIN :   u_pad_data_in_6/PAD    0.500   18.062       -17.562  (VIOLATED)
   p_shift_in_A[5]             0.500         18.062        -17.562  (VIOLATED)
       PORT :  p_shift_in_A[5]    0.500      18.062        -17.562  (VIOLATED)
       PIN :   u_pad_data_in_5/PAD    0.500   18.062       -17.562  (VIOLATED)
   p_shift_in_A[7]             0.500         18.061        -17.561  (VIOLATED)
       PORT :  p_shift_in_A[7]    0.500      18.061        -17.561  (VIOLATED)
       PIN :   u_pad_data_in_7/PAD    0.500   18.061       -17.561  (VIOLATED)
   p_shift_in_A[2]             0.500         18.061        -17.561  (VIOLATED)
       PORT :  p_shift_in_A[2]    0.500      18.061        -17.561  (VIOLATED)
       PIN :   u_pad_data_in_2/PAD    0.500   18.061       -17.561  (VIOLATED)
   p_shift_in_B[7]             0.500         18.060        -17.560  (VIOLATED)
       PORT :  p_shift_in_B[7]    0.500      18.060        -17.560  (VIOLATED)
       PIN :   u_pad_data_in_15/PAD    0.500   18.060      -17.560  (VIOLATED)
   en_p                        0.500         18.060        -17.560  (VIOLATED)
       PORT :  en_p            0.500         18.060        -17.560  (VIOLATED)
       PIN :   u_pad_data_in_16/PAD    0.500   18.060      -17.560  (VIOLATED)
   clk_p (dont_touch)          0.500         18.058        -17.558  (VIOLATED)
       PORT :  clk_p           0.500         18.058        -17.558  (VIOLATED)
       PIN :   u_pad_clk/PAD    0.500        18.058        -17.558  (VIOLATED)
   rstn_p                      0.500         18.056        -17.556  (VIOLATED)
       PORT :  rstn_p          0.500         18.056        -17.556  (VIOLATED)
       PIN :   u_pad_rst_n/PAD    0.500      18.056        -17.556  (VIOLATED)
   p_shift_out[1]              0.500          1.421         -0.921  (VIOLATED)
       PORT :  p_shift_out[1]    0.500        1.421         -0.921  (VIOLATED)
   p_shift_out[2]              0.500          1.421         -0.921  (VIOLATED)
       PORT :  p_shift_out[2]    0.500        1.421         -0.921  (VIOLATED)
   ack_p                       0.500          1.421         -0.921  (VIOLATED)
       PORT :  ack_p           0.500          1.421         -0.921  (VIOLATED)
   p_shift_out[3]              0.500          1.421         -0.921  (VIOLATED)
       PORT :  p_shift_out[3]    0.500        1.421         -0.921  (VIOLATED)
   p_shift_out[5]              0.500          1.420         -0.920  (VIOLATED)
       PORT :  p_shift_out[5]    0.500        1.420         -0.920  (VIOLATED)
   p_shift_out[7]              0.500          1.420         -0.920  (VIOLATED)
       PORT :  p_shift_out[7]    0.500        1.420         -0.920  (VIOLATED)
   p_shift_out[4]              0.500          1.420         -0.920  (VIOLATED)
       PORT :  p_shift_out[4]    0.500        1.420         -0.920  (VIOLATED)
   p_shift_out[0]              0.500          1.420         -0.920  (VIOLATED)
       PORT :  p_shift_out[0]    0.500        1.420         -0.920  (VIOLATED)
   p_shift_out[6]              0.500          1.418         -0.918  (VIOLATED)
       PORT :  p_shift_out[6]    0.500        1.418         -0.918  (VIOLATED)
   n1535                       0.500          0.546         -0.046  (VIOLATED)
       PIN :   U1939/B         0.500          0.546         -0.046  (VIOLATED)
       PIN :   U1938/ZN        0.500          0.546         -0.046  (VIOLATED)
   n1937                       0.500          0.518         -0.018  (VIOLATED)
       PIN :   U2368/A3        0.500          0.518         -0.018  (VIOLATED)
       PIN :   U2369/A1        0.500          0.518         -0.018  (VIOLATED)
       PIN :   U2366/ZN        0.500          0.518         -0.018  (VIOLATED)
   n2062                       0.500          0.511         -0.011  (VIOLATED)
       PIN :   U2487/B2        0.500          0.511         -0.011  (VIOLATED)
       PIN :   U2483/ZN        0.500          0.511         -0.011  (VIOLATED)
   n3305                       0.500          0.504         -0.004  (VIOLATED)
       PIN :   U4461/A1        0.500          0.504         -0.004  (VIOLATED)
       PIN :   U4471/A1        0.500          0.504         -0.004  (VIOLATED)
       PIN :   U4474/A2        0.500          0.504         -0.004  (VIOLATED)
       PIN :   U4475/A1        0.500          0.504         -0.004  (VIOLATED)
       PIN :   U4468/A2        0.500          0.504         -0.004  (VIOLATED)
       PIN :   U4469/A1        0.500          0.504         -0.004  (VIOLATED)
       PIN :   U4473/A1        0.500          0.504         -0.004  (VIOLATED)
       PIN :   U4460/A2        0.500          0.504         -0.004  (VIOLATED)
       PIN :   U3967/A2        0.500          0.501         -0.001  (VIOLATED)
       PIN :   U3957/A2        0.500          0.501         -0.001  (VIOLATED)
       PIN :   U3963/A2        0.500          0.500         -0.000  (VIOLATED)
       PIN :   U3969/A2        0.500          0.500         -0.000  (VIOLATED)
       PIN :   U3971/A2        0.500          0.501         -0.001  (VIOLATED)
       PIN :   U4459/A1        0.500          0.503         -0.003  (VIOLATED)
       PIN :   U3956/A2        0.500          0.501         -0.001  (VIOLATED)
       PIN :   U3966/A2        0.500          0.501         -0.001  (VIOLATED)
       PIN :   U3968/A2        0.500          0.500         -0.000  (VIOLATED)
       PIN :   U3962/A2        0.500          0.500         -0.000  (VIOLATED)
       PIN :   U3959/A2        0.500          0.500         -0.000  (VIOLATED)
       PIN :   U3970/A2        0.500          0.501         -0.001  (VIOLATED)
       PIN :   U3960/A2        0.500          0.500         -0.000  (VIOLATED)
       PIN :   U3958/A2        0.500          0.500         -0.000  (VIOLATED)
       PIN :   U3964/A2        0.500          0.500         -0.000  (VIOLATED)
       PIN :   U3961/A2        0.500          0.500         -0.000  (VIOLATED)
       PIN :   U3965/A2        0.500          0.500         -0.000  (VIOLATED)
       PIN :   U4458/A2        0.500          0.503         -0.003  (VIOLATED)
       PIN :   U4462/A2        0.500          0.504         -0.004  (VIOLATED)
       PIN :   U4466/A1        0.500          0.503         -0.003  (VIOLATED)
       PIN :   U4463/A1        0.500          0.504         -0.004  (VIOLATED)
       PIN :   U4465/A2        0.500          0.503         -0.003  (VIOLATED)
       PIN :   U4472/A2        0.500          0.504         -0.004  (VIOLATED)
       PIN :   U4470/A2        0.500          0.504         -0.004  (VIOLATED)
   n1570                       0.500          0.504         -0.004  (VIOLATED)
       PIN :   U2169/A1        0.500          0.502         -0.002  (VIOLATED)
       PIN :   U2131/A1        0.500          0.502         -0.002  (VIOLATED)
       PIN :   U2255/A1        0.500          0.504         -0.004  (VIOLATED)
       PIN :   U2331/B1        0.500          0.503         -0.003  (VIOLATED)
       PIN :   U2247/B1        0.500          0.504         -0.004  (VIOLATED)
       PIN :   U2266/B1        0.500          0.504         -0.004  (VIOLATED)
       PIN :   U2279/B1        0.500          0.504         -0.004  (VIOLATED)
       PIN :   U2309/B1        0.500          0.503         -0.003  (VIOLATED)
       PIN :   U2293/B1        0.500          0.504         -0.004  (VIOLATED)
       PIN :   U2115/A1        0.500          0.500         -0.000  (VIOLATED)
       PIN :   U2239/A1        0.500          0.503         -0.003  (VIOLATED)
       PIN :   U2207/B1        0.500          0.502         -0.002  (VIOLATED)
       PIN :   U2142/B1        0.500          0.502         -0.002  (VIOLATED)
       PIN :   U2185/B1        0.500          0.502         -0.002  (VIOLATED)
       PIN :   U2155/B1        0.500          0.502         -0.002  (VIOLATED)
   n1588                       0.500          0.504         -0.004  (VIOLATED)
       PIN :   U2011/A1        0.500          0.504         -0.004  (VIOLATED)
       PIN :   U2010/A3        0.500          0.504         -0.004  (VIOLATED)
       PIN :   U2008/ZN        0.500          0.504         -0.004  (VIOLATED)
   n3246                       0.500          0.504         -0.004  (VIOLATED)
       PIN :   U4455/A1        0.500          0.504         -0.004  (VIOLATED)
       PIN :   U4447/A1        0.500          0.504         -0.004  (VIOLATED)
       PIN :   U4452/B2        0.500          0.504         -0.004  (VIOLATED)
       PIN :   U4357/B2        0.500          0.504         -0.004  (VIOLATED)
       PIN :   U4358/A1        0.500          0.504         -0.004  (VIOLATED)
       PIN :   U3939/A1        0.500          0.500         -0.000  (VIOLATED)
       PIN :   U3938/B2        0.500          0.501         -0.001  (VIOLATED)
       PIN :   U3949/A1        0.500          0.500         -0.000  (VIOLATED)
       PIN :   U4445/A1        0.500          0.502         -0.002  (VIOLATED)
       PIN :   U3831/B2        0.500          0.501         -0.001  (VIOLATED)
       PIN :   U4444/B2        0.500          0.501         -0.001  (VIOLATED)
       PIN :   U4446/B2        0.500          0.503         -0.003  (VIOLATED)
       PIN :   U4451/A1        0.500          0.502         -0.002  (VIOLATED)
       PIN :   U4450/B2        0.500          0.502         -0.002  (VIOLATED)
       PIN :   U4449/A1        0.500          0.503         -0.003  (VIOLATED)
       PIN :   U3832/A1        0.500          0.501         -0.001  (VIOLATED)
       PIN :   U4448/B2        0.500          0.503         -0.003  (VIOLATED)
       PIN :   U4454/B2        0.500          0.504         -0.004  (VIOLATED)
       PIN :   U4457/A1        0.500          0.504         -0.004  (VIOLATED)
       PIN :   U4453/A1        0.500          0.504         -0.004  (VIOLATED)
       PIN :   U4456/B2        0.500          0.504         -0.004  (VIOLATED)
   SA_core_shift_wire[37]      0.500          0.501         -0.001  (VIOLATED)
       PIN :   U2791/A1        0.500          0.501         -0.001  (VIOLATED)
       PIN :   U2674/B2        0.500          0.501         -0.001  (VIOLATED)
       PIN :   U2790/A3        0.500          0.501         -0.001  (VIOLATED)
       PIN :   SA_core_pe_1_1_Cij_o_reg_5_/Q    0.500    0.501   -0.001 (VIOLATED)
   SA_core_output_row_2[2]     0.500          0.501         -0.001  (VIOLATED)
       PIN :   U1994/A3        0.500          0.501         -0.001  (VIOLATED)
       PIN :   U1995/A1        0.500          0.501         -0.001  (VIOLATED)
       PIN :   U1425/A2        0.500          0.501         -0.001  (VIOLATED)
       PIN :   SA_core_pe_2_3_Cij_o_reg_2_/Q    0.500    0.501   -0.001 (VIOLATED)
   n4778                       0.500          0.500          0.000  (VIOLATED: increase significant digits)

   -----------------------------------------------------------------
   Total                      38              -342.068  

1
