 
****************************************
Report : timing
        -path full_clock
        -delay max
        -physical
        -derate
        -input_pins
        -nets
        -max_paths 1
        -transition_time
        -crosstalk_delta
        -capacitance
Design : systolic_array
Version: L-2016.03-SP5-3
Date   : Tue Dec 27 20:17:13 2022
****************************************

 * Some/all delay information is back-annotated.

Operating Conditions: WCCOM   Library: tcb018gbwp7twc_ccs
	Parasitic source    : LPE
	Parasitic mode      : RealRC
	Extraction mode     : MIN_MAX
	Extraction derating : 0/25/125

Information: Percent of Arnoldi-based delays = 20.25%

Information: Percent of CCS-based delays = 20.17%

  Startpoint: rstn_p (input port clocked by clk_p)
  Endpoint: SA_A_3_shift_reg_reg_4__2_
            (rising edge-triggered flip-flop clocked by clk_p)
  Path Group: REGIN
  Path Type: max

Attributes:
    d - dont_touch
    u - dont_use
   mo - map_only
   so - size_only
    i - ideal_net or ideal_network

  Point                                       Fanout       Cap     DTran     Trans     Delta     Derate      Incr       Path      Location / Load        Attributes
  -----------------------------------------------------------------------------------------------------------------------------------------------------------------
  clock clk_p (rise edge)                                                                                   0.000      0.000
  clock network delay (ideal)                                                                               0.000      0.000
  input external delay                                                                                     12.000     12.000 r
  rstn_p (in)                                                               18.056                1.010    10.018     22.018 r    (875.03,1074.13)
  rstn_p (net)                                  1        2.305                                    1.010     0.000     22.018 r    [0.00,2.30]
  u_pad_rst_n/PAD (PDUW0208SCDG)                                   0.000    18.056     0.000      1.010     0.093 *   22.110 r    (910.14,1076.56)       d 
  u_pad_rst_n/C (PDUW0208SCDG)                                               0.204                1.010     5.784     27.895 r    (893.74,959.50)        d 
  rstn (net)                                    1        0.028                                    1.010     0.000     27.895 r    [0.02,0.03]
  icc_place1409/I (BUFFD1P5BWP7T)                                  0.000     0.204     0.000      1.010     0.002 &   27.897 r    (725.39,913.80)
  icc_place1409/Z (BUFFD1P5BWP7T)                                            0.471                1.010     0.369     28.265 r    (723.93,913.66)
  n4515 (net)                                   5        0.084                                    1.010     0.000     28.265 r    [0.06,0.08]
  icc_place1410/I (INVD2BWP7T)                                     0.000     0.471     0.007      1.010     0.017 &   28.282 r    (641.83,607.98)
  icc_place1410/ZN (INVD2BWP7T)                                              0.267                1.010     0.243     28.525 f    (640.97,607.80)
  n4516 (net)                                   8        0.091                                    1.010     0.000     28.525 f    [0.05,0.09]
  U3493/B (AOI21D1BWP7T)                                           0.000     0.267     0.000      1.010     0.001 &   28.526 f    (633.80,603.79)
  U3493/ZN (AOI21D1BWP7T)                                                    0.344                1.010     0.306     28.833 r    (632.28,603.36)
  n3322 (net)                                   1        0.011                                    1.010     0.000     28.833 r    [0.01,0.01]
  icc_place1519/I (BUFFD1BWP7T)                                    0.000     0.344     0.000      1.010     0.000 &   28.833 r    (622.30,549.09)
  icc_place1519/Z (BUFFD1BWP7T)                                              0.209                1.010     0.256     29.088 r    (623.42,548.96)
  n4914 (net)                                   1        0.022                                    1.010     0.000     29.088 r    [0.01,0.02]
  icc_place1751/I (BUFFD4BWP7T)                                    0.000     0.209     0.012      1.010     0.013 &   29.101 r    (619.55,466.45)
  icc_place1751/Z (BUFFD4BWP7T)                                              0.448                1.010     0.318 c   29.419 r    (622.55,466.79)
  n4857 (net)                                  26        0.232                                    1.010     0.000     29.419 r    [0.06,0.23]
  U3608/B (OAI31D1BWP7T)                                           0.000     0.454     0.000      1.010     0.012 c   29.431 r    (695.40,427.44)
  U3608/ZN (OAI31D1BWP7T)                                                    0.199                1.010     0.186     29.617 f    (697.29,427.60)
  n3369 (net)                                   1        0.007                                    1.010     0.000     29.617 f    [0.00,0.01]
  icc_place1753/I (CKBD1BWP7T)                                     0.000     0.199     0.000      1.010     0.000 &   29.617 f    (715.82,427.32)
  icc_place1753/Z (CKBD1BWP7T)                                               0.252                1.010     0.278     29.895 f    (716.93,427.45)
  n4859 (net)                                   2        0.030                                    1.010     0.000     29.895 f    [0.01,0.03]
  icc_place1754/I (INVD0BWP7T)                                     0.000     0.252     0.000      1.010     0.000 &   29.895 f    (723.96,431.36)
  icc_place1754/ZN (INVD0BWP7T)                                              0.320                1.010     0.265     30.160 r    (723.16,431.26)
  n4860 (net)                                   1        0.016                                    1.010     0.000     30.160 r    [0.00,0.02]
  U2554/A1 (IND2D4BWP7T)                                           0.000     0.320     0.015      1.010     0.015 &   30.175 r    (718.66,459.08)
  U2554/ZN (IND2D4BWP7T)                                                     0.452                1.010     0.355 c   30.530 r    (723.51,458.49)
  n3208 (net)                                  32        0.201                                    1.010     0.000     30.530 r    [0.10,0.20]
  U4312/B2 (AOI22D0BWP7T)                                          0.000     0.455     0.000      1.010     0.008 c   30.538 r    (722.54,568.28)
  U4312/ZN (AOI22D0BWP7T)                                                    0.222                1.010     0.204     30.743 f    (721.79,568.80)
  n3540 (net)                                   1        0.005                                    1.010     0.000     30.743 f    [0.00,0.01]
  U4313/B (OAI21D0BWP7T)                                           0.000     0.222     0.019      1.010     0.020 &   30.763 f    (724.26,553.16)
  U4313/ZN (OAI21D0BWP7T)                                                    0.324                1.010     0.193     30.956 r    (725.73,552.73)
  n714 (net)                                    1        0.005                                    1.010     0.000     30.956 r    [0.00,0.01]
  icc_place1465/I (BUFFD1BWP7T)                                    0.000     0.324     0.000      1.010     0.000 &   30.956 r    (721.98,560.59)
  icc_place1465/Z (BUFFD1BWP7T)                                              0.108                1.010     0.194     31.150 r    (723.10,560.72)
  n4913 (net)                                   1        0.008                                    1.010     0.000     31.150 r    [0.00,0.01]
  SA_A_3_shift_reg_reg_4__2_/D (DFQD0BWP7T)                        0.000     0.108     0.003      1.010     0.004 &   31.153 r    (717.33,588.11)
  data arrival time                                                                                                   31.153

  clock clk_p (rise edge)                                                                                  40.000     40.000
  clk_p (in)                                                                18.058                0.990     9.821     49.821 r    (145.90,1074.13)
  clk_p (net)                                   1        2.305                                    0.990     0.000     49.821 r    [0.00,2.31]            d 
  u_pad_clk/PAD (PDDW0208SCDG)                                     0.000    18.058     0.000      0.990     0.078 *   49.899 r    (181.00,1076.56)       d 
  u_pad_clk/C (PDDW0208SCDG)                                                 0.260                0.990     5.696 @   55.594 r    (164.60,959.50)        d 
  clk (net)                                     1        0.044                                    0.990     0.000     55.594 r    [0.02,0.04]            d 
  CTSCKND12BWP7T_G2B4I1/I (INVD5BWP7T)                             0.000     0.188     0.000      0.990     0.004 @   55.598 r    (259.21,827.50)        d 
  CTSCKND12BWP7T_G2B4I1/ZN (INVD5BWP7T)                                      0.117                0.990     0.101 c   55.699 f    (257.08,827.41)        d 
  clk_G2B1I1 (net)                              1        0.101                                    0.990     0.000     55.699 f    [0.05,0.10]            d 
  CTSCKND3BWP7T_G2B3I1/I (CKND12BWP7T)                             0.000     0.124     0.000      0.990     0.015 c   55.714 f    (523.82,529.67)        d 
  CTSCKND3BWP7T_G2B3I1/ZN (CKND12BWP7T)                                      0.104                0.990     0.089 c   55.803 r    (519.94,529.41)        d 
  clk_G2B2I1 (net)                              2        0.106                                    0.990     0.000     55.803 r    [0.03,0.11]            d 
  CTSCKND12BWP7T_G2B2I2/I (INVD12BWP7T)                            0.000     0.107     0.000      0.990     0.006 c   55.809 r    (690.10,478.18)        d 
  CTSCKND12BWP7T_G2B2I2/ZN (INVD12BWP7T)                                     0.160                0.990     0.116 c   55.925 f    (693.97,478.27)        d 
  clk_G2B3I2 (net)                              7        0.410                                    0.990     0.000     55.925 f    [0.10,0.41]            d 
  CTSCKND12BWP7T_G2B1I10/I (CKND12BWP7T)                           0.000     0.164     0.000      0.990     0.011 c   55.936 f    (742.22,600.23)        d 
  CTSCKND12BWP7T_G2B1I10/ZN (CKND12BWP7T)                                    0.394                0.990     0.242 c   56.178 r    (738.34,599.97)        d 
  clk_G2B4I10 (net)                            98        0.611                                    0.990     0.000     56.178 r    [0.22,0.61]            d 
  SA_A_3_shift_reg_reg_4__2_/CP (DFQD0BWP7T)                       0.000     0.397     0.000      0.990     0.005 c   56.182 r    (715.50,588.12)
  clock reconvergence pessimism                                                                             0.000     56.182
  clock uncertainty                                                                                        -0.500     55.682
  SA_A_3_shift_reg_reg_4__2_/CP (DFQD0BWP7T)                                                                0.000     55.682 r
  library setup time                                                                                       -0.016     55.666
  data required time                                                                                                  55.666
  -----------------------------------------------------------------------------------------------------------------------------------------------------------------
  data required time                                                                                                  55.666
  data arrival time                                                                                                  -31.153
  -----------------------------------------------------------------------------------------------------------------------------------------------------------------
  slack (MET)                                                                                                         24.513


  Startpoint: SA_ctrl_state_overall_reg_1_
              (rising edge-triggered flip-flop clocked by clk_p)
  Endpoint: p_shift_out[1]
            (output port clocked by clk_p)
  Path Group: REGOUT
  Path Type: max

Attributes:
    d - dont_touch
    u - dont_use
   mo - map_only
   so - size_only
    i - ideal_net or ideal_network

  Point                                       Fanout       Cap     DTran     Trans     Delta     Derate      Incr       Path      Location / Load        Attributes
  -----------------------------------------------------------------------------------------------------------------------------------------------------------------
  clock clk_p (rise edge)                                                                                   0.000      0.000
  clk_p (in)                                                                18.058                1.010    10.019     10.019 r    (145.90,1074.13)
  clk_p (net)                                   1        2.305                                    1.010     0.000     10.019 r    [0.00,2.31]            d 
  u_pad_clk/PAD (PDDW0208SCDG)                                     0.000    18.058     0.000      1.010     0.080 *   10.098 r    (181.00,1076.56)       d 
  u_pad_clk/C (PDDW0208SCDG)                                                 0.260                1.010     5.811 @   15.909 r    (164.60,959.50)        d 
  clk (net)                                     1        0.044                                    1.010     0.000     15.909 r    [0.02,0.04]            d 
  CTSCKND12BWP7T_G2B4I1/I (INVD5BWP7T)                             0.000     0.188     0.000      1.010     0.004 @   15.913 r    (259.21,827.50)        d 
  CTSCKND12BWP7T_G2B4I1/ZN (INVD5BWP7T)                                      0.117                1.010     0.103 c   16.016 f    (257.08,827.41)        d 
  clk_G2B1I1 (net)                              1        0.101                                    1.010     0.000     16.016 f    [0.05,0.10]            d 
  CTSCKND3BWP7T_G2B3I1/I (CKND12BWP7T)                             0.000     0.124     0.000      1.010     0.016 c   16.032 f    (523.82,529.67)        d 
  CTSCKND3BWP7T_G2B3I1/ZN (CKND12BWP7T)                                      0.104                1.010     0.090 c   16.122 r    (519.94,529.41)        d 
  clk_G2B2I1 (net)                              2        0.106                                    1.010     0.000     16.122 r    [0.03,0.11]            d 
  CTSCKND12BWP7T_G2B2I2/I (INVD12BWP7T)                            0.000     0.107     0.000      1.010     0.006 c   16.129 r    (690.10,478.18)        d 
  CTSCKND12BWP7T_G2B2I2/ZN (INVD12BWP7T)                                     0.160                1.010     0.118 c   16.246 f    (693.97,478.27)        d 
  clk_G2B3I2 (net)                              7        0.410                                    1.010     0.000     16.246 f    [0.10,0.41]            d 
  CTSCKND12BWP7T_G2B1I3/I (CKND12BWP7T)                            0.000     0.161     0.000      1.010     0.006 c   16.253 f    (566.83,493.77)        d 
  CTSCKND12BWP7T_G2B1I3/ZN (CKND12BWP7T)                                     0.368                1.010     0.236 c   16.489 r    (570.70,494.03)        d 
  clk_G2B4I3 (net)                             93        0.569                                    1.010     0.000     16.489 r    [0.21,0.57]            d 
  SA_ctrl_state_overall_reg_1_/CP (DFQD1BWP7T)                     0.000     0.373     0.000      1.010     0.008 c   16.497 r    (565.42,619.48)
  SA_ctrl_state_overall_reg_1_/CP (DFQD1BWP7T)                     0.000     0.373     0.000      1.010     0.000     16.497 r    (565.42,619.48)
  SA_ctrl_state_overall_reg_1_/Q (DFQD1BWP7T)                                0.398                1.010     0.601     17.099 r    (574.70,619.45)
  SA_ctrl_state_overall[1] (net)                5        0.046                                    1.010     0.000     17.099 r    [0.01,0.05]
  icc_place1675/I (INVD2BWP7T)                                     0.000     0.398     0.000      1.010     0.001 &   17.100 r    (599.45,611.46)
  icc_place1675/ZN (INVD2BWP7T)                                              0.245                1.010     0.224     17.324 f    (600.31,611.64)
  n4781 (net)                                   5        0.088                                    1.010     0.000     17.324 f    [0.03,0.09]
  U1398/A1 (NR2XD4BWP7T)                                           0.000     0.245     0.000      1.010     0.002 &   17.326 f    (565.45,639.27)
  U1398/ZN (NR2XD4BWP7T)                                                     0.350                1.010     0.248 c   17.574 r    (568.75,639.89)
  ack (net)                                     9        0.136                                    1.010     0.000     17.574 r    [0.06,0.14]
  icc_place1752/I (INVD2BWP7T)                                     0.000     0.352     0.000      1.010     0.007 c   17.581 r    (486.33,623.66)
  icc_place1752/ZN (INVD2BWP7T)                                              0.238                1.010     0.217     17.798 f    (487.19,623.48)
  n4858 (net)                                   4        0.089                                    1.010     0.000     17.798 f    [0.01,0.09]
  U1413/A2 (NR3D4BWP7T)                                            0.000     0.238     0.000      1.010     0.005 &   17.803 f    (440.14,631.42)
  U1413/ZN (NR3D4BWP7T)                                                      0.153                1.010     0.164     17.967 r    (442.69,631.92)
  n3074 (net)                                   1        0.007                                    1.010     0.000     17.967 r    [0.00,0.01]
  icc_route_opt1405/I (BUFFD3BWP7T)                                0.000     0.153     0.000      1.010     0.000 &   17.967 r    (441.47,635.39)
  icc_route_opt1405/Z (BUFFD3BWP7T)                                          0.409                1.010     0.328 c   18.295 r    (444.02,635.04)
  n4961 (net)                                  11        0.146                                    1.010     0.000     18.295 r    [0.08,0.15]
  U1422/A1 (AOI22D1BWP7T)                                          0.000     0.413     0.018      1.010     0.034 c   18.329 r    (245.44,733.48)
  U1422/ZN (AOI22D1BWP7T)                                                    0.210                1.010     0.129     18.458 f    (245.46,733.69)
  n1058 (net)                                   1        0.004                                    1.010     0.000     18.458 f    [0.00,0.00]
  icc_route_opt1412/I (BUFFD0BWP7T)                                0.000     0.210     0.007      1.010     0.007 &   18.465 f    (240.96,733.48)
  icc_route_opt1412/Z (BUFFD0BWP7T)                                          0.205                1.010     0.278     18.743 f    (242.04,733.16)
  n4957 (net)                                   1        0.023                                    1.010     0.000     18.743 f    [0.01,0.02]
  U1424/A1 (ND2D1P5BWP7T)                                          0.000     0.205     0.011      1.010     0.013 &   18.756 f    (183.38,796.10)
  U1424/ZN (ND2D1P5BWP7T)                                                    0.280                1.010     0.216     18.972 r    (184.34,796.45)
  shift_out[1] (net)                            1        0.038                                    1.010     0.000     18.972 r    [0.02,0.04]
  u_pad_data_out_1/I (PDDW0208CDG)                                 0.000     0.280     0.000      1.010     0.002 &   18.974 r    (119.50,917.26)        d 
  u_pad_data_out_1/PAD (PDDW0208CDG)                                         1.371                1.010     3.991     22.965 r    ( 2.43,904.00)         d 
  p_shift_out[1] (net)                          1        2.410                                    1.010     0.000     22.965 r    [0.01,2.41]
  p_shift_out[1] (out)                                             0.000     1.371     0.000      1.010     0.004 *   22.969 r    ( 0.00,868.90)
  data arrival time                                                                                                   22.969

  clock clk_p (rise edge)                                                                                  40.000     40.000
  clock network delay (ideal)                                                                               0.000     40.000
  clock reconvergence pessimism                                                                             0.000     40.000
  clock uncertainty                                                                                        -0.500     39.500
  output external delay                                                                                   -12.000     27.500
  data required time                                                                                                  27.500
  -----------------------------------------------------------------------------------------------------------------------------------------------------------------
  data required time                                                                                                  27.500
  data arrival time                                                                                                  -22.969
  -----------------------------------------------------------------------------------------------------------------------------------------------------------------
  slack (MET)                                                                                                          4.531


  Startpoint: SA_core_pe_1_3_Bij_o_reg_0_
              (rising edge-triggered flip-flop clocked by clk_p)
  Endpoint: SA_core_pe_2_3_Cij_o_reg_7_
            (rising edge-triggered flip-flop clocked by clk_p)
  Path Group: clk_p
  Path Type: max

Attributes:
    d - dont_touch
    u - dont_use
   mo - map_only
   so - size_only
    i - ideal_net or ideal_network

  Point                                       Fanout       Cap     DTran     Trans     Delta     Derate      Incr       Path      Location / Load        Attributes
  -----------------------------------------------------------------------------------------------------------------------------------------------------------------
  clock clk_p (rise edge)                                                                                   0.000      0.000
  clk_p (in)                                                                18.058                1.010    10.019     10.019 r    (145.90,1074.13)
  clk_p (net)                                   1        2.305                                    1.010     0.000     10.019 r    [0.00,2.31]            d 
  u_pad_clk/PAD (PDDW0208SCDG)                                     0.000    18.058     0.000      1.010     0.080 *   10.098 r    (181.00,1076.56)       d 
  u_pad_clk/C (PDDW0208SCDG)                                                 0.260                1.010     5.811 @   15.909 r    (164.60,959.50)        d 
  clk (net)                                     1        0.044                                    1.010     0.000     15.909 r    [0.02,0.04]            d 
  CTSCKND12BWP7T_G2B4I1/I (INVD5BWP7T)                             0.000     0.188     0.000      1.010     0.004 @   15.913 r    (259.21,827.50)        d 
  CTSCKND12BWP7T_G2B4I1/ZN (INVD5BWP7T)                                      0.117                1.010     0.103 c   16.016 f    (257.08,827.41)        d 
  clk_G2B1I1 (net)                              1        0.101                                    1.010     0.000     16.016 f    [0.05,0.10]            d 
  CTSCKND3BWP7T_G2B3I1/I (CKND12BWP7T)                             0.000     0.124     0.000      1.010     0.016 c   16.032 f    (523.82,529.67)        d 
  CTSCKND3BWP7T_G2B3I1/ZN (CKND12BWP7T)                                      0.104                1.010     0.090 c   16.122 r    (519.94,529.41)        d 
  clk_G2B2I1 (net)                              2        0.106                                    1.010     0.000     16.122 r    [0.03,0.11]            d 
  CTSCKND6BWP7T_G2B2I1/I (INVD5BWP7T)                              0.000     0.105     0.000      1.010     0.001 c   16.123 r    (489.93,529.58)        d 
  CTSCKND6BWP7T_G2B2I1/ZN (INVD5BWP7T)                                       0.196                1.010     0.142 c   16.266 f    (487.80,529.49)        d 
  clk_G2B3I1 (net)                              4        0.218                                    1.010     0.000     16.266 f    [0.07,0.22]            d 
  CTSCKND8BWP7T_G2B1I11/I (CKND8BWP7T)                             0.000     0.198     0.000      1.010     0.013 c   16.278 f    (316.94,752.53)        d 
  CTSCKND8BWP7T_G2B1I11/ZN (CKND8BWP7T)                                      0.335                1.010     0.232 c   16.510 r    (319.86,752.80)        d 
  clk_G2B4I11 (net)                            52        0.326                                    1.010     0.000     16.510 r    [0.13,0.33]            d 
  SA_core_pe_1_3_Bij_o_reg_0_/CP (DFQD0BWP7T)                      0.000     0.339     0.000      1.010     0.008 c   16.518 r    (175.66,772.43)
  SA_core_pe_1_3_Bij_o_reg_0_/CP (DFQD0BWP7T)                      0.000     0.339     0.000      1.010     0.000     16.518 r    (175.66,772.43)
  SA_core_pe_1_3_Bij_o_reg_0_/Q (DFQD0BWP7T)                                 0.261                1.010     0.508     17.026 r    (184.93,772.51)
  SA_core_connect[176] (net)                    1        0.014                                    1.010     0.000     17.026 r    [0.01,0.01]
  icc_place1578/I (CKBD1BWP7T)                                     0.000     0.261     0.047      1.010     0.048 &   17.074 r    (187.74,835.00)
  icc_place1578/Z (CKBD1BWP7T)                                               0.447                1.010     0.389     17.463 r    (188.85,835.13)
  n4684 (net)                                   5        0.053                                    1.010     0.000     17.463 r    [0.03,0.05]
  icc_place1579/I (INVD2BWP7T)                                     0.000     0.447     0.025      1.010     0.027 &   17.490 r    (241.05,819.66)
  icc_place1579/ZN (INVD2BWP7T)                                              0.210                1.010     0.191     17.681 f    (241.91,819.48)
  n4685 (net)                                   6        0.062                                    1.010     0.000     17.681 f    [0.03,0.06]
  U2006/A2 (NR2D1BWP7T)                                            0.000     0.210     0.000      1.010     0.003 &   17.684 f    (230.04,921.39)
  U2006/ZN (NR2D1BWP7T)                                                      0.322                1.010     0.254     17.938 r    (230.83,921.58)
  n1603 (net)                                   1        0.014                                    1.010     0.000     17.938 r    [0.01,0.01]
  U2023/B (FA1D0BWP7T)                                             0.000     0.322     0.000      1.010     0.000 &   17.939 r    (221.36,866.24)
  U2023/S (FA1D0BWP7T)                                                       0.308                1.010     0.705     18.644 r    (228.45,866.86)
  n1594 (net)                                   1        0.016                                    1.010     0.000     18.644 r    [0.01,0.02]
  U2015/B (FA1D0BWP7T)                                             0.000     0.308     0.019      1.010     0.019 &   18.663 r    (299.76,854.96)
  U2015/S (FA1D0BWP7T)                                                       0.236                1.010     0.755     19.418 f    (306.85,854.34)
  n1597 (net)                                   2        0.022                                    1.010     0.000     19.418 f    [0.01,0.02]
  U2017/I (INVD0BWP7T)                                             0.000     0.236     0.014      1.010     0.014 &   19.433 f    (237.88,842.96)
  U2017/ZN (INVD0BWP7T)                                                      0.297                1.010     0.247     19.680 r    (238.68,843.06)
  n1598 (net)                                   1        0.014                                    1.010     0.000     19.680 r    [0.01,0.01]
  U2226/C (MAOI222D2BWP7T)                                         0.000     0.297     0.052      1.010     0.053 &   19.733 r    (318.52,842.96)
  U2226/ZN (MAOI222D2BWP7T)                                                  0.072                1.010     0.364     20.097 f    (322.01,843.10)
  n4223 (net)                                   1        0.017                                    1.010     0.000     20.097 f    [0.01,0.02]
  U2030/B (FA1D0BWP7T)                                             0.000     0.072     0.000      1.010     0.001 &   20.098 f    (345.12,772.16)
  U2030/CO (FA1D0BWP7T)                                                      0.210                1.010     0.609     20.707 f    (336.74,772.69)
  n1625 (net)                                   2        0.017                                    1.010     0.000     20.707 f    [0.01,0.02]
  U2045/B (OAI21D1BWP7T)                                           0.000     0.210     0.000      1.010     0.000 &   20.707 f    (329.72,741.07)
  U2045/ZN (OAI21D1BWP7T)                                                    0.447                1.010     0.234     20.941 r    (328.20,740.66)
  n1626 (net)                                   1        0.020                                    1.010     0.000     20.941 r    [0.02,0.02]
  U2046/B (IOA21D0BWP7T)                                           0.000     0.447     0.164      1.010     0.166 &   21.107 r    (243.18,799.56)
  U2046/ZN (IOA21D0BWP7T)                                                    0.380                1.010     0.326     21.433 f    (242.68,799.59)
  n1669 (net)                                   1        0.022                                    1.010     0.000     21.433 f    [0.01,0.02]
  U2067/A (FA1D1BWP7T)                                             0.000     0.380     0.010      1.010     0.011 &   21.444 f    (210.74,745.20)
  U2067/CO (FA1D1BWP7T)                                                      0.144                1.010     0.563     22.007 f    (225.82,744.68)
  n1670 (net)                                   1        0.015                                    1.010     0.000     22.007 f    [0.01,0.01]
  U2071/A2 (XOR4D0BWP7T)                                           0.000     0.144     0.017      1.010     0.017 &   22.025 f    (314.26,736.91)
  U2071/Z (XOR4D0BWP7T)                                                      0.242                1.010     0.569     22.593 r    (314.91,736.81)
  n1688 (net)                                   1        0.011                                    1.010     0.000     22.593 r    [0.01,0.01]
  U2081/A2 (XNR4D0BWP7T)                                           0.000     0.242     0.034      1.010     0.035 &   22.628 r    (261.18,749.09)
  U2081/ZN (XNR4D0BWP7T)                                                     0.367                1.010     0.739     23.367 r    (260.53,749.19)
  n1690 (net)                                   1        0.019                                    1.010     0.000     23.367 r    [0.01,0.02]
  U2082/B2 (IOA22D2BWP7T)                                          0.000     0.367     0.054      1.010     0.056 &   23.423 r    (358.00,709.48)
  U2082/ZN (IOA22D2BWP7T)                                                    0.109                1.010     0.453     23.876 f    (358.78,709.53)
  SA_core_pe_2_3_N17 (net)                      1        0.020                                    1.010     0.000     23.876 f    [0.02,0.02]
  SA_core_pe_2_3_Cij_o_reg_7_/D (DFQD0BWP7T)                       0.000     0.109     0.004      1.010     0.005 &   23.881 f    (268.03,768.43)
  data arrival time                                                                                                   23.881

  clock clk_p (rise edge)                                                                                  40.000     40.000
  clk_p (in)                                                                18.058                0.990     9.821     49.821 r    (145.90,1074.13)
  clk_p (net)                                   1        2.305                                    0.990     0.000     49.821 r    [0.00,2.31]            d 
  u_pad_clk/PAD (PDDW0208SCDG)                                     0.000    18.058     0.000      0.990     0.078 *   49.899 r    (181.00,1076.56)       d 
  u_pad_clk/C (PDDW0208SCDG)                                                 0.260                0.990     5.696 @   55.594 r    (164.60,959.50)        d 
  clk (net)                                     1        0.044                                    0.990     0.000     55.594 r    [0.02,0.04]            d 
  CTSCKND12BWP7T_G2B4I1/I (INVD5BWP7T)                             0.000     0.188     0.000      0.990     0.004 @   55.598 r    (259.21,827.50)        d 
  CTSCKND12BWP7T_G2B4I1/ZN (INVD5BWP7T)                                      0.117                0.990     0.101 c   55.699 f    (257.08,827.41)        d 
  clk_G2B1I1 (net)                              1        0.101                                    0.990     0.000     55.699 f    [0.05,0.10]            d 
  CTSCKND3BWP7T_G2B3I1/I (CKND12BWP7T)                             0.000     0.124     0.000      0.990     0.015 c   55.714 f    (523.82,529.67)        d 
  CTSCKND3BWP7T_G2B3I1/ZN (CKND12BWP7T)                                      0.104                0.990     0.089 c   55.803 r    (519.94,529.41)        d 
  clk_G2B2I1 (net)                              2        0.106                                    0.990     0.000     55.803 r    [0.03,0.11]            d 
  CTSCKND6BWP7T_G2B2I1/I (INVD5BWP7T)                              0.000     0.105     0.000      0.990     0.001 c   55.804 r    (489.93,529.58)        d 
  CTSCKND6BWP7T_G2B2I1/ZN (INVD5BWP7T)                                       0.196                0.990     0.139 c   55.943 f    (487.80,529.49)        d 
  clk_G2B3I1 (net)                              4        0.218                                    0.990     0.000     55.943 f    [0.07,0.22]            d 
  CTSCKND8BWP7T_G2B1I11/I (CKND8BWP7T)                             0.000     0.198     0.000      0.990     0.012 c   55.956 f    (316.94,752.53)        d 
  CTSCKND8BWP7T_G2B1I11/ZN (CKND8BWP7T)                                      0.335                0.990     0.227 c   56.183 r    (319.86,752.80)        d 
  clk_G2B4I11 (net)                            52        0.326                                    0.990     0.000     56.183 r    [0.13,0.33]            d 
  SA_core_pe_2_3_Cij_o_reg_7_/CP (DFQD0BWP7T)                      0.000     0.338     0.000      0.990     0.006 c   56.189 r    (269.86,768.45)
  clock reconvergence pessimism                                                                             0.327     56.516
  clock uncertainty                                                                                        -0.500     56.016
  SA_core_pe_2_3_Cij_o_reg_7_/CP (DFQD0BWP7T)                                                               0.000     56.016 r
  library setup time                                                                                       -0.010     56.006
  data required time                                                                                                  56.006
  -----------------------------------------------------------------------------------------------------------------------------------------------------------------
  data required time                                                                                                  56.006
  data arrival time                                                                                                  -23.881
  -----------------------------------------------------------------------------------------------------------------------------------------------------------------
  slack (MET)                                                                                                         32.125


1
