 
****************************************
Report : timing
        -path full_clock
        -delay max
        -physical
        -derate
        -input_pins
        -nets
        -max_paths 1
        -transition_time
        -crosstalk_delta
        -capacitance
Design : systolic_array
Version: L-2016.03-SP5-3
Date   : Tue Dec 27 20:15:46 2022
****************************************

 * Some/all delay information is back-annotated.

Operating Conditions: WCCOM   Library: tcb018gbwp7twc_ccs
	Parasitic source    : LPE
	Parasitic mode      : RealRC
	Extraction mode     : MIN_MAX
	Extraction derating : 0/25/125

Information: Percent of Arnoldi-based delays = 20.01%

Information: Percent of CCS-based delays = 19.93%

  Startpoint: rstn_p (input port clocked by clk_p)
  Endpoint: SA_core_pe_3_0_Cij_o_reg_1_
            (rising edge-triggered flip-flop clocked by clk_p)
  Path Group: REGIN
  Path Type: max

Attributes:
    d - dont_touch
    u - dont_use
   mo - map_only
   so - size_only
    i - ideal_net or ideal_network

  Point                                       Fanout       Cap     DTran     Trans     Delta     Derate      Incr       Path      Location / Load        Attributes
  -----------------------------------------------------------------------------------------------------------------------------------------------------------------
  clock clk_p (rise edge)                                                                                   0.000      0.000
  clock network delay (ideal)                                                                               0.000      0.000
  input external delay                                                                                     12.000     12.000 r
  rstn_p (in)                                                               18.062                1.010    10.021     22.021 r    (875.03,1074.13)
  rstn_p (net)                                  1        2.306                                    1.010     0.000     22.021 r    [0.00,2.31]
  u_pad_rst_n/PAD (PDUW0208SCDG)                                   0.000    18.062     0.000      1.010     0.093 *   22.114 r    (910.14,1076.56)       d 
  u_pad_rst_n/C (PDUW0208SCDG)                                               0.204                1.010     5.786     27.900 r    (893.74,959.50)        d 
  rstn (net)                                    1        0.028                                    1.010     0.000     27.900 r    [0.02,0.03]
  icc_place1409/I (BUFFD1P5BWP7T)                                  0.000     0.204     0.000      1.010     0.002 &   27.902 r    (725.39,913.80)
  icc_place1409/Z (BUFFD1P5BWP7T)                                            0.470                1.010     0.368     28.270 r    (723.93,913.66)
  n4515 (net)                                   5        0.084                                    1.010     0.000     28.270 r    [0.06,0.08]
  U1443/B (OAI21D1BWP7T)                                           0.000     0.470     0.007      1.010     0.017 &   28.287 r    (619.80,592.10)
  U1443/ZN (OAI21D1BWP7T)                                                    0.239                1.010     0.231     28.518 f    (621.32,591.70)
  n4480 (net)                                   1        0.019                                    1.010     0.000     28.518 f    [0.00,0.02]
  icc_place1774/I (BUFFD8BWP7T)                                    0.000     0.239     0.000      1.010     0.001 &   28.519 f    (596.63,599.98)
  icc_place1774/Z (BUFFD8BWP7T)                                              0.234                1.010     0.295 c   28.814 f    (591.97,600.04)
  n4880 (net)                                  36        0.454                                    1.010     0.000     28.814 f    [0.19,0.45]
  icc_place1779/I (BUFFD5BWP7T)                                    0.000     0.261     0.000      1.010     0.027 c   28.841 f    (549.55,752.98)
  icc_place1779/Z (BUFFD5BWP7T)                                              0.280                1.010     0.337 c   29.178 f    (553.34,752.65)
  n4885 (net)                                  30        0.341                                    1.010     0.000     29.178 f    [0.11,0.34]
  icc_place1780/I (INVD2BWP7T)                                     0.000     0.284     0.000      1.010     0.007 c   29.185 f    (526.65,697.70)
  icc_place1780/ZN (INVD2BWP7T)                                              0.441                1.010     0.345     29.531 r    (527.51,697.88)
  n4886 (net)                                  11        0.100                                    1.010     0.000     29.531 r    [0.04,0.10]
  U1605/A1 (ND2D5BWP7T)                                            0.000     0.441     0.000      1.010     0.003 &   29.533 r    (531.38,768.40)
  U1605/ZN (ND2D5BWP7T)                                                      0.355                1.010     0.289 c   29.822 f    (529.54,768.91)
  n3049 (net)                                  20        0.213                                    1.010     0.000     29.822 f    [0.10,0.21]
  icc_place1793/I (INVD3BWP7T)                                     0.000     0.362     0.005      1.010     0.021 c   29.843 f    (673.46,901.54)
  icc_place1793/ZN (INVD3BWP7T)                                              0.432                1.010     0.342 c   30.185 r    (675.21,901.61)
  n4899 (net)                                  13        0.143                                    1.010     0.000     30.185 r    [0.10,0.14]
  U1861/B (OAI21D0BWP7T)                                           0.000     0.433     0.009      1.010     0.014 c   30.199 r    (870.41,913.80)
  U1861/ZN (OAI21D0BWP7T)                                                    0.302                1.010     0.242     30.441 f    (871.89,913.37)
  n1444 (net)                                   1        0.011                                    1.010     0.000     30.441 f    [0.01,0.01]
  U1862/B (AOI21D0BWP7T)                                           0.000     0.302     0.054      1.010     0.055 &   30.496 f    (803.48,921.42)
  U1862/ZN (AOI21D0BWP7T)                                                    0.540                1.010     0.441     30.937 r    (802.27,921.66)
  SA_core_pe_3_0_N11 (net)                      1        0.011                                    1.010     0.000     30.937 r    [0.01,0.01]
  icc_clock1398/I (BUFFD1BWP7T)                                    0.000     0.540     0.182      1.010     0.185 &   31.122 r    (867.58,913.39)
  icc_clock1398/Z (BUFFD1BWP7T)                                              0.126                1.010     0.225     31.347 r    (868.70,913.53)
  n4936 (net)                                   1        0.010                                    1.010     0.000     31.347 r    [0.01,0.01]
  SA_core_pe_3_0_Cij_o_reg_1_/D (DFQD0BWP7T)                       0.000     0.126     0.014      1.010     0.015 &   31.362 r    (824.11,913.57)
  data arrival time                                                                                                   31.362

  clock clk_p (rise edge)                                                                                  40.000     40.000
  clk_p (in)                                                                18.058                0.990     9.821     49.821 r    (145.90,1074.13)
  clk_p (net)                                   1        2.305                                    0.990     0.000     49.821 r    [0.00,2.31]            d 
  u_pad_clk/PAD (PDDW0208SCDG)                                     0.000    18.058     0.000      0.990     0.078 *   49.899 r    (181.00,1076.56)       d 
  u_pad_clk/C (PDDW0208SCDG)                                                 0.261                0.990     5.696 @   55.595 r    (164.60,959.50)        d 
  clk (net)                                     1        0.045                                    0.990     0.000     55.595 r    [0.02,0.04]            d 
  CTSCKND12BWP7T_G2B4I1/I (INVD5BWP7T)                             0.000     0.188     0.000      0.990     0.004 @   55.599 r    (259.21,827.50)        d 
  CTSCKND12BWP7T_G2B4I1/ZN (INVD5BWP7T)                                      0.118                0.990     0.101 c   55.700 f    (257.08,827.41)        d 
  clk_G2B1I1 (net)                              1        0.101                                    0.990     0.000     55.700 f    [0.05,0.10]            d 
  CTSCKND3BWP7T_G2B3I1/I (CKND12BWP7T)                             0.000     0.125     0.000      0.990     0.015 c   55.715 f    (523.82,529.67)        d 
  CTSCKND3BWP7T_G2B3I1/ZN (CKND12BWP7T)                                      0.105                0.990     0.089 c   55.804 r    (519.94,529.41)        d 
  clk_G2B2I1 (net)                              2        0.106                                    0.990     0.000     55.804 r    [0.03,0.11]            d 
  CTSCKND12BWP7T_G2B2I2/I (INVD12BWP7T)                            0.000     0.107     0.000      0.990     0.006 c   55.810 r    (690.10,478.18)        d 
  CTSCKND12BWP7T_G2B2I2/ZN (INVD12BWP7T)                                     0.160                0.990     0.116 c   55.926 f    (693.97,478.27)        d 
  clk_G2B3I2 (net)                              7        0.410                                    0.990     0.000     55.926 f    [0.10,0.41]            d 
  CTSCKND12BWP7T_G2B1I5/I (INVD10BWP7T)                            0.000     0.165     0.000      0.990     0.015 c   55.941 f    (715.19,799.62)        d 
  CTSCKND12BWP7T_G2B1I5/ZN (INVD10BWP7T)                                     0.344                0.990     0.223 c   56.164 r    (718.57,799.76)        d 
  clk_G2B4I5 (net)                             68        0.425                                    0.990     0.000     56.164 r    [0.16,0.42]            d 
  SA_core_pe_3_0_Cij_o_reg_1_/CP (DFQD0BWP7T)                      0.000     0.351     0.000      0.990     0.012 c   56.176 r    (825.94,913.55)
  clock reconvergence pessimism                                                                             0.000     56.176
  clock uncertainty                                                                                        -0.500     55.676
  SA_core_pe_3_0_Cij_o_reg_1_/CP (DFQD0BWP7T)                                                               0.000     55.676 r
  library setup time                                                                                       -0.021     55.655
  data required time                                                                                                  55.655
  -----------------------------------------------------------------------------------------------------------------------------------------------------------------
  data required time                                                                                                  55.655
  data arrival time                                                                                                  -31.362
  -----------------------------------------------------------------------------------------------------------------------------------------------------------------
  slack (MET)                                                                                                         24.293


  Startpoint: SA_ctrl_state_overall_reg_1_
              (rising edge-triggered flip-flop clocked by clk_p)
  Endpoint: p_shift_out[4]
            (output port clocked by clk_p)
  Path Group: REGOUT
  Path Type: max

Attributes:
    d - dont_touch
    u - dont_use
   mo - map_only
   so - size_only
    i - ideal_net or ideal_network

  Point                                       Fanout       Cap     DTran     Trans     Delta     Derate      Incr       Path      Location / Load        Attributes
  -----------------------------------------------------------------------------------------------------------------------------------------------------------------
  clock clk_p (rise edge)                                                                                   0.000      0.000
  clk_p (in)                                                                18.058                1.010    10.019     10.019 r    (145.90,1074.13)
  clk_p (net)                                   1        2.305                                    1.010     0.000     10.019 r    [0.00,2.31]            d 
  u_pad_clk/PAD (PDDW0208SCDG)                                     0.000    18.058     0.000      1.010     0.080 *   10.099 r    (181.00,1076.56)       d 
  u_pad_clk/C (PDDW0208SCDG)                                                 0.261                1.010     5.811 @   15.910 r    (164.60,959.50)        d 
  clk (net)                                     1        0.045                                    1.010     0.000     15.910 r    [0.02,0.04]            d 
  CTSCKND12BWP7T_G2B4I1/I (INVD5BWP7T)                             0.000     0.188     0.000      1.010     0.004 @   15.914 r    (259.21,827.50)        d 
  CTSCKND12BWP7T_G2B4I1/ZN (INVD5BWP7T)                                      0.118                1.010     0.103 c   16.017 f    (257.08,827.41)        d 
  clk_G2B1I1 (net)                              1        0.101                                    1.010     0.000     16.017 f    [0.05,0.10]            d 
  CTSCKND3BWP7T_G2B3I1/I (CKND12BWP7T)                             0.000     0.125     0.000      1.010     0.016 c   16.033 f    (523.82,529.67)        d 
  CTSCKND3BWP7T_G2B3I1/ZN (CKND12BWP7T)                                      0.105                1.010     0.091 c   16.123 r    (519.94,529.41)        d 
  clk_G2B2I1 (net)                              2        0.106                                    1.010     0.000     16.123 r    [0.03,0.11]            d 
  CTSCKND12BWP7T_G2B2I2/I (INVD12BWP7T)                            0.000     0.107     0.000      1.010     0.006 c   16.130 r    (690.10,478.18)        d 
  CTSCKND12BWP7T_G2B2I2/ZN (INVD12BWP7T)                                     0.160                1.010     0.118 c   16.248 f    (693.97,478.27)        d 
  clk_G2B3I2 (net)                              7        0.410                                    1.010     0.000     16.248 f    [0.10,0.41]            d 
  CTSCKND12BWP7T_G2B1I3/I (CKND12BWP7T)                            0.000     0.161     0.000      1.010     0.006 c   16.254 f    (566.83,493.77)        d 
  CTSCKND12BWP7T_G2B1I3/ZN (CKND12BWP7T)                                     0.368                1.010     0.236 c   16.490 r    (570.70,494.03)        d 
  clk_G2B4I3 (net)                             93        0.569                                    1.010     0.000     16.490 r    [0.21,0.57]            d 
  SA_ctrl_state_overall_reg_1_/CP (DFQD1BWP7T)                     0.000     0.373     0.000      1.010     0.008 c   16.498 r    (565.42,619.48)
  SA_ctrl_state_overall_reg_1_/CP (DFQD1BWP7T)                     0.000     0.373     0.000      1.010     0.000     16.498 r    (565.42,619.48)
  SA_ctrl_state_overall_reg_1_/Q (DFQD1BWP7T)                                0.398                1.010     0.601     17.100 r    (574.70,619.45)
  SA_ctrl_state_overall[1] (net)                5        0.046                                    1.010     0.000     17.100 r    [0.01,0.05]
  icc_place1675/I (INVD2BWP7T)                                     0.000     0.398     0.000      1.010     0.001 &   17.101 r    (599.45,611.46)
  icc_place1675/ZN (INVD2BWP7T)                                              0.245                1.010     0.224     17.325 f    (600.31,611.64)
  n4781 (net)                                   5        0.088                                    1.010     0.000     17.325 f    [0.03,0.09]
  U1398/A1 (NR2XD4BWP7T)                                           0.000     0.245     0.000      1.010     0.002 &   17.327 f    (565.45,639.27)
  U1398/ZN (NR2XD4BWP7T)                                                     0.368                1.010     0.257 c   17.585 r    (568.75,639.89)
  ack (net)                                     9        0.148                                    1.010     0.000     17.585 r    [0.06,0.15]
  icc_place1752/I (CKND4BWP7T)                                     0.000     0.370     0.000      1.010     0.008 c   17.592 r    (486.39,623.67)
  icc_place1752/ZN (CKND4BWP7T)                                              0.222                1.010     0.212     17.805 f    (487.86,623.55)
  n4858 (net)                                   4        0.081                                    1.010     0.000     17.805 f    [0.01,0.08]
  U1415/A2 (NR3D3BWP7T)                                            0.000     0.222     0.000      1.010     0.004 &   17.809 f    (430.98,627.12)
  U1415/ZN (NR3D3BWP7T)                                                      0.536                1.010     0.367 c   18.176 r    (432.67,626.55)
  n3075 (net)                                   9        0.108                                    1.010     0.000     18.176 r    [0.06,0.11]
  U1431/B1 (AOI22D0BWP7T)                                          0.000     0.538     0.029      1.010     0.039 c   18.216 r    (226.85,709.77)
  U1431/ZN (AOI22D0BWP7T)                                                    0.404                1.010     0.365     18.581 f    (225.49,709.92)
  n1064 (net)                                   1        0.018                                    1.010     0.000     18.581 f    [0.01,0.02]
  U1433/A1 (ND2D1P5BWP7T)                                          0.000     0.404     0.014      1.010     0.014 &   18.595 f    (183.74,760.46)
  U1433/ZN (ND2D1P5BWP7T)                                                    0.407                1.010     0.351     18.946 r    (182.78,760.11)
  shift_out[4] (net)                            1        0.061                                    1.010     0.000     18.946 r    [0.04,0.06]
  u_pad_data_out_4/I (PDDW0208CDG)                                 0.000     0.407     0.033      1.010     0.041 &   18.987 r    (119.50,431.26)        d 
  u_pad_data_out_4/PAD (PDDW0208CDG)                                         1.374                1.010     4.043     23.030 r    ( 2.43,418.00)         d 
  p_shift_out[4] (net)                          1        2.410                                    1.010     0.000     23.030 r    [0.01,2.41]
  p_shift_out[4] (out)                                             0.000     1.374     0.000      1.010     0.004 *   23.034 r    ( 0.00,382.90)
  data arrival time                                                                                                   23.034

  clock clk_p (rise edge)                                                                                  40.000     40.000
  clock network delay (ideal)                                                                               0.000     40.000
  clock reconvergence pessimism                                                                             0.000     40.000
  clock uncertainty                                                                                        -0.500     39.500
  output external delay                                                                                   -12.000     27.500
  data required time                                                                                                  27.500
  -----------------------------------------------------------------------------------------------------------------------------------------------------------------
  data required time                                                                                                  27.500
  data arrival time                                                                                                  -23.034
  -----------------------------------------------------------------------------------------------------------------------------------------------------------------
  slack (MET)                                                                                                          4.466


  Startpoint: SA_core_pe_1_3_Bij_o_reg_0_
              (rising edge-triggered flip-flop clocked by clk_p)
  Endpoint: SA_core_pe_2_3_Cij_o_reg_7_
            (rising edge-triggered flip-flop clocked by clk_p)
  Path Group: clk_p
  Path Type: max

Attributes:
    d - dont_touch
    u - dont_use
   mo - map_only
   so - size_only
    i - ideal_net or ideal_network

  Point                                       Fanout       Cap     DTran     Trans     Delta     Derate      Incr       Path      Location / Load        Attributes
  -----------------------------------------------------------------------------------------------------------------------------------------------------------------
  clock clk_p (rise edge)                                                                                   0.000      0.000
  clk_p (in)                                                                18.058                1.010    10.019     10.019 r    (145.90,1074.13)
  clk_p (net)                                   1        2.305                                    1.010     0.000     10.019 r    [0.00,2.31]            d 
  u_pad_clk/PAD (PDDW0208SCDG)                                     0.000    18.058     0.000      1.010     0.080 *   10.099 r    (181.00,1076.56)       d 
  u_pad_clk/C (PDDW0208SCDG)                                                 0.261                1.010     5.811 @   15.910 r    (164.60,959.50)        d 
  clk (net)                                     1        0.045                                    1.010     0.000     15.910 r    [0.02,0.04]            d 
  CTSCKND12BWP7T_G2B4I1/I (INVD5BWP7T)                             0.000     0.188     0.000      1.010     0.004 @   15.914 r    (259.21,827.50)        d 
  CTSCKND12BWP7T_G2B4I1/ZN (INVD5BWP7T)                                      0.118                1.010     0.103 c   16.017 f    (257.08,827.41)        d 
  clk_G2B1I1 (net)                              1        0.101                                    1.010     0.000     16.017 f    [0.05,0.10]            d 
  CTSCKND3BWP7T_G2B3I1/I (CKND12BWP7T)                             0.000     0.125     0.000      1.010     0.016 c   16.033 f    (523.82,529.67)        d 
  CTSCKND3BWP7T_G2B3I1/ZN (CKND12BWP7T)                                      0.105                1.010     0.091 c   16.123 r    (519.94,529.41)        d 
  clk_G2B2I1 (net)                              2        0.106                                    1.010     0.000     16.123 r    [0.03,0.11]            d 
  CTSCKND6BWP7T_G2B2I1/I (INVD5BWP7T)                              0.000     0.105     0.000      1.010     0.001 c   16.124 r    (489.93,529.58)        d 
  CTSCKND6BWP7T_G2B2I1/ZN (INVD5BWP7T)                                       0.197                1.010     0.142 c   16.266 f    (487.80,529.49)        d 
  clk_G2B3I1 (net)                              4        0.218                                    1.010     0.000     16.266 f    [0.07,0.22]            d 
  CTSCKND8BWP7T_G2B1I11/I (CKND8BWP7T)                             0.000     0.199     0.000      1.010     0.013 c   16.279 f    (316.94,752.53)        d 
  CTSCKND8BWP7T_G2B1I11/ZN (CKND8BWP7T)                                      0.333                1.010     0.231 c   16.510 r    (319.86,752.80)        d 
  clk_G2B4I11 (net)                            52        0.325                                    1.010     0.000     16.510 r    [0.13,0.32]            d 
  SA_core_pe_1_3_Bij_o_reg_0_/CP (DFQD0BWP7T)                      0.000     0.337     0.000      1.010     0.008 c   16.518 r    (175.66,772.43)
  SA_core_pe_1_3_Bij_o_reg_0_/CP (DFQD0BWP7T)                      0.000     0.337     0.000      1.010     0.000     16.518 r    (175.66,772.43)
  SA_core_pe_1_3_Bij_o_reg_0_/Q (DFQD0BWP7T)                                 0.261                1.010     0.508     17.026 r    (184.93,772.51)
  SA_core_connect[176] (net)                    1        0.014                                    1.010     0.000     17.026 r    [0.01,0.01]
  icc_place1578/I (CKBD1BWP7T)                                     0.000     0.261     0.036      1.010     0.036 &   17.062 r    (187.74,835.00)
  icc_place1578/Z (CKBD1BWP7T)                                               0.407                1.010     0.366     17.429 r    (188.85,835.13)
  n4684 (net)                                   5        0.048                                    1.010     0.000     17.429 r    [0.03,0.05]
  icc_place1579/I (INVD1BWP7T)                                     0.000     0.407     0.026      1.010     0.028 &   17.457 r    (241.04,819.66)
  icc_place1579/ZN (INVD1BWP7T)                                              0.296                1.010     0.266     17.723 f    (242.05,819.59)
  n4685 (net)                                   6        0.056                                    1.010     0.000     17.723 f    [0.02,0.06]
  U2006/A2 (NR2D1BWP7T)                                            0.000     0.296     0.000      1.010     0.002 &   17.725 f    (230.04,921.39)
  U2006/ZN (NR2D1BWP7T)                                                      0.335                1.010     0.270     17.995 r    (230.83,921.58)
  n1603 (net)                                   1        0.014                                    1.010     0.000     17.995 r    [0.01,0.01]
  U2023/B (FA1D0BWP7T)                                             0.000     0.335     0.000      1.010     0.000 &   17.995 r    (221.36,866.24)
  U2023/S (FA1D0BWP7T)                                                       0.308                1.010     0.708     18.704 r    (228.45,866.86)
  n1594 (net)                                   1        0.016                                    1.010     0.000     18.704 r    [0.01,0.02]
  U2015/B (FA1D0BWP7T)                                             0.000     0.308     0.019      1.010     0.019 &   18.723 r    (299.76,854.96)
  U2015/S (FA1D0BWP7T)                                                       0.240                1.010     0.755     19.478 f    (306.85,854.34)
  n1597 (net)                                   2        0.022                                    1.010     0.000     19.478 f    [0.01,0.02]
  U2017/I (INVD0BWP7T)                                             0.000     0.240     0.015      1.010     0.015 &   19.494 f    (237.88,842.96)
  U2017/ZN (INVD0BWP7T)                                                      0.298                1.010     0.248     19.742 r    (238.68,843.06)
  n1598 (net)                                   1        0.014                                    1.010     0.000     19.742 r    [0.01,0.01]
  U2226/C (MAOI222D2BWP7T)                                         0.000     0.298     0.053      1.010     0.053 &   19.795 r    (318.52,842.96)
  U2226/ZN (MAOI222D2BWP7T)                                                  0.072                1.010     0.364     20.160 f    (322.01,843.10)
  n4223 (net)                                   1        0.017                                    1.010     0.000     20.160 f    [0.01,0.02]
  U2030/B (FA1D0BWP7T)                                             0.000     0.072     0.000      1.010     0.001 &   20.160 f    (345.12,772.16)
  U2030/CO (FA1D0BWP7T)                                                      0.193                1.010     0.592     20.752 f    (336.74,772.69)
  n1625 (net)                                   2        0.015                                    1.010     0.000     20.752 f    [0.01,0.01]
  U2045/B (OAI21D0BWP7T)                                           0.000     0.193     0.000      1.010     0.000 &   20.752 f    (329.98,741.32)
  U2045/ZN (OAI21D0BWP7T)                                                    0.779                1.010     0.329     21.081 r    (328.51,740.89)
  n1626 (net)                                   1        0.020                                    1.010     0.000     21.081 r    [0.02,0.02]
  U2046/B (IOA21D0BWP7T)                                           0.000     0.779     0.360      1.010     0.365 &   21.446 r    (243.18,799.56)
  U2046/ZN (IOA21D0BWP7T)                                                    0.441                1.010     0.388     21.833 f    (242.68,799.59)
  n1669 (net)                                   1        0.022                                    1.010     0.000     21.833 f    [0.01,0.02]
  U2067/A (FA1D1BWP7T)                                             0.000     0.441     0.013      1.010     0.014 &   21.848 f    (210.74,745.20)
  U2067/CO (FA1D1BWP7T)                                                      0.144                1.010     0.577     22.424 f    (225.82,744.68)
  n1670 (net)                                   1        0.015                                    1.010     0.000     22.424 f    [0.01,0.01]
  U2071/A2 (XOR4D0BWP7T)                                           0.000     0.144     0.017      1.010     0.017 &   22.442 f    (314.26,736.91)
  U2071/Z (XOR4D0BWP7T)                                                      0.242                1.010     0.569     23.010 r    (314.91,736.81)
  n1688 (net)                                   1        0.011                                    1.010     0.000     23.010 r    [0.01,0.01]
  U2081/A2 (XNR4D0BWP7T)                                           0.000     0.242     0.035      1.010     0.035 &   23.045 r    (261.18,749.09)
  U2081/ZN (XNR4D0BWP7T)                                                     0.271                1.010     0.740     23.786 f    (260.53,749.19)
  n1690 (net)                                   1        0.017                                    1.010     0.000     23.786 f    [0.01,0.02]
  U2082/A2 (MOAI22D0BWP7T)                                         0.000     0.271     0.021      1.010     0.022 &   23.807 f    (356.89,709.90)
  U2082/ZN (MOAI22D0BWP7T)                                                   0.773                1.010     0.542     24.349 r    (357.56,709.66)
  SA_core_pe_2_3_N17 (net)                      1        0.020                                    1.010     0.000     24.349 r    [0.02,0.02]
  SA_core_pe_2_3_Cij_o_reg_7_/D (DFQD0BWP7T)                       0.000     0.773     0.110      1.010     0.112 &   24.462 r    (268.03,768.43)
  data arrival time                                                                                                   24.462

  clock clk_p (rise edge)                                                                                  40.000     40.000
  clk_p (in)                                                                18.058                0.990     9.821     49.821 r    (145.90,1074.13)
  clk_p (net)                                   1        2.305                                    0.990     0.000     49.821 r    [0.00,2.31]            d 
  u_pad_clk/PAD (PDDW0208SCDG)                                     0.000    18.058     0.000      0.990     0.078 *   49.899 r    (181.00,1076.56)       d 
  u_pad_clk/C (PDDW0208SCDG)                                                 0.261                0.990     5.696 @   55.595 r    (164.60,959.50)        d 
  clk (net)                                     1        0.045                                    0.990     0.000     55.595 r    [0.02,0.04]            d 
  CTSCKND12BWP7T_G2B4I1/I (INVD5BWP7T)                             0.000     0.188     0.000      0.990     0.004 @   55.599 r    (259.21,827.50)        d 
  CTSCKND12BWP7T_G2B4I1/ZN (INVD5BWP7T)                                      0.118                0.990     0.101 c   55.700 f    (257.08,827.41)        d 
  clk_G2B1I1 (net)                              1        0.101                                    0.990     0.000     55.700 f    [0.05,0.10]            d 
  CTSCKND3BWP7T_G2B3I1/I (CKND12BWP7T)                             0.000     0.125     0.000      0.990     0.015 c   55.715 f    (523.82,529.67)        d 
  CTSCKND3BWP7T_G2B3I1/ZN (CKND12BWP7T)                                      0.105                0.990     0.089 c   55.804 r    (519.94,529.41)        d 
  clk_G2B2I1 (net)                              2        0.106                                    0.990     0.000     55.804 r    [0.03,0.11]            d 
  CTSCKND6BWP7T_G2B2I1/I (INVD5BWP7T)                              0.000     0.105     0.000      0.990     0.001 c   55.805 r    (489.93,529.58)        d 
  CTSCKND6BWP7T_G2B2I1/ZN (INVD5BWP7T)                                       0.197                0.990     0.139 c   55.944 f    (487.80,529.49)        d 
  clk_G2B3I1 (net)                              4        0.218                                    0.990     0.000     55.944 f    [0.07,0.22]            d 
  CTSCKND8BWP7T_G2B1I11/I (CKND8BWP7T)                             0.000     0.199     0.000      0.990     0.013 c   55.957 f    (316.94,752.53)        d 
  CTSCKND8BWP7T_G2B1I11/ZN (CKND8BWP7T)                                      0.333                0.990     0.227 c   56.183 r    (319.86,752.80)        d 
  clk_G2B4I11 (net)                            52        0.325                                    0.990     0.000     56.183 r    [0.13,0.32]            d 
  SA_core_pe_2_3_Cij_o_reg_7_/CP (DFQD0BWP7T)                      0.000     0.336     0.000      0.990     0.006 c   56.189 r    (269.86,768.45)
  clock reconvergence pessimism                                                                             0.327     56.516
  clock uncertainty                                                                                        -0.500     56.016
  SA_core_pe_2_3_Cij_o_reg_7_/CP (DFQD0BWP7T)                                                               0.000     56.016 r
  library setup time                                                                                       -0.055     55.961
  data required time                                                                                                  55.961
  -----------------------------------------------------------------------------------------------------------------------------------------------------------------
  data required time                                                                                                  55.961
  data arrival time                                                                                                  -24.462
  -----------------------------------------------------------------------------------------------------------------------------------------------------------------
  slack (MET)                                                                                                         31.500


1
