 
****************************************
Report : constraint
        -all_violators
        -max_delay
        -min_delay
        -max_capacitance
        -max_transition
Design : systolic_array
Version: L-2016.03-SP5-3
Date   : Thu Feb  9 15:04:31 2023
****************************************


   max_transition

                             Required        Actual
   Net                      Transition     Transition        Slack
   -----------------------------------------------------------------
   p_shift_out[1]              0.500          1.421         -0.921  (VIOLATED)
       PORT :  p_shift_out[1]    0.500        1.421         -0.921  (VIOLATED)
   p_shift_out[4]              0.500          1.421         -0.921  (VIOLATED)
       PORT :  p_shift_out[4]    0.500        1.421         -0.921  (VIOLATED)
   p_shift_out[6]              0.500          1.421         -0.921  (VIOLATED)
       PORT :  p_shift_out[6]    0.500        1.421         -0.921  (VIOLATED)
   p_shift_out[2]              0.500          1.421         -0.921  (VIOLATED)
       PORT :  p_shift_out[2]    0.500        1.421         -0.921  (VIOLATED)
   p_shift_out[0]              0.500          1.421         -0.921  (VIOLATED)
       PORT :  p_shift_out[0]    0.500        1.421         -0.921  (VIOLATED)
   p_shift_out[3]              0.500          1.421         -0.921  (VIOLATED)
       PORT :  p_shift_out[3]    0.500        1.421         -0.921  (VIOLATED)
   ack_p                       0.500          1.421         -0.921  (VIOLATED)
       PORT :  ack_p           0.500          1.421         -0.921  (VIOLATED)
   p_shift_out[5]              0.500          1.421         -0.921  (VIOLATED)
       PORT :  p_shift_out[5]    0.500        1.421         -0.921  (VIOLATED)
   p_shift_out[7]              0.500          1.418         -0.918  (VIOLATED)
       PORT :  p_shift_out[7]    0.500        1.418         -0.918  (VIOLATED)
   SA_ctrl_state_load_AB       0.500          0.531         -0.031  (VIOLATED)
       PIN :   U3492/A2        0.500          0.531         -0.031  (VIOLATED)
       PIN :   U3529/I         0.500          0.531         -0.031  (VIOLATED)
       PIN :   SA_ctrl_state_load_AB_reg/Q    0.500    0.531   -0.031 (VIOLATED)
   SA_core_connect[124]        0.500          0.523         -0.023  (VIOLATED)
       PIN :   U1478/I         0.500          0.523         -0.023  (VIOLATED)
       PIN :   U2855/A1        0.500          0.523         -0.023  (VIOLATED)
       PIN :   SA_core_pe_0_1_Bij_o_reg_4_/Q    0.500    0.523   -0.023 (VIOLATED)
   SA_core_connect[145]        0.500          0.511         -0.011  (VIOLATED)
       PIN :   U2733/A1        0.500          0.511         -0.011  (VIOLATED)
       PIN :   U2646/A1        0.500          0.511         -0.011  (VIOLATED)
       PIN :   U2667/A1        0.500          0.511         -0.011  (VIOLATED)
       PIN :   U2681/A1        0.500          0.511         -0.011  (VIOLATED)
       PIN :   U2703/A1        0.500          0.511         -0.011  (VIOLATED)
       PIN :   U2688/A1        0.500          0.511         -0.011  (VIOLATED)
       PIN :   icc_place1572/I    0.500       0.511         -0.011  (VIOLATED)
       PIN :   SA_core_pe_0_2_Bij_o_reg_1_/Q    0.500    0.511   -0.011 (VIOLATED)
   SA_core_output_row_1[3]     0.500          0.511         -0.011  (VIOLATED)
       PIN :   U1446/B2        0.500          0.511         -0.011  (VIOLATED)
       PIN :   U2537/I         0.500          0.511         -0.011  (VIOLATED)
       PIN :   SA_core_pe_1_3_Cij_o_reg_3_/Q    0.500    0.511   -0.011 (VIOLATED)
   n2097                       0.500          0.505         -0.005  (VIOLATED)
       PIN :   U2714/B1        0.500          0.504         -0.004  (VIOLATED)
       PIN :   U2810/B1        0.500          0.504         -0.004  (VIOLATED)
       PIN :   U2862/B1        0.500          0.504         -0.004  (VIOLATED)
       PIN :   U2778/B1        0.500          0.503         -0.003  (VIOLATED)
       PIN :   U2698/B1        0.500          0.504         -0.004  (VIOLATED)
       PIN :   U2736/B1        0.500          0.504         -0.004  (VIOLATED)
       PIN :   U2652/B1        0.500          0.505         -0.005  (VIOLATED)
       PIN :   U2543/A1        0.500          0.505         -0.005  (VIOLATED)
       PIN :   U2840/B1        0.500          0.504         -0.004  (VIOLATED)
       PIN :   U2684/B1        0.500          0.504         -0.004  (VIOLATED)
       PIN :   U2786/B1        0.500          0.503         -0.003  (VIOLATED)
       PIN :   U2797/B1        0.500          0.504         -0.004  (VIOLATED)
       PIN :   U2644/A1        0.500          0.503         -0.003  (VIOLATED)
       PIN :   U2770/A1        0.500          0.503         -0.003  (VIOLATED)
       PIN :   U2824/B1        0.500          0.504         -0.004  (VIOLATED)
       PIN :   U2671/B1        0.500          0.504         -0.004  (VIOLATED)
       PIN :   U2530/B1        0.500          0.505         -0.005  (VIOLATED)
       PIN :   U2511/B1        0.500          0.505         -0.005  (VIOLATED)
       PIN :   U2521/B1        0.500          0.505         -0.005  (VIOLATED)
       PIN :   U2589/B1        0.500          0.505         -0.005  (VIOLATED)
       PIN :   U2558/B1        0.500          0.505         -0.005  (VIOLATED)
       PIN :   U2611/B1        0.500          0.504         -0.004  (VIOLATED)
       PIN :   U2573/B1        0.500          0.505         -0.005  (VIOLATED)
       PIN :   U2660/A1        0.500          0.503         -0.003  (VIOLATED)
       PIN :   U2508/ZN        0.500          0.501         -0.001  (VIOLATED)
   SA_core_connect[26]         0.500          0.501         -0.001  (VIOLATED)
       PIN :   U1876/I         0.500          0.501         -0.001  (VIOLATED)
       PIN :   U2793/A2        0.500          0.501         -0.001  (VIOLATED)
       PIN :   U2852/A2        0.500          0.501         -0.001  (VIOLATED)
       PIN :   SA_core_pe_1_0_Aij_o_reg_2_/Q    0.500    0.501   -0.001 (VIOLATED)
   SA_core_connect[156]        0.500          0.500          0.000  (VIOLATED: increase significant digits)

   -----------------------------------------------------------------
   Total                      16                -8.365  

1
