 
****************************************
Report : timing
        -path full_clock
        -delay min
        -physical
        -derate
        -input_pins
        -nets
        -max_paths 1
        -transition_time
        -crosstalk_delta
        -capacitance
Design : systolic_array
Version: L-2016.03-SP5-3
Date   : Thu Feb  9 15:04:31 2023
****************************************

 * Some/all delay information is back-annotated.

Operating Conditions: BCCOM   Library: tcb018gbwp7tbc_ccs

Information: Percent of Arnoldi-based delays = 14.34%

Information: Percent of CCS-based delays = 14.33%

  Startpoint: rstn_p (input port clocked by clk_p)
  Endpoint: SA_ctrl_state_overall_reg_0_
            (rising edge-triggered flip-flop clocked by clk_p)
  Path Group: REGIN
  Path Type: min

Attributes:
    d - dont_touch
    u - dont_use
   mo - map_only
   so - size_only
    i - ideal_net or ideal_network

  Point                                       Fanout       Cap     DTran     Trans     Delta     Derate      Incr       Path      Location / Load        Attributes
  -----------------------------------------------------------------------------------------------------------------------------------------------------------------
  clock clk_p (rise edge)                                                                                   0.000      0.000
  clock network delay (ideal)                                                                               0.000      0.000
  input external delay                                                                                     12.000     12.000 f
  rstn_p (in)                                                                0.500                0.990     0.000     12.000 f    (695.14,895.13)
  rstn_p (net)                                  1        1.970                                    0.990     0.000     12.000 f    [0.00,1.97]
  u_pad_rst_n/PAD (PDUW0208SCDG)                                   0.000     0.500     0.000      0.990     0.063 *   12.063 f    (730.24,897.57)        d 
  u_pad_rst_n/C (PDUW0208SCDG)                                               0.115                0.990     0.702     12.765 f    (713.84,780.50)        d 
  rstn (net)                                    1        0.023                                    0.990     0.000     12.765 f    [0.02,0.02]
  icc_place1454/I (BUFFD3BWP7T)                                    0.000     0.115     0.000      0.990     0.001 &   12.766 f    (597.09,725.17)
  icc_place1454/Z (BUFFD3BWP7T)                                              0.100                0.990     0.146 c   12.912 f    (594.54,725.52)
  n4509 (net)                                   6        0.116                                    0.990     0.000     12.912 f    [0.05,0.12]
  U3496/A3 (ND3D0BWP7T)                                            0.000     0.102     0.000      0.990     0.006 c   12.918 f    (502.76,447.04)
  U3496/ZN (ND3D0BWP7T)                                                      0.075                0.990     0.082     13.000 r    (501.09,446.99)
  n3097 (net)                                   1        0.004                                    0.990     0.000     13.000 r    [0.00,0.00]
  U3497/B (OAI21D0BWP7T)                                           0.000     0.075     0.000      0.990     0.000 &   13.000 r    (503.02,451.24)
  U3497/ZN (OAI21D0BWP7T)                                                    0.058                0.990     0.050     13.050 f    (501.55,450.81)
  n1089 (net)                                   1        0.007                                    0.990     0.000     13.050 f    [0.00,0.01]
  SA_ctrl_state_overall_reg_0_/D (DFQD0BWP7T)                      0.000     0.058    -0.001      0.990    -0.001 &   13.049 f    (506.21,435.33)
  data arrival time                                                                                                   13.049

  clock clk_p (rise edge)                                                                                   0.000      0.000
  clk_p (in)                                                                 0.500                1.010     0.000      0.000 r    (134.90, 0.00)
  clk_p (net)                                   1        1.970                                    1.010     0.000      0.000 r    [0.00,1.97]            d 
  u_pad_clk/PAD (PDDW0208SCDG)                                     0.000     0.500     0.000      1.010     0.055 *    0.055 r    (170.00, 2.43)         d 
  u_pad_clk/C (PDDW0208SCDG)                                                 0.100                1.010     0.713 @    0.768 r    (186.40,119.50)        d 
  clk (net)                                     1        0.025                                    1.010     0.000      0.768 r    [0.00,0.02]            d 
  CTSCKND12BWP7T_G2B4I1/I (INVD4BWP7T)                             0.000     0.072     0.000      1.010     0.001 @    0.768 r    (183.98,156.74)        d 
  CTSCKND12BWP7T_G2B4I1/ZN (INVD4BWP7T)                                      0.055                1.010     0.041 c    0.809 f    (185.53,156.82)        d 
  clk_G2B1I1 (net)                              1        0.078                                    1.010     0.000      0.809 f    [0.03,0.08]            d 
  CTSCKND3BWP7T_G2B3I1/I (CKND12BWP7T)                             0.000     0.058     0.000      1.010     0.006 c    0.815 f    (356.93,317.99)        d 
  CTSCKND3BWP7T_G2B3I1/ZN (CKND12BWP7T)                                      0.067                1.010     0.046 c    0.862 r    (353.06,317.73)        d 
  clk_G2B2I1 (net)                              2        0.135                                    1.010     0.000      0.862 r    [0.04,0.14]            d 
  CTSCKND10BWP7T_G2B2I2/I (INVD12BWP7T)                            0.000     0.071     0.000      1.010     0.005 c    0.867 r    (459.34,317.90)        d 
  CTSCKND10BWP7T_G2B2I2/ZN (INVD12BWP7T)                                     0.075                1.010     0.052 c    0.919 f    (455.48,317.80)        d 
  clk_G2B3I2 (net)                              6        0.352                                    1.010     0.000      0.919 f    [0.07,0.35]            d 
  CTSCKND12BWP7T_G2B1I5/I (CKND12BWP7T)                            0.000     0.078     0.000      1.010     0.005 c    0.924 f    (462.21,333.67)        d 
  CTSCKND12BWP7T_G2B1I5/ZN (CKND12BWP7T)                                     0.201                1.010     0.117 c    1.041 r    (458.34,333.41)        d 
  clk_G2B4I5 (net)                             98        0.487                                    1.010     0.000      1.041 r    [0.19,0.49]            d 
  SA_ctrl_state_overall_reg_0_/CP (DFQD0BWP7T)                     0.000     0.206     0.000      1.010     0.007 c    1.048 r    (504.38,435.32)
  clock reconvergence pessimism                                                                             0.000      1.048
  SA_ctrl_state_overall_reg_0_/CP (DFQD0BWP7T)                                                              0.000      1.048 r
  library hold time                                                                                         0.027      1.074
  data required time                                                                                                   1.074
  -----------------------------------------------------------------------------------------------------------------------------------------------------------------
  data required time                                                                                                   1.074
  data arrival time                                                                                                  -13.049
  -----------------------------------------------------------------------------------------------------------------------------------------------------------------
  slack (MET)                                                                                                         11.975


  Startpoint: SA_core_pe_3_3_Cij_o_reg_0_
              (rising edge-triggered flip-flop clocked by clk_p)
  Endpoint: p_shift_out[0]
            (output port clocked by clk_p)
  Path Group: REGOUT
  Path Type: min

Attributes:
    d - dont_touch
    u - dont_use
   mo - map_only
   so - size_only
    i - ideal_net or ideal_network

  Point                                       Fanout       Cap     DTran     Trans     Delta     Derate      Incr       Path      Location / Load        Attributes
  -----------------------------------------------------------------------------------------------------------------------------------------------------------------
  clock clk_p (rise edge)                                                                                   0.000      0.000
  clk_p (in)                                                                 0.500                0.990     0.000      0.000 r    (134.90, 0.00)
  clk_p (net)                                   1        1.970                                    0.990     0.000      0.000 r    [0.00,1.97]            d 
  u_pad_clk/PAD (PDDW0208SCDG)                                     0.000     0.500     0.000      0.990     0.054 *    0.054 r    (170.00, 2.43)         d 
  u_pad_clk/C (PDDW0208SCDG)                                                 0.100                0.990     0.699 @    0.753 r    (186.40,119.50)        d 
  clk (net)                                     1        0.025                                    0.990     0.000      0.753 r    [0.00,0.02]            d 
  CTSCKND12BWP7T_G2B4I1/I (INVD4BWP7T)                             0.000     0.072     0.000      0.990     0.001 @    0.753 r    (183.98,156.74)        d 
  CTSCKND12BWP7T_G2B4I1/ZN (INVD4BWP7T)                                      0.055                0.990     0.040 c    0.793 f    (185.53,156.82)        d 
  clk_G2B1I1 (net)                              1        0.078                                    0.990     0.000      0.793 f    [0.03,0.08]            d 
  CTSCKND3BWP7T_G2B3I1/I (CKND12BWP7T)                             0.000     0.058     0.000      0.990     0.006 c    0.799 f    (356.93,317.99)        d 
  CTSCKND3BWP7T_G2B3I1/ZN (CKND12BWP7T)                                      0.067                0.990     0.046 c    0.845 r    (353.06,317.73)        d 
  clk_G2B2I1 (net)                              2        0.135                                    0.990     0.000      0.845 r    [0.04,0.14]            d 
  CTSCKND10BWP7T_G2B2I2/I (INVD12BWP7T)                            0.000     0.071     0.000      0.990     0.005 c    0.850 r    (459.34,317.90)        d 
  CTSCKND10BWP7T_G2B2I2/ZN (INVD12BWP7T)                                     0.075                0.990     0.051 c    0.901 f    (455.48,317.80)        d 
  clk_G2B3I2 (net)                              6        0.352                                    0.990     0.000      0.901 f    [0.07,0.35]            d 
  CTSCKND8BWP7T_G2B1I2/I (INVD10BWP7T)                             0.000     0.081     0.000      0.990     0.012 c    0.913 f    (290.33,498.22)        d 
  CTSCKND8BWP7T_G2B1I2/ZN (INVD10BWP7T)                                      0.152                0.990     0.098 c    1.010 r    (286.95,498.08)        d 
  clk_G2B4I2 (net)                             55        0.299                                    0.990     0.000      1.010 r    [0.14,0.30]            d 
  SA_core_pe_3_3_Cij_o_reg_0_/CP (DFQD2BWP7T)                      0.000     0.155     0.000      0.990     0.005 c    1.016 r    (221.58,419.64)
  SA_core_pe_3_3_Cij_o_reg_0_/CP (DFQD2BWP7T)                      0.000     0.155     0.000      0.990     0.000      1.016 r    (221.58,419.64)
  SA_core_pe_3_3_Cij_o_reg_0_/Q (DFQD2BWP7T)                                 0.063                0.990     0.228      1.243 f    (230.75,419.67)
  SA_core_output_row_3[0] (net)                 3        0.046                                    0.990     0.000      1.243 f    [0.03,0.05]
  U1438/A2 (AOI22D1BWP7T)                                          0.000     0.063     0.000      0.990     0.001 &    1.245 f    (214.36,682.23)
  U1438/ZN (AOI22D1BWP7T)                                                    0.118                0.990     0.091      1.336 r    (213.50,681.75)
  n1092 (net)                                   1        0.012                                    0.990     0.000      1.336 r    [0.01,0.01]
  U1439/A2 (ND2D1BWP7T)                                            0.000     0.118    -0.008      0.990    -0.007 &    1.329 r    (174.30,674.12)
  U1439/ZN (ND2D1BWP7T)                                                      0.131                0.990     0.096      1.424 f    (173.26,674.19)
  shift_out[0] (net)                            1        0.039                                    0.990     0.000      1.424 f    [0.01,0.04]
  u_pad_data_out_0/I (PDDW0208CDG)                                 0.000     0.131     0.000      0.990     0.001 &    1.425 f    (119.50,743.26)        d 
  u_pad_data_out_0/PAD (PDDW0208CDG)                                         0.677                0.990     1.664      3.089 f    ( 2.43,730.00)         d 
  p_shift_out[0] (net)                          1        2.075                                    0.990     0.000      3.089 f    [0.01,2.07]
  p_shift_out[0] (out)                                             0.000     0.677     0.000      0.990     0.003 *    3.092 f    ( 0.00,694.90)
  data arrival time                                                                                                    3.092

  clock clk_p (rise edge)                                                                                   0.000      0.000
  clock network delay (ideal)                                                                               0.000      0.000
  clock reconvergence pessimism                                                                             0.000      0.000
  output external delay                                                                                   -12.000    -12.000
  data required time                                                                                                 -12.000
  -----------------------------------------------------------------------------------------------------------------------------------------------------------------
  data required time                                                                                                 -12.000
  data arrival time                                                                                                   -3.092
  -----------------------------------------------------------------------------------------------------------------------------------------------------------------
  slack (MET)                                                                                                         15.092


  Startpoint: SA_ctrl_state_compute_out_counter_reg_1_
              (rising edge-triggered flip-flop clocked by clk_p)
  Endpoint: SA_ctrl_state_compute_out_counter_reg_1_
            (rising edge-triggered flip-flop clocked by clk_p)
  Path Group: clk_p
  Path Type: min

Attributes:
    d - dont_touch
    u - dont_use
   mo - map_only
   so - size_only
    i - ideal_net or ideal_network

  Point                                       Fanout       Cap     DTran     Trans     Delta     Derate      Incr       Path      Location / Load        Attributes
  -----------------------------------------------------------------------------------------------------------------------------------------------------------------
  clock clk_p (rise edge)                                                                                   0.000      0.000
  clk_p (in)                                                                 0.500                0.990     0.000      0.000 r    (134.90, 0.00)
  clk_p (net)                                   1        1.970                                    0.990     0.000      0.000 r    [0.00,1.97]            d 
  u_pad_clk/PAD (PDDW0208SCDG)                                     0.000     0.500     0.000      0.990     0.054 *    0.054 r    (170.00, 2.43)         d 
  u_pad_clk/C (PDDW0208SCDG)                                                 0.100                0.990     0.699 @    0.753 r    (186.40,119.50)        d 
  clk (net)                                     1        0.025                                    0.990     0.000      0.753 r    [0.00,0.02]            d 
  CTSCKND12BWP7T_G2B4I1/I (INVD4BWP7T)                             0.000     0.072     0.000      0.990     0.001 @    0.753 r    (183.98,156.74)        d 
  CTSCKND12BWP7T_G2B4I1/ZN (INVD4BWP7T)                                      0.055                0.990     0.040 c    0.793 f    (185.53,156.82)        d 
  clk_G2B1I1 (net)                              1        0.078                                    0.990     0.000      0.793 f    [0.03,0.08]            d 
  CTSCKND3BWP7T_G2B3I1/I (CKND12BWP7T)                             0.000     0.058     0.000      0.990     0.006 c    0.799 f    (356.93,317.99)        d 
  CTSCKND3BWP7T_G2B3I1/ZN (CKND12BWP7T)                                      0.067                0.990     0.046 c    0.845 r    (353.06,317.73)        d 
  clk_G2B2I1 (net)                              2        0.135                                    0.990     0.000      0.845 r    [0.04,0.14]            d 
  CTSCKND8BWP7T_G2B2I1/I (INVD10BWP7T)                             0.000     0.073     0.000      0.990     0.010 c    0.854 r    (516.39,572.26)        d 
  CTSCKND8BWP7T_G2B2I1/ZN (INVD10BWP7T)                                      0.065                0.990     0.046 c    0.901 f    (519.77,572.40)        d 
  clk_G2B3I1 (net)                              4        0.242                                    0.990     0.000      0.901 f    [0.07,0.24]            d 
  CTSCKND10BWP7T_G2B1I10/I (INVD10BWP7T)                           0.000     0.066     0.000      0.990     0.003 c    0.904 f    (493.43,580.10)        d 
  CTSCKND10BWP7T_G2B1I10/ZN (INVD10BWP7T)                                    0.188                0.990     0.111 c    1.015 r    (496.80,580.24)        d 
  clk_G2B4I10 (net)                            72        0.384                                    0.990     0.000      1.015 r    [0.17,0.38]            d 
  SA_ctrl_state_compute_out_counter_reg_1_/CP (DFQD0BWP7T)         0.000     0.191     0.000      0.990     0.004 c    1.019 r    (517.38,478.36)
  SA_ctrl_state_compute_out_counter_reg_1_/CP (DFQD0BWP7T)         0.000     0.191     0.000      0.990     0.000      1.019 r    (517.38,478.36)
  SA_ctrl_state_compute_out_counter_reg_1_/Q (DFQD0BWP7T)                    0.136                0.990     0.220      1.239 r    (508.11,478.30)
  SA_ctrl_state_compute_out_counter[1] (net)
                                                3        0.015                                    0.990     0.000      1.239 r    [0.00,0.02]
  U3550/A1 (AOI21D0BWP7T)                                          0.000     0.136    -0.002      0.990    -0.002 &    1.237 r    (512.02,459.08)
  U3550/ZN (AOI21D0BWP7T)                                                    0.065                0.990     0.063      1.301 f    (511.63,459.10)
  n1077 (net)                                   1        0.008                                    0.990     0.000      1.301 f    [0.00,0.01]
  SA_ctrl_state_compute_out_counter_reg_1_/D (DFQD0BWP7T)          0.000     0.065    -0.007      0.990    -0.007 &    1.293 f    (515.55,478.35)
  data arrival time                                                                                                    1.293

  clock clk_p (rise edge)                                                                                   0.000      0.000
  clk_p (in)                                                                 0.500                1.010     0.000      0.000 r    (134.90, 0.00)
  clk_p (net)                                   1        1.970                                    1.010     0.000      0.000 r    [0.00,1.97]            d 
  u_pad_clk/PAD (PDDW0208SCDG)                                     0.000     0.500     0.000      1.010     0.055 *    0.055 r    (170.00, 2.43)         d 
  u_pad_clk/C (PDDW0208SCDG)                                                 0.100                1.010     0.713 @    0.768 r    (186.40,119.50)        d 
  clk (net)                                     1        0.025                                    1.010     0.000      0.768 r    [0.00,0.02]            d 
  CTSCKND12BWP7T_G2B4I1/I (INVD4BWP7T)                             0.000     0.072     0.000      1.010     0.001 @    0.768 r    (183.98,156.74)        d 
  CTSCKND12BWP7T_G2B4I1/ZN (INVD4BWP7T)                                      0.055                1.010     0.041 c    0.809 f    (185.53,156.82)        d 
  clk_G2B1I1 (net)                              1        0.078                                    1.010     0.000      0.809 f    [0.03,0.08]            d 
  CTSCKND3BWP7T_G2B3I1/I (CKND12BWP7T)                             0.000     0.058     0.000      1.010     0.006 c    0.815 f    (356.93,317.99)        d 
  CTSCKND3BWP7T_G2B3I1/ZN (CKND12BWP7T)                                      0.067                1.010     0.046 c    0.862 r    (353.06,317.73)        d 
  clk_G2B2I1 (net)                              2        0.135                                    1.010     0.000      0.862 r    [0.04,0.14]            d 
  CTSCKND8BWP7T_G2B2I1/I (INVD10BWP7T)                             0.000     0.073     0.000      1.010     0.010 c    0.872 r    (516.39,572.26)        d 
  CTSCKND8BWP7T_G2B2I1/ZN (INVD10BWP7T)                                      0.065                1.010     0.047 c    0.919 f    (519.77,572.40)        d 
  clk_G2B3I1 (net)                              4        0.242                                    1.010     0.000      0.919 f    [0.07,0.24]            d 
  CTSCKND10BWP7T_G2B1I10/I (INVD10BWP7T)                           0.000     0.066     0.000      1.010     0.003 c    0.922 f    (493.43,580.10)        d 
  CTSCKND10BWP7T_G2B1I10/ZN (INVD10BWP7T)                                    0.188                1.010     0.113 c    1.035 r    (496.80,580.24)        d 
  clk_G2B4I10 (net)                            72        0.384                                    1.010     0.000      1.035 r    [0.17,0.38]            d 
  SA_ctrl_state_compute_out_counter_reg_1_/CP (DFQD0BWP7T)         0.000     0.191     0.000      1.010     0.004 c    1.039 r    (517.38,478.36)
  clock reconvergence pessimism                                                                            -0.018      1.021
  SA_ctrl_state_compute_out_counter_reg_1_/CP (DFQD0BWP7T)                                                  0.000      1.021 r
  library hold time                                                                                         0.026      1.047
  data required time                                                                                                   1.047
  -----------------------------------------------------------------------------------------------------------------------------------------------------------------
  data required time                                                                                                   1.047
  data arrival time                                                                                                   -1.293
  -----------------------------------------------------------------------------------------------------------------------------------------------------------------
  slack (MET)                                                                                                          0.247


1
