 
****************************************
Report : timing
        -path full_clock
        -delay max
        -physical
        -derate
        -input_pins
        -nets
        -max_paths 1
        -transition_time
        -crosstalk_delta
        -capacitance
Design : systolic_array
Version: L-2016.03-SP5-3
Date   : Thu Feb  9 15:04:31 2023
****************************************

 * Some/all delay information is back-annotated.

Operating Conditions: WCCOM   Library: tcb018gbwp7twc_ccs

Information: Percent of Arnoldi-based delays = 14.34%

Information: Percent of CCS-based delays = 14.33%

  Startpoint: rstn_p (input port clocked by clk_p)
  Endpoint: SA_A_2_shift_reg_reg_4__3_
            (rising edge-triggered flip-flop clocked by clk_p)
  Path Group: REGIN
  Path Type: max

Attributes:
    d - dont_touch
    u - dont_use
   mo - map_only
   so - size_only
    i - ideal_net or ideal_network

  Point                                       Fanout       Cap     DTran     Trans     Delta     Derate      Incr       Path      Location / Load        Attributes
  -----------------------------------------------------------------------------------------------------------------------------------------------------------------
  clock clk_p (rise edge)                                                                                   0.000      0.000
  clock network delay (ideal)                                                                               0.000      0.000
  input external delay                                                                                     12.000     12.000 f
  rstn_p (in)                                                                0.500                1.010     0.000     12.000 f    (695.14,895.13)
  rstn_p (net)                                  1        2.306                                    1.010     0.000     12.000 f    [0.00,2.31]
  u_pad_rst_n/PAD (PDUW0208SCDG)                                   0.000     0.500     0.000      1.010     0.093 *   12.093 f    (730.24,897.57)        d 
  u_pad_rst_n/C (PDUW0208SCDG)                                               0.274                1.010     1.515     13.607 f    (713.84,780.50)        d 
  rstn (net)                                    1        0.022                                    1.010     0.000     13.607 f    [0.02,0.02]
  icc_place1454/I (BUFFD3BWP7T)                                    0.000     0.274     0.000      1.010     0.001 &   13.608 f    (597.09,725.17)
  icc_place1454/Z (BUFFD3BWP7T)                                              0.200                1.010     0.333 c   13.941 f    (594.54,725.52)
  n4509 (net)                                   6        0.124                                    1.010     0.000     13.941 f    [0.05,0.12]
  icc_place1455/I (INVD8BWP7T)                                     0.000     0.203     0.000      1.010     0.009 c   13.950 f    (593.56,427.66)
  icc_place1455/ZN (INVD8BWP7T)                                              0.239                1.010     0.189 c   14.139 r    (596.30,427.56)
  n4510 (net)                                  13        0.202                                    1.010     0.000     14.139 r    [0.06,0.20]
  U2985/B (AOI21D1BWP7T)                                           0.000     0.240     0.000      1.010     0.003 c   14.141 r    (549.24,407.79)
  U2985/ZN (AOI21D1BWP7T)                                                    0.189                1.010     0.134     14.275 f    (550.76,407.36)
  n3658 (net)                                   1        0.012                                    1.010     0.000     14.275 f    [0.00,0.01]
  icc_place1651/I (BUFFD6BWP7T)                                    0.000     0.189     0.000      1.010     0.000 &   14.275 f    (560.19,411.58)
  icc_place1651/Z (BUFFD6BWP7T)                                              0.261                1.010     0.321 c   14.596 f    (563.88,411.91)
  n4706 (net)                                  35        0.365                                    1.010     0.000     14.596 f    [0.08,0.37]
  U4335/B (OAI31D1BWP7T)                                           0.000     0.268     0.000      1.010     0.013 c   14.609 f    (568.84,360.80)
  U4335/ZN (OAI31D1BWP7T)                                                    0.389                1.010     0.197     14.806 r    (566.95,360.64)
  n3638 (net)                                   1        0.007                                    1.010     0.000     14.806 r    [0.00,0.01]
  icc_route_opt1446/I (CKBD1BWP7T)                                 0.000     0.389     0.040      1.010     0.040 &   14.846 r    (561.26,360.92)
  icc_route_opt1446/Z (CKBD1BWP7T)                                           0.138                1.010     0.232     15.078 r    (562.38,360.79)
  n4805 (net)                                   1        0.013                                    1.010     0.000     15.078 r    [0.01,0.01]
  icc_place1662/I (BUFFD1P5BWP7T)                                  0.000     0.138     0.009      1.010     0.010 &   15.088 r    (546.19,341.48)
  icc_place1662/Z (BUFFD1P5BWP7T)                                            0.453                1.010     0.348     15.436 r    (544.73,341.34)
  n4717 (net)                                   7        0.081                                    1.010     0.000     15.436 r    [0.02,0.08]
  U4409/A2 (CKND2D2BWP7T)                                          0.000     0.453     0.011      1.010     0.017 &   15.453 r    (442.85,313.84)
  U4409/ZN (CKND2D2BWP7T)                                                    0.443                1.010     0.379     15.832 f    (440.98,314.09)
  n3628 (net)                                  16        0.076                                    1.010     0.000     15.832 f    [0.03,0.08]
  U4416/B2 (AOI22D0BWP7T)                                          0.000     0.443     0.000      1.010     0.003 &   15.835 f    (425.78,219.96)
  U4416/ZN (AOI22D0BWP7T)                                                    0.487                1.010     0.464     16.299 r    (426.53,219.44)
  n3622 (net)                                   1        0.008                                    1.010     0.000     16.299 r    [0.01,0.01]
  U4417/B (OAI21D0BWP7T)                                           0.000     0.487     0.098      1.010     0.099 &   16.398 r    (396.10,227.24)
  U4417/ZN (OAI21D0BWP7T)                                                    0.183                1.010     0.193     16.591 f    (397.57,227.67)
  n703 (net)                                    1        0.005                                    1.010     0.000     16.591 f    [0.00,0.01]
  icc_route_opt1449/I (BUFFD0BWP7T)                                0.000     0.183     0.004      1.010     0.004 &   16.595 f    (394.40,227.24)
  icc_route_opt1449/Z (BUFFD0BWP7T)                                          0.114                1.010     0.212     16.806 f    (395.48,227.56)
  n4808 (net)                                   1        0.010                                    1.010     0.000     16.806 f    [0.01,0.01]
  SA_A_2_shift_reg_reg_4__3_/D (DFQD0BWP7T)                        0.000     0.114     0.009      1.010     0.009 &   16.816 f    (419.79,239.33)
  data arrival time                                                                                                   16.816

  clock clk_p (rise edge)                                                                                  40.000     40.000
  clk_p (in)                                                                 0.500                0.990     0.000     40.000 r    (134.90, 0.00)
  clk_p (net)                                   1        2.306                                    0.990     0.000     40.000 r    [0.00,2.31]            d 
  u_pad_clk/PAD (PDDW0208SCDG)                                     0.000     0.500     0.000      0.990     0.078 *   40.078 r    (170.00, 2.43)         d 
  u_pad_clk/C (PDDW0208SCDG)                                                 0.198                0.990     1.303 @   41.381 r    (186.40,119.50)        d 
  clk (net)                                     1        0.023                                    0.990     0.000     41.381 r    [0.00,0.02]            d 
  CTSCKND12BWP7T_G2B4I1/I (INVD4BWP7T)                             0.000     0.143     0.000      0.990     0.001 @   41.382 r    (183.98,156.74)        d 
  CTSCKND12BWP7T_G2B4I1/ZN (INVD4BWP7T)                                      0.109                0.990     0.095 c   41.477 f    (185.53,156.82)        d 
  clk_G2B1I1 (net)                              1        0.082                                    0.990     0.000     41.477 f    [0.03,0.08]            d 
  CTSCKND3BWP7T_G2B3I1/I (CKND12BWP7T)                             0.000     0.112     0.000      0.990     0.008 c   41.485 f    (356.93,317.99)        d 
  CTSCKND3BWP7T_G2B3I1/ZN (CKND12BWP7T)                                      0.128                0.990     0.097 c   41.582 r    (353.06,317.73)        d 
  clk_G2B2I1 (net)                              2        0.145                                    0.990     0.000     41.582 r    [0.04,0.15]            d 
  CTSCKND10BWP7T_G2B2I2/I (INVD12BWP7T)                            0.000     0.131     0.000      0.990     0.007 c   41.588 r    (459.34,317.90)        d 
  CTSCKND10BWP7T_G2B2I2/ZN (INVD12BWP7T)                                     0.149                0.990     0.115 c   41.703 f    (455.48,317.80)        d 
  clk_G2B3I2 (net)                              6        0.368                                    0.990     0.000     41.703 f    [0.07,0.37]            d 
  CTSCKND10BWP7T_G2B1I7/I (CKND10BWP7T)                            0.000     0.152     0.000      0.990     0.009 c   41.712 f    (423.39,227.12)        d 
  CTSCKND10BWP7T_G2B1I7/ZN (CKND10BWP7T)                                     0.324                0.990     0.209 c   41.921 r    (426.63,227.44)        d 
  clk_G2B4I7 (net)                             70        0.407                                    0.990     0.000     41.921 r    [0.14,0.41]            d 
  SA_A_2_shift_reg_reg_4__3_/CP (DFQD0BWP7T)                       0.000     0.327     0.000      0.990     0.003 c   41.925 r    (421.62,239.32)
  clock reconvergence pessimism                                                                             0.000     41.925
  clock uncertainty                                                                                        -0.500     41.425
  SA_A_2_shift_reg_reg_4__3_/CP (DFQD0BWP7T)                                                                0.000     41.425 r
  library setup time                                                                                       -0.012     41.413
  data required time                                                                                                  41.413
  -----------------------------------------------------------------------------------------------------------------------------------------------------------------
  data required time                                                                                                  41.413
  data arrival time                                                                                                  -16.816
  -----------------------------------------------------------------------------------------------------------------------------------------------------------------
  slack (MET)                                                                                                         24.597


  Startpoint: SA_ctrl_state_overall_reg_0_
              (rising edge-triggered flip-flop clocked by clk_p)
  Endpoint: p_shift_out[3]
            (output port clocked by clk_p)
  Path Group: REGOUT
  Path Type: max

Attributes:
    d - dont_touch
    u - dont_use
   mo - map_only
   so - size_only
    i - ideal_net or ideal_network

  Point                                       Fanout       Cap     DTran     Trans     Delta     Derate      Incr       Path      Location / Load        Attributes
  -----------------------------------------------------------------------------------------------------------------------------------------------------------------
  clock clk_p (rise edge)                                                                                   0.000      0.000
  clk_p (in)                                                                 0.500                1.010     0.000      0.000 r    (134.90, 0.00)
  clk_p (net)                                   1        2.306                                    1.010     0.000      0.000 r    [0.00,2.31]            d 
  u_pad_clk/PAD (PDDW0208SCDG)                                     0.000     0.500     0.000      1.010     0.080 *    0.080 r    (170.00, 2.43)         d 
  u_pad_clk/C (PDDW0208SCDG)                                                 0.198                1.010     1.330 @    1.409 r    (186.40,119.50)        d 
  clk (net)                                     1        0.023                                    1.010     0.000      1.409 r    [0.00,0.02]            d 
  CTSCKND12BWP7T_G2B4I1/I (INVD4BWP7T)                             0.000     0.143     0.000      1.010     0.001 @    1.410 r    (183.98,156.74)        d 
  CTSCKND12BWP7T_G2B4I1/ZN (INVD4BWP7T)                                      0.109                1.010     0.096 c    1.507 f    (185.53,156.82)        d 
  clk_G2B1I1 (net)                              1        0.082                                    1.010     0.000      1.507 f    [0.03,0.08]            d 
  CTSCKND3BWP7T_G2B3I1/I (CKND12BWP7T)                             0.000     0.112     0.000      1.010     0.009 c    1.515 f    (356.93,317.99)        d 
  CTSCKND3BWP7T_G2B3I1/ZN (CKND12BWP7T)                                      0.128                1.010     0.099 c    1.614 r    (353.06,317.73)        d 
  clk_G2B2I1 (net)                              2        0.145                                    1.010     0.000      1.614 r    [0.04,0.15]            d 
  CTSCKND10BWP7T_G2B2I2/I (INVD12BWP7T)                            0.000     0.131     0.000      1.010     0.007 c    1.621 r    (459.34,317.90)        d 
  CTSCKND10BWP7T_G2B2I2/ZN (INVD12BWP7T)                                     0.149                1.010     0.117 c    1.738 f    (455.48,317.80)        d 
  clk_G2B3I2 (net)                              6        0.368                                    1.010     0.000      1.738 f    [0.07,0.37]            d 
  CTSCKND12BWP7T_G2B1I5/I (CKND12BWP7T)                            0.000     0.151     0.000      1.010     0.005 c    1.743 f    (462.21,333.67)        d 
  CTSCKND12BWP7T_G2B1I5/ZN (CKND12BWP7T)                                     0.370                1.010     0.233 c    1.976 r    (458.34,333.41)        d 
  clk_G2B4I5 (net)                             98        0.573                                    1.010     0.000      1.976 r    [0.19,0.57]            d 
  SA_ctrl_state_overall_reg_0_/CP (DFQD0BWP7T)                     0.000     0.374     0.000      1.010     0.008 c    1.984 r    (504.38,435.32)
  SA_ctrl_state_overall_reg_0_/CP (DFQD0BWP7T)                     0.000     0.374     0.000      1.010     0.000      1.984 r    (504.38,435.32)
  SA_ctrl_state_overall_reg_0_/Q (DFQD0BWP7T)                                0.339                1.010     0.558      2.542 r    (513.66,435.39)
  SA_ctrl_state_overall[0] (net)                2        0.018                                    1.010     0.000      2.542 r    [0.01,0.02]
  icc_place1467/I (INVD2BWP7T)                                     0.000     0.339     0.011      1.010     0.011 &    2.553 r    (536.17,431.14)
  icc_place1467/ZN (INVD2BWP7T)                                              0.249                1.010     0.225      2.778 f    (537.03,431.32)
  n4522 (net)                                  10        0.097                                    1.010     0.000      2.778 f    [0.03,0.10]
  U1426/A2 (NR2XD4BWP7T)                                           0.000     0.249     0.000      1.010     0.002 &    2.780 f    (523.16,446.89)
  U1426/ZN (NR2XD4BWP7T)                                                     0.348                1.010     0.264 c    3.043 r    (518.91,446.27)
  ack (net)                                     8        0.140                                    1.010     0.000      3.043 r    [0.07,0.14]
  U1435/A3 (ND3D1BWP7T)                                            0.000     0.349     0.005      1.010     0.011 c    3.054 r    (469.72,466.70)
  U1435/ZN (ND3D1BWP7T)                                                      0.364                1.010     0.285      3.339 f    (467.90,466.50)
  n3096 (net)                                   1        0.028                                    1.010     0.000      3.339 f    [0.02,0.03]
  icc_place1711/I (BUFFD3BWP7T)                                    0.000     0.364     0.041      1.010     0.042 &    3.381 f    (317.09,482.14)
  icc_place1711/Z (BUFFD3BWP7T)                                              0.191                1.010     0.353 c    3.734 f    (314.54,482.48)
  n4770 (net)                                   4        0.115                                    1.010     0.000      3.734 f    [0.05,0.12]
  icc_place1682/I (INVD2BWP7T)                                     0.000     0.192     0.000      1.010     0.001 c    3.735 f    (314.79,548.74)
  icc_place1682/ZN (INVD2BWP7T)                                              0.323                1.010     0.251      3.986 r    (313.93,548.91)
  n4737 (net)                                   8        0.072                                    1.010     0.000      3.986 r    [0.04,0.07]
  U1447/A1 (AOI22D0BWP7T)                                          0.000     0.323     0.010      1.010     0.013 &    3.999 r    (253.56,599.92)
  U1447/ZN (AOI22D0BWP7T)                                                    0.257                1.010     0.180      4.180 f    (254.19,600.16)
  n1098 (net)                                   1        0.008                                    1.010     0.000      4.180 f    [0.00,0.01]
  U1448/A2 (ND2D1BWP7T)                                            0.000     0.257     0.021      1.010     0.022 &    4.201 f    (255.51,615.88)
  U1448/ZN (ND2D1BWP7T)                                                      0.244                1.010     0.224      4.425 r    (254.46,615.81)
  shift_out[3] (net)                            1        0.021                                    1.010     0.000      4.425 r    [0.01,0.02]
  icc_place1702/I (BUFFD1P5BWP7T)                                  0.000     0.244     0.012      1.010     0.013 &    4.438 r    (169.87,576.68)
  icc_place1702/Z (BUFFD1P5BWP7T)                                            0.333                1.010     0.298      4.736 r    (168.41,576.54)
  n4761 (net)                                   1        0.058                                    1.010     0.000      4.736 r    [0.04,0.06]
  u_pad_data_out_3/I (PDDW0208CDG)                                 0.000     0.333     0.000      1.010     0.004 &    4.740 r    (119.50,263.26)        d 
  u_pad_data_out_3/PAD (PDDW0208CDG)                                         1.373                1.010     4.013      8.753 r    ( 2.43,250.00)         d 
  p_shift_out[3] (net)                          1        2.411                                    1.010     0.000      8.753 r    [0.01,2.41]
  p_shift_out[3] (out)                                             0.000     1.373     0.000      1.010     0.004 *    8.757 r    ( 0.00,214.90)
  data arrival time                                                                                                    8.757

  clock clk_p (rise edge)                                                                                  40.000     40.000
  clock network delay (ideal)                                                                               0.000     40.000
  clock reconvergence pessimism                                                                             0.000     40.000
  clock uncertainty                                                                                        -0.500     39.500
  output external delay                                                                                   -12.000     27.500
  data required time                                                                                                  27.500
  -----------------------------------------------------------------------------------------------------------------------------------------------------------------
  data required time                                                                                                  27.500
  data arrival time                                                                                                   -8.757
  -----------------------------------------------------------------------------------------------------------------------------------------------------------------
  slack (MET)                                                                                                         18.743


  Startpoint: SA_core_pe_0_1_Aij_o_reg_0_
              (rising edge-triggered flip-flop clocked by clk_p)
  Endpoint: SA_core_pe_0_2_Cij_o_reg_7_
            (rising edge-triggered flip-flop clocked by clk_p)
  Path Group: clk_p
  Path Type: max

Attributes:
    d - dont_touch
    u - dont_use
   mo - map_only
   so - size_only
    i - ideal_net or ideal_network

  Point                                       Fanout       Cap     DTran     Trans     Delta     Derate      Incr       Path      Location / Load        Attributes
  -----------------------------------------------------------------------------------------------------------------------------------------------------------------
  clock clk_p (rise edge)                                                                                   0.000      0.000
  clk_p (in)                                                                 0.500                1.010     0.000      0.000 r    (134.90, 0.00)
  clk_p (net)                                   1        2.306                                    1.010     0.000      0.000 r    [0.00,2.31]            d 
  u_pad_clk/PAD (PDDW0208SCDG)                                     0.000     0.500     0.000      1.010     0.080 *    0.080 r    (170.00, 2.43)         d 
  u_pad_clk/C (PDDW0208SCDG)                                                 0.198                1.010     1.330 @    1.409 r    (186.40,119.50)        d 
  clk (net)                                     1        0.023                                    1.010     0.000      1.409 r    [0.00,0.02]            d 
  CTSCKND12BWP7T_G2B4I1/I (INVD4BWP7T)                             0.000     0.143     0.000      1.010     0.001 @    1.410 r    (183.98,156.74)        d 
  CTSCKND12BWP7T_G2B4I1/ZN (INVD4BWP7T)                                      0.109                1.010     0.096 c    1.507 f    (185.53,156.82)        d 
  clk_G2B1I1 (net)                              1        0.082                                    1.010     0.000      1.507 f    [0.03,0.08]            d 
  CTSCKND3BWP7T_G2B3I1/I (CKND12BWP7T)                             0.000     0.112     0.000      1.010     0.009 c    1.515 f    (356.93,317.99)        d 
  CTSCKND3BWP7T_G2B3I1/ZN (CKND12BWP7T)                                      0.128                1.010     0.099 c    1.614 r    (353.06,317.73)        d 
  clk_G2B2I1 (net)                              2        0.145                                    1.010     0.000      1.614 r    [0.04,0.15]            d 
  CTSCKND8BWP7T_G2B2I1/I (INVD10BWP7T)                             0.000     0.134     0.000      1.010     0.013 c    1.627 r    (516.39,572.26)        d 
  CTSCKND8BWP7T_G2B2I1/ZN (INVD10BWP7T)                                      0.127                1.010     0.106 c    1.733 f    (519.77,572.40)        d 
  clk_G2B3I1 (net)                              4        0.250                                    1.010     0.000      1.733 f    [0.07,0.25]            d 
  CTSCKND10BWP7T_G2B1I10/I (INVD10BWP7T)                           0.000     0.129     0.000      1.010     0.004 c    1.737 f    (493.43,580.10)        d 
  CTSCKND10BWP7T_G2B1I10/ZN (INVD10BWP7T)                                    0.351                1.010     0.223 c    1.960 r    (496.80,580.24)        d 
  clk_G2B4I10 (net)                            72        0.446                                    1.010     0.000      1.960 r    [0.17,0.45]            d 
  SA_core_pe_0_1_Aij_o_reg_0_/CP (DFQD0BWP7T)                      0.000     0.353     0.000      1.010     0.004 c    1.964 r    (510.10,588.12)
  SA_core_pe_0_1_Aij_o_reg_0_/CP (DFQD0BWP7T)                      0.000     0.353     0.000      1.010     0.000      1.964 r    (510.10,588.12)
  SA_core_pe_0_1_Aij_o_reg_0_/Q (DFQD0BWP7T)                                 0.114                1.010     0.528      2.492 f    (500.83,588.05)
  SA_core_connect[8] (net)                      1        0.009                                    1.010     0.000      2.492 f    [0.00,0.01]
  icc_place1523/I (CKBD1BWP7T)                                     0.000     0.114     0.000      1.010     0.000 &    2.492 f    (484.54,572.60)
  icc_place1523/Z (CKBD1BWP7T)                                               0.388                1.010     0.340      2.833 f    (485.65,572.47)
  n4578 (net)                                   5        0.048                                    1.010     0.000      2.833 f    [0.02,0.05]
  icc_place1524/I (INVD2BWP7T)                                     0.000     0.388     0.014      1.010     0.015 &    2.848 f    (503.13,603.62)
  icc_place1524/ZN (INVD2BWP7T)                                              0.362                1.010     0.318      3.166 r    (503.99,603.79)
  n4579 (net)                                   8        0.074                                    1.010     0.000      3.166 r    [0.03,0.07]
  U3152/A2 (NR3D1BWP7T)                                            0.000     0.362     0.011      1.010     0.012 &    3.178 r    (481.82,627.56)
  U3152/ZN (NR3D1BWP7T)                                                      0.187                1.010     0.198      3.377 f    (481.34,626.97)
  n2728 (net)                                   2        0.022                                    1.010     0.000      3.377 f    [0.01,0.02]
  U4970/I (BUFFD1BWP7T)                                            0.000     0.187     0.006      1.010     0.006 &    3.383 f    (410.66,643.17)
  U4970/Z (BUFFD1BWP7T)                                                      0.119                1.010     0.244      3.626 f    (409.54,643.03)
  n4425 (net)                                   2        0.020                                    1.010     0.000      3.626 f    [0.01,0.02]
  U3153/B (AOI21D1BWP7T)                                           0.000     0.119     0.002      1.010     0.002 &    3.628 f    (432.76,603.79)
  U3153/ZN (AOI21D1BWP7T)                                                    0.430                1.010     0.331      3.959 r    (434.28,603.36)
  n2722 (net)                                   1        0.017                                    1.010     0.000      3.959 r    [0.01,0.02]
  U2092/B (MAOI222D2BWP7T)                                         0.000     0.430     0.000      1.010     0.000 &    3.960 r    (471.98,627.03)
  U2092/ZN (MAOI222D2BWP7T)                                                  0.064                1.010     0.398      4.358 f    (475.45,627.22)
  n4209 (net)                                   1        0.012                                    1.010     0.000      4.358 f    [0.01,0.01]
  U3174/B (FA1D0BWP7T)                                             0.000     0.064     0.000      1.010     0.000 &    4.358 f    (497.44,615.36)
  U3174/CO (FA1D0BWP7T)                                                      0.236                1.010     0.627      4.985 f    (505.82,615.89)
  n2738 (net)                                   2        0.021                                    1.010     0.000      4.985 f    [0.01,0.02]
  U3178/I (INVD0BWP7T)                                             0.000     0.236     0.026      1.010     0.027 &    5.011 f    (522.92,525.44)
  U3178/ZN (INVD0BWP7T)                                                      0.399                1.010     0.310      5.321 r    (523.72,525.34)
  n2741 (net)                                   1        0.021                                    1.010     0.000      5.321 r    [0.01,0.02]
  U3179/A (MAOI222D1BWP7T)                                         0.000     0.399     0.087      1.010     0.089 &    5.410 r    (517.05,619.24)
  U3179/ZN (MAOI222D1BWP7T)                                                  0.243                1.010     0.223      5.633 f    (519.78,619.30)
  n2742 (net)                                   1        0.011                                    1.010     0.000      5.633 f    [0.01,0.01]
  icc_clock1446/I (INVD0BWP7T)                                     0.000     0.243     0.000      1.010     0.000 &    5.633 f    (555.96,654.80)
  icc_clock1446/ZN (INVD0BWP7T)                                              0.215                1.010     0.198      5.831 r    (556.76,654.90)
  n4799 (net)                                   1        0.009                                    1.010     0.000      5.831 r    [0.00,0.01]
  U3190/B (FA1D0BWP7T)                                             0.000     0.215     0.000      1.010     0.000 &    5.831 r    (561.84,651.11)
  U3190/CO (FA1D0BWP7T)                                                      0.258                1.010     0.523      6.354 r    (570.22,650.59)
  n2763 (net)                                   2        0.013                                    1.010     0.000      6.354 r    [0.01,0.01]
  U3204/B (OAI21D0BWP7T)                                           0.000     0.258     0.015      1.010     0.015 &    6.369 r    (584.78,670.76)
  U3204/ZN (OAI21D0BWP7T)                                                    0.194                1.010     0.175      6.543 f    (583.31,670.33)
  n2764 (net)                                   1        0.006                                    1.010     0.000      6.543 f    [0.00,0.01]
  U3205/B (IOA21D0BWP7T)                                           0.000     0.194     0.000      1.010     0.000 &    6.543 f    (595.46,658.44)
  U3205/ZN (IOA21D0BWP7T)                                                    0.287                1.010     0.231      6.775 r    (595.96,658.47)
  n2811 (net)                                   1        0.013                                    1.010     0.000      6.775 r    [0.01,0.01]
  U3226/A (FA1D0BWP7T)                                             0.000     0.287     0.010      1.010     0.011 &    6.785 r    (577.24,611.67)
  U3226/CO (FA1D0BWP7T)                                                      0.198                1.010     0.625      7.411 r    (589.26,611.39)
  n2812 (net)                                   1        0.009                                    1.010     0.000      7.411 r    [0.01,0.01]
  U3230/A2 (XOR4D0BWP7T)                                           0.000     0.198     0.014      1.010     0.015 &    7.425 r    (555.18,600.13)
  U3230/Z (XOR4D0BWP7T)                                                      0.158                1.010     0.607      8.032 r    (554.53,600.23)
  n2830 (net)                                   1        0.005                                    1.010     0.000      8.032 r    [0.00,0.01]
  U3240/A2 (XNR4D0BWP7T)                                           0.000     0.158     0.009      1.010     0.010 &    8.042 r    (561.78,603.63)
  U3240/ZN (XNR4D0BWP7T)                                                     0.175                1.010     0.621      8.663 f    (562.43,603.53)
  n2832 (net)                                   1        0.005                                    1.010     0.000      8.663 f    [0.00,0.01]
  U3241/A2 (MOAI22D0BWP7T)                                         0.000     0.175     0.011      1.010     0.011 &    8.674 f    (576.97,603.62)
  U3241/ZN (MOAI22D0BWP7T)                                                   0.499                1.010     0.358      9.032 r    (577.64,603.86)
  SA_core_pe_0_2_N17 (net)                      1        0.011                                    1.010     0.000      9.032 r    [0.01,0.01]
  SA_core_pe_0_2_Cij_o_reg_7_/D (DFQD0BWP7T)                       0.000     0.499     0.139      1.010     0.140 &    9.172 r    (542.43,611.63)
  data arrival time                                                                                                    9.172

  clock clk_p (rise edge)                                                                                  40.000     40.000
  clk_p (in)                                                                 0.500                0.990     0.000     40.000 r    (134.90, 0.00)
  clk_p (net)                                   1        2.306                                    0.990     0.000     40.000 r    [0.00,2.31]            d 
  u_pad_clk/PAD (PDDW0208SCDG)                                     0.000     0.500     0.000      0.990     0.078 *   40.078 r    (170.00, 2.43)         d 
  u_pad_clk/C (PDDW0208SCDG)                                                 0.198                0.990     1.303 @   41.381 r    (186.40,119.50)        d 
  clk (net)                                     1        0.023                                    0.990     0.000     41.381 r    [0.00,0.02]            d 
  CTSCKND12BWP7T_G2B4I1/I (INVD4BWP7T)                             0.000     0.143     0.000      0.990     0.001 @   41.382 r    (183.98,156.74)        d 
  CTSCKND12BWP7T_G2B4I1/ZN (INVD4BWP7T)                                      0.109                0.990     0.095 c   41.477 f    (185.53,156.82)        d 
  clk_G2B1I1 (net)                              1        0.082                                    0.990     0.000     41.477 f    [0.03,0.08]            d 
  CTSCKND3BWP7T_G2B3I1/I (CKND12BWP7T)                             0.000     0.112     0.000      0.990     0.008 c   41.485 f    (356.93,317.99)        d 
  CTSCKND3BWP7T_G2B3I1/ZN (CKND12BWP7T)                                      0.128                0.990     0.097 c   41.582 r    (353.06,317.73)        d 
  clk_G2B2I1 (net)                              2        0.145                                    0.990     0.000     41.582 r    [0.04,0.15]            d 
  CTSCKND8BWP7T_G2B2I1/I (INVD10BWP7T)                             0.000     0.134     0.000      0.990     0.013 c   41.595 r    (516.39,572.26)        d 
  CTSCKND8BWP7T_G2B2I1/ZN (INVD10BWP7T)                                      0.127                0.990     0.104 c   41.699 f    (519.77,572.40)        d 
  clk_G2B3I1 (net)                              4        0.250                                    0.990     0.000     41.699 f    [0.07,0.25]            d 
  CTSCKND10BWP7T_G2B1I10/I (INVD10BWP7T)                           0.000     0.129     0.000      0.990     0.004 c   41.703 f    (493.43,580.10)        d 
  CTSCKND10BWP7T_G2B1I10/ZN (INVD10BWP7T)                                    0.351                0.990     0.219 c   41.922 r    (496.80,580.24)        d 
  clk_G2B4I10 (net)                            72        0.446                                    0.990     0.000     41.922 r    [0.17,0.45]            d 
  SA_core_pe_0_2_Cij_o_reg_7_/CP (DFQD0BWP7T)                      0.000     0.354     0.000      0.990     0.004 c   41.926 r    (544.26,611.65)
  clock reconvergence pessimism                                                                             0.034     41.960
  clock uncertainty                                                                                        -0.500     41.460
  SA_core_pe_0_2_Cij_o_reg_7_/CP (DFQD0BWP7T)                                                               0.000     41.460 r
  library setup time                                                                                       -0.050     41.410
  data required time                                                                                                  41.410
  -----------------------------------------------------------------------------------------------------------------------------------------------------------------
  data required time                                                                                                  41.410
  data arrival time                                                                                                   -9.172
  -----------------------------------------------------------------------------------------------------------------------------------------------------------------
  slack (MET)                                                                                                         32.237


1
