Warning: Clock network timing may not be up-to-date since only 93.750000 percentage of clock nets are routed. (TIM-233)
 
****************************************
Report : timing
        -path full_clock
        -delay max
        -physical
        -derate
        -input_pins
        -nets
        -max_paths 1
        -transition_time
        -crosstalk_delta
        -capacitance
Design : systolic_array
Version: L-2016.03-SP5-3
Date   : Thu Feb  9 14:57:32 2023
****************************************

 * Some/all delay information is back-annotated.

Operating Conditions: WCCOM   Library: tcb018gbwp7twc_ccs
	Parasitic source    : LPE
	Parasitic mode      : RealRVirtualC
	Extraction mode     : MIN_MAX
	Extraction derating : 0/25/125

Information: Percent of Arnoldi-based delays =  5.63%

Information: Percent of CCS-based delays =  5.61%

  Startpoint: rstn_p (input port clocked by clk_p)
  Endpoint: SA_B_2_shift_reg_reg_0__6_
            (rising edge-triggered flip-flop clocked by clk_p)
  Path Group: REGIN
  Path Type: max

Attributes:
    d - dont_touch
    u - dont_use
   mo - map_only
   so - size_only
    i - ideal_net or ideal_network

  Point                                       Fanout       Cap     DTran     Trans     Delta     Derate      Incr       Path      Location / Load        Attributes
  -----------------------------------------------------------------------------------------------------------------------------------------------------------------
  clock clk_p (rise edge)                                                                                   0.000      0.000
  clock network delay (ideal)                                                                               0.000      0.000
  input external delay                                                                                     12.000     12.000 r
  rstn_p (in)                                                                0.500                1.010     0.000     12.000 r    (695.14,895.13)
  rstn_p (net)                                  1        2.305                                    1.010     0.000     12.000 r    [0.00,2.30]
  u_pad_rst_n/PAD (PDUW0208SCDG)                                   0.000     0.500     0.000      1.010     0.093 *   12.093 r    (730.24,897.57)        d 
  u_pad_rst_n/C (PDUW0208SCDG)                                               0.442                1.010     1.480     13.573 r    (713.84,780.50)        d 
  rstn (net)                                    1        0.097                                    1.010     0.000     13.573 r    [0.09,0.10]
  icc_place1454/I (BUFFD3BWP7T)                                    0.000     0.442     0.000      1.010     0.008 &   13.581 r    (580.29,733.02)
  icc_place1454/Z (BUFFD3BWP7T)                                              0.347                1.010     0.366     13.948 r    (577.74,733.36)
  n4509 (net)                                   6        0.120                                    1.010     0.000     13.948 r    [0.06,0.12]
  icc_place1455/I (INVD8BWP7T)                                     0.000     0.347     0.000      1.010     0.017 *   13.964 r    (558.68,411.98)
  icc_place1455/ZN (INVD8BWP7T)                                              0.178                1.010     0.166     14.130 f    (555.94,411.88)
  n4510 (net)                                  13        0.225                                    1.010     0.000     14.130 f    [0.07,0.23]
  U2985/B (AOI21D1BWP7T)                                           0.000     0.178     0.000      1.010     0.001 *   14.132 f    (535.24,427.49)
  U2985/ZN (AOI21D1BWP7T)                                                    1.076                1.010     0.720     14.851 r    (536.76,427.92)
  n3658 (net)                                   1        0.059                                    1.010     0.000     14.851 r    [0.05,0.06]
  icc_place1651/I (BUFFD6BWP7T)                                    0.000     1.076     0.000      1.010     0.000 &   14.851 r    (539.47,411.58)
  icc_place1651/Z (BUFFD6BWP7T)                                              0.443                1.010     0.456     15.308 r    (543.16,411.91)
  n4706 (net)                                  35        0.315                                    1.010     0.000     15.308 r    [0.09,0.32]
  icc_place1652/I (INVD1BWP7T)                                     0.000     0.443     0.000      1.010     0.015 *   15.323 r    (608.80,364.94)
  icc_place1652/ZN (INVD1BWP7T)                                              0.279                1.010     0.253     15.576 f    (607.79,364.87)
  n4707 (net)                                   5        0.049                                    1.010     0.000     15.576 f    [0.01,0.05]
  U4714/B (IAO21D0BWP7T)                                           0.000     0.279     0.000      1.010     0.000 *   15.577 f    (621.22,392.44)
  U4714/ZN (IAO21D0BWP7T)                                                    1.881                1.010     1.183     16.760 r    (621.62,392.26)
  n4340 (net)                                   1        0.056                                    1.010     0.000     16.760 r    [0.05,0.06]
  icc_place1683/I (CKBD1BWP7T)                                     0.000     1.881     0.000      1.010     0.000 &   16.760 r    (641.90,395.96)
  icc_place1683/Z (CKBD1BWP7T)                                               0.380                1.010     0.494     17.254 r    (643.02,396.09)
  n4738 (net)                                   2        0.043                                    1.010     0.000     17.254 r    [0.02,0.04]
  U3845/B1 (INR2XD2BWP7T)                                          0.000     0.380     0.000      1.010     0.000 *   17.254 r    (645.71,384.13)
  U3845/ZN (INR2XD2BWP7T)                                                    0.246                1.010     0.234     17.488 f    (645.71,384.32)
  n3299 (net)                                  16        0.087                                    1.010     0.000     17.488 f    [0.04,0.09]
  U3859/B2 (MAOI22D0BWP7T)                                         0.000     0.246     0.000      1.010     0.003 &   17.492 f    (711.24,337.27)
  U3859/ZN (MAOI22D0BWP7T)                                                   0.220                1.010     0.342     17.834 f    (709.24,337.18)
  n956 (net)                                    1        0.009                                    1.010     0.000     17.834 f    [0.00,0.01]
  SA_B_2_shift_reg_reg_0__6_/D (DFQD0BWP7T)                        0.000     0.220     0.000      1.010     0.000 &   17.834 f    (726.11,321.55)
  data arrival time                                                                                                   17.834

  clock clk_p (rise edge)                                                                                  40.000     40.000
  clk_p (in)                                                                 0.500                0.990     0.000     40.000 r    (134.90, 0.00)
  clk_p (net)                                   1        2.305                                    0.990     0.000     40.000 r    [0.00,2.31]            d 
  u_pad_clk/PAD (PDDW0208SCDG)                                     0.000     0.500     0.000      0.990     0.078 *   40.078 r    (170.00, 2.43)         d 
  u_pad_clk/C (PDDW0208SCDG)                                                 0.201                0.990     1.305 @   41.383 r    (186.40,119.50)        d 
  clk (net)                                     1        0.024                                    0.990     0.000     41.383 r    [0.00,0.02]            d 
  CTSCKND12BWP7T_G2B4I1/I (INVD4BWP7T)                             0.000     0.145     0.000      0.990     0.001 @   41.384 r    (183.98,156.74)        d 
  CTSCKND12BWP7T_G2B4I1/ZN (INVD4BWP7T)                                      0.109                0.990     0.093 c   41.478 f    (185.53,156.82)        d 
  clk_G2B1I1 (net)                              1        0.081                                    0.990     0.000     41.478 f    [0.03,0.08]            d 
  CTSCKND3BWP7T_G2B3I1/I (CKND12BWP7T)                             0.000     0.113     0.000      0.990     0.010 c   41.488 f    (356.93,317.99)        d 
  CTSCKND3BWP7T_G2B3I1/ZN (CKND12BWP7T)                                      0.130                0.990     0.096 c   41.584 r    (353.06,317.73)        d 
  clk_G2B2I1 (net)                              2        0.147                                    0.990     0.000     41.584 r    [0.04,0.15]            d 
  CTSCKND10BWP7T_G2B2I2/I (INVD12BWP7T)                            0.000     0.134     0.000      0.990     0.008 c   41.592 r    (459.34,317.90)        d 
  CTSCKND10BWP7T_G2B2I2/ZN (INVD12BWP7T)                                     0.152                0.990     0.113 c   41.705 f    (455.48,317.80)        d 
  clk_G2B3I2 (net)                              6        0.372                                    0.990     0.000     41.705 f    [0.07,0.37]            d 
  CTSCKND12BWP7T_G2B1I1/I (CKND12BWP7T)                            0.000     0.159     0.000      0.990     0.020 c   41.724 f    (688.34,258.57)        d 
  CTSCKND12BWP7T_G2B1I1/ZN (CKND12BWP7T)                                     0.320                0.990     0.203 c   41.928 r    (692.22,258.83)        d 
  clk_G2B4I1 (net)                             86        0.477                                    0.990     0.000     41.928 r    [0.15,0.48]            d 
  SA_B_2_shift_reg_reg_0__6_/CP (DFQD0BWP7T)                       0.000     0.326     0.000      0.990     0.010 c   41.937 r    (727.94,321.57)
  clock reconvergence pessimism                                                                             0.000     41.937
  clock uncertainty                                                                                        -0.500     41.437
  SA_B_2_shift_reg_reg_0__6_/CP (DFQD0BWP7T)                                                                0.000     41.437 r
  library setup time                                                                                       -0.034     41.404
  data required time                                                                                                  41.404
  -----------------------------------------------------------------------------------------------------------------------------------------------------------------
  data required time                                                                                                  41.404
  data arrival time                                                                                                  -17.834
  -----------------------------------------------------------------------------------------------------------------------------------------------------------------
  slack (MET)                                                                                                         23.569


  Startpoint: SA_ctrl_state_overall_reg_0_
              (rising edge-triggered flip-flop clocked by clk_p)
  Endpoint: p_shift_out[3]
            (output port clocked by clk_p)
  Path Group: REGOUT
  Path Type: max

Attributes:
    d - dont_touch
    u - dont_use
   mo - map_only
   so - size_only
    i - ideal_net or ideal_network

  Point                                       Fanout       Cap     DTran     Trans     Delta     Derate      Incr       Path      Location / Load        Attributes
  -----------------------------------------------------------------------------------------------------------------------------------------------------------------
  clock clk_p (rise edge)                                                                                   0.000      0.000
  clk_p (in)                                                                 0.500                1.010     0.000      0.000 r    (134.90, 0.00)
  clk_p (net)                                   1        2.305                                    1.010     0.000      0.000 r    [0.00,2.31]            d 
  u_pad_clk/PAD (PDDW0208SCDG)                                     0.000     0.500     0.000      1.010     0.080 *    0.080 r    (170.00, 2.43)         d 
  u_pad_clk/C (PDDW0208SCDG)                                                 0.201                1.010     1.332 @    1.411 r    (186.40,119.50)        d 
  clk (net)                                     1        0.024                                    1.010     0.000      1.411 r    [0.00,0.02]            d 
  CTSCKND12BWP7T_G2B4I1/I (INVD4BWP7T)                             0.000     0.145     0.000      1.010     0.001 @    1.412 r    (183.98,156.74)        d 
  CTSCKND12BWP7T_G2B4I1/ZN (INVD4BWP7T)                                      0.109                1.010     0.095 c    1.508 f    (185.53,156.82)        d 
  clk_G2B1I1 (net)                              1        0.081                                    1.010     0.000      1.508 f    [0.03,0.08]            d 
  CTSCKND3BWP7T_G2B3I1/I (CKND12BWP7T)                             0.000     0.113     0.000      1.010     0.010 c    1.518 f    (356.93,317.99)        d 
  CTSCKND3BWP7T_G2B3I1/ZN (CKND12BWP7T)                                      0.130                1.010     0.098 c    1.616 r    (353.06,317.73)        d 
  clk_G2B2I1 (net)                              2        0.147                                    1.010     0.000      1.616 r    [0.04,0.15]            d 
  CTSCKND10BWP7T_G2B2I2/I (INVD12BWP7T)                            0.000     0.134     0.000      1.010     0.008 c    1.624 r    (459.34,317.90)        d 
  CTSCKND10BWP7T_G2B2I2/ZN (INVD12BWP7T)                                     0.152                1.010     0.115 c    1.739 f    (455.48,317.80)        d 
  clk_G2B3I2 (net)                              6        0.372                                    1.010     0.000      1.739 f    [0.07,0.37]            d 
  CTSCKND12BWP7T_G2B1I5/I (CKND12BWP7T)                            0.000     0.157     0.000      1.010     0.010 c    1.749 f    (462.21,333.67)        d 
  CTSCKND12BWP7T_G2B1I5/ZN (CKND12BWP7T)                                     0.359                1.010     0.226 c    1.975 r    (458.34,333.41)        d 
  clk_G2B4I5 (net)                             98        0.557                                    1.010     0.000      1.975 r    [0.18,0.56]            d 
  SA_ctrl_state_overall_reg_0_/CP (DFQD0BWP7T)                     0.000     0.368     0.000      1.010     0.013 c    1.988 r    (504.38,435.32)
  SA_ctrl_state_overall_reg_0_/CP (DFQD0BWP7T)                     0.000     0.368     0.000      1.010     0.000      1.988 r    (504.38,435.32)
  SA_ctrl_state_overall_reg_0_/Q (DFQD0BWP7T)                                0.373                1.010     0.576      2.564 r    (513.66,435.39)
  SA_ctrl_state_overall[0] (net)                2        0.021                                    1.010     0.000      2.564 r    [0.01,0.02]
  icc_place1467/I (INVD2BWP7T)                                     0.000     0.373     0.000      1.010     0.000 &    2.564 r    (518.81,438.98)
  icc_place1467/ZN (INVD2BWP7T)                                              0.226                1.010     0.209      2.773 f    (519.67,439.15)
  n4522 (net)                                  10        0.080                                    1.010     0.000      2.773 f    [0.02,0.08]
  U1426/A2 (NR2XD3BWP7T)                                           0.000     0.226     0.000      1.010     0.001 *    2.774 f    (513.40,450.96)
  U1426/ZN (NR2XD3BWP7T)                                                     0.284                1.010     0.238      3.012 r    (509.12,451.64)
  ack (net)                                     8        0.083                                    1.010     0.000      3.012 r    [0.02,0.08]
  U1435/A3 (ND3D1BWP7T)                                            0.000     0.284     0.000      1.010     0.000 &    3.012 r    (485.96,505.89)
  U1435/ZN (ND3D1BWP7T)                                                      1.088                1.010     0.719      3.731 f    (484.14,505.70)
  n3096 (net)                                   1        0.107                                    1.010     0.000      3.731 f    [0.10,0.11]
  icc_place1711/I (BUFFD3BWP7T)                                    0.000     1.088     0.000      1.010     0.011 &    3.742 f    (315.41,494.27)
  icc_place1711/Z (BUFFD3BWP7T)                                              0.203                1.010     0.502      4.244 f    (312.86,493.92)
  n4770 (net)                                   4        0.110                                    1.010     0.000      4.244 f    [0.06,0.11]
  icc_place1682/I (INVD1BWP7T)                                     0.000     0.203     0.000      1.010     0.002 *    4.246 f    (298.00,587.94)
  icc_place1682/ZN (INVD1BWP7T)                                              0.412                1.010     0.307      4.552 r    (296.99,588.01)
  n4737 (net)                                   8        0.046                                    1.010     0.000      4.552 r    [0.02,0.05]
  U1447/A1 (AOI22D0BWP7T)                                          0.000     0.412     0.000      1.010     0.003 *    4.555 r    (250.76,619.52)
  U1447/ZN (AOI22D0BWP7T)                                                    0.648                1.010     0.480      5.035 f    (251.39,619.28)
  n1098 (net)                                   1        0.041                                    1.010     0.000      5.035 f    [0.04,0.04]
  U1448/A2 (ND2D1BWP7T)                                            0.000     0.648     0.000      1.010     0.000 &    5.035 f    (247.66,608.04)
  U1448/ZN (ND2D1BWP7T)                                                      0.874                1.010     0.701      5.736 r    (246.62,607.97)
  shift_out[3] (net)                            1        0.096                                    1.010     0.000      5.736 r    [0.09,0.10]
  icc_place1702/I (BUFFD1P5BWP7T)                                  0.000     0.874     0.000      1.010     0.000 &    5.736 r    (160.91,540.84)
  icc_place1702/Z (BUFFD1P5BWP7T)                                            0.369                1.010     0.359      6.095 r    (159.45,540.98)
  n4761 (net)                                   1        0.064                                    1.010     0.000      6.095 r    [0.04,0.06]
  u_pad_data_out_3/I (PDDW0208CDG)                                 0.000     0.369     0.000      1.010     0.006 *    6.101 r    (119.50,263.26)        d 
  u_pad_data_out_3/PAD (PDDW0208CDG)                                         1.373                1.010     4.028     10.129 r    ( 2.43,250.00)         d 
  p_shift_out[3] (net)                          1        2.409                                    1.010     0.000     10.129 r    [0.00,2.41]
  p_shift_out[3] (out)                                             0.000     1.373     0.000      1.010     0.004 *   10.133 r    ( 0.00,214.90)
  data arrival time                                                                                                   10.133

  clock clk_p (rise edge)                                                                                  40.000     40.000
  clock network delay (ideal)                                                                               0.000     40.000
  clock reconvergence pessimism                                                                             0.000     40.000
  clock uncertainty                                                                                        -0.500     39.500
  output external delay                                                                                   -12.000     27.500
  data required time                                                                                                  27.500
  -----------------------------------------------------------------------------------------------------------------------------------------------------------------
  data required time                                                                                                  27.500
  data arrival time                                                                                                  -10.133
  -----------------------------------------------------------------------------------------------------------------------------------------------------------------
  slack (MET)                                                                                                         17.367


  Startpoint: SA_core_pe_1_3_Bij_o_reg_1_
              (rising edge-triggered flip-flop clocked by clk_p)
  Endpoint: SA_core_pe_2_3_Cij_o_reg_7_
            (rising edge-triggered flip-flop clocked by clk_p)
  Path Group: clk_p
  Path Type: max

Attributes:
    d - dont_touch
    u - dont_use
   mo - map_only
   so - size_only
    i - ideal_net or ideal_network

  Point                                       Fanout       Cap     DTran     Trans     Delta     Derate      Incr       Path      Location / Load        Attributes
  -----------------------------------------------------------------------------------------------------------------------------------------------------------------
  clock clk_p (rise edge)                                                                                   0.000      0.000
  clk_p (in)                                                                 0.500                1.010     0.000      0.000 r    (134.90, 0.00)
  clk_p (net)                                   1        2.305                                    1.010     0.000      0.000 r    [0.00,2.31]            d 
  u_pad_clk/PAD (PDDW0208SCDG)                                     0.000     0.500     0.000      1.010     0.080 *    0.080 r    (170.00, 2.43)         d 
  u_pad_clk/C (PDDW0208SCDG)                                                 0.201                1.010     1.332 @    1.411 r    (186.40,119.50)        d 
  clk (net)                                     1        0.024                                    1.010     0.000      1.411 r    [0.00,0.02]            d 
  CTSCKND12BWP7T_G2B4I1/I (INVD4BWP7T)                             0.000     0.145     0.000      1.010     0.001 @    1.412 r    (183.98,156.74)        d 
  CTSCKND12BWP7T_G2B4I1/ZN (INVD4BWP7T)                                      0.109                1.010     0.095 c    1.508 f    (185.53,156.82)        d 
  clk_G2B1I1 (net)                              1        0.081                                    1.010     0.000      1.508 f    [0.03,0.08]            d 
  CTSCKND3BWP7T_G2B3I1/I (CKND12BWP7T)                             0.000     0.113     0.000      1.010     0.010 c    1.518 f    (356.93,317.99)        d 
  CTSCKND3BWP7T_G2B3I1/ZN (CKND12BWP7T)                                      0.130                1.010     0.098 c    1.616 r    (353.06,317.73)        d 
  clk_G2B2I1 (net)                              2        0.147                                    1.010     0.000      1.616 r    [0.04,0.15]            d 
  CTSCKND8BWP7T_G2B2I1/I (INVD10BWP7T)                             0.000     0.138     0.000      1.010     0.016 c    1.632 r    (516.39,572.26)        d 
  CTSCKND8BWP7T_G2B2I1/ZN (INVD10BWP7T)                                      0.129                1.010     0.105 c    1.738 f    (519.77,572.40)        d 
  clk_G2B3I1 (net)                              4        0.252                                    1.010     0.000      1.738 f    [0.07,0.25]            d 
  CTSCKND10BWP7T_G2B1I3/I (CKND10BWP7T)                            0.000     0.133     0.000      1.010     0.013 c    1.750 f    (310.27,650.48)        d 
  CTSCKND10BWP7T_G2B1I3/ZN (CKND10BWP7T)                                     0.343                1.010     0.211 c    1.962 r    (313.51,650.80)        d 
  clk_G2B4I3 (net)                             73        0.437                                    1.010     0.000      1.962 r    [0.16,0.44]            d 
  SA_core_pe_1_3_Bij_o_reg_1_/CP (DFQD1BWP7T)                      0.000     0.352     0.000      1.010     0.015 c    1.976 r    (189.78,682.21)
  SA_core_pe_1_3_Bij_o_reg_1_/CP (DFQD1BWP7T)                      0.000     0.352     0.000      1.010     0.000      1.976 r    (189.78,682.21)
  SA_core_pe_1_3_Bij_o_reg_1_/Q (DFQD1BWP7T)                                 0.207                1.010     0.584      2.560 f    (180.51,682.17)
  SA_core_connect[177] (net)                    1        0.045                                    1.010     0.000      2.560 f    [0.04,0.05]
  icc_place1633/I (CKBD1BWP7T)                                     0.000     0.207     0.000      1.010     0.000 &    2.560 f    (178.82,678.20)
  icc_place1633/Z (CKBD1BWP7T)                                               0.448                1.010     0.397      2.957 f    (177.71,678.33)
  n4688 (net)                                   8        0.057                                    1.010     0.000      2.957 f    [0.02,0.06]
  icc_place1634/I (INVD1BWP7T)                                     0.000     0.448     0.000      1.010     0.004 *    2.960 f    (180.00,634.98)
  icc_place1634/ZN (INVD1BWP7T)                                              0.430                1.010     0.373      3.333 r    (181.01,635.05)
  n4689 (net)                                   6        0.044                                    1.010     0.000      3.333 r    [0.02,0.04]
  U2009/A1 (NR3D0BWP7T)                                            0.000     0.430     0.000      1.010     0.001 *    3.334 r    (218.56,611.92)
  U2009/ZN (NR3D0BWP7T)                                                      0.216                1.010     0.205      3.539 f    (218.29,611.76)
  n1621 (net)                                   2        0.014                                    1.010     0.000      3.539 f    [0.00,0.01]
  U2010/B (AOI21D1BWP7T)                                           0.000     0.216     0.000      1.010     0.000 &    3.539 f    (222.76,615.65)
  U2010/ZN (AOI21D1BWP7T)                                                    0.495                1.010     0.392      3.931 r    (221.24,616.08)
  n1615 (net)                                   2        0.021                                    1.010     0.000      3.931 r    [0.01,0.02]
  U2041/B (MAOI222D1BWP7T)                                         0.000     0.495     0.000      1.010     0.000 &    3.931 r    (218.21,603.51)
  U2041/ZN (MAOI222D1BWP7T)                                                  0.253                1.010     0.267      4.197 f    (218.07,603.62)
  n4227 (net)                                   1        0.012                                    1.010     0.000      4.197 f    [0.00,0.01]
  U2036/B (FA1D0BWP7T)                                             0.000     0.253     0.000      1.010     0.000 &    4.197 f    (212.40,591.84)
  U2036/CO (FA1D0BWP7T)                                                      0.151                1.010     0.615      4.813 f    (220.78,592.37)
  n1632 (net)                                   2        0.009                                    1.010     0.000      4.813 f    [0.00,0.01]
  U2040/I (INVD0BWP7T)                                             0.000     0.151     0.000      1.010     0.000 &    4.813 f    (218.84,580.32)
  U2040/ZN (INVD0BWP7T)                                                      0.237                1.010     0.190      5.003 r    (218.04,580.22)
  n1635 (net)                                   1        0.011                                    1.010     0.000      5.003 r    [0.01,0.01]
  U3014/C (MAOI222D1BWP7T)                                         0.000     0.237     0.000      1.010     0.000 &    5.003 r    (216.04,580.32)
  U3014/ZN (MAOI222D1BWP7T)                                                  0.199                1.010     0.163      5.166 f    (216.26,580.10)
  n4170 (net)                                   1        0.003                                    1.010     0.000      5.166 f    [0.00,0.00]
  U3590/I (INVD0BWP7T)                                             0.000     0.199     0.000      1.010     0.000 &    5.166 f    (212.68,580.32)
  U3590/ZN (INVD0BWP7T)                                                      0.238                1.010     0.202      5.367 r    (211.88,580.22)
  n3989 (net)                                   1        0.011                                    1.010     0.000      5.367 r    [0.00,0.01]
  U2054/B (FA1D0BWP7T)                                             0.000     0.238     0.000      1.010     0.000 &    5.367 r    (183.84,572.72)
  U2054/CO (FA1D0BWP7T)                                                      0.247                1.010     0.522      5.889 r    (192.22,572.19)
  n1661 (net)                                   2        0.012                                    1.010     0.000      5.889 r    [0.01,0.01]
  U2069/B (OAI21D0BWP7T)                                           0.000     0.247     0.000      1.010     0.000 &    5.889 r    (201.77,592.36)
  U2069/ZN (OAI21D0BWP7T)                                                    0.164                1.010     0.152      6.041 f    (203.25,591.93)
  n1662 (net)                                   1        0.004                                    1.010     0.000      6.041 f    [0.00,0.00]
  U2070/B (IOA21D0BWP7T)                                           0.000     0.164     0.000      1.010     0.000 &    6.041 f    (203.43,595.72)
  U2070/ZN (IOA21D0BWP7T)                                                    0.233                1.010     0.189      6.230 r    (202.92,595.74)
  n1705 (net)                                   1        0.010                                    1.010     0.000      6.230 r    [0.00,0.01]
  U2091/A (FA1D0BWP7T)                                             0.000     0.233     0.000      1.010     0.000 &    6.230 r    (203.72,619.51)
  U2091/CO (FA1D0BWP7T)                                                      0.186                1.010     0.609      6.840 r    (215.74,619.23)
  n1706 (net)                                   1        0.008                                    1.010     0.000      6.840 r    [0.00,0.01]
  U2095/A2 (XOR4D0BWP7T)                                           0.000     0.186     0.000      1.010     0.000 &    6.840 r    (222.42,639.33)
  U2095/Z (XOR4D0BWP7T)                                                      0.271                1.010     0.676      7.515 r    (223.07,639.43)
  n1724 (net)                                   1        0.013                                    1.010     0.000      7.515 r    [0.01,0.01]
  U2105/A2 (XNR4D0BWP7T)                                           0.000     0.271     0.000      1.010     0.000 &    7.515 r    (213.02,634.99)
  U2105/ZN (XNR4D0BWP7T)                                                     0.402                1.010     0.862      8.377 f    (212.37,634.89)
  n1726 (net)                                   1        0.036                                    1.010     0.000      8.377 f    [0.03,0.04]
  U2106/A2 (MOAI22D0BWP7T)                                         0.000     0.402     0.000      1.010     0.002 &    8.379 f    (258.33,584.46)
  U2106/ZN (MOAI22D0BWP7T)                                                   0.770                1.010     0.564      8.943 r    (259.00,584.22)
  SA_core_pe_2_3_N17 (net)                      1        0.020                                    1.010     0.000      8.943 r    [0.02,0.02]
  SA_core_pe_2_3_Cij_o_reg_7_/D (DFQD0BWP7T)                       0.000     0.770     0.000      1.010     0.000 &    8.943 r    (265.23,635.15)
  data arrival time                                                                                                    8.943

  clock clk_p (rise edge)                                                                                  40.000     40.000
  clk_p (in)                                                                 0.500                0.990     0.000     40.000 r    (134.90, 0.00)
  clk_p (net)                                   1        2.305                                    0.990     0.000     40.000 r    [0.00,2.31]            d 
  u_pad_clk/PAD (PDDW0208SCDG)                                     0.000     0.500     0.000      0.990     0.078 *   40.078 r    (170.00, 2.43)         d 
  u_pad_clk/C (PDDW0208SCDG)                                                 0.201                0.990     1.305 @   41.383 r    (186.40,119.50)        d 
  clk (net)                                     1        0.024                                    0.990     0.000     41.383 r    [0.00,0.02]            d 
  CTSCKND12BWP7T_G2B4I1/I (INVD4BWP7T)                             0.000     0.145     0.000      0.990     0.001 @   41.384 r    (183.98,156.74)        d 
  CTSCKND12BWP7T_G2B4I1/ZN (INVD4BWP7T)                                      0.109                0.990     0.093 c   41.478 f    (185.53,156.82)        d 
  clk_G2B1I1 (net)                              1        0.081                                    0.990     0.000     41.478 f    [0.03,0.08]            d 
  CTSCKND3BWP7T_G2B3I1/I (CKND12BWP7T)                             0.000     0.113     0.000      0.990     0.010 c   41.488 f    (356.93,317.99)        d 
  CTSCKND3BWP7T_G2B3I1/ZN (CKND12BWP7T)                                      0.130                0.990     0.096 c   41.584 r    (353.06,317.73)        d 
  clk_G2B2I1 (net)                              2        0.147                                    0.990     0.000     41.584 r    [0.04,0.15]            d 
  CTSCKND8BWP7T_G2B2I1/I (INVD10BWP7T)                             0.000     0.138     0.000      0.990     0.016 c   41.600 r    (516.39,572.26)        d 
  CTSCKND8BWP7T_G2B2I1/ZN (INVD10BWP7T)                                      0.129                0.990     0.103 c   41.703 f    (519.77,572.40)        d 
  clk_G2B3I1 (net)                              4        0.252                                    0.990     0.000     41.703 f    [0.07,0.25]            d 
  CTSCKND10BWP7T_G2B1I3/I (CKND10BWP7T)                            0.000     0.133     0.000      0.990     0.012 c   41.716 f    (310.27,650.48)        d 
  CTSCKND10BWP7T_G2B1I3/ZN (CKND10BWP7T)                                     0.343                0.990     0.207 c   41.923 r    (313.51,650.80)        d 
  clk_G2B4I3 (net)                             73        0.437                                    0.990     0.000     41.923 r    [0.16,0.44]            d 
  SA_core_pe_2_3_Cij_o_reg_7_/CP (DFQD0BWP7T)                      0.000     0.351     0.000      0.990     0.013 c   41.935 r    (267.06,635.16)
  clock reconvergence pessimism                                                                             0.039     41.974
  clock uncertainty                                                                                        -0.500     41.474
  SA_core_pe_2_3_Cij_o_reg_7_/CP (DFQD0BWP7T)                                                               0.000     41.474 r
  library setup time                                                                                       -0.054     41.420
  data required time                                                                                                  41.420
  -----------------------------------------------------------------------------------------------------------------------------------------------------------------
  data required time                                                                                                  41.420
  data arrival time                                                                                                   -8.943
  -----------------------------------------------------------------------------------------------------------------------------------------------------------------
  slack (MET)                                                                                                         32.478


1
