Warning: Clock network timing may not be up-to-date since only 93.750000 percentage of clock nets are routed. (TIM-233)
 
****************************************
Report : timing
        -path full_clock
        -delay max
        -physical
        -derate
        -input_pins
        -nets
        -max_paths 1
        -transition_time
        -crosstalk_delta
        -capacitance
Design : systolic_array
Version: L-2016.03-SP5-3
Date   : Thu Feb  9 14:59:45 2023
****************************************

 * Some/all delay information is back-annotated.

Operating Conditions: WCCOM   Library: tcb018gbwp7twc_ccs

Information: Percent of Arnoldi-based delays =  5.62%

Information: Percent of CCS-based delays =  5.61%

  Startpoint: rstn_p (input port clocked by clk_p)
  Endpoint: SA_core_pe_3_3_Cij_o_reg_0_
            (rising edge-triggered flip-flop clocked by clk_p)
  Path Group: REGIN
  Path Type: max

Attributes:
    d - dont_touch
    u - dont_use
   mo - map_only
   so - size_only
    i - ideal_net or ideal_network

  Point                                       Fanout       Cap     DTran     Trans     Delta     Derate      Incr       Path      Location / Load        Attributes
  -----------------------------------------------------------------------------------------------------------------------------------------------------------------
  clock clk_p (rise edge)                                                                                   0.000      0.000
  clock network delay (ideal)                                                                               0.000      0.000
  input external delay                                                                                     12.000     12.000 f
  rstn_p (in)                                                                0.500                1.010     0.000     12.000 f    (695.14,895.13)
  rstn_p (net)                                  1        2.306                                    1.010     0.000     12.000 f    [0.00,2.31]
  u_pad_rst_n/PAD (PDUW0208SCDG)                                   0.000     0.500     0.000      1.010     0.093 *   12.093 f    (730.24,897.57)        d 
  u_pad_rst_n/C (PDUW0208SCDG)                                               0.291                1.010     1.530     13.622 f    (713.84,780.50)        d 
  rstn (net)                                    1        0.027                                    1.010     0.000     13.622 f    [0.02,0.03]
  icc_place1454/I (BUFFD3BWP7T)                                    0.000     0.291     0.000      1.010     0.001 *   13.624 f    (597.09,725.17)
  icc_place1454/Z (BUFFD3BWP7T)                                              0.213                1.010     0.357     13.981 f    (594.54,725.52)
  n4509 (net)                                   6        0.132                                    1.010     0.000     13.981 f    [0.06,0.13]
  U1467/B (OAI21D2BWP7T)                                           0.000     0.213     0.000      1.010     0.016 *   13.997 f    (580.60,407.82)
  U1467/ZN (OAI21D2BWP7T)                                                    0.360                1.010     0.197     14.194 r    (577.96,407.91)
  n4476 (net)                                   1        0.028                                    1.010     0.000     14.194 r    [0.01,0.03]
  icc_place1670/I (BUFFD8BWP7T)                                    0.000     0.360     0.000      1.010     0.001 *   14.195 r    (527.75,435.34)
  icc_place1670/Z (BUFFD8BWP7T)                                              0.408                1.010     0.375     14.570 r    (523.09,435.40)
  n4725 (net)                                  36        0.388                                    1.010     0.000     14.570 r    [0.15,0.39]
  icc_place1673/I (BUFFD6BWP7T)                                    0.000     0.408     0.000      1.010     0.046 *   14.615 r    (353.49,439.39)
  icc_place1673/Z (BUFFD6BWP7T)                                              0.492                1.010     0.432     15.048 r    (349.80,439.05)
  n4728 (net)                                  39        0.354                                    1.010     0.000     15.048 r    [0.16,0.35]
  icc_place1674/I (CKND3BWP7T)                                     0.000     0.495     0.000      1.010     0.068 *   15.116 r    (298.97,282.14)
  icc_place1674/ZN (CKND3BWP7T)                                              0.517                1.010     0.442     15.558 f    (297.21,282.45)
  n4729 (net)                                  15        0.178                                    1.010     0.000     15.558 f    [0.12,0.18]
  U1629/A1 (ND2D4BWP7T)                                            0.000     0.517     0.000      1.010     0.015 *   15.573 f    (259.10,372.63)
  U1629/ZN (ND2D4BWP7T)                                                      0.486                1.010     0.424     15.997 r    (257.21,372.03)
  n3086 (net)                                  20        0.199                                    1.010     0.000     15.997 r    [0.10,0.20]
  icc_place1694/I (INVD2BWP7T)                                     0.000     0.486     0.000      1.010     0.023 *   16.020 r    (219.03,263.02)
  icc_place1694/ZN (INVD2BWP7T)                                              0.304                1.010     0.277     16.297 f    (218.17,262.85)
  n4749 (net)                                  13        0.111                                    1.010     0.000     16.297 f    [0.07,0.11]
  U3371/B (OAI211D0BWP7T)                                          0.000     0.304     0.000      1.010     0.004 *   16.301 f    (228.92,431.36)
  U3371/ZN (OAI211D0BWP7T)                                                   0.574                1.010     0.321     16.622 r    (230.01,431.62)
  n2961 (net)                                   1        0.013                                    1.010     0.000     16.622 r    [0.01,0.01]
  U3372/B (IOA21D0BWP7T)                                           0.000     0.574     0.000      1.010     0.000 *   16.622 r    (203.46,388.52)
  U3372/ZN (IOA21D0BWP7T)                                                    0.278                1.010     0.249     16.871 f    (203.96,388.49)
  SA_core_pe_3_3_N10 (net)                      1        0.011                                    1.010     0.000     16.871 f    [0.01,0.01]
  SA_core_pe_3_3_Cij_o_reg_0_/D (DFQD2BWP7T)                       0.000     0.278     0.000      1.010     0.000 *   16.872 f    (223.41,419.65)
  data arrival time                                                                                                   16.872

  clock clk_p (rise edge)                                                                                  40.000     40.000
  clk_p (in)                                                                 0.500                0.990     0.000     40.000 r    (134.90, 0.00)
  clk_p (net)                                   1        2.306                                    0.990     0.000     40.000 r    [0.00,2.31]            d 
  u_pad_clk/PAD (PDDW0208SCDG)                                     0.000     0.500     0.000      0.990     0.078 *   40.078 r    (170.00, 2.43)         d 
  u_pad_clk/C (PDDW0208SCDG)                                                 0.200                0.990     1.304 @   41.382 r    (186.40,119.50)        d 
  clk (net)                                     1        0.024                                    0.990     0.000     41.382 r    [0.00,0.02]            d 
  CTSCKND12BWP7T_G2B4I1/I (INVD4BWP7T)                             0.000     0.144     0.000      0.990     0.001 @   41.383 r    (183.98,156.74)        d 
  CTSCKND12BWP7T_G2B4I1/ZN (INVD4BWP7T)                                      0.115                0.990     0.097 c   41.480 f    (185.53,156.82)        d 
  clk_G2B1I1 (net)                              1        0.087                                    0.990     0.000     41.480 f    [0.04,0.09]            d 
  CTSCKND3BWP7T_G2B3I1/I (CKND12BWP7T)                             0.000     0.118     0.000      0.990     0.010 c   41.491 f    (356.93,317.99)        d 
  CTSCKND3BWP7T_G2B3I1/ZN (CKND12BWP7T)                                      0.134                0.990     0.100 c   41.590 r    (353.06,317.73)        d 
  clk_G2B2I1 (net)                              2        0.152                                    0.990     0.000     41.590 r    [0.05,0.15]            d 
  CTSCKND10BWP7T_G2B2I2/I (INVD12BWP7T)                            0.000     0.139     0.000      0.990     0.009 c   41.599 r    (459.34,317.90)        d 
  CTSCKND10BWP7T_G2B2I2/ZN (INVD12BWP7T)                                     0.155                0.990     0.115 c   41.714 f    (455.48,317.80)        d 
  clk_G2B3I2 (net)                              6        0.378                                    0.990     0.000     41.714 f    [0.08,0.38]            d 
  CTSCKND8BWP7T_G2B1I2/I (INVD10BWP7T)                             0.000     0.164     0.000      0.990     0.021 c   41.735 f    (290.33,498.22)        d 
  CTSCKND8BWP7T_G2B1I2/ZN (INVD10BWP7T)                                      0.301                0.990     0.202 c   41.937 r    (286.95,498.08)        d 
  clk_G2B4I2 (net)                             55        0.354                                    0.990     0.000     41.937 r    [0.15,0.35]            d 
  SA_core_pe_3_3_Cij_o_reg_0_/CP (DFQD2BWP7T)                      0.000     0.306     0.000      0.990     0.010 c   41.947 r    (221.58,419.64)
  clock reconvergence pessimism                                                                             0.000     41.947
  clock uncertainty                                                                                        -0.500     41.447
  SA_core_pe_3_3_Cij_o_reg_0_/CP (DFQD2BWP7T)                                                               0.000     41.447 r
  library setup time                                                                                       -0.051     41.396
  data required time                                                                                                  41.396
  -----------------------------------------------------------------------------------------------------------------------------------------------------------------
  data required time                                                                                                  41.396
  data arrival time                                                                                                  -16.872
  -----------------------------------------------------------------------------------------------------------------------------------------------------------------
  slack (MET)                                                                                                         24.524


  Startpoint: SA_ctrl_state_overall_reg_0_
              (rising edge-triggered flip-flop clocked by clk_p)
  Endpoint: p_shift_out[3]
            (output port clocked by clk_p)
  Path Group: REGOUT
  Path Type: max

Attributes:
    d - dont_touch
    u - dont_use
   mo - map_only
   so - size_only
    i - ideal_net or ideal_network

  Point                                       Fanout       Cap     DTran     Trans     Delta     Derate      Incr       Path      Location / Load        Attributes
  -----------------------------------------------------------------------------------------------------------------------------------------------------------------
  clock clk_p (rise edge)                                                                                   0.000      0.000
  clk_p (in)                                                                 0.500                1.010     0.000      0.000 r    (134.90, 0.00)
  clk_p (net)                                   1        2.306                                    1.010     0.000      0.000 r    [0.00,2.31]            d 
  u_pad_clk/PAD (PDDW0208SCDG)                                     0.000     0.500     0.000      1.010     0.080 *    0.080 r    (170.00, 2.43)         d 
  u_pad_clk/C (PDDW0208SCDG)                                                 0.200                1.010     1.331 @    1.410 r    (186.40,119.50)        d 
  clk (net)                                     1        0.024                                    1.010     0.000      1.410 r    [0.00,0.02]            d 
  CTSCKND12BWP7T_G2B4I1/I (INVD4BWP7T)                             0.000     0.144     0.000      1.010     0.001 @    1.411 r    (183.98,156.74)        d 
  CTSCKND12BWP7T_G2B4I1/ZN (INVD4BWP7T)                                      0.115                1.010     0.099 c    1.510 f    (185.53,156.82)        d 
  clk_G2B1I1 (net)                              1        0.087                                    1.010     0.000      1.510 f    [0.04,0.09]            d 
  CTSCKND3BWP7T_G2B3I1/I (CKND12BWP7T)                             0.000     0.118     0.000      1.010     0.010 c    1.521 f    (356.93,317.99)        d 
  CTSCKND3BWP7T_G2B3I1/ZN (CKND12BWP7T)                                      0.134                1.010     0.102 c    1.622 r    (353.06,317.73)        d 
  clk_G2B2I1 (net)                              2        0.152                                    1.010     0.000      1.622 r    [0.05,0.15]            d 
  CTSCKND10BWP7T_G2B2I2/I (INVD12BWP7T)                            0.000     0.139     0.000      1.010     0.009 c    1.631 r    (459.34,317.90)        d 
  CTSCKND10BWP7T_G2B2I2/ZN (INVD12BWP7T)                                     0.155                1.010     0.118 c    1.749 f    (455.48,317.80)        d 
  clk_G2B3I2 (net)                              6        0.378                                    1.010     0.000      1.749 f    [0.08,0.38]            d 
  CTSCKND12BWP7T_G2B1I5/I (CKND12BWP7T)                            0.000     0.159     0.000      1.010     0.011 c    1.759 f    (462.21,333.67)        d 
  CTSCKND12BWP7T_G2B1I5/ZN (CKND12BWP7T)                                     0.387                1.010     0.239 c    1.998 r    (458.34,333.41)        d 
  clk_G2B4I5 (net)                             98        0.600                                    1.010     0.000      1.998 r    [0.21,0.60]            d 
  SA_ctrl_state_overall_reg_0_/CP (DFQD0BWP7T)                     0.000     0.395     0.000      1.010     0.013 c    2.011 r    (504.38,435.32)
  SA_ctrl_state_overall_reg_0_/CP (DFQD0BWP7T)                     0.000     0.395     0.000      1.010     0.000      2.011 r    (504.38,435.32)
  SA_ctrl_state_overall_reg_0_/Q (DFQD0BWP7T)                                0.348                1.010     0.566      2.577 r    (513.66,435.39)
  SA_ctrl_state_overall[0] (net)                2        0.019                                    1.010     0.000      2.577 r    [0.01,0.02]
  icc_place1467/I (INVD2BWP7T)                                     0.000     0.348     0.000      1.010     0.000 *    2.578 r    (536.17,431.14)
  icc_place1467/ZN (INVD2BWP7T)                                              0.225                1.010     0.208      2.785 f    (537.03,431.32)
  n4522 (net)                                  10        0.083                                    1.010     0.000      2.785 f    [0.02,0.08]
  U1426/A2 (NR2XD3BWP7T)                                           0.000     0.225     0.000      1.010     0.002 *    2.787 f    (521.80,447.04)
  U1426/ZN (NR2XD3BWP7T)                                                     0.456                1.010     0.340      3.127 r    (517.52,446.36)
  ack (net)                                     8        0.151                                    1.010     0.000      3.127 r    [0.09,0.15]
  U1435/A3 (ND3D1BWP7T)                                            0.000     0.456     0.000      1.010     0.012 *    3.140 r    (469.72,466.70)
  U1435/ZN (ND3D1BWP7T)                                                      0.403                1.010     0.301      3.440 f    (467.90,466.50)
  n3096 (net)                                   1        0.029                                    1.010     0.000      3.440 f    [0.02,0.03]
  icc_place1711/I (BUFFD3BWP7T)                                    0.000     0.403     0.000      1.010     0.001 *    3.442 f    (317.09,482.14)
  icc_place1711/Z (BUFFD3BWP7T)                                              0.185                1.010     0.365      3.806 f    (314.54,482.48)
  n4770 (net)                                   4        0.108                                    1.010     0.000      3.806 f    [0.06,0.11]
  icc_place1682/I (INVD1BWP7T)                                     0.000     0.185     0.000      1.010     0.001 *    3.807 f    (314.24,548.74)
  icc_place1682/ZN (INVD1BWP7T)                                              0.527                1.010     0.369      4.176 r    (313.23,548.81)
  n4737 (net)                                   8        0.061                                    1.010     0.000      4.176 r    [0.03,0.06]
  U1447/A1 (AOI22D0BWP7T)                                          0.000     0.527     0.000      1.010     0.005 *    4.181 r    (253.56,599.92)
  U1447/ZN (AOI22D0BWP7T)                                                    0.275                1.010     0.210      4.390 f    (254.19,600.16)
  n1098 (net)                                   1        0.008                                    1.010     0.000      4.390 f    [0.00,0.01]
  U1448/A2 (ND2D1BWP7T)                                            0.000     0.275     0.000      1.010     0.000 *    4.391 f    (255.51,615.88)
  U1448/ZN (ND2D1BWP7T)                                                      0.278                1.010     0.250      4.640 r    (254.46,615.81)
  shift_out[3] (net)                            1        0.025                                    1.010     0.000      4.640 r    [0.02,0.02]
  icc_place1702/I (BUFFD1P5BWP7T)                                  0.000     0.278     0.000      1.010     0.001 *    4.641 r    (169.87,576.68)
  icc_place1702/Z (BUFFD1P5BWP7T)                                            0.417                1.010     0.350      4.992 r    (168.41,576.54)
  n4761 (net)                                   1        0.074                                    1.010     0.000      4.992 r    [0.05,0.07]
  u_pad_data_out_3/I (PDDW0208CDG)                                 0.000     0.417     0.000      1.010     0.008 *    5.000 r    (119.50,263.26)        d 
  u_pad_data_out_3/PAD (PDDW0208CDG)                                         1.373                1.010     4.048      9.047 r    ( 2.43,250.00)         d 
  p_shift_out[3] (net)                          1        2.410                                    1.010     0.000      9.047 r    [0.01,2.41]
  p_shift_out[3] (out)                                             0.000     1.373     0.000      1.010     0.004 *    9.052 r    ( 0.00,214.90)
  data arrival time                                                                                                    9.052

  clock clk_p (rise edge)                                                                                  40.000     40.000
  clock network delay (ideal)                                                                               0.000     40.000
  clock reconvergence pessimism                                                                             0.000     40.000
  clock uncertainty                                                                                        -0.500     39.500
  output external delay                                                                                   -12.000     27.500
  data required time                                                                                                  27.500
  -----------------------------------------------------------------------------------------------------------------------------------------------------------------
  data required time                                                                                                  27.500
  data arrival time                                                                                                   -9.052
  -----------------------------------------------------------------------------------------------------------------------------------------------------------------
  slack (MET)                                                                                                         18.448


  Startpoint: SA_core_pe_1_3_Bij_o_reg_1_
              (rising edge-triggered flip-flop clocked by clk_p)
  Endpoint: SA_core_pe_2_3_Cij_o_reg_7_
            (rising edge-triggered flip-flop clocked by clk_p)
  Path Group: clk_p
  Path Type: max

Attributes:
    d - dont_touch
    u - dont_use
   mo - map_only
   so - size_only
    i - ideal_net or ideal_network

  Point                                       Fanout       Cap     DTran     Trans     Delta     Derate      Incr       Path      Location / Load        Attributes
  -----------------------------------------------------------------------------------------------------------------------------------------------------------------
  clock clk_p (rise edge)                                                                                   0.000      0.000
  clk_p (in)                                                                 0.500                1.010     0.000      0.000 r    (134.90, 0.00)
  clk_p (net)                                   1        2.306                                    1.010     0.000      0.000 r    [0.00,2.31]            d 
  u_pad_clk/PAD (PDDW0208SCDG)                                     0.000     0.500     0.000      1.010     0.080 *    0.080 r    (170.00, 2.43)         d 
  u_pad_clk/C (PDDW0208SCDG)                                                 0.200                1.010     1.331 @    1.410 r    (186.40,119.50)        d 
  clk (net)                                     1        0.024                                    1.010     0.000      1.410 r    [0.00,0.02]            d 
  CTSCKND12BWP7T_G2B4I1/I (INVD4BWP7T)                             0.000     0.144     0.000      1.010     0.001 @    1.411 r    (183.98,156.74)        d 
  CTSCKND12BWP7T_G2B4I1/ZN (INVD4BWP7T)                                      0.115                1.010     0.099 c    1.510 f    (185.53,156.82)        d 
  clk_G2B1I1 (net)                              1        0.087                                    1.010     0.000      1.510 f    [0.04,0.09]            d 
  CTSCKND3BWP7T_G2B3I1/I (CKND12BWP7T)                             0.000     0.118     0.000      1.010     0.010 c    1.521 f    (356.93,317.99)        d 
  CTSCKND3BWP7T_G2B3I1/ZN (CKND12BWP7T)                                      0.134                1.010     0.102 c    1.622 r    (353.06,317.73)        d 
  clk_G2B2I1 (net)                              2        0.152                                    1.010     0.000      1.622 r    [0.05,0.15]            d 
  CTSCKND8BWP7T_G2B2I1/I (INVD10BWP7T)                             0.000     0.141     0.000      1.010     0.016 c    1.638 r    (516.39,572.26)        d 
  CTSCKND8BWP7T_G2B2I1/ZN (INVD10BWP7T)                                      0.133                1.010     0.109 c    1.746 f    (519.77,572.40)        d 
  clk_G2B3I1 (net)                              4        0.261                                    1.010     0.000      1.746 f    [0.08,0.26]            d 
  CTSCKND10BWP7T_G2B1I3/I (CKND10BWP7T)                            0.000     0.137     0.000      1.010     0.013 c    1.759 f    (310.27,650.48)        d 
  CTSCKND10BWP7T_G2B1I3/ZN (CKND10BWP7T)                                     0.366                1.010     0.223 c    1.982 r    (313.51,650.80)        d 
  clk_G2B4I3 (net)                             73        0.467                                    1.010     0.000      1.982 r    [0.18,0.47]            d 
  SA_core_pe_1_3_Bij_o_reg_1_/CP (DFQD1BWP7T)                      0.000     0.375     0.000      1.010     0.017 c    1.999 r    (181.26,682.21)
  SA_core_pe_1_3_Bij_o_reg_1_/CP (DFQD1BWP7T)                      0.000     0.375     0.000      1.010     0.000      1.999 r    (181.26,682.21)
  SA_core_pe_1_3_Bij_o_reg_1_/Q (DFQD1BWP7T)                                 0.080                1.010     0.497      2.495 f    (190.54,682.17)
  SA_core_connect[177] (net)                    1        0.011                                    1.010     0.000      2.495 f    [0.01,0.01]
  icc_place1633/I (CKBD1BWP7T)                                     0.000     0.080     0.000      1.010     0.000 *    2.496 f    (174.30,709.56)
  icc_place1633/Z (CKBD1BWP7T)                                               0.513                1.010     0.404      2.900 f    (175.41,709.69)
  n4688 (net)                                   8        0.065                                    1.010     0.000      2.900 f    [0.03,0.07]
  icc_place1634/I (INVD1BWP7T)                                     0.000     0.513     0.000      1.010     0.004 *    2.905 f    (166.00,674.18)
  icc_place1634/ZN (INVD1BWP7T)                                              0.586                1.010     0.485      3.389 r    (167.01,674.25)
  n4689 (net)                                   6        0.063                                    1.010     0.000      3.389 r    [0.04,0.06]
  U2009/A1 (NR3D0BWP7T)                                            0.000     0.586     0.000      1.010     0.006 *    3.395 r    (241.52,623.20)
  U2009/ZN (NR3D0BWP7T)                                                      0.287                1.010     0.278      3.674 f    (241.25,623.36)
  n1621 (net)                                   2        0.020                                    1.010     0.000      3.674 f    [0.01,0.02]
  U2010/B (AOI21D1BWP7T)                                           0.000     0.287     0.000      1.010     0.001 *    3.674 f    (214.36,627.31)
  U2010/ZN (AOI21D1BWP7T)                                                    0.600                1.010     0.469      4.143 r    (215.88,626.89)
  n1615 (net)                                   2        0.028                                    1.010     0.000      4.143 r    [0.01,0.03]
  U2041/B (MAOI222D1BWP7T)                                         0.000     0.600     0.000      1.010     0.001 *    4.144 r    (227.73,587.83)
  U2041/ZN (MAOI222D1BWP7T)                                                  0.293                1.010     0.298      4.442 f    (227.59,587.94)
  n4227 (net)                                   1        0.014                                    1.010     0.000      4.442 f    [0.01,0.01]
  U2036/B (FA1D0BWP7T)                                             0.000     0.293     0.000      1.010     0.000 *    4.442 f    (244.88,564.88)
  U2036/CO (FA1D0BWP7T)                                                      0.202                1.010     0.676      5.117 f    (253.26,564.35)
  n1632 (net)                                   2        0.016                                    1.010     0.000      5.117 f    [0.01,0.02]
  U2040/I (INVD0BWP7T)                                             0.000     0.202     0.000      1.010     0.001 *    5.118 f    (217.16,541.12)
  U2040/ZN (INVD0BWP7T)                                                      0.193                1.010     0.173      5.292 r    (216.36,541.02)
  n1635 (net)                                   1        0.008                                    1.010     0.000      5.292 r    [0.00,0.01]
  U3014/C (MAOI222D1BWP7T)                                         0.000     0.193     0.000      1.010     0.000 *    5.292 r    (203.72,533.28)
  U3014/ZN (MAOI222D1BWP7T)                                                  0.205                1.010     0.157      5.449 f    (203.51,533.06)
  n4170 (net)                                   1        0.004                                    1.010     0.000      5.449 f    [0.00,0.00]
  U3590/I (INVD0BWP7T)                                             0.000     0.205     0.000      1.010     0.000 *    5.449 f    (207.64,533.28)
  U3590/ZN (INVD0BWP7T)                                                      0.299                1.010     0.241      5.690 r    (206.84,533.18)
  n3989 (net)                                   1        0.015                                    1.010     0.000      5.690 r    [0.01,0.01]
  U2054/B (FA1D0BWP7T)                                             0.000     0.299     0.000      1.010     0.000 *    5.690 r    (225.84,564.88)
  U2054/CO (FA1D0BWP7T)                                                      0.256                1.010     0.543      6.233 r    (234.22,564.35)
  n1661 (net)                                   2        0.013                                    1.010     0.000      6.233 r    [0.01,0.01]
  U2069/B (OAI21D0BWP7T)                                           0.000     0.256     0.000      1.010     0.000 *    6.233 r    (220.79,572.20)
  U2069/ZN (OAI21D0BWP7T)                                                    0.276                1.010     0.218      6.452 f    (219.31,572.63)
  n1662 (net)                                   1        0.011                                    1.010     0.000      6.452 f    [0.01,0.01]
  U2070/B (IOA21D0BWP7T)                                           0.000     0.276     0.000      1.010     0.000 *    6.452 f    (269.51,572.20)
  U2070/ZN (IOA21D0BWP7T)                                                    0.260                1.010     0.236      6.688 r    (269.00,572.22)
  n1705 (net)                                   1        0.011                                    1.010     0.000      6.688 r    [0.01,0.01]
  U2091/A (FA1D0BWP7T)                                             0.000     0.260     0.000      1.010     0.000 *    6.688 r    (241.24,580.31)
  U2091/CO (FA1D0BWP7T)                                                      0.298                1.010     0.683      7.371 r    (253.26,580.03)
  n1706 (net)                                   1        0.015                                    1.010     0.000      7.371 r    [0.01,0.02]
  U2095/A2 (XOR4D0BWP7T)                                           0.000     0.298     0.000      1.010     0.000 *    7.371 r    (224.66,623.65)
  U2095/Z (XOR4D0BWP7T)                                                      0.178                1.010     0.634      8.006 r    (225.31,623.75)
  n1724 (net)                                   1        0.006                                    1.010     0.000      8.006 r    [0.00,0.01]
  U2105/A2 (XNR4D0BWP7T)                                           0.000     0.178     0.000      1.010     0.000 *    8.006 r    (220.30,639.33)
  U2105/ZN (XNR4D0BWP7T)                                                     0.370                1.010     0.732      8.737 r    (219.65,639.43)
  n1726 (net)                                   1        0.019                                    1.010     0.000      8.737 r    [0.02,0.02]
  U2106/B2 (IOA22D2BWP7T)                                          0.000     0.370     0.000      1.010     0.001 *    8.738 r    (271.20,584.04)
  U2106/ZN (IOA22D2BWP7T)                                                    0.092                1.010     0.437      9.175 f    (271.98,584.09)
  SA_core_pe_2_3_N17 (net)                      1        0.013                                    1.010     0.000      9.175 f    [0.01,0.01]
  SA_core_pe_2_3_Cij_o_reg_7_/D (DFQD0BWP7T)                       0.000     0.092     0.000      1.010     0.000 *    9.175 f    (264.11,635.15)
  data arrival time                                                                                                    9.175

  clock clk_p (rise edge)                                                                                  40.000     40.000
  clk_p (in)                                                                 0.500                0.990     0.000     40.000 r    (134.90, 0.00)
  clk_p (net)                                   1        2.306                                    0.990     0.000     40.000 r    [0.00,2.31]            d 
  u_pad_clk/PAD (PDDW0208SCDG)                                     0.000     0.500     0.000      0.990     0.078 *   40.078 r    (170.00, 2.43)         d 
  u_pad_clk/C (PDDW0208SCDG)                                                 0.200                0.990     1.304 @   41.382 r    (186.40,119.50)        d 
  clk (net)                                     1        0.024                                    0.990     0.000     41.382 r    [0.00,0.02]            d 
  CTSCKND12BWP7T_G2B4I1/I (INVD4BWP7T)                             0.000     0.144     0.000      0.990     0.001 @   41.383 r    (183.98,156.74)        d 
  CTSCKND12BWP7T_G2B4I1/ZN (INVD4BWP7T)                                      0.115                0.990     0.097 c   41.480 f    (185.53,156.82)        d 
  clk_G2B1I1 (net)                              1        0.087                                    0.990     0.000     41.480 f    [0.04,0.09]            d 
  CTSCKND3BWP7T_G2B3I1/I (CKND12BWP7T)                             0.000     0.118     0.000      0.990     0.010 c   41.491 f    (356.93,317.99)        d 
  CTSCKND3BWP7T_G2B3I1/ZN (CKND12BWP7T)                                      0.134                0.990     0.100 c   41.590 r    (353.06,317.73)        d 
  clk_G2B2I1 (net)                              2        0.152                                    0.990     0.000     41.590 r    [0.05,0.15]            d 
  CTSCKND8BWP7T_G2B2I1/I (INVD10BWP7T)                             0.000     0.141     0.000      0.990     0.015 c   41.605 r    (516.39,572.26)        d 
  CTSCKND8BWP7T_G2B2I1/ZN (INVD10BWP7T)                                      0.133                0.990     0.106 c   41.712 f    (519.77,572.40)        d 
  clk_G2B3I1 (net)                              4        0.261                                    0.990     0.000     41.712 f    [0.08,0.26]            d 
  CTSCKND10BWP7T_G2B1I3/I (CKND10BWP7T)                            0.000     0.137     0.000      0.990     0.012 c   41.724 f    (310.27,650.48)        d 
  CTSCKND10BWP7T_G2B1I3/ZN (CKND10BWP7T)                                     0.366                0.990     0.219 c   41.943 r    (313.51,650.80)        d 
  clk_G2B4I3 (net)                             73        0.467                                    0.990     0.000     41.943 r    [0.18,0.47]            d 
  SA_core_pe_2_3_Cij_o_reg_7_/CP (DFQD0BWP7T)                      0.000     0.373     0.000      0.990     0.014 c   41.957 r    (265.94,635.16)
  clock reconvergence pessimism                                                                             0.039     41.996
  clock uncertainty                                                                                        -0.500     41.496
  SA_core_pe_2_3_Cij_o_reg_7_/CP (DFQD0BWP7T)                                                               0.000     41.496 r
  library setup time                                                                                       -0.004     41.492
  data required time                                                                                                  41.492
  -----------------------------------------------------------------------------------------------------------------------------------------------------------------
  data required time                                                                                                  41.492
  data arrival time                                                                                                   -9.175
  -----------------------------------------------------------------------------------------------------------------------------------------------------------------
  slack (MET)                                                                                                         32.317


1
