 
****************************************
Report : design
        -physical
Design : systolic_array
Version: L-2016.03-SP5-3
Date   : Thu Feb  9 14:54:27 2023
****************************************

****************************** P&R Summary ********************************
Date : Thu Feb  9 14:54:27 2023
Machine Host Name: c01n10
Working Directory: /bks2/PB20000328/ic_design/apr
Library Name:      systolic_array_APR
Cell Name:         systolic_array.CEL;5
Design Statistics:
    Number of Module Cells:        6260
    Number of Pins:                26987
    Number of IO Pad Cells:        32
    Number of IO Pins:             20
    Number of Nets:                4331
    Average Pins Per Net (Signal): 3.34165

Chip Utilization:
    Total Std Cell Area:           82950.02
    Total Pad Cell Area:           374800.00
    Core Size:     width 590.24, height 588.00; area 347061.12
    Pad Core Size: width 660.24, height 660.00; area 435758.40
    Chip Size:     width 900.24, height 900.00; area 810216.00
    Std cells utilization:         23.90% 
    Cell/Core Ratio:               23.90%
    Cell/Chip Ratio:               56.50%
    Number of Cell Rows:            150

Master Instantiation:
	MasterName	Type	InstCount
	=================================
	TAPCELLBWP7T	STD	2250
	DFQD0BWP7T	STD	649
	NR2D1BWP7T	STD	534
	OAI21D0BWP7T	STD	445
	AOI22D0BWP7T	STD	405
	ND2D1BWP7T	STD	289
	FA1D0BWP7T	STD	288
	INVD0BWP7T	STD	263
	INVD1BWP7T	STD	129
	DFQD1BWP7T	STD	113
	AN2D1BWP7T	STD	87
	MAOI22D0BWP7T	STD	72
	AOI21D0BWP7T	STD	65
	MOAI22D0BWP7T	STD	59
	DEL1BWP7T	STD	52
	NR3D0BWP7T	STD	48
	ND3D0BWP7T	STD	47
	XOR4D0BWP7T	STD	40
	XNR4D0BWP7T	STD	36
	IAO21D0BWP7T	STD	30
	AN3D1BWP7T	STD	29
	MAOI222D0BWP7T	STD	29
	BUFFD1BWP7T	STD	28
	XNR3D0BWP7T	STD	24
	DFQD2BWP7T	STD	22
	AO22D0BWP7T	STD	21
	OAI31D0BWP7T	STD	20
	IOA21D0BWP7T	STD	19
	OA21D0BWP7T	STD	18
	XOR3D0BWP7T	STD	12
	AOI211D1BWP7T	STD	11
	OAI22D0BWP7T	STD	10
	OAI211D0BWP7T	STD	10
	INR2D1BWP7T	STD	9
	MAOI222D1BWP7T	STD	7
	CKBD0BWP7T	STD	7
	OAI31D1BWP7T	STD	5
	CKND0BWP7T	STD	5
	BUFFD2BWP7T	STD	5
	OA31D0BWP7T	STD	4
	BUFFD3BWP7T	STD	4
	ND2D1P5BWP7T	STD	3
	AOI21D1BWP7T	STD	3
	NR4D0BWP7T	STD	3
	OAI21D1BWP7T	STD	3
	OAI21D2BWP7T	STD	3
	OAI31D2BWP7T	STD	3
	OA32D0BWP7T	STD	3
	AO211D0BWP7T	STD	3
	BUFFD0BWP7T	STD	3
	AOI21D2BWP7T	STD	2
	AOI221D0BWP7T	STD	2
	IND3D0BWP7T	STD	2
	AOI31D0BWP7T	STD	2
	OR4D1BWP7T	STD	2
	INVD1P5BWP7T	STD	2
	CKBD4BWP7T	STD	2
	CKBD1BWP7T	STD	1
	CKND2D2BWP7T	STD	1
	CKND2D3BWP7T	STD	1
	OAI211D1BWP7T	STD	1
	IAO21D1BWP7T	STD	1
	TIEHBWP7T	STD	1
	TIELBWP7T	STD	1
	OA211D0BWP7T	STD	1
	OA21D1BWP7T	STD	1
	OR2D1BWP7T	STD	1
	INVD2BWP7T	STD	1
	NR2D0BWP7T	STD	1
	ND2D2BWP7T	STD	1
	INR2XD0BWP7T	STD	1
	BUFFD1P5BWP7T	STD	1
	CKBD2BWP7T	STD	1
	INR2XD2BWP7T	STD	1
	BUFFD12BWP7T	STD	1
	CKND1BWP7T	STD	1
	PFILLER0005	IO	96
	PDDW0208CDG	IO	18
	PVDD2CDG	IO	4
	PVSS3CDG	IO	4
	PVDD1CDG	IO	4
	PDUW0208SCDG	IO	1
	PDDW0208SCDG	IO	1
	PCORNER		CORNER	4
	=================================

Timing/Optimization Information:

Global Routing Information:

Track Assignment Information:

Detailed Routing Information:

DRC information: 
      Total error number: 0

Ring Wiring Statistics:

Stripe Wiring Statistics:

User Wiring Statistics:

PG follow-pin Wiring Statistics:

Signal Wiring Statistics:
      Mask Name      Contact Code    Number Of Contacts    Percentage

  Horizontal/Vertical Wire Distribution:
    Layer      Hor. Wire (% of Hor.)     Ver. Wire (% of Ver.)
  ==============================================================
    Total              0.00                      0.00
1
