 
****************************************
Report : timing
        -path full_clock
        -delay min
        -physical
        -derate
        -input_pins
        -nets
        -max_paths 1
        -transition_time
        -crosstalk_delta
        -capacitance
Design : systolic_array
Version: L-2016.03-SP5-3
Date   : Thu Feb  9 14:54:28 2023
****************************************

 * Some/all delay information is back-annotated.

Operating Conditions: BCCOM   Library: tcb018gbwp7tbc_ccs
Wire Load Model Mode: Inactive.

  Startpoint: rstn_p (input port clocked by clk_p)
  Endpoint: SA_ctrl_state_overall_reg_0_
            (rising edge-triggered flip-flop clocked by clk_p)
  Path Group: REGIN
  Path Type: min

Attributes:
    d - dont_touch
    u - dont_use
   mo - map_only
   so - size_only
    i - ideal_net or ideal_network

  Point                                       Fanout       Cap     DTran     Trans     Delta     Derate      Incr       Path      Location / Load        Attributes
  -----------------------------------------------------------------------------------------------------------------------------------------------------------------
  clock clk_p (rise edge)                                                                                   0.000      0.000
  clock network delay (ideal)                                                                               0.000      0.000
  input external delay                                                                                     12.000     12.000 r
  rstn_p (in)                                                                0.000                0.990     0.000     12.000 r    (695.14,895.13)        i 
  rstn_p (net)                                  1        1.965                                    0.990     0.000     12.000 r    [0.00,1.97]
  u_pad_rst_n/PAD (PDUW0208SCDG)                                   0.000     0.000     0.000      0.990     0.038 *   12.038 r    (730.24,897.57)        d 
  u_pad_rst_n/C (PDUW0208SCDG)                                               0.191                0.990     0.612     12.650 r    (713.84,780.50)        d 
  rstn (net)                                    7        0.075                                    0.990     0.000     12.650 r    [0.04,0.07]
  U3496/A3 (ND3D0BWP7T)                                            0.000     0.191     0.000      0.990     0.003 *   12.653 r    (NO LOCATION)
  U3496/ZN (ND3D0BWP7T)                                                      0.070                0.990     0.050     12.703 f    (NO LOCATION)
  n3097 (net)                                   1        0.004                                    0.990     0.000     12.703 f    [0.00,0.00]
  U3497/B (OAI21D0BWP7T)                                           0.000     0.070     0.000      0.990     0.000 *   12.703 f    (NO LOCATION)
  U3497/ZN (OAI21D0BWP7T)                                                    0.092                0.990     0.076     12.779 r    (NO LOCATION)
  n1089 (net)                                   1        0.006                                    0.990     0.000     12.779 r    [0.00,0.01]
  SA_ctrl_state_overall_reg_0_/D (DFQD0BWP7T)                      0.000     0.092     0.000      0.990     0.000 *   12.779 r    (NO LOCATION)
  data arrival time                                                                                                   12.779

  clock clk_p (rise edge)                                                                                   0.000      0.000
  clock network delay (ideal)                                                                               0.000      0.000
  SA_ctrl_state_overall_reg_0_/CP (DFQD0BWP7T)                                                              0.000      0.000 r
  library hold time                                                                                         0.008      0.008
  data required time                                                                                                   0.008
  -----------------------------------------------------------------------------------------------------------------------------------------------------------------
  data required time                                                                                                   0.008
  data arrival time                                                                                                  -12.779
  -----------------------------------------------------------------------------------------------------------------------------------------------------------------
  slack (MET)                                                                                                         12.771


  Startpoint: SA_core_pe_0_3_Cij_o_reg_1_
              (rising edge-triggered flip-flop clocked by clk_p)
  Endpoint: p_shift_out[1]
            (output port clocked by clk_p)
  Path Group: REGOUT
  Path Type: min

Attributes:
    d - dont_touch
    u - dont_use
   mo - map_only
   so - size_only
    i - ideal_net or ideal_network

  Point                                       Fanout       Cap     DTran     Trans     Delta     Derate      Incr       Path      Location / Load        Attributes
  -----------------------------------------------------------------------------------------------------------------------------------------------------------------
  clock clk_p (rise edge)                                                                                   0.000      0.000
  clock network delay (ideal)                                                                               0.000      0.000
  SA_core_pe_0_3_Cij_o_reg_1_/CP (DFQD1BWP7T)                      0.000     0.000     0.000      0.990     0.000      0.000 r    (NO LOCATION)
  SA_core_pe_0_3_Cij_o_reg_1_/Q (DFQD1BWP7T)                                 0.073                0.990     0.201      0.201 f    (NO LOCATION)
  SA_core_output_row_0[1] (net)                 2        0.030                                    0.990     0.000      0.201 f    [0.02,0.03]
  U1441/B1 (AOI22D0BWP7T)                                          0.000     0.073     0.000      0.990     0.001 *    0.202 f    (NO LOCATION)
  U1441/ZN (AOI22D0BWP7T)                                                    0.118                0.990     0.099      0.301 r    (NO LOCATION)
  n1094 (net)                                   1        0.005                                    0.990     0.000      0.301 r    [0.00,0.01]
  U1442/A2 (ND2D1BWP7T)                                            0.000     0.118     0.000      0.990     0.000 *    0.301 r    (NO LOCATION)
  U1442/ZN (ND2D1BWP7T)                                                      0.141                0.990     0.102      0.403 f    (NO LOCATION)
  shift_out[1] (net)                            1        0.042                                    0.990     0.000      0.403 f    [0.02,0.04]
  u_pad_data_out_1/I (PDDW0208CDG)                                 0.000     0.141     0.000      0.990     0.002 *    0.405 f    (119.50,663.26)        d 
  u_pad_data_out_1/PAD (PDDW0208CDG)                                         0.676                0.990     1.665      2.070 f    ( 2.43,650.00)         d 
  p_shift_out[1] (net)                          1        2.069                                    0.990     0.000      2.070 f    [0.00,2.07]
  p_shift_out[1] (out)                                             0.000     0.676     0.000      0.990     0.025 *    2.095 f    ( 0.00,614.90)
  data arrival time                                                                                                    2.095

  clock clk_p (rise edge)                                                                                   0.000      0.000
  clock network delay (ideal)                                                                               0.000      0.000
  output external delay                                                                                   -12.000    -12.000
  data required time                                                                                                 -12.000
  -----------------------------------------------------------------------------------------------------------------------------------------------------------------
  data required time                                                                                                 -12.000
  data arrival time                                                                                                   -2.095
  -----------------------------------------------------------------------------------------------------------------------------------------------------------------
  slack (MET)                                                                                                         14.095


  Startpoint: SA_ctrl_state_compute_out_counter_reg_1_
              (rising edge-triggered flip-flop clocked by clk_p)
  Endpoint: SA_ctrl_state_compute_out_counter_reg_1_
            (rising edge-triggered flip-flop clocked by clk_p)
  Path Group: clk_p
  Path Type: min

Attributes:
    d - dont_touch
    u - dont_use
   mo - map_only
   so - size_only
    i - ideal_net or ideal_network

  Point                                       Fanout       Cap     DTran     Trans     Delta     Derate      Incr       Path      Location / Load        Attributes
  -----------------------------------------------------------------------------------------------------------------------------------------------------------------
  clock clk_p (rise edge)                                                                                   0.000      0.000
  clock network delay (ideal)                                                                               0.000      0.000
  SA_ctrl_state_compute_out_counter_reg_1_/CP (DFQD0BWP7T)         0.000     0.000     0.000      0.990     0.000      0.000 r    (NO LOCATION)
  SA_ctrl_state_compute_out_counter_reg_1_/Q (DFQD0BWP7T)                    0.120                0.990     0.187      0.187 r    (NO LOCATION)
  SA_ctrl_state_compute_out_counter[1] (net)
                                                3        0.013                                    0.990     0.000      0.187 r    [0.00,0.01]
  U3550/A1 (AOI21D0BWP7T)                                          0.000     0.120     0.000      0.990     0.000 *    0.188 r    (NO LOCATION)
  U3550/ZN (AOI21D0BWP7T)                                                    0.048                0.990     0.048      0.236 f    (NO LOCATION)
  n1077 (net)                                   1        0.005                                    0.990     0.000      0.236 f    [0.00,0.01]
  SA_ctrl_state_compute_out_counter_reg_1_/D (DFQD0BWP7T)          0.000     0.048     0.000      0.990     0.000 *    0.236 f    (NO LOCATION)
  data arrival time                                                                                                    0.236

  clock clk_p (rise edge)                                                                                   0.000      0.000
  clock network delay (ideal)                                                                               0.000      0.000
  SA_ctrl_state_compute_out_counter_reg_1_/CP (DFQD0BWP7T)                                                  0.000      0.000 r
  library hold time                                                                                         0.011      0.011
  data required time                                                                                                   0.011
  -----------------------------------------------------------------------------------------------------------------------------------------------------------------
  data required time                                                                                                   0.011
  data arrival time                                                                                                   -0.236
  -----------------------------------------------------------------------------------------------------------------------------------------------------------------
  slack (MET)                                                                                                          0.225


1
