Warning: Clock network timing may not be up-to-date since only 0.000000 percentage of clock nets are routed. (TIM-233)
 
****************************************
Report : timing
        -path full_clock
        -delay max
        -physical
        -derate
        -input_pins
        -nets
        -max_paths 1
        -transition_time
        -crosstalk_delta
        -capacitance
Design : systolic_array
Version: L-2016.03-SP5-3
Date   : Thu Feb  9 14:56:37 2023
****************************************

 * Some/all delay information is back-annotated.

Operating Conditions: WCCOM   Library: tcb018gbwp7twc_ccs

Information: Percent of Arnoldi-based delays =  0.00%

  Startpoint: rstn_p (input port clocked by clk_p)
  Endpoint: SA_B_2_shift_reg_reg_0__6_
            (rising edge-triggered flip-flop clocked by clk_p)
  Path Group: REGIN
  Path Type: max

Attributes:
    d - dont_touch
    u - dont_use
   mo - map_only
   so - size_only
    i - ideal_net or ideal_network

  Point                                       Fanout       Cap     DTran     Trans     Delta     Derate      Incr       Path      Location / Load        Attributes
  -----------------------------------------------------------------------------------------------------------------------------------------------------------------
  clock clk_p (rise edge)                                                                                   0.000      0.000
  clock network delay (ideal)                                                                               0.000      0.000
  input external delay                                                                                     12.000     12.000 r
  rstn_p (in)                                                                0.500                1.010     0.000     12.000 r    (695.14,895.13)
  rstn_p (net)                                  1        2.305                                    1.010     0.000     12.000 r    [0.00,2.30]
  u_pad_rst_n/PAD (PDUW0208SCDG)                                   0.000     0.500     0.000      1.010     0.093 *   12.093 r    (730.24,897.57)        d 
  u_pad_rst_n/C (PDUW0208SCDG)                                               0.450                1.010     1.485     13.578 r    (713.84,780.50)        d 
  rstn (net)                                    1        0.100                                    1.010     0.000     13.578 r    [0.09,0.10]
  icc_place1454/I (BUFFD3BWP7T)                                    0.000     0.450     0.000      1.010     0.009 *   13.586 r    (580.29,733.02)
  icc_place1454/Z (BUFFD3BWP7T)                                              0.347                1.010     0.367     13.954 r    (577.74,733.36)
  n4509 (net)                                   6        0.120                                    1.010     0.000     13.954 r    [0.06,0.12]
  icc_place1455/I (INVD8BWP7T)                                     0.000     0.347     0.000      1.010     0.017 *   13.970 r    (558.68,411.98)
  icc_place1455/ZN (INVD8BWP7T)                                              0.178                1.010     0.166     14.136 f    (555.94,411.88)
  n4510 (net)                                  13        0.225                                    1.010     0.000     14.136 f    [0.07,0.23]
  U2985/B (AOI21D1BWP7T)                                           0.000     0.178     0.000      1.010     0.001 *   14.138 f    (535.24,427.49)
  U2985/ZN (AOI21D1BWP7T)                                                    1.076                1.010     0.720     14.858 r    (536.76,427.92)
  n3658 (net)                                   1        0.059                                    1.010     0.000     14.858 r    [0.05,0.06]
  icc_place1651/I (BUFFD6BWP7T)                                    0.000     1.076     0.000      1.010     0.000 *   14.858 r    (539.47,411.58)
  icc_place1651/Z (BUFFD6BWP7T)                                              0.443                1.010     0.456     15.314 r    (543.16,411.91)
  n4706 (net)                                  35        0.315                                    1.010     0.000     15.314 r    [0.09,0.32]
  icc_place1652/I (INVD1BWP7T)                                     0.000     0.443     0.000      1.010     0.015 *   15.329 r    (608.80,364.94)
  icc_place1652/ZN (INVD1BWP7T)                                              0.279                1.010     0.253     15.582 f    (607.79,364.87)
  n4707 (net)                                   5        0.049                                    1.010     0.000     15.582 f    [0.01,0.05]
  U4714/B (IAO21D0BWP7T)                                           0.000     0.279     0.000      1.010     0.000 *   15.583 f    (621.22,392.44)
  U4714/ZN (IAO21D0BWP7T)                                                    1.898                1.010     1.193     16.776 r    (621.62,392.26)
  n4340 (net)                                   1        0.056                                    1.010     0.000     16.776 r    [0.05,0.06]
  icc_place1683/I (CKBD1BWP7T)                                     0.000     1.898     0.000      1.010     0.000 *   16.776 r    (641.90,395.96)
  icc_place1683/Z (CKBD1BWP7T)                                               0.380                1.010     0.495     17.271 r    (643.02,396.09)
  n4738 (net)                                   2        0.043                                    1.010     0.000     17.271 r    [0.02,0.04]
  U3845/B1 (INR2XD2BWP7T)                                          0.000     0.380     0.000      1.010     0.000 *   17.271 r    (645.71,384.13)
  U3845/ZN (INR2XD2BWP7T)                                                    0.247                1.010     0.235     17.507 f    (645.71,384.32)
  n3299 (net)                                  16        0.087                                    1.010     0.000     17.507 f    [0.04,0.09]
  U3859/B2 (MAOI22D0BWP7T)                                         0.000     0.247     0.000      1.010     0.003 *   17.510 f    (711.24,337.27)
  U3859/ZN (MAOI22D0BWP7T)                                                   0.221                1.010     0.343     17.853 f    (709.24,337.18)
  n956 (net)                                    1        0.009                                    1.010     0.000     17.853 f    [0.00,0.01]
  SA_B_2_shift_reg_reg_0__6_/D (DFQD0BWP7T)                        0.000     0.221     0.000      1.010     0.000 *   17.853 f    (726.11,321.55)        so 
  data arrival time                                                                                                   17.853

  clock clk_p (rise edge)                                                                                  40.000     40.000
  clock network delay (ideal)                                                                               0.000     40.000
  clock uncertainty                                                                                        -0.500     39.500
  SA_B_2_shift_reg_reg_0__6_/CP (DFQD0BWP7T)                                                                0.000     39.500 r
  library setup time                                                                                       -0.107     39.393
  data required time                                                                                                  39.393
  -----------------------------------------------------------------------------------------------------------------------------------------------------------------
  data required time                                                                                                  39.393
  data arrival time                                                                                                  -17.853
  -----------------------------------------------------------------------------------------------------------------------------------------------------------------
  slack (MET)                                                                                                         21.540


  Startpoint: SA_ctrl_state_overall_reg_0_
              (rising edge-triggered flip-flop clocked by clk_p)
  Endpoint: p_shift_out[3]
            (output port clocked by clk_p)
  Path Group: REGOUT
  Path Type: max

Attributes:
    d - dont_touch
    u - dont_use
   mo - map_only
   so - size_only
    i - ideal_net or ideal_network

  Point                                       Fanout       Cap     DTran     Trans     Delta     Derate      Incr       Path      Location / Load        Attributes
  -----------------------------------------------------------------------------------------------------------------------------------------------------------------
  clock clk_p (rise edge)                                                                                   0.000      0.000
  clock network delay (ideal)                                                                               0.000      0.000
  SA_ctrl_state_overall_reg_0_/CP (DFQD0BWP7T)                     0.000     0.000     0.000      1.010     0.000      0.000 r    (504.38,435.32)        so i 
  SA_ctrl_state_overall_reg_0_/Q (DFQD0BWP7T)                                0.374                1.010     0.490      0.490 r    (513.66,435.39)        so 
  SA_ctrl_state_overall[0] (net)                2        0.021                                    1.010     0.000      0.490 r    [0.01,0.02]
  icc_place1467/I (INVD2BWP7T)                                     0.000     0.374     0.000      1.010     0.000 *    0.490 r    (518.81,438.98)
  icc_place1467/ZN (INVD2BWP7T)                                              0.226                1.010     0.209      0.699 f    (519.67,439.15)
  n4522 (net)                                  10        0.080                                    1.010     0.000      0.699 f    [0.02,0.08]
  U1426/A2 (NR2XD3BWP7T)                                           0.000     0.226     0.000      1.010     0.001 *    0.700 f    (513.40,450.96)
  U1426/ZN (NR2XD3BWP7T)                                                     0.284                1.010     0.238      0.937 r    (509.12,451.64)
  ack (net)                                     8        0.083                                    1.010     0.000      0.937 r    [0.02,0.08]
  U1435/A3 (ND3D1BWP7T)                                            0.000     0.284     0.000      1.010     0.000 *    0.937 r    (485.96,505.89)
  U1435/ZN (ND3D1BWP7T)                                                      1.090                1.010     0.720      1.658 f    (484.14,505.70)
  n3096 (net)                                   1        0.108                                    1.010     0.000      1.658 f    [0.10,0.11]
  icc_place1711/I (BUFFD3BWP7T)                                    0.000     1.090     0.000      1.010     0.011 *    1.668 f    (315.41,494.27)
  icc_place1711/Z (BUFFD3BWP7T)                                              0.203                1.010     0.503      2.171 f    (312.86,493.92)
  n4770 (net)                                   4        0.110                                    1.010     0.000      2.171 f    [0.06,0.11]
  icc_place1682/I (INVD1BWP7T)                                     0.000     0.203     0.000      1.010     0.002 *    2.173 f    (298.00,587.94)
  icc_place1682/ZN (INVD1BWP7T)                                              0.412                1.010     0.307      2.480 r    (296.99,588.01)
  n4737 (net)                                   8        0.046                                    1.010     0.000      2.480 r    [0.02,0.05]
  U1447/A1 (AOI22D0BWP7T)                                          0.000     0.412     0.000      1.010     0.003 *    2.483 r    (250.76,619.52)
  U1447/ZN (AOI22D0BWP7T)                                                    0.641                1.010     0.475      2.958 f    (251.39,619.28)
  n1098 (net)                                   1        0.040                                    1.010     0.000      2.958 f    [0.04,0.04]
  U1448/A2 (ND2D1BWP7T)                                            0.000     0.641     0.000      1.010     0.000 *    2.958 f    (247.66,608.04)
  U1448/ZN (ND2D1BWP7T)                                                      0.873                1.010     0.699      3.657 r    (246.62,607.97)
  shift_out[3] (net)                            1        0.096                                    1.010     0.000      3.657 r    [0.09,0.10]
  icc_place1702/I (BUFFD1P5BWP7T)                                  0.000     0.873     0.000      1.010     0.000 *    3.657 r    (160.91,540.84)
  icc_place1702/Z (BUFFD1P5BWP7T)                                            0.369                1.010     0.359      4.016 r    (159.45,540.98)
  n4761 (net)                                   1        0.064                                    1.010     0.000      4.016 r    [0.04,0.06]
  u_pad_data_out_3/I (PDDW0208CDG)                                 0.000     0.369     0.000      1.010     0.006 *    4.022 r    (119.50,263.26)        d 
  u_pad_data_out_3/PAD (PDDW0208CDG)                                         1.373                1.010     4.028      8.050 r    ( 2.43,250.00)         d 
  p_shift_out[3] (net)                          1        2.409                                    1.010     0.000      8.050 r    [0.00,2.41]
  p_shift_out[3] (out)                                             0.000     1.373     0.000      1.010     0.004 *    8.054 r    ( 0.00,214.90)
  data arrival time                                                                                                    8.054

  clock clk_p (rise edge)                                                                                  40.000     40.000
  clock network delay (ideal)                                                                               0.000     40.000
  clock uncertainty                                                                                        -0.500     39.500
  output external delay                                                                                   -12.000     27.500
  data required time                                                                                                  27.500
  -----------------------------------------------------------------------------------------------------------------------------------------------------------------
  data required time                                                                                                  27.500
  data arrival time                                                                                                   -8.054
  -----------------------------------------------------------------------------------------------------------------------------------------------------------------
  slack (MET)                                                                                                         19.446


  Startpoint: SA_core_pe_1_3_Bij_o_reg_1_
              (rising edge-triggered flip-flop clocked by clk_p)
  Endpoint: SA_core_pe_2_3_Cij_o_reg_7_
            (rising edge-triggered flip-flop clocked by clk_p)
  Path Group: clk_p
  Path Type: max

Attributes:
    d - dont_touch
    u - dont_use
   mo - map_only
   so - size_only
    i - ideal_net or ideal_network

  Point                                       Fanout       Cap     DTran     Trans     Delta     Derate      Incr       Path      Location / Load        Attributes
  -----------------------------------------------------------------------------------------------------------------------------------------------------------------
  clock clk_p (rise edge)                                                                                   0.000      0.000
  clock network delay (ideal)                                                                               0.000      0.000
  SA_core_pe_1_3_Bij_o_reg_1_/CP (DFQD1BWP7T)                      0.000     0.000     0.000      1.010     0.000      0.000 r    (189.78,682.21)        so i 
  SA_core_pe_1_3_Bij_o_reg_1_/Q (DFQD1BWP7T)                                 0.207                1.010     0.497      0.497 f    (180.51,682.17)        so 
  SA_core_connect[177] (net)                    1        0.045                                    1.010     0.000      0.497 f    [0.04,0.05]
  icc_place1633/I (CKBD1BWP7T)                                     0.000     0.207     0.000      1.010     0.000 *    0.497 f    (178.82,678.20)
  icc_place1633/Z (CKBD1BWP7T)                                               0.448                1.010     0.396      0.893 f    (177.71,678.33)
  n4688 (net)                                   8        0.057                                    1.010     0.000      0.893 f    [0.02,0.06]
  icc_place1634/I (INVD1BWP7T)                                     0.000     0.448     0.000      1.010     0.004 *    0.897 f    (180.00,634.98)
  icc_place1634/ZN (INVD1BWP7T)                                              0.430                1.010     0.373      1.270 r    (181.01,635.05)
  n4689 (net)                                   6        0.044                                    1.010     0.000      1.270 r    [0.02,0.04]
  U2009/A1 (NR3D0BWP7T)                                            0.000     0.430     0.000      1.010     0.001 *    1.271 r    (218.56,611.92)
  U2009/ZN (NR3D0BWP7T)                                                      0.216                1.010     0.205      1.476 f    (218.29,611.76)
  n1621 (net)                                   2        0.014                                    1.010     0.000      1.476 f    [0.00,0.01]
  U2010/B (AOI21D1BWP7T)                                           0.000     0.216     0.000      1.010     0.000 *    1.476 f    (222.76,615.65)
  U2010/ZN (AOI21D1BWP7T)                                                    0.496                1.010     0.392      1.867 r    (221.24,616.08)
  n1615 (net)                                   2        0.021                                    1.010     0.000      1.867 r    [0.01,0.02]
  U2041/B (MAOI222D1BWP7T)                                         0.000     0.496     0.000      1.010     0.000 *    1.867 r    (218.21,603.51)
  U2041/ZN (MAOI222D1BWP7T)                                                  0.253                1.010     0.267      2.134 f    (218.07,603.62)
  n4227 (net)                                   1        0.012                                    1.010     0.000      2.134 f    [0.00,0.01]
  U2036/B (FA1D0BWP7T)                                             0.000     0.253     0.000      1.010     0.000 *    2.134 f    (212.40,591.84)
  U2036/CO (FA1D0BWP7T)                                                      0.152                1.010     0.617      2.751 f    (220.78,592.37)
  n1632 (net)                                   2        0.009                                    1.010     0.000      2.751 f    [0.00,0.01]
  U2040/I (INVD0BWP7T)                                             0.000     0.152     0.000      1.010     0.000 *    2.751 f    (218.84,580.32)
  U2040/ZN (INVD0BWP7T)                                                      0.238                1.010     0.191      2.942 r    (218.04,580.22)
  n1635 (net)                                   1        0.011                                    1.010     0.000      2.942 r    [0.01,0.01]
  U3014/C (MAOI222D1BWP7T)                                         0.000     0.238     0.000      1.010     0.000 *    2.942 r    (216.04,580.32)
  U3014/ZN (MAOI222D1BWP7T)                                                  0.199                1.010     0.163      3.104 f    (216.26,580.10)
  n4170 (net)                                   1        0.003                                    1.010     0.000      3.104 f    [0.00,0.00]
  U3590/I (INVD0BWP7T)                                             0.000     0.199     0.000      1.010     0.000 *    3.104 f    (212.68,580.32)
  U3590/ZN (INVD0BWP7T)                                                      0.238                1.010     0.202      3.306 r    (211.88,580.22)
  n3989 (net)                                   1        0.011                                    1.010     0.000      3.306 r    [0.00,0.01]
  U2054/B (FA1D0BWP7T)                                             0.000     0.238     0.000      1.010     0.000 *    3.306 r    (183.84,572.72)
  U2054/CO (FA1D0BWP7T)                                                      0.247                1.010     0.522      3.828 r    (192.22,572.19)
  n1661 (net)                                   2        0.012                                    1.010     0.000      3.828 r    [0.01,0.01]
  U2069/B (OAI21D0BWP7T)                                           0.000     0.247     0.000      1.010     0.000 *    3.828 r    (201.77,592.36)
  U2069/ZN (OAI21D0BWP7T)                                                    0.164                1.010     0.152      3.980 f    (203.25,591.93)
  n1662 (net)                                   1        0.004                                    1.010     0.000      3.980 f    [0.00,0.00]
  U2070/B (IOA21D0BWP7T)                                           0.000     0.164     0.000      1.010     0.000 *    3.980 f    (203.43,595.72)
  U2070/ZN (IOA21D0BWP7T)                                                    0.233                1.010     0.189      4.169 r    (202.92,595.74)
  n1705 (net)                                   1        0.010                                    1.010     0.000      4.169 r    [0.00,0.01]
  U2091/A (FA1D0BWP7T)                                             0.000     0.233     0.000      1.010     0.000 *    4.169 r    (203.72,619.51)
  U2091/CO (FA1D0BWP7T)                                                      0.186                1.010     0.609      4.778 r    (215.74,619.23)
  n1706 (net)                                   1        0.008                                    1.010     0.000      4.778 r    [0.00,0.01]
  U2095/A2 (XOR4D0BWP7T)                                           0.000     0.186     0.000      1.010     0.000 *    4.778 r    (222.42,639.33)
  U2095/Z (XOR4D0BWP7T)                                                      0.276                1.010     0.679      5.457 r    (223.07,639.43)
  n1724 (net)                                   1        0.013                                    1.010     0.000      5.457 r    [0.01,0.01]
  U2105/A2 (XNR4D0BWP7T)                                           0.000     0.276     0.000      1.010     0.000 *    5.457 r    (213.02,634.99)
  U2105/ZN (XNR4D0BWP7T)                                                     0.402                1.010     0.863      6.320 f    (212.37,634.89)
  n1726 (net)                                   1        0.036                                    1.010     0.000      6.320 f    [0.03,0.04]
  U2106/A2 (MOAI22D0BWP7T)                                         0.000     0.402     0.000      1.010     0.002 *    6.321 f    (258.33,584.46)
  U2106/ZN (MOAI22D0BWP7T)                                                   0.774                1.010     0.566      6.887 r    (259.00,584.22)
  SA_core_pe_2_3_N17 (net)                      1        0.020                                    1.010     0.000      6.887 r    [0.02,0.02]
  SA_core_pe_2_3_Cij_o_reg_7_/D (DFQD0BWP7T)                       0.000     0.774     0.000      1.010     0.000 *    6.887 r    (265.23,635.15)        so 
  data arrival time                                                                                                    6.887

  clock clk_p (rise edge)                                                                                  40.000     40.000
  clock network delay (ideal)                                                                               0.000     40.000
  clock uncertainty                                                                                        -0.500     39.500
  SA_core_pe_2_3_Cij_o_reg_7_/CP (DFQD0BWP7T)                                                               0.000     39.500 r
  library setup time                                                                                       -0.124     39.376
  data required time                                                                                                  39.376
  -----------------------------------------------------------------------------------------------------------------------------------------------------------------
  data required time                                                                                                  39.376
  data arrival time                                                                                                   -6.887
  -----------------------------------------------------------------------------------------------------------------------------------------------------------------
  slack (MET)                                                                                                         32.488


1
