 
****************************************
Report : timing
        -path full_clock
        -delay max
        -physical
        -derate
        -input_pins
        -nets
        -max_paths 1
        -transition_time
        -crosstalk_delta
        -capacitance
Design : systolic_array
Version: L-2016.03-SP5-3
Date   : Thu Feb  9 15:02:21 2023
****************************************

 * Some/all delay information is back-annotated.

Operating Conditions: WCCOM   Library: tcb018gbwp7twc_ccs
	Parasitic source    : LPE
	Parasitic mode      : RealRC
	Extraction mode     : MIN_MAX
	Extraction derating : 0/25/125

Information: Percent of Arnoldi-based delays = 15.42%

Information: Percent of CCS-based delays = 15.39%

  Startpoint: rstn_p (input port clocked by clk_p)
  Endpoint: SA_A_2_shift_reg_reg_4__3_
            (rising edge-triggered flip-flop clocked by clk_p)
  Path Group: REGIN
  Path Type: max

Attributes:
    d - dont_touch
    u - dont_use
   mo - map_only
   so - size_only
    i - ideal_net or ideal_network

  Point                                       Fanout       Cap     DTran     Trans     Delta     Derate      Incr       Path      Location / Load        Attributes
  -----------------------------------------------------------------------------------------------------------------------------------------------------------------
  clock clk_p (rise edge)                                                                                   0.000      0.000
  clock network delay (ideal)                                                                               0.000      0.000
  input external delay                                                                                     12.000     12.000 f
  rstn_p (in)                                                                0.500                1.010     0.000     12.000 f    (695.14,895.13)
  rstn_p (net)                                  1        2.306                                    1.010     0.000     12.000 f    [0.00,2.31]
  u_pad_rst_n/PAD (PDUW0208SCDG)                                   0.000     0.500     0.000      1.010     0.093 *   12.093 f    (730.24,897.57)        d 
  u_pad_rst_n/C (PDUW0208SCDG)                                               0.270                1.010     1.510     13.603 f    (713.84,780.50)        d 
  rstn (net)                                    1        0.021                                    1.010     0.000     13.603 f    [0.02,0.02]
  icc_place1454/I (BUFFD3BWP7T)                                    0.000     0.270     0.000      1.010     0.001 &   13.604 f    (597.09,725.17)
  icc_place1454/Z (BUFFD3BWP7T)                                              0.200                1.010     0.328 c   13.932 f    (594.54,725.52)
  n4509 (net)                                   6        0.123                                    1.010     0.000     13.932 f    [0.05,0.12]
  icc_place1455/I (INVD8BWP7T)                                     0.000     0.205     0.000      1.010     0.013 c   13.945 f    (593.56,427.66)
  icc_place1455/ZN (INVD8BWP7T)                                              0.237                1.010     0.187 c   14.132 r    (596.30,427.56)
  n4510 (net)                                  13        0.200                                    1.010     0.000     14.132 r    [0.05,0.20]
  U2985/B (AOI21D1BWP7T)                                           0.000     0.238     0.000      1.010     0.003 c   14.135 r    (549.24,407.79)
  U2985/ZN (AOI21D1BWP7T)                                                    0.187                1.010     0.133     14.268 f    (550.76,407.36)
  n3658 (net)                                   1        0.012                                    1.010     0.000     14.268 f    [0.00,0.01]
  icc_place1651/I (BUFFD6BWP7T)                                    0.000     0.187     0.000      1.010     0.000 &   14.269 f    (560.19,411.58)
  icc_place1651/Z (BUFFD6BWP7T)                                              0.259                1.010     0.317 c   14.585 f    (563.88,411.91)
  n4706 (net)                                  35        0.362                                    1.010     0.000     14.585 f    [0.07,0.36]
  U4335/B (OAI31D1BWP7T)                                           0.000     0.268     0.000      1.010     0.016 c   14.601 f    (568.84,360.80)
  U4335/ZN (OAI31D1BWP7T)                                                    0.548                1.010     0.233     14.834 r    (566.95,360.64)
  n3638 (net)                                   1        0.013                                    1.010     0.000     14.834 r    [0.00,0.01]
  icc_route_opt1446/I (BUFFD4BWP7T)                                0.000     0.548     0.000      1.010     0.000 &   14.834 r    (560.75,360.98)
  icc_route_opt1446/Z (BUFFD4BWP7T)                                          0.067                1.010     0.168     15.002 r    (563.75,360.65)
  n4805 (net)                                   1        0.013                                    1.010     0.000     15.002 r    [0.01,0.01]
  icc_place1662/I (BUFFD1P5BWP7T)                                  0.000     0.067     0.002      1.010     0.003 &   15.004 r    (546.19,341.48)
  icc_place1662/Z (BUFFD1P5BWP7T)                                            0.434                1.010     0.321     15.326 r    (544.73,341.34)
  n4717 (net)                                   7        0.077                                    1.010     0.000     15.326 r    [0.02,0.08]
  U4409/A2 (CKND2D2BWP7T)                                          0.000     0.434     0.010      1.010     0.016 &   15.341 r    (442.85,313.84)
  U4409/ZN (CKND2D2BWP7T)                                                    0.430                1.010     0.368     15.710 f    (440.98,314.09)
  n3628 (net)                                  16        0.074                                    1.010     0.000     15.710 f    [0.03,0.07]
  U4416/B2 (AOI22D0BWP7T)                                          0.000     0.430     0.000      1.010     0.003 &   15.713 f    (425.78,219.96)
  U4416/ZN (AOI22D0BWP7T)                                                    0.476                1.010     0.455     16.168 r    (426.53,219.44)
  n3622 (net)                                   1        0.008                                    1.010     0.000     16.168 r    [0.01,0.01]
  U4417/B (OAI21D0BWP7T)                                           0.000     0.476     0.095      1.010     0.096 &   16.265 r    (396.10,227.24)
  U4417/ZN (OAI21D0BWP7T)                                                    0.180                1.010     0.192     16.456 f    (397.57,227.67)
  n703 (net)                                    1        0.005                                    1.010     0.000     16.456 f    [0.00,0.01]
  icc_route_opt1449/I (BUFFD0BWP7T)                                0.000     0.180     0.004      1.010     0.004 &   16.461 f    (394.40,227.24)
  icc_route_opt1449/Z (BUFFD0BWP7T)                                          0.116                1.010     0.212     16.673 f    (395.48,227.56)
  n4808 (net)                                   1        0.011                                    1.010     0.000     16.673 f    [0.01,0.01]
  SA_A_2_shift_reg_reg_4__3_/D (DFQD0BWP7T)                        0.000     0.116     0.008      1.010     0.009 &   16.682 f    (419.79,239.33)
  data arrival time                                                                                                   16.682

  clock clk_p (rise edge)                                                                                  40.000     40.000
  clk_p (in)                                                                 0.500                0.990     0.000     40.000 r    (134.90, 0.00)
  clk_p (net)                                   1        2.306                                    0.990     0.000     40.000 r    [0.00,2.31]            d 
  u_pad_clk/PAD (PDDW0208SCDG)                                     0.000     0.500     0.000      0.990     0.078 *   40.078 r    (170.00, 2.43)         d 
  u_pad_clk/C (PDDW0208SCDG)                                                 0.198                0.990     1.303 @   41.381 r    (186.40,119.50)        d 
  clk (net)                                     1        0.023                                    0.990     0.000     41.381 r    [0.00,0.02]            d 
  CTSCKND12BWP7T_G2B4I1/I (INVD4BWP7T)                             0.000     0.143     0.000      0.990     0.001 @   41.382 r    (183.98,156.74)        d 
  CTSCKND12BWP7T_G2B4I1/ZN (INVD4BWP7T)                                      0.109                0.990     0.094 c   41.476 f    (185.53,156.82)        d 
  clk_G2B1I1 (net)                              1        0.081                                    0.990     0.000     41.476 f    [0.03,0.08]            d 
  CTSCKND3BWP7T_G2B3I1/I (CKND12BWP7T)                             0.000     0.112     0.000      0.990     0.008 c   41.485 f    (356.93,317.99)        d 
  CTSCKND3BWP7T_G2B3I1/ZN (CKND12BWP7T)                                      0.128                0.990     0.096 c   41.581 r    (353.06,317.73)        d 
  clk_G2B2I1 (net)                              2        0.145                                    0.990     0.000     41.581 r    [0.04,0.14]            d 
  CTSCKND10BWP7T_G2B2I2/I (INVD12BWP7T)                            0.000     0.131     0.000      0.990     0.007 c   41.588 r    (459.34,317.90)        d 
  CTSCKND10BWP7T_G2B2I2/ZN (INVD12BWP7T)                                     0.149                0.990     0.115 c   41.702 f    (455.48,317.80)        d 
  clk_G2B3I2 (net)                              6        0.367                                    0.990     0.000     41.702 f    [0.07,0.37]            d 
  CTSCKND10BWP7T_G2B1I7/I (CKND10BWP7T)                            0.000     0.151     0.000      0.990     0.009 c   41.711 f    (423.39,227.12)        d 
  CTSCKND10BWP7T_G2B1I7/ZN (CKND10BWP7T)                                     0.322                0.990     0.208 c   41.919 r    (426.63,227.44)        d 
  clk_G2B4I7 (net)                             70        0.403                                    0.990     0.000     41.919 r    [0.14,0.40]            d 
  SA_A_2_shift_reg_reg_4__3_/CP (DFQD0BWP7T)                       0.000     0.324     0.000      0.990     0.003 c   41.922 r    (421.62,239.32)
  clock reconvergence pessimism                                                                             0.000     41.922
  clock uncertainty                                                                                        -0.500     41.422
  SA_A_2_shift_reg_reg_4__3_/CP (DFQD0BWP7T)                                                                0.000     41.422 r
  library setup time                                                                                       -0.012     41.409
  data required time                                                                                                  41.409
  -----------------------------------------------------------------------------------------------------------------------------------------------------------------
  data required time                                                                                                  41.409
  data arrival time                                                                                                  -16.682
  -----------------------------------------------------------------------------------------------------------------------------------------------------------------
  slack (MET)                                                                                                         24.728


  Startpoint: SA_ctrl_state_overall_reg_0_
              (rising edge-triggered flip-flop clocked by clk_p)
  Endpoint: p_shift_out[3]
            (output port clocked by clk_p)
  Path Group: REGOUT
  Path Type: max

Attributes:
    d - dont_touch
    u - dont_use
   mo - map_only
   so - size_only
    i - ideal_net or ideal_network

  Point                                       Fanout       Cap     DTran     Trans     Delta     Derate      Incr       Path      Location / Load        Attributes
  -----------------------------------------------------------------------------------------------------------------------------------------------------------------
  clock clk_p (rise edge)                                                                                   0.000      0.000
  clk_p (in)                                                                 0.500                1.010     0.000      0.000 r    (134.90, 0.00)
  clk_p (net)                                   1        2.306                                    1.010     0.000      0.000 r    [0.00,2.31]            d 
  u_pad_clk/PAD (PDDW0208SCDG)                                     0.000     0.500     0.000      1.010     0.080 *    0.080 r    (170.00, 2.43)         d 
  u_pad_clk/C (PDDW0208SCDG)                                                 0.198                1.010     1.330 @    1.409 r    (186.40,119.50)        d 
  clk (net)                                     1        0.023                                    1.010     0.000      1.409 r    [0.00,0.02]            d 
  CTSCKND12BWP7T_G2B4I1/I (INVD4BWP7T)                             0.000     0.143     0.000      1.010     0.001 @    1.410 r    (183.98,156.74)        d 
  CTSCKND12BWP7T_G2B4I1/ZN (INVD4BWP7T)                                      0.109                1.010     0.096 c    1.506 f    (185.53,156.82)        d 
  clk_G2B1I1 (net)                              1        0.081                                    1.010     0.000      1.506 f    [0.03,0.08]            d 
  CTSCKND3BWP7T_G2B3I1/I (CKND12BWP7T)                             0.000     0.112     0.000      1.010     0.009 c    1.515 f    (356.93,317.99)        d 
  CTSCKND3BWP7T_G2B3I1/ZN (CKND12BWP7T)                                      0.128                1.010     0.098 c    1.613 r    (353.06,317.73)        d 
  clk_G2B2I1 (net)                              2        0.145                                    1.010     0.000      1.613 r    [0.04,0.14]            d 
  CTSCKND10BWP7T_G2B2I2/I (INVD12BWP7T)                            0.000     0.131     0.000      1.010     0.007 c    1.620 r    (459.34,317.90)        d 
  CTSCKND10BWP7T_G2B2I2/ZN (INVD12BWP7T)                                     0.149                1.010     0.117 c    1.737 f    (455.48,317.80)        d 
  clk_G2B3I2 (net)                              6        0.367                                    1.010     0.000      1.737 f    [0.07,0.37]            d 
  CTSCKND12BWP7T_G2B1I5/I (CKND12BWP7T)                            0.000     0.151     0.000      1.010     0.005 c    1.742 f    (462.21,333.67)        d 
  CTSCKND12BWP7T_G2B1I5/ZN (CKND12BWP7T)                                     0.368                1.010     0.231 c    1.973 r    (458.34,333.41)        d 
  clk_G2B4I5 (net)                             98        0.570                                    1.010     0.000      1.973 r    [0.19,0.57]            d 
  SA_ctrl_state_overall_reg_0_/CP (DFQD0BWP7T)                     0.000     0.373     0.000      1.010     0.008 c    1.980 r    (504.38,435.32)
  SA_ctrl_state_overall_reg_0_/CP (DFQD0BWP7T)                     0.000     0.373     0.000      1.010     0.000      1.980 r    (504.38,435.32)
  SA_ctrl_state_overall_reg_0_/Q (DFQD0BWP7T)                                0.331                1.010     0.553      2.534 r    (513.66,435.39)
  SA_ctrl_state_overall[0] (net)                2        0.018                                    1.010     0.000      2.534 r    [0.00,0.02]
  icc_place1467/I (INVD2BWP7T)                                     0.000     0.331     0.008      1.010     0.008 &    2.542 r    (536.17,431.14)
  icc_place1467/ZN (INVD2BWP7T)                                              0.245                1.010     0.222      2.764 f    (537.03,431.32)
  n4522 (net)                                  10        0.096                                    1.010     0.000      2.764 f    [0.03,0.10]
  U1426/A2 (NR2XD4BWP7T)                                           0.000     0.245     0.000      1.010     0.002 &    2.766 f    (523.16,446.89)
  U1426/ZN (NR2XD4BWP7T)                                                     0.339                1.010     0.256 c    3.022 r    (518.91,446.27)
  ack (net)                                     8        0.134                                    1.010     0.000      3.022 r    [0.07,0.13]
  U1435/A3 (ND3D1BWP7T)                                            0.000     0.341     0.005      1.010     0.011 c    3.032 r    (469.72,466.70)
  U1435/ZN (ND3D1BWP7T)                                                      0.335                1.010     0.267      3.299 f    (467.90,466.50)
  n3096 (net)                                   1        0.025                                    1.010     0.000      3.299 f    [0.02,0.03]
  icc_place1711/I (BUFFD3BWP7T)                                    0.000     0.335     0.020      1.010     0.021 &    3.320 f    (317.09,482.14)
  icc_place1711/Z (BUFFD3BWP7T)                                              0.189                1.010     0.344 c    3.664 f    (314.54,482.48)
  n4770 (net)                                   4        0.113                                    1.010     0.000      3.664 f    [0.05,0.11]
  icc_place1682/I (INVD2BWP7T)                                     0.000     0.188     0.000      1.010     0.001 c    3.665 f    (314.79,548.74)
  icc_place1682/ZN (INVD2BWP7T)                                              0.318                1.010     0.247      3.912 r    (313.93,548.91)
  n4737 (net)                                   8        0.071                                    1.010     0.000      3.912 r    [0.03,0.07]
  U1447/A1 (AOI22D0BWP7T)                                          0.000     0.318     0.006      1.010     0.010 &    3.922 r    (253.56,599.92)
  U1447/ZN (AOI22D0BWP7T)                                                    0.251                1.010     0.178      4.100 f    (254.19,600.16)
  n1098 (net)                                   1        0.008                                    1.010     0.000      4.100 f    [0.00,0.01]
  U1448/A2 (ND2D1BWP7T)                                            0.000     0.251     0.010      1.010     0.010 &    4.110 f    (255.51,615.88)
  U1448/ZN (ND2D1BWP7T)                                                      0.233                1.010     0.215      4.325 r    (254.46,615.81)
  shift_out[3] (net)                            1        0.019                                    1.010     0.000      4.325 r    [0.01,0.02]
  icc_place1702/I (BUFFD1P5BWP7T)                                  0.000     0.233     0.008      1.010     0.009 &    4.334 r    (169.87,576.68)
  icc_place1702/Z (BUFFD1P5BWP7T)                                            0.318                1.010     0.288      4.622 r    (168.41,576.54)
  n4761 (net)                                   1        0.055                                    1.010     0.000      4.622 r    [0.03,0.05]
  u_pad_data_out_3/I (PDDW0208CDG)                                 0.000     0.318     0.000      1.010     0.006 &    4.628 r    (119.50,263.26)        d 
  u_pad_data_out_3/PAD (PDDW0208CDG)                                         1.372                1.010     4.007      8.635 r    ( 2.43,250.00)         d 
  p_shift_out[3] (net)                          1        2.410                                    1.010     0.000      8.635 r    [0.01,2.41]
  p_shift_out[3] (out)                                             0.000     1.372     0.000      1.010     0.004 *    8.639 r    ( 0.00,214.90)
  data arrival time                                                                                                    8.639

  clock clk_p (rise edge)                                                                                  40.000     40.000
  clock network delay (ideal)                                                                               0.000     40.000
  clock reconvergence pessimism                                                                             0.000     40.000
  clock uncertainty                                                                                        -0.500     39.500
  output external delay                                                                                   -12.000     27.500
  data required time                                                                                                  27.500
  -----------------------------------------------------------------------------------------------------------------------------------------------------------------
  data required time                                                                                                  27.500
  data arrival time                                                                                                   -8.639
  -----------------------------------------------------------------------------------------------------------------------------------------------------------------
  slack (MET)                                                                                                         18.861


  Startpoint: SA_core_pe_0_1_Aij_o_reg_0_
              (rising edge-triggered flip-flop clocked by clk_p)
  Endpoint: SA_core_pe_0_2_Cij_o_reg_7_
            (rising edge-triggered flip-flop clocked by clk_p)
  Path Group: clk_p
  Path Type: max

Attributes:
    d - dont_touch
    u - dont_use
   mo - map_only
   so - size_only
    i - ideal_net or ideal_network

  Point                                       Fanout       Cap     DTran     Trans     Delta     Derate      Incr       Path      Location / Load        Attributes
  -----------------------------------------------------------------------------------------------------------------------------------------------------------------
  clock clk_p (rise edge)                                                                                   0.000      0.000
  clk_p (in)                                                                 0.500                1.010     0.000      0.000 r    (134.90, 0.00)
  clk_p (net)                                   1        2.306                                    1.010     0.000      0.000 r    [0.00,2.31]            d 
  u_pad_clk/PAD (PDDW0208SCDG)                                     0.000     0.500     0.000      1.010     0.080 *    0.080 r    (170.00, 2.43)         d 
  u_pad_clk/C (PDDW0208SCDG)                                                 0.198                1.010     1.330 @    1.409 r    (186.40,119.50)        d 
  clk (net)                                     1        0.023                                    1.010     0.000      1.409 r    [0.00,0.02]            d 
  CTSCKND12BWP7T_G2B4I1/I (INVD4BWP7T)                             0.000     0.143     0.000      1.010     0.001 @    1.410 r    (183.98,156.74)        d 
  CTSCKND12BWP7T_G2B4I1/ZN (INVD4BWP7T)                                      0.109                1.010     0.096 c    1.506 f    (185.53,156.82)        d 
  clk_G2B1I1 (net)                              1        0.081                                    1.010     0.000      1.506 f    [0.03,0.08]            d 
  CTSCKND3BWP7T_G2B3I1/I (CKND12BWP7T)                             0.000     0.112     0.000      1.010     0.009 c    1.515 f    (356.93,317.99)        d 
  CTSCKND3BWP7T_G2B3I1/ZN (CKND12BWP7T)                                      0.128                1.010     0.098 c    1.613 r    (353.06,317.73)        d 
  clk_G2B2I1 (net)                              2        0.145                                    1.010     0.000      1.613 r    [0.04,0.14]            d 
  CTSCKND8BWP7T_G2B2I1/I (INVD10BWP7T)                             0.000     0.134     0.000      1.010     0.013 c    1.626 r    (516.39,572.26)        d 
  CTSCKND8BWP7T_G2B2I1/ZN (INVD10BWP7T)                                      0.127                1.010     0.106 c    1.732 f    (519.77,572.40)        d 
  clk_G2B3I1 (net)                              4        0.248                                    1.010     0.000      1.732 f    [0.06,0.25]            d 
  CTSCKND10BWP7T_G2B1I10/I (INVD10BWP7T)                           0.000     0.128     0.000      1.010     0.004 c    1.736 f    (493.43,580.10)        d 
  CTSCKND10BWP7T_G2B1I10/ZN (INVD10BWP7T)                                    0.349                1.010     0.221 c    1.957 r    (496.80,580.24)        d 
  clk_G2B4I10 (net)                            72        0.442                                    1.010     0.000      1.957 r    [0.16,0.44]            d 
  SA_core_pe_0_1_Aij_o_reg_0_/CP (DFQD0BWP7T)                      0.000     0.351     0.000      1.010     0.004 c    1.961 r    (510.10,588.12)
  SA_core_pe_0_1_Aij_o_reg_0_/CP (DFQD0BWP7T)                      0.000     0.351     0.000      1.010     0.000      1.961 r    (510.10,588.12)
  SA_core_pe_0_1_Aij_o_reg_0_/Q (DFQD0BWP7T)                                 0.114                1.010     0.528      2.488 f    (500.83,588.05)
  SA_core_connect[8] (net)                      1        0.009                                    1.010     0.000      2.488 f    [0.00,0.01]
  icc_place1523/I (CKBD1BWP7T)                                     0.000     0.114     0.002      1.010     0.002 &    2.490 f    (484.54,572.60)
  icc_place1523/Z (CKBD1BWP7T)                                               0.380                1.010     0.335      2.826 f    (485.65,572.47)
  n4578 (net)                                   5        0.047                                    1.010     0.000      2.826 f    [0.02,0.05]
  icc_place1524/I (INVD2BWP7T)                                     0.000     0.380     0.011      1.010     0.013 &    2.839 f    (503.13,603.62)
  icc_place1524/ZN (INVD2BWP7T)                                              0.350                1.010     0.309      3.148 r    (503.99,603.79)
  n4579 (net)                                   8        0.072                                    1.010     0.000      3.148 r    [0.03,0.07]
  U3152/A2 (NR3D1BWP7T)                                            0.000     0.350     0.008      1.010     0.010 &    3.157 r    (481.82,627.56)
  U3152/ZN (NR3D1BWP7T)                                                      0.183                1.010     0.194      3.352 f    (481.34,626.97)
  n2728 (net)                                   2        0.022                                    1.010     0.000      3.352 f    [0.01,0.02]
  U4970/I (BUFFD1BWP7T)                                            0.000     0.183     0.009      1.010     0.010 &    3.361 f    (410.66,643.17)
  U4970/Z (BUFFD1BWP7T)                                                      0.118                1.010     0.241      3.602 f    (409.54,643.03)
  n4425 (net)                                   2        0.019                                    1.010     0.000      3.602 f    [0.01,0.02]
  U3153/B (AOI21D1BWP7T)                                           0.000     0.118     0.002      1.010     0.002 &    3.605 f    (432.76,603.79)
  U3153/ZN (AOI21D1BWP7T)                                                    0.413                1.010     0.321      3.926 r    (434.28,603.36)
  n2722 (net)                                   1        0.016                                    1.010     0.000      3.926 r    [0.01,0.02]
  U2092/B (MAOI222D1BWP7T)                                         0.000     0.413     0.000      1.010     0.000 &    3.926 r    (472.04,627.03)
  U2092/ZN (MAOI222D1BWP7T)                                                  0.256                1.010     0.248      4.174 f    (472.17,627.14)
  n4209 (net)                                   1        0.011                                    1.010     0.000      4.174 f    [0.00,0.01]
  U3174/B (FA1D0BWP7T)                                             0.000     0.256     0.000      1.010     0.000 &    4.174 f    (497.44,615.36)
  U3174/CO (FA1D0BWP7T)                                                      0.227                1.010     0.685      4.859 f    (505.82,615.89)
  n2738 (net)                                   2        0.020                                    1.010     0.000      4.859 f    [0.01,0.02]
  U3178/I (INVD0BWP7T)                                             0.000     0.227     0.023      1.010     0.024 &    4.884 f    (522.92,525.44)
  U3178/ZN (INVD0BWP7T)                                                      0.384                1.010     0.298      5.182 r    (523.72,525.34)
  n2741 (net)                                   1        0.020                                    1.010     0.000      5.182 r    [0.01,0.02]
  U3179/A (MAOI222D1BWP7T)                                         0.000     0.384     0.080      1.010     0.082 &    5.263 r    (517.05,619.24)
  U3179/ZN (MAOI222D1BWP7T)                                                  0.237                1.010     0.218      5.482 f    (519.78,619.30)
  n2742 (net)                                   1        0.010                                    1.010     0.000      5.482 f    [0.01,0.01]
  icc_clock1446/I (INVD0BWP7T)                                     0.000     0.237     0.000      1.010     0.000 &    5.482 f    (555.96,654.80)
  icc_clock1446/ZN (INVD0BWP7T)                                              0.214                1.010     0.195      5.677 r    (556.76,654.90)
  n4799 (net)                                   1        0.009                                    1.010     0.000      5.677 r    [0.00,0.01]
  U3190/B (FA1D0BWP7T)                                             0.000     0.214     0.000      1.010     0.000 &    5.677 r    (561.84,651.11)
  U3190/CO (FA1D0BWP7T)                                                      0.256                1.010     0.521      6.199 r    (570.22,650.59)
  n2763 (net)                                   2        0.013                                    1.010     0.000      6.199 r    [0.01,0.01]
  U3204/B (OAI21D0BWP7T)                                           0.000     0.256     0.012      1.010     0.013 &    6.211 r    (584.78,670.76)
  U3204/ZN (OAI21D0BWP7T)                                                    0.188                1.010     0.172      6.383 f    (583.31,670.33)
  n2764 (net)                                   1        0.006                                    1.010     0.000      6.383 f    [0.00,0.01]
  U3205/B (IOA21D0BWP7T)                                           0.000     0.188     0.000      1.010     0.000 &    6.383 f    (595.46,658.44)
  U3205/ZN (IOA21D0BWP7T)                                                    0.274                1.010     0.222      6.605 r    (595.96,658.47)
  n2811 (net)                                   1        0.013                                    1.010     0.000      6.605 r    [0.01,0.01]
  U3226/A (FA1D0BWP7T)                                             0.000     0.274     0.000      1.010     0.000 &    6.605 r    (577.24,611.67)
  U3226/CO (FA1D0BWP7T)                                                      0.190                1.010     0.619      7.224 r    (589.26,611.39)
  n2812 (net)                                   1        0.008                                    1.010     0.000      7.224 r    [0.01,0.01]
  U3230/A2 (XOR4D0BWP7T)                                           0.000     0.190     0.006      1.010     0.006 &    7.231 r    (555.18,600.13)
  U3230/Z (XOR4D0BWP7T)                                                      0.160                1.010     0.607      7.838 r    (554.53,600.23)
  n2830 (net)                                   1        0.005                                    1.010     0.000      7.838 r    [0.00,0.01]
  U3240/A2 (XNR4D0BWP7T)                                           0.000     0.160     0.013      1.010     0.013 &    7.851 r    (561.78,603.63)
  U3240/ZN (XNR4D0BWP7T)                                                     0.172                1.010     0.618      8.469 f    (562.43,603.53)
  n2832 (net)                                   1        0.005                                    1.010     0.000      8.469 f    [0.00,0.00]
  U3241/A2 (MOAI22D0BWP7T)                                         0.000     0.172     0.007      1.010     0.007 &    8.477 f    (576.97,603.62)
  U3241/ZN (MOAI22D0BWP7T)                                                   0.481                1.010     0.347      8.824 r    (577.64,603.86)
  SA_core_pe_0_2_N17 (net)                      1        0.011                                    1.010     0.000      8.824 r    [0.01,0.01]
  SA_core_pe_0_2_Cij_o_reg_7_/D (DFQD0BWP7T)                       0.000     0.481     0.142      1.010     0.143 &    8.967 r    (542.43,611.63)
  data arrival time                                                                                                    8.967

  clock clk_p (rise edge)                                                                                  40.000     40.000
  clk_p (in)                                                                 0.500                0.990     0.000     40.000 r    (134.90, 0.00)
  clk_p (net)                                   1        2.306                                    0.990     0.000     40.000 r    [0.00,2.31]            d 
  u_pad_clk/PAD (PDDW0208SCDG)                                     0.000     0.500     0.000      0.990     0.078 *   40.078 r    (170.00, 2.43)         d 
  u_pad_clk/C (PDDW0208SCDG)                                                 0.198                0.990     1.303 @   41.381 r    (186.40,119.50)        d 
  clk (net)                                     1        0.023                                    0.990     0.000     41.381 r    [0.00,0.02]            d 
  CTSCKND12BWP7T_G2B4I1/I (INVD4BWP7T)                             0.000     0.143     0.000      0.990     0.001 @   41.382 r    (183.98,156.74)        d 
  CTSCKND12BWP7T_G2B4I1/ZN (INVD4BWP7T)                                      0.109                0.990     0.094 c   41.476 f    (185.53,156.82)        d 
  clk_G2B1I1 (net)                              1        0.081                                    0.990     0.000     41.476 f    [0.03,0.08]            d 
  CTSCKND3BWP7T_G2B3I1/I (CKND12BWP7T)                             0.000     0.112     0.000      0.990     0.008 c   41.485 f    (356.93,317.99)        d 
  CTSCKND3BWP7T_G2B3I1/ZN (CKND12BWP7T)                                      0.128                0.990     0.096 c   41.581 r    (353.06,317.73)        d 
  clk_G2B2I1 (net)                              2        0.145                                    0.990     0.000     41.581 r    [0.04,0.14]            d 
  CTSCKND8BWP7T_G2B2I1/I (INVD10BWP7T)                             0.000     0.134     0.000      0.990     0.013 c   41.594 r    (516.39,572.26)        d 
  CTSCKND8BWP7T_G2B2I1/ZN (INVD10BWP7T)                                      0.127                0.990     0.104 c   41.698 f    (519.77,572.40)        d 
  clk_G2B3I1 (net)                              4        0.248                                    0.990     0.000     41.698 f    [0.06,0.25]            d 
  CTSCKND10BWP7T_G2B1I10/I (INVD10BWP7T)                           0.000     0.128     0.000      0.990     0.004 c   41.702 f    (493.43,580.10)        d 
  CTSCKND10BWP7T_G2B1I10/ZN (INVD10BWP7T)                                    0.349                0.990     0.217 c   41.918 r    (496.80,580.24)        d 
  clk_G2B4I10 (net)                            72        0.442                                    0.990     0.000     41.918 r    [0.16,0.44]            d 
  SA_core_pe_0_2_Cij_o_reg_7_/CP (DFQD0BWP7T)                      0.000     0.352     0.000      0.990     0.004 c   41.923 r    (544.26,611.65)
  clock reconvergence pessimism                                                                             0.034     41.957
  clock uncertainty                                                                                        -0.500     41.457
  SA_core_pe_0_2_Cij_o_reg_7_/CP (DFQD0BWP7T)                                                               0.000     41.457 r
  library setup time                                                                                       -0.050     41.407
  data required time                                                                                                  41.407
  -----------------------------------------------------------------------------------------------------------------------------------------------------------------
  data required time                                                                                                  41.407
  data arrival time                                                                                                   -8.967
  -----------------------------------------------------------------------------------------------------------------------------------------------------------------
  slack (MET)                                                                                                         32.440


1
