 
****************************************
Report : clock tree
Design : systolic_array
Version: L-2016.03-SP5-3
Date   : Thu Feb  9 15:00:58 2023
****************************************

Information: Float pin scale factor for the 'max' operating condition of scenario 'default' is set to 1.000 (CTS-375)

============= Clock Tree Exception Pins =============

Clock Tree Exceptions Summary
=============================

  1. Clock: clk_p
     Clock root: clk_p
     Clock net: clk_p
     Total sinks: 784
     Explicit ignore pins: 0
     Explicit sync pins: 0
     Implicit ignore pins: 0
     Default sink pins: 784
     Explicit nonstop pins: 0
     Implicit nonstop pins: 0
     Dont touch subtree pins: 0
     Dont buffer nets: 0
     Dont size cells: 0
     Size only cells: 0


=============================


Clock Tree Exceptions 
=====================


Legends Used
------------

(P) = Default sink pin
(F) = Explicit stop/float pin
(I) = Implicit ignore pin
(E) = Explicit ignore pin
(J) = Implicit nonstop pin
(T) = Explicit nonstop pin
(D) = Dont touch subtree pin
(B) = Dont buffer net
(S) = Dont size cell

(O) = Size only cell

  1. Clock: clk_p
     Clock root: clk_p
     Clock net: clk_p
     Total sinks: 784
     Explicit ignore pins: 0
     Explicit sync pins: 0
     Implicit ignore pins: 0
     Default sink pins: 784
     Explicit nonstop pins: 0
     Implicit nonstop pins: 0
     Dont touch subtree pins: 0
     Dont buffer nets: 0
     Dont size cells: 0
     Size only cells: 0


=====================================================
1
