 
****************************************
Report : timing
        -path full_clock
        -delay min
        -physical
        -derate
        -input_pins
        -nets
        -max_paths 1
        -transition_time
        -crosstalk_delta
        -capacitance
Design : systolic_array
Version: L-2016.03-SP5-3
Date   : Thu Feb  9 15:00:57 2023
****************************************

 * Some/all delay information is back-annotated.

Operating Conditions: BCCOM   Library: tcb018gbwp7tbc_ccs
	Parasitic source    : LPE
	Parasitic mode      : RealRC
	Extraction mode     : MIN_MAX
	Extraction derating : 0/25/125

Information: Percent of Arnoldi-based delays = 15.14%

Information: Percent of CCS-based delays = 15.11%

  Startpoint: rstn_p (input port clocked by clk_p)
  Endpoint: SA_ctrl_state_overall_reg_0_
            (rising edge-triggered flip-flop clocked by clk_p)
  Path Group: REGIN
  Path Type: min

Attributes:
    d - dont_touch
    u - dont_use
   mo - map_only
   so - size_only
    i - ideal_net or ideal_network

  Point                                       Fanout       Cap     DTran     Trans     Delta     Derate      Incr       Path      Location / Load        Attributes
  -----------------------------------------------------------------------------------------------------------------------------------------------------------------
  clock clk_p (rise edge)                                                                                   0.000      0.000
  clock network delay (ideal)                                                                               0.000      0.000
  input external delay                                                                                     12.000     12.000 f
  rstn_p (in)                                                                0.500                0.990     0.000     12.000 f    (695.14,895.13)
  rstn_p (net)                                  1        1.970                                    0.990     0.000     12.000 f    [0.00,1.97]
  u_pad_rst_n/PAD (PDUW0208SCDG)                                   0.000     0.500     0.000      0.990     0.063 *   12.063 f    (730.24,897.57)        d 
  u_pad_rst_n/C (PDUW0208SCDG)                                               0.113                0.990     0.700     12.764 f    (713.84,780.50)        d 
  rstn (net)                                    1        0.021                                    0.990     0.000     12.764 f    [0.02,0.02]
  icc_place1454/I (BUFFD3BWP7T)                                    0.000     0.113     0.000      0.990     0.001 &   12.764 f    (597.09,725.17)
  icc_place1454/Z (BUFFD3BWP7T)                                              0.099                0.990     0.143 c   12.908 f    (594.54,725.52)
  n4509 (net)                                   6        0.115                                    0.990     0.000     12.908 f    [0.05,0.11]
  U3496/A3 (ND3D0BWP7T)                                            0.000     0.103     0.000      0.990     0.009 c   12.917 f    (502.76,447.04)
  U3496/ZN (ND3D0BWP7T)                                                      0.073                0.990     0.081     12.998 r    (501.09,446.99)
  n3097 (net)                                   1        0.004                                    0.990     0.000     12.998 r    [0.00,0.00]
  U3497/B (OAI21D0BWP7T)                                           0.000     0.073     0.000      0.990     0.000 &   12.998 r    (503.02,451.24)
  U3497/ZN (OAI21D0BWP7T)                                                    0.057                0.990     0.050     13.047 f    (501.55,450.81)
  n1089 (net)                                   1        0.007                                    0.990     0.000     13.047 f    [0.00,0.01]
  SA_ctrl_state_overall_reg_0_/D (DFQD0BWP7T)                      0.000     0.057    -0.001      0.990    -0.001 &   13.046 f    (506.21,435.33)
  data arrival time                                                                                                   13.046

  clock clk_p (rise edge)                                                                                   0.000      0.000
  clk_p (in)                                                                 0.500                1.010     0.000      0.000 r    (134.90, 0.00)
  clk_p (net)                                   1        1.970                                    1.010     0.000      0.000 r    [0.00,1.97]            d 
  u_pad_clk/PAD (PDDW0208SCDG)                                     0.000     0.500     0.000      1.010     0.055 *    0.055 r    (170.00, 2.43)         d 
  u_pad_clk/C (PDDW0208SCDG)                                                 0.100                1.010     0.713 @    0.768 r    (186.40,119.50)        d 
  clk (net)                                     1        0.025                                    1.010     0.000      0.768 r    [0.00,0.02]            d 
  CTSCKND12BWP7T_G2B4I1/I (INVD4BWP7T)                             0.000     0.072     0.000      1.010     0.001 @    0.768 r    (183.98,156.74)        d 
  CTSCKND12BWP7T_G2B4I1/ZN (INVD4BWP7T)                                      0.054                1.010     0.040 c    0.809 f    (185.53,156.82)        d 
  clk_G2B1I1 (net)                              1        0.077                                    1.010     0.000      0.809 f    [0.03,0.08]            d 
  CTSCKND3BWP7T_G2B3I1/I (CKND12BWP7T)                             0.000     0.057     0.000      1.010     0.006 c    0.815 f    (356.93,317.99)        d 
  CTSCKND3BWP7T_G2B3I1/ZN (CKND12BWP7T)                                      0.067                1.010     0.046 c    0.861 r    (353.06,317.73)        d 
  clk_G2B2I1 (net)                              2        0.135                                    1.010     0.000      0.861 r    [0.04,0.13]            d 
  CTSCKND10BWP7T_G2B2I2/I (INVD12BWP7T)                            0.000     0.070     0.000      1.010     0.005 c    0.867 r    (459.34,317.90)        d 
  CTSCKND10BWP7T_G2B2I2/ZN (INVD12BWP7T)                                     0.075                1.010     0.052 c    0.919 f    (455.48,317.80)        d 
  clk_G2B3I2 (net)                              6        0.350                                    1.010     0.000      0.919 f    [0.07,0.35]            d 
  CTSCKND12BWP7T_G2B1I5/I (CKND12BWP7T)                            0.000     0.077     0.000      1.010     0.005 c    0.923 f    (462.21,333.67)        d 
  CTSCKND12BWP7T_G2B1I5/ZN (CKND12BWP7T)                                     0.199                1.010     0.116 c    1.039 r    (458.34,333.41)        d 
  clk_G2B4I5 (net)                             98        0.482                                    1.010     0.000      1.039 r    [0.19,0.48]            d 
  SA_ctrl_state_overall_reg_0_/CP (DFQD0BWP7T)                     0.000     0.204     0.000      1.010     0.007 c    1.046 r    (504.38,435.32)
  clock reconvergence pessimism                                                                             0.000      1.046
  SA_ctrl_state_overall_reg_0_/CP (DFQD0BWP7T)                                                              0.000      1.046 r
  library hold time                                                                                         0.027      1.073
  data required time                                                                                                   1.073
  -----------------------------------------------------------------------------------------------------------------------------------------------------------------
  data required time                                                                                                   1.073
  data arrival time                                                                                                  -13.046
  -----------------------------------------------------------------------------------------------------------------------------------------------------------------
  slack (MET)                                                                                                         11.973


  Startpoint: SA_core_pe_3_3_Cij_o_reg_5_
              (rising edge-triggered flip-flop clocked by clk_p)
  Endpoint: p_shift_out[5]
            (output port clocked by clk_p)
  Path Group: REGOUT
  Path Type: min

Attributes:
    d - dont_touch
    u - dont_use
   mo - map_only
   so - size_only
    i - ideal_net or ideal_network

  Point                                       Fanout       Cap     DTran     Trans     Delta     Derate      Incr       Path      Location / Load        Attributes
  -----------------------------------------------------------------------------------------------------------------------------------------------------------------
  clock clk_p (rise edge)                                                                                   0.000      0.000
  clk_p (in)                                                                 0.500                0.990     0.000      0.000 r    (134.90, 0.00)
  clk_p (net)                                   1        1.970                                    0.990     0.000      0.000 r    [0.00,1.97]            d 
  u_pad_clk/PAD (PDDW0208SCDG)                                     0.000     0.500     0.000      0.990     0.054 *    0.054 r    (170.00, 2.43)         d 
  u_pad_clk/C (PDDW0208SCDG)                                                 0.100                0.990     0.699 @    0.753 r    (186.40,119.50)        d 
  clk (net)                                     1        0.025                                    0.990     0.000      0.753 r    [0.00,0.02]            d 
  CTSCKND12BWP7T_G2B4I1/I (INVD4BWP7T)                             0.000     0.072     0.000      0.990     0.001 @    0.753 r    (183.98,156.74)        d 
  CTSCKND12BWP7T_G2B4I1/ZN (INVD4BWP7T)                                      0.054                0.990     0.040 c    0.793 f    (185.53,156.82)        d 
  clk_G2B1I1 (net)                              1        0.077                                    0.990     0.000      0.793 f    [0.03,0.08]            d 
  CTSCKND3BWP7T_G2B3I1/I (CKND12BWP7T)                             0.000     0.057     0.000      0.990     0.006 c    0.799 f    (356.93,317.99)        d 
  CTSCKND3BWP7T_G2B3I1/ZN (CKND12BWP7T)                                      0.067                0.990     0.045 c    0.844 r    (353.06,317.73)        d 
  clk_G2B2I1 (net)                              2        0.135                                    0.990     0.000      0.844 r    [0.04,0.13]            d 
  CTSCKND10BWP7T_G2B2I2/I (INVD12BWP7T)                            0.000     0.070     0.000      0.990     0.005 c    0.849 r    (459.34,317.90)        d 
  CTSCKND10BWP7T_G2B2I2/ZN (INVD12BWP7T)                                     0.075                0.990     0.051 c    0.900 f    (455.48,317.80)        d 
  clk_G2B3I2 (net)                              6        0.350                                    0.990     0.000      0.900 f    [0.07,0.35]            d 
  CTSCKND8BWP7T_G2B1I2/I (INVD10BWP7T)                             0.000     0.081     0.000      0.990     0.012 c    0.912 f    (290.33,498.22)        d 
  CTSCKND8BWP7T_G2B1I2/ZN (INVD10BWP7T)                                      0.151                0.990     0.097 c    1.009 r    (286.95,498.08)        d 
  clk_G2B4I2 (net)                             55        0.295                                    0.990     0.000      1.009 r    [0.13,0.30]            d 
  SA_core_pe_3_3_Cij_o_reg_5_/CP (DFQD1BWP7T)                      0.000     0.153     0.000      0.990     0.005 c    1.014 r    (241.74,450.99)
  SA_core_pe_3_3_Cij_o_reg_5_/CP (DFQD1BWP7T)                      0.000     0.153     0.000      0.990     0.000      1.014 r    (241.74,450.99)
  SA_core_pe_3_3_Cij_o_reg_5_/Q (DFQD1BWP7T)                                 0.085                0.990     0.233      1.246 f    (251.01,451.03)
  SA_core_output_row_3[5] (net)                 2        0.037                                    0.990     0.000      1.246 f    [0.03,0.04]
  U1453/A2 (AOI22D1BWP7T)                                          0.000     0.085    -0.010      0.990    -0.008 &    1.238 f    (219.40,682.23)
  U1453/ZN (AOI22D1BWP7T)                                                    0.116                0.990     0.093      1.331 r    (218.54,681.75)
  n1102 (net)                                   1        0.011                                    0.990     0.000      1.331 r    [0.01,0.01]
  U1454/A2 (ND2D1BWP7T)                                            0.000     0.116     0.000      0.990     0.000 &    1.331 r    (182.71,674.12)
  U1454/ZN (ND2D1BWP7T)                                                      0.122                0.990     0.090      1.421 f    (181.66,674.19)
  shift_out[5] (net)                            1        0.036                                    0.990     0.000      1.421 f    [0.01,0.04]
  u_pad_data_out_5/I (PDDW0208CDG)                                 0.000     0.122     0.000      0.990     0.001 &    1.423 f    (183.26,780.50)        d 
  u_pad_data_out_5/PAD (PDDW0208CDG)                                         0.677                0.990     1.662      3.084 f    (170.00,897.57)        d 
  p_shift_out[5] (net)                          1        2.073                                    0.990     0.000      3.084 f    [0.00,2.07]
  p_shift_out[5] (out)                                             0.000     0.677     0.000      0.990     0.003 *    3.087 f    (134.90,895.13)
  data arrival time                                                                                                    3.087

  clock clk_p (rise edge)                                                                                   0.000      0.000
  clock network delay (ideal)                                                                               0.000      0.000
  clock reconvergence pessimism                                                                             0.000      0.000
  output external delay                                                                                   -12.000    -12.000
  data required time                                                                                                 -12.000
  -----------------------------------------------------------------------------------------------------------------------------------------------------------------
  data required time                                                                                                 -12.000
  data arrival time                                                                                                   -3.087
  -----------------------------------------------------------------------------------------------------------------------------------------------------------------
  slack (MET)                                                                                                         15.087


  Startpoint: SA_ctrl_state_compute_out_counter_reg_1_
              (rising edge-triggered flip-flop clocked by clk_p)
  Endpoint: SA_ctrl_state_compute_out_counter_reg_1_
            (rising edge-triggered flip-flop clocked by clk_p)
  Path Group: clk_p
  Path Type: min

Attributes:
    d - dont_touch
    u - dont_use
   mo - map_only
   so - size_only
    i - ideal_net or ideal_network

  Point                                       Fanout       Cap     DTran     Trans     Delta     Derate      Incr       Path      Location / Load        Attributes
  -----------------------------------------------------------------------------------------------------------------------------------------------------------------
  clock clk_p (rise edge)                                                                                   0.000      0.000
  clk_p (in)                                                                 0.500                0.990     0.000      0.000 r    (134.90, 0.00)
  clk_p (net)                                   1        1.970                                    0.990     0.000      0.000 r    [0.00,1.97]            d 
  u_pad_clk/PAD (PDDW0208SCDG)                                     0.000     0.500     0.000      0.990     0.054 *    0.054 r    (170.00, 2.43)         d 
  u_pad_clk/C (PDDW0208SCDG)                                                 0.100                0.990     0.699 @    0.753 r    (186.40,119.50)        d 
  clk (net)                                     1        0.025                                    0.990     0.000      0.753 r    [0.00,0.02]            d 
  CTSCKND12BWP7T_G2B4I1/I (INVD4BWP7T)                             0.000     0.072     0.000      0.990     0.001 @    0.753 r    (183.98,156.74)        d 
  CTSCKND12BWP7T_G2B4I1/ZN (INVD4BWP7T)                                      0.054                0.990     0.040 c    0.793 f    (185.53,156.82)        d 
  clk_G2B1I1 (net)                              1        0.077                                    0.990     0.000      0.793 f    [0.03,0.08]            d 
  CTSCKND3BWP7T_G2B3I1/I (CKND12BWP7T)                             0.000     0.057     0.000      0.990     0.006 c    0.799 f    (356.93,317.99)        d 
  CTSCKND3BWP7T_G2B3I1/ZN (CKND12BWP7T)                                      0.067                0.990     0.045 c    0.844 r    (353.06,317.73)        d 
  clk_G2B2I1 (net)                              2        0.135                                    0.990     0.000      0.844 r    [0.04,0.13]            d 
  CTSCKND8BWP7T_G2B2I1/I (INVD10BWP7T)                             0.000     0.072     0.000      0.990     0.010 c    0.854 r    (516.39,572.26)        d 
  CTSCKND8BWP7T_G2B2I1/ZN (INVD10BWP7T)                                      0.065                0.990     0.046 c    0.900 f    (519.77,572.40)        d 
  clk_G2B3I1 (net)                              4        0.241                                    0.990     0.000      0.900 f    [0.06,0.24]            d 
  CTSCKND10BWP7T_G2B1I10/I (INVD10BWP7T)                           0.000     0.066     0.000      0.990     0.003 c    0.903 f    (493.43,580.10)        d 
  CTSCKND10BWP7T_G2B1I10/ZN (INVD10BWP7T)                                    0.187                0.990     0.110 c    1.013 r    (496.80,580.24)        d 
  clk_G2B4I10 (net)                            72        0.381                                    0.990     0.000      1.013 r    [0.16,0.38]            d 
  SA_ctrl_state_compute_out_counter_reg_1_/CP (DFQD0BWP7T)         0.000     0.190     0.000      0.990     0.004 c    1.017 r    (517.38,478.36)
  SA_ctrl_state_compute_out_counter_reg_1_/CP (DFQD0BWP7T)         0.000     0.190     0.000      0.990     0.000      1.017 r    (517.38,478.36)
  SA_ctrl_state_compute_out_counter_reg_1_/Q (DFQD0BWP7T)                    0.134                0.990     0.219      1.236 r    (508.11,478.30)
  SA_ctrl_state_compute_out_counter[1] (net)
                                                3        0.015                                    0.990     0.000      1.236 r    [0.00,0.01]
  U3550/A1 (AOI21D0BWP7T)                                          0.000     0.134     0.000      0.990     0.000 &    1.236 r    (512.02,459.08)
  U3550/ZN (AOI21D0BWP7T)                                                    0.063                0.990     0.061      1.297 f    (511.63,459.10)
  n1077 (net)                                   1        0.008                                    0.990     0.000      1.297 f    [0.00,0.01]
  SA_ctrl_state_compute_out_counter_reg_1_/D (DFQD0BWP7T)          0.000     0.063    -0.005      0.990    -0.005 &    1.292 f    (515.55,478.35)
  data arrival time                                                                                                    1.292

  clock clk_p (rise edge)                                                                                   0.000      0.000
  clk_p (in)                                                                 0.500                1.010     0.000      0.000 r    (134.90, 0.00)
  clk_p (net)                                   1        1.970                                    1.010     0.000      0.000 r    [0.00,1.97]            d 
  u_pad_clk/PAD (PDDW0208SCDG)                                     0.000     0.500     0.000      1.010     0.055 *    0.055 r    (170.00, 2.43)         d 
  u_pad_clk/C (PDDW0208SCDG)                                                 0.100                1.010     0.713 @    0.768 r    (186.40,119.50)        d 
  clk (net)                                     1        0.025                                    1.010     0.000      0.768 r    [0.00,0.02]            d 
  CTSCKND12BWP7T_G2B4I1/I (INVD4BWP7T)                             0.000     0.072     0.000      1.010     0.001 @    0.768 r    (183.98,156.74)        d 
  CTSCKND12BWP7T_G2B4I1/ZN (INVD4BWP7T)                                      0.054                1.010     0.040 c    0.809 f    (185.53,156.82)        d 
  clk_G2B1I1 (net)                              1        0.077                                    1.010     0.000      0.809 f    [0.03,0.08]            d 
  CTSCKND3BWP7T_G2B3I1/I (CKND12BWP7T)                             0.000     0.057     0.000      1.010     0.006 c    0.815 f    (356.93,317.99)        d 
  CTSCKND3BWP7T_G2B3I1/ZN (CKND12BWP7T)                                      0.067                1.010     0.046 c    0.861 r    (353.06,317.73)        d 
  clk_G2B2I1 (net)                              2        0.135                                    1.010     0.000      0.861 r    [0.04,0.13]            d 
  CTSCKND8BWP7T_G2B2I1/I (INVD10BWP7T)                             0.000     0.072     0.000      1.010     0.010 c    0.871 r    (516.39,572.26)        d 
  CTSCKND8BWP7T_G2B2I1/ZN (INVD10BWP7T)                                      0.065                1.010     0.047 c    0.918 f    (519.77,572.40)        d 
  clk_G2B3I1 (net)                              4        0.241                                    1.010     0.000      0.918 f    [0.06,0.24]            d 
  CTSCKND10BWP7T_G2B1I10/I (INVD10BWP7T)                           0.000     0.066     0.000      1.010     0.003 c    0.922 f    (493.43,580.10)        d 
  CTSCKND10BWP7T_G2B1I10/ZN (INVD10BWP7T)                                    0.187                1.010     0.112 c    1.034 r    (496.80,580.24)        d 
  clk_G2B4I10 (net)                            72        0.381                                    1.010     0.000      1.034 r    [0.16,0.38]            d 
  SA_ctrl_state_compute_out_counter_reg_1_/CP (DFQD0BWP7T)         0.000     0.190     0.000      1.010     0.004 c    1.038 r    (517.38,478.36)
  clock reconvergence pessimism                                                                            -0.018      1.020
  SA_ctrl_state_compute_out_counter_reg_1_/CP (DFQD0BWP7T)                                                  0.000      1.020 r
  library hold time                                                                                         0.026      1.046
  data required time                                                                                                   1.046
  -----------------------------------------------------------------------------------------------------------------------------------------------------------------
  data required time                                                                                                   1.046
  data arrival time                                                                                                   -1.292
  -----------------------------------------------------------------------------------------------------------------------------------------------------------------
  slack (MET)                                                                                                          0.247


1
