 
****************************************
Report : timing
        -path full_clock
        -delay max
        -physical
        -derate
        -input_pins
        -nets
        -max_paths 1
        -transition_time
        -crosstalk_delta
        -capacitance
Design : systolic_array
Version: L-2016.03-SP5-3
Date   : Thu Feb  9 15:00:57 2023
****************************************

 * Some/all delay information is back-annotated.

Operating Conditions: WCCOM   Library: tcb018gbwp7twc_ccs
	Parasitic source    : LPE
	Parasitic mode      : RealRC
	Extraction mode     : MIN_MAX
	Extraction derating : 0/25/125

Information: Percent of Arnoldi-based delays = 15.14%

Information: Percent of CCS-based delays = 15.11%

  Startpoint: rstn_p (input port clocked by clk_p)
  Endpoint: SA_B_3_shift_reg_reg_6__4_
            (rising edge-triggered flip-flop clocked by clk_p)
  Path Group: REGIN
  Path Type: max

Attributes:
    d - dont_touch
    u - dont_use
   mo - map_only
   so - size_only
    i - ideal_net or ideal_network

  Point                                       Fanout       Cap     DTran     Trans     Delta     Derate      Incr       Path      Location / Load        Attributes
  -----------------------------------------------------------------------------------------------------------------------------------------------------------------
  clock clk_p (rise edge)                                                                                   0.000      0.000
  clock network delay (ideal)                                                                               0.000      0.000
  input external delay                                                                                     12.000     12.000 f
  rstn_p (in)                                                                0.500                1.010     0.000     12.000 f    (695.14,895.13)
  rstn_p (net)                                  1        2.306                                    1.010     0.000     12.000 f    [0.00,2.31]
  u_pad_rst_n/PAD (PDUW0208SCDG)                                   0.000     0.500     0.000      1.010     0.093 *   12.093 f    (730.24,897.57)        d 
  u_pad_rst_n/C (PDUW0208SCDG)                                               0.270                1.010     1.510     13.603 f    (713.84,780.50)        d 
  rstn (net)                                    1        0.021                                    1.010     0.000     13.603 f    [0.02,0.02]
  icc_place1454/I (BUFFD3BWP7T)                                    0.000     0.270     0.000      1.010     0.001 &   13.604 f    (597.09,725.17)
  icc_place1454/Z (BUFFD3BWP7T)                                              0.200                1.010     0.328 c   13.932 f    (594.54,725.52)
  n4509 (net)                                   6        0.123                                    1.010     0.000     13.932 f    [0.05,0.12]
  icc_place1455/I (INVD8BWP7T)                                     0.000     0.205     0.000      1.010     0.013 c   13.945 f    (593.56,427.66)
  icc_place1455/ZN (INVD8BWP7T)                                              0.237                1.010     0.187 c   14.132 r    (596.30,427.56)
  n4510 (net)                                  13        0.200                                    1.010     0.000     14.132 r    [0.05,0.20]
  U2985/B (AOI21D1BWP7T)                                           0.000     0.238     0.000      1.010     0.003 c   14.135 r    (549.24,407.79)
  U2985/ZN (AOI21D1BWP7T)                                                    0.188                1.010     0.133     14.269 f    (550.76,407.36)
  n3658 (net)                                   1        0.012                                    1.010     0.000     14.269 f    [0.00,0.01]
  icc_place1651/I (BUFFD6BWP7T)                                    0.000     0.188     0.000      1.010     0.000 &   14.269 f    (560.19,411.58)
  icc_place1651/Z (BUFFD6BWP7T)                                              0.254                1.010     0.315 c   14.583 f    (563.88,411.91)
  n4706 (net)                                  35        0.356                                    1.010     0.000     14.583 f    [0.07,0.36]
  U3708/B (OAI21D1BWP7T)                                           0.000     0.266     0.000      1.010     0.022 c   14.605 f    (622.04,439.17)
  U3708/ZN (OAI21D1BWP7T)                                                    0.340                1.010     0.206     14.811 r    (623.56,439.58)
  n3279 (net)                                   1        0.011                                    1.010     0.000     14.811 r    [0.00,0.01]
  icc_place1679/I (BUFFD1P5BWP7T)                                  0.000     0.340     0.025      1.010     0.026 &   14.837 r    (622.29,466.92)
  icc_place1679/Z (BUFFD1P5BWP7T)                                            0.411                1.010     0.352     15.188 r    (623.75,466.78)
  n4734 (net)                                   6        0.072                                    1.010     0.000     15.188 r    [0.02,0.07]
  U3820/A2 (ND2D2BWP7T)                                            0.000     0.411     0.000      1.010     0.003 &   15.191 r    (632.54,494.53)
  U3820/ZN (ND2D2BWP7T)                                                      0.425                1.010     0.321 c   15.512 f    (632.21,493.66)
  n3295 (net)                                  16        0.110                                    1.010     0.000     15.512 f    [0.06,0.11]
  U3829/A2 (AOI22D0BWP7T)                                          0.000     0.428     0.006      1.010     0.017 c   15.530 f    (565.22,741.32)
  U3829/ZN (AOI22D0BWP7T)                                                    0.579                1.010     0.472     16.002 r    (567.23,741.28)
  n3288 (net)                                   1        0.011                                    1.010     0.000     16.002 r    [0.01,0.01]
  U3830/B (OAI21D0BWP7T)                                           0.000     0.579     0.203      1.010     0.206 &   16.208 r    (528.22,725.64)
  U3830/ZN (OAI21D0BWP7T)                                                    0.347                1.010     0.322     16.529 f    (526.75,725.21)
  n967 (net)                                    1        0.017                                    1.010     0.000     16.529 f    [0.01,0.02]
  SA_B_3_shift_reg_reg_6__4_/D (DFQD1BWP7T)                        0.000     0.347     0.066      1.010     0.067 &   16.596 f    (589.47,737.07)
  data arrival time                                                                                                   16.596

  clock clk_p (rise edge)                                                                                  40.000     40.000
  clk_p (in)                                                                 0.500                0.990     0.000     40.000 r    (134.90, 0.00)
  clk_p (net)                                   1        2.306                                    0.990     0.000     40.000 r    [0.00,2.31]            d 
  u_pad_clk/PAD (PDDW0208SCDG)                                     0.000     0.500     0.000      0.990     0.078 *   40.078 r    (170.00, 2.43)         d 
  u_pad_clk/C (PDDW0208SCDG)                                                 0.198                0.990     1.303 @   41.381 r    (186.40,119.50)        d 
  clk (net)                                     1        0.023                                    0.990     0.000     41.381 r    [0.00,0.02]            d 
  CTSCKND12BWP7T_G2B4I1/I (INVD4BWP7T)                             0.000     0.143     0.000      0.990     0.001 @   41.382 r    (183.98,156.74)        d 
  CTSCKND12BWP7T_G2B4I1/ZN (INVD4BWP7T)                                      0.109                0.990     0.094 c   41.476 f    (185.53,156.82)        d 
  clk_G2B1I1 (net)                              1        0.081                                    0.990     0.000     41.476 f    [0.03,0.08]            d 
  CTSCKND3BWP7T_G2B3I1/I (CKND12BWP7T)                             0.000     0.112     0.000      0.990     0.008 c   41.485 f    (356.93,317.99)        d 
  CTSCKND3BWP7T_G2B3I1/ZN (CKND12BWP7T)                                      0.128                0.990     0.096 c   41.581 r    (353.06,317.73)        d 
  clk_G2B2I1 (net)                              2        0.145                                    0.990     0.000     41.581 r    [0.04,0.14]            d 
  CTSCKND8BWP7T_G2B2I1/I (INVD10BWP7T)                             0.000     0.134     0.000      0.990     0.013 c   41.594 r    (516.39,572.26)        d 
  CTSCKND8BWP7T_G2B2I1/ZN (INVD10BWP7T)                                      0.127                0.990     0.104 c   41.698 f    (519.77,572.40)        d 
  clk_G2B3I1 (net)                              4        0.248                                    0.990     0.000     41.698 f    [0.06,0.25]            d 
  CTSCKND12BWP7T_G2B1I9/I (CKND12BWP7T)                            0.000     0.130     0.000      0.990     0.011 c   41.708 f    (668.85,670.79)        d 
  CTSCKND12BWP7T_G2B1I9/ZN (CKND12BWP7T)                                     0.339                0.990     0.208 c   41.917 r    (664.98,670.53)        d 
  clk_G2B4I9 (net)                             92        0.521                                    0.990     0.000     41.917 r    [0.17,0.52]            d 
  SA_B_3_shift_reg_reg_6__4_/CP (DFQD1BWP7T)                       0.000     0.344     0.000      0.990     0.008 c   41.924 r    (591.30,737.09)
  clock reconvergence pessimism                                                                             0.000     41.924
  clock uncertainty                                                                                        -0.500     41.424
  SA_B_3_shift_reg_reg_6__4_/CP (DFQD1BWP7T)                                                                0.000     41.424 r
  library setup time                                                                                       -0.062     41.362
  data required time                                                                                                  41.362
  -----------------------------------------------------------------------------------------------------------------------------------------------------------------
  data required time                                                                                                  41.362
  data arrival time                                                                                                  -16.596
  -----------------------------------------------------------------------------------------------------------------------------------------------------------------
  slack (MET)                                                                                                         24.766


  Startpoint: SA_ctrl_state_overall_reg_0_
              (rising edge-triggered flip-flop clocked by clk_p)
  Endpoint: p_shift_out[3]
            (output port clocked by clk_p)
  Path Group: REGOUT
  Path Type: max

Attributes:
    d - dont_touch
    u - dont_use
   mo - map_only
   so - size_only
    i - ideal_net or ideal_network

  Point                                       Fanout       Cap     DTran     Trans     Delta     Derate      Incr       Path      Location / Load        Attributes
  -----------------------------------------------------------------------------------------------------------------------------------------------------------------
  clock clk_p (rise edge)                                                                                   0.000      0.000
  clk_p (in)                                                                 0.500                1.010     0.000      0.000 r    (134.90, 0.00)
  clk_p (net)                                   1        2.306                                    1.010     0.000      0.000 r    [0.00,2.31]            d 
  u_pad_clk/PAD (PDDW0208SCDG)                                     0.000     0.500     0.000      1.010     0.080 *    0.080 r    (170.00, 2.43)         d 
  u_pad_clk/C (PDDW0208SCDG)                                                 0.198                1.010     1.330 @    1.409 r    (186.40,119.50)        d 
  clk (net)                                     1        0.023                                    1.010     0.000      1.409 r    [0.00,0.02]            d 
  CTSCKND12BWP7T_G2B4I1/I (INVD4BWP7T)                             0.000     0.143     0.000      1.010     0.001 @    1.410 r    (183.98,156.74)        d 
  CTSCKND12BWP7T_G2B4I1/ZN (INVD4BWP7T)                                      0.109                1.010     0.096 c    1.506 f    (185.53,156.82)        d 
  clk_G2B1I1 (net)                              1        0.081                                    1.010     0.000      1.506 f    [0.03,0.08]            d 
  CTSCKND3BWP7T_G2B3I1/I (CKND12BWP7T)                             0.000     0.112     0.000      1.010     0.009 c    1.515 f    (356.93,317.99)        d 
  CTSCKND3BWP7T_G2B3I1/ZN (CKND12BWP7T)                                      0.128                1.010     0.098 c    1.613 r    (353.06,317.73)        d 
  clk_G2B2I1 (net)                              2        0.145                                    1.010     0.000      1.613 r    [0.04,0.14]            d 
  CTSCKND10BWP7T_G2B2I2/I (INVD12BWP7T)                            0.000     0.132     0.000      1.010     0.007 c    1.620 r    (459.34,317.90)        d 
  CTSCKND10BWP7T_G2B2I2/ZN (INVD12BWP7T)                                     0.149                1.010     0.117 c    1.737 f    (455.48,317.80)        d 
  clk_G2B3I2 (net)                              6        0.367                                    1.010     0.000      1.737 f    [0.07,0.37]            d 
  CTSCKND12BWP7T_G2B1I5/I (CKND12BWP7T)                            0.000     0.151     0.000      1.010     0.005 c    1.742 f    (462.21,333.67)        d 
  CTSCKND12BWP7T_G2B1I5/ZN (CKND12BWP7T)                                     0.368                1.010     0.231 c    1.973 r    (458.34,333.41)        d 
  clk_G2B4I5 (net)                             98        0.570                                    1.010     0.000      1.973 r    [0.19,0.57]            d 
  SA_ctrl_state_overall_reg_0_/CP (DFQD0BWP7T)                     0.000     0.373     0.000      1.010     0.008 c    1.981 r    (504.38,435.32)
  SA_ctrl_state_overall_reg_0_/CP (DFQD0BWP7T)                     0.000     0.373     0.000      1.010     0.000      1.981 r    (504.38,435.32)
  SA_ctrl_state_overall_reg_0_/Q (DFQD0BWP7T)                                0.331                1.010     0.553      2.534 r    (513.66,435.39)
  SA_ctrl_state_overall[0] (net)                2        0.018                                    1.010     0.000      2.534 r    [0.00,0.02]
  icc_place1467/I (INVD2BWP7T)                                     0.000     0.331     0.008      1.010     0.009 &    2.543 r    (536.17,431.14)
  icc_place1467/ZN (INVD2BWP7T)                                              0.229                1.010     0.210      2.752 f    (537.03,431.32)
  n4522 (net)                                  10        0.087                                    1.010     0.000      2.752 f    [0.02,0.09]
  U1426/A2 (NR2XD3BWP7T)                                           0.000     0.229     0.000      1.010     0.001 &    2.754 f    (521.80,447.04)
  U1426/ZN (NR2XD3BWP7T)                                                     0.420                1.010     0.298 c    3.052 r    (517.52,446.36)
  ack (net)                                     8        0.135                                    1.010     0.000      3.052 r    [0.07,0.13]
  U1435/A3 (ND3D1BWP7T)                                            0.000     0.421     0.006      1.010     0.012 c    3.064 r    (469.72,466.70)
  U1435/ZN (ND3D1BWP7T)                                                      0.366                1.010     0.274      3.338 f    (467.90,466.50)
  n3096 (net)                                   1        0.025                                    1.010     0.000      3.338 f    [0.02,0.02]
  icc_place1711/I (BUFFD3BWP7T)                                    0.000     0.366     0.028      1.010     0.029 &    3.367 f    (317.09,482.14)
  icc_place1711/Z (BUFFD3BWP7T)                                              0.176                1.010     0.342 c    3.710 f    (314.54,482.48)
  n4770 (net)                                   4        0.100                                    1.010     0.000      3.710 f    [0.05,0.10]
  icc_place1682/I (INVD1BWP7T)                                     0.000     0.176     0.000      1.010     0.001 c    3.710 f    (314.24,548.74)
  icc_place1682/ZN (INVD1BWP7T)                                              0.539                1.010     0.373      4.084 r    (313.23,548.81)
  n4737 (net)                                   8        0.063                                    1.010     0.000      4.084 r    [0.03,0.06]
  U1447/A1 (AOI22D0BWP7T)                                          0.000     0.539     0.044      1.010     0.048 &    4.131 r    (253.56,599.92)
  U1447/ZN (AOI22D0BWP7T)                                                    0.259                1.010     0.210      4.341 f    (254.19,600.16)
  n1098 (net)                                   1        0.008                                    1.010     0.000      4.341 f    [0.00,0.01]
  U1448/A2 (ND2D1BWP7T)                                            0.000     0.259     0.011      1.010     0.011 &    4.352 f    (255.51,615.88)
  U1448/ZN (ND2D1BWP7T)                                                      0.234                1.010     0.218      4.570 r    (254.46,615.81)
  shift_out[3] (net)                            1        0.019                                    1.010     0.000      4.570 r    [0.01,0.02]
  icc_place1702/I (BUFFD1P5BWP7T)                                  0.000     0.234     0.008      1.010     0.009 &    4.579 r    (169.87,576.68)
  icc_place1702/Z (BUFFD1P5BWP7T)                                            0.318                1.010     0.288      4.867 r    (168.41,576.54)
  n4761 (net)                                   1        0.055                                    1.010     0.000      4.867 r    [0.03,0.05]
  u_pad_data_out_3/I (PDDW0208CDG)                                 0.000     0.318     0.000      1.010     0.006 &    4.873 r    (119.50,263.26)        d 
  u_pad_data_out_3/PAD (PDDW0208CDG)                                         1.372                1.010     4.007      8.879 r    ( 2.43,250.00)         d 
  p_shift_out[3] (net)                          1        2.410                                    1.010     0.000      8.879 r    [0.01,2.41]
  p_shift_out[3] (out)                                             0.000     1.372     0.000      1.010     0.004 *    8.884 r    ( 0.00,214.90)
  data arrival time                                                                                                    8.884

  clock clk_p (rise edge)                                                                                  40.000     40.000
  clock network delay (ideal)                                                                               0.000     40.000
  clock reconvergence pessimism                                                                             0.000     40.000
  clock uncertainty                                                                                        -0.500     39.500
  output external delay                                                                                   -12.000     27.500
  data required time                                                                                                  27.500
  -----------------------------------------------------------------------------------------------------------------------------------------------------------------
  data required time                                                                                                  27.500
  data arrival time                                                                                                   -8.884
  -----------------------------------------------------------------------------------------------------------------------------------------------------------------
  slack (MET)                                                                                                         18.616


  Startpoint: SA_core_pe_0_3_Bij_o_reg_0_
              (rising edge-triggered flip-flop clocked by clk_p)
  Endpoint: SA_core_pe_1_3_Cij_o_reg_7_
            (rising edge-triggered flip-flop clocked by clk_p)
  Path Group: clk_p
  Path Type: max

Attributes:
    d - dont_touch
    u - dont_use
   mo - map_only
   so - size_only
    i - ideal_net or ideal_network

  Point                                       Fanout       Cap     DTran     Trans     Delta     Derate      Incr       Path      Location / Load        Attributes
  -----------------------------------------------------------------------------------------------------------------------------------------------------------------
  clock clk_p (rise edge)                                                                                   0.000      0.000
  clk_p (in)                                                                 0.500                1.010     0.000      0.000 r    (134.90, 0.00)
  clk_p (net)                                   1        2.306                                    1.010     0.000      0.000 r    [0.00,2.31]            d 
  u_pad_clk/PAD (PDDW0208SCDG)                                     0.000     0.500     0.000      1.010     0.080 *    0.080 r    (170.00, 2.43)         d 
  u_pad_clk/C (PDDW0208SCDG)                                                 0.198                1.010     1.330 @    1.409 r    (186.40,119.50)        d 
  clk (net)                                     1        0.023                                    1.010     0.000      1.409 r    [0.00,0.02]            d 
  CTSCKND12BWP7T_G2B4I1/I (INVD4BWP7T)                             0.000     0.143     0.000      1.010     0.001 @    1.410 r    (183.98,156.74)        d 
  CTSCKND12BWP7T_G2B4I1/ZN (INVD4BWP7T)                                      0.109                1.010     0.096 c    1.506 f    (185.53,156.82)        d 
  clk_G2B1I1 (net)                              1        0.081                                    1.010     0.000      1.506 f    [0.03,0.08]            d 
  CTSCKND3BWP7T_G2B3I1/I (CKND12BWP7T)                             0.000     0.112     0.000      1.010     0.009 c    1.515 f    (356.93,317.99)        d 
  CTSCKND3BWP7T_G2B3I1/ZN (CKND12BWP7T)                                      0.128                1.010     0.098 c    1.613 r    (353.06,317.73)        d 
  clk_G2B2I1 (net)                              2        0.145                                    1.010     0.000      1.613 r    [0.04,0.14]            d 
  CTSCKND8BWP7T_G2B2I1/I (INVD10BWP7T)                             0.000     0.134     0.000      1.010     0.013 c    1.626 r    (516.39,572.26)        d 
  CTSCKND8BWP7T_G2B2I1/ZN (INVD10BWP7T)                                      0.127                1.010     0.106 c    1.732 f    (519.77,572.40)        d 
  clk_G2B3I1 (net)                              4        0.248                                    1.010     0.000      1.732 f    [0.06,0.25]            d 
  CTSCKND10BWP7T_G2B1I3/I (CKND10BWP7T)                            0.000     0.129     0.000      1.010     0.009 c    1.741 f    (310.27,650.48)        d 
  CTSCKND10BWP7T_G2B1I3/ZN (CKND10BWP7T)                                     0.349                1.010     0.218 c    1.959 r    (313.51,650.80)        d 
  clk_G2B4I3 (net)                             73        0.449                                    1.010     0.000      1.959 r    [0.17,0.45]            d 
  SA_core_pe_0_3_Bij_o_reg_0_/CP (DFQD0BWP7T)                      0.000     0.354     0.000      1.010     0.010 c    1.969 r    (359.46,737.09)
  SA_core_pe_0_3_Bij_o_reg_0_/CP (DFQD0BWP7T)                      0.000     0.354     0.000      1.010     0.000      1.969 r    (359.46,737.09)
  SA_core_pe_0_3_Bij_o_reg_0_/Q (DFQD0BWP7T)                                 0.197                1.010     0.474      2.443 r    (350.18,737.02)
  SA_core_connect[168] (net)                    1        0.009                                    1.010     0.000      2.443 r    [0.00,0.01]
  icc_place1554/I (CKBD1BWP7T)                                     0.000     0.197     0.009      1.010     0.009 &    2.452 r    (326.66,721.56)
  icc_place1554/Z (CKBD1BWP7T)                                               0.482                1.010     0.396      2.848 r    (325.55,721.43)
  n4609 (net)                                   5        0.057                                    1.010     0.000      2.848 r    [0.04,0.06]
  icc_place1555/I (INVD1BWP7T)                                     0.000     0.482     0.078      1.010     0.080 &    2.928 r    (272.24,697.70)
  icc_place1555/ZN (INVD1BWP7T)                                              0.289                1.010     0.263      3.191 f    (271.23,697.77)
  n4610 (net)                                   6        0.050                                    1.010     0.000      3.191 f    [0.02,0.05]
  U2535/A2 (NR2D1BWP7T)                                            0.000     0.289     0.000      1.010     0.002 &    3.193 f    (185.80,725.39)
  U2535/ZN (NR2D1BWP7T)                                                      0.314                1.010     0.259      3.453 r    (185.01,725.58)
  n2130 (net)                                   1        0.013                                    1.010     0.000      3.453 r    [0.01,0.01]
  U2552/B (FA1D0BWP7T)                                             0.000     0.314     0.036      1.010     0.037 &    3.489 r    (230.32,717.28)
  U2552/S (FA1D0BWP7T)                                                       0.335                1.010     0.719      4.208 r    (223.23,717.90)
  n2121 (net)                                   1        0.018                                    1.010     0.000      4.208 r    [0.01,0.02]
  U2544/B (FA1D0BWP7T)                                             0.000     0.335     0.020      1.010     0.021 &    4.229 r    (259.44,666.79)
  U2544/S (FA1D0BWP7T)                                                       0.277                1.010     0.790      5.019 f    (252.35,666.18)
  n2124 (net)                                   2        0.027                                    1.010     0.000      5.019 f    [0.01,0.03]
  U3008/B (MAOI222D1BWP7T)                                         0.000     0.277     0.007      1.010     0.008 &    5.027 f    (204.35,678.65)
  U3008/ZN (MAOI222D1BWP7T)                                                  0.417                1.010     0.332      5.359 r    (204.49,678.54)
  n4175 (net)                                   1        0.006                                    1.010     0.000      5.359 r    [0.00,0.01]
  icc_place1689/I (INVD0BWP7T)                                     0.000     0.417     0.000      1.010     0.000 &    5.359 r    (191.40,690.08)
  icc_place1689/ZN (INVD0BWP7T)                                              0.164                1.010     0.147      5.505 f    (192.20,689.98)
  n4744 (net)                                   1        0.009                                    1.010     0.000      5.505 f    [0.00,0.01]
  U2559/B (FA1D0BWP7T)                                             0.000     0.164     0.000      1.010     0.000 &    5.506 f    (204.56,693.77)
  U2559/CO (FA1D0BWP7T)                                                      0.187                1.010     0.620      6.126 f    (212.94,694.29)
  n2152 (net)                                   2        0.014                                    1.010     0.000      6.126 f    [0.01,0.01]
  U2574/B (OAI21D0BWP7T)                                           0.000     0.187     0.009      1.010     0.009 &    6.135 f    (189.99,713.32)
  U2574/ZN (OAI21D0BWP7T)                                                    0.424                1.010     0.223      6.358 r    (188.51,713.75)
  n2153 (net)                                   1        0.009                                    1.010     0.000      6.358 r    [0.01,0.01]
  U2575/B (IOA21D0BWP7T)                                           0.000     0.424     0.136      1.010     0.138 &    6.495 r    (218.54,705.48)
  U2575/ZN (IOA21D0BWP7T)                                                    0.375                1.010     0.321      6.816 f    (218.04,705.51)
  n2196 (net)                                   1        0.022                                    1.010     0.000      6.816 f    [0.02,0.02]
  U2596/A (FA1D0BWP7T)                                             0.000     0.375     0.071      1.010     0.072 &    6.888 f    (302.28,670.49)
  U2596/CO (FA1D0BWP7T)                                                      0.158                1.010     0.664      7.552 f    (314.30,670.77)
  n2197 (net)                                   1        0.010                                    1.010     0.000      7.552 f    [0.01,0.01]
  U2600/A2 (XOR4D0BWP7T)                                           0.000     0.158     0.011      1.010     0.012 &    7.564 f    (328.82,697.71)
  U2600/Z (XOR4D0BWP7T)                                                      0.194                1.010     0.592      8.156 f    (329.47,697.61)
  n2215 (net)                                   1        0.007                                    1.010     0.000      8.156 f    [0.00,0.01]
  U2610/A2 (XNR4D0BWP7T)                                           0.000     0.194     0.008      1.010     0.008 &    8.165 f    (337.22,717.73)
  U2610/ZN (XNR4D0BWP7T)                                                     0.191                1.010     0.594      8.758 f    (337.87,717.83)
  n2217 (net)                                   1        0.007                                    1.010     0.000      8.758 f    [0.00,0.01]
  U2611/A2 (MOAI22D0BWP7T)                                         0.000     0.191     0.000      1.010     0.000 &    8.758 f    (341.21,682.02)
  U2611/ZN (MOAI22D0BWP7T)                                                   0.551                1.010     0.392      9.151 r    (341.88,682.26)
  SA_core_pe_1_3_N17 (net)                      1        0.013                                    1.010     0.000      9.151 r    [0.01,0.01]
  SA_core_pe_1_3_Cij_o_reg_7_/D (DFQD0BWP7T)                       0.000     0.551     0.109      1.010     0.110 &    9.261 r    (296.03,682.19)
  data arrival time                                                                                                    9.261

  clock clk_p (rise edge)                                                                                  40.000     40.000
  clk_p (in)                                                                 0.500                0.990     0.000     40.000 r    (134.90, 0.00)
  clk_p (net)                                   1        2.306                                    0.990     0.000     40.000 r    [0.00,2.31]            d 
  u_pad_clk/PAD (PDDW0208SCDG)                                     0.000     0.500     0.000      0.990     0.078 *   40.078 r    (170.00, 2.43)         d 
  u_pad_clk/C (PDDW0208SCDG)                                                 0.198                0.990     1.303 @   41.381 r    (186.40,119.50)        d 
  clk (net)                                     1        0.023                                    0.990     0.000     41.381 r    [0.00,0.02]            d 
  CTSCKND12BWP7T_G2B4I1/I (INVD4BWP7T)                             0.000     0.143     0.000      0.990     0.001 @   41.382 r    (183.98,156.74)        d 
  CTSCKND12BWP7T_G2B4I1/ZN (INVD4BWP7T)                                      0.109                0.990     0.094 c   41.476 f    (185.53,156.82)        d 
  clk_G2B1I1 (net)                              1        0.081                                    0.990     0.000     41.476 f    [0.03,0.08]            d 
  CTSCKND3BWP7T_G2B3I1/I (CKND12BWP7T)                             0.000     0.112     0.000      0.990     0.008 c   41.485 f    (356.93,317.99)        d 
  CTSCKND3BWP7T_G2B3I1/ZN (CKND12BWP7T)                                      0.128                0.990     0.096 c   41.581 r    (353.06,317.73)        d 
  clk_G2B2I1 (net)                              2        0.145                                    0.990     0.000     41.581 r    [0.04,0.14]            d 
  CTSCKND8BWP7T_G2B2I1/I (INVD10BWP7T)                             0.000     0.134     0.000      0.990     0.013 c   41.594 r    (516.39,572.26)        d 
  CTSCKND8BWP7T_G2B2I1/ZN (INVD10BWP7T)                                      0.127                0.990     0.104 c   41.698 f    (519.77,572.40)        d 
  clk_G2B3I1 (net)                              4        0.248                                    0.990     0.000     41.698 f    [0.06,0.25]            d 
  CTSCKND10BWP7T_G2B1I3/I (CKND10BWP7T)                            0.000     0.129     0.000      0.990     0.009 c   41.707 f    (310.27,650.48)        d 
  CTSCKND10BWP7T_G2B1I3/ZN (CKND10BWP7T)                                     0.349                0.990     0.213 c   41.920 r    (313.51,650.80)        d 
  clk_G2B4I3 (net)                             73        0.449                                    0.990     0.000     41.920 r    [0.17,0.45]            d 
  SA_core_pe_1_3_Cij_o_reg_7_/CP (DFQD0BWP7T)                      0.000     0.352     0.000      0.990     0.007 c   41.927 r    (297.86,682.21)
  clock reconvergence pessimism                                                                             0.039     41.966
  clock uncertainty                                                                                        -0.500     41.466
  SA_core_pe_1_3_Cij_o_reg_7_/CP (DFQD0BWP7T)                                                               0.000     41.466 r
  library setup time                                                                                       -0.051     41.415
  data required time                                                                                                  41.415
  -----------------------------------------------------------------------------------------------------------------------------------------------------------------
  data required time                                                                                                  41.415
  data arrival time                                                                                                   -9.261
  -----------------------------------------------------------------------------------------------------------------------------------------------------------------
  slack (MET)                                                                                                         32.154


1
