set ucliGUI::state
set ucliGUI::state
ucliCore::getToolPID
synopsys::env hasTB
trigger_hier_stack_context_switch 0
synUtils::setDVEInitPhase 1
synopsys::dump -type VPD -file /bks2/PB20000328/ic_design/sim/sim_SA_with_ctl/inter.vpd -locking
synopsys::dump -autoflush on -fid VPD0
set ::dve_fid VPD0
synUtils::setDVEInitPhase 0
ucliCore::getToolPID
synUtils::sendTool -active {_icl_start_rpc -version "H-2013.06_Full64" -sync_file /tmp/vcs_dve_rpc.PB20000328.8958}
synUtils::sendTool -active {_icl_createSharedMemory /tmp/vcs_dve_general.PB20000328.8958}
config endofsim noexit
config onfail enable all
config syscaddplainmembers
config syscaddsourcenames
config syscaddstructtypes
synopsys::listing -disable
synopsys::dump -add {systolic_array_sim_without_control.test.core} -scope "." -depth 1 -fid VPD0
synopsys::dump -add {systolic_array_sim_without_control.test.core.connect} -aggregates  -fid VPD0
synopsys::dump -add {systolic_array_sim_without_control.test.core.shift_wire} -aggregates  -fid VPD0
synopsys::run
set ucliGUI::state
set ucliGUI::state
set ucliGUI::state
set ucliGUI::state
if [catch {gui_sim_terminate}] {gui_sim_terminate -kill}
synopsys::finish
set ucliGUI::state
set ucliGUI::state
ucli_exit
