 
****************************************
  Report : Chip Summary
  Design : systolic_array
  Version: L-2016.03-SP5-3
  Date   : Thu Feb  9 14:57:32 2023
****************************************
Std cell utilization: 27.65%  (38486/(158100-18900))
(Non-fixed + Fixed)
Std cell utilization: 28.49%  (38278/(158100-23758))
(Non-fixed only)
Chip area:            158100   sites, bbox (155.00 155.00 745.24 743.00) um
Std cell area:        38486    sites, (non-fixed:38278  fixed:208)
                      4001     cells, (non-fixed:3987   fixed:14)
Macro cell area:      0        sites
                      0        cells
Placement blockages:  18900    sites, (excluding fixed std cells)
                      23758    sites, (include fixed std cells & chimney area)
                      23100    sites, (complete p/g net blockages)
Routing blockages:    0        sites, (partial p/g net blockages)
                      0        sites, (routing blockages and signal pre-route)
Lib cell count:       105 
Avg. std cell width:  5.21 um 
Site array:           unit     (width: 0.56 um, height: 3.92 um, rows: 150)
Physical DB scale:    1000 db_unit = 1 um 

 
****************************************
  Report : pnet options
  Design : systolic_array
  Version: L-2016.03-SP5-3
  Date   : Thu Feb  9 14:57:32 2023
****************************************


--------------------------------------------------------------------
Layer      Blockage   Min_width   Min_height   Via_additive     Density
--------------------------------------------------------------------
METAL1     none          ---         ---       via additive      ---
METAL2     none          ---         ---       via additive      ---
METAL3     complete    0.00        0.00        via additive      ---
METAL4     complete    0.00        0.00        via additive      ---
METAL5     none          ---         ---       via additive      ---

**********************************
      Sub-Region Utilization      
**********************************
-------------------------------------------------------------
 region_llx  region_lly  region_urx  region_ury  utilization
-------------------------------------------------------------
    155.00     155.00     174.60     174.60        0.25
    155.00     174.60     174.60     194.20        0.42
    155.00     194.20     174.60     213.80        0.30
    155.00     213.80     174.60     233.40        0.35
    155.00     233.40     174.60     253.00        0.29
    155.00     253.00     174.60     272.60        0.37
    155.00     272.60     174.60     292.20        0.23
    155.00     292.20     174.60     311.80        0.38
    155.00     311.80     174.60     331.40        0.23
    155.00     331.40     174.60     351.00        0.34
    155.00     351.00     174.60     370.60        0.30
    155.00     370.60     174.60     390.20        0.39
    155.00     390.20     174.60     409.80        0.20
    155.00     409.80     174.60     429.40        0.41
    155.00     429.40     174.60     449.00        0.25
    155.00     449.00     174.60     468.60        0.39
    155.00     468.60     174.60     488.20        0.26
    155.00     488.20     174.60     507.80        0.41
    155.00     507.80     174.60     527.40        0.26
    155.00     527.40     174.60     547.00        0.36
    155.00     547.00     174.60     566.60        0.26
    155.00     566.60     174.60     586.20        0.43
    155.00     586.20     174.60     605.80        0.23
    155.00     605.80     174.60     625.40        0.43
    155.00     625.40     174.60     645.00        0.24
    155.00     645.00     174.60     664.60        0.28
    155.00     664.60     174.60     684.20        0.41
    155.00     684.20     174.60     703.80        0.23
    155.00     703.80     174.60     723.40        0.42
    155.00     723.40     174.60     743.00        0.27
    174.60     155.00     194.20     174.60        0.31
    174.60     174.60     194.20     194.20        0.30
    174.60     194.20     194.20     213.80        0.35
    174.60     213.80     194.20     233.40        0.27
    174.60     233.40     194.20     253.00        0.16
    174.60     253.00     194.20     272.60        0.31
    174.60     272.60     194.20     292.20        0.21
    174.60     292.20     194.20     311.80        0.42
    174.60     311.80     194.20     331.40        0.19
    174.60     331.40     194.20     351.00        0.39
    174.60     351.00     194.20     370.60        0.20
    174.60     370.60     194.20     390.20        0.38
    174.60     390.20     194.20     409.80        0.19
    174.60     409.80     194.20     429.40        0.36
    174.60     429.40     194.20     449.00        0.19
    174.60     449.00     194.20     468.60        0.36
    174.60     468.60     194.20     488.20        0.25
    174.60     488.20     194.20     507.80        0.30
    174.60     507.80     194.20     527.40        0.24
    174.60     527.40     194.20     547.00        0.36
    174.60     547.00     194.20     566.60        0.21
    174.60     566.60     194.20     586.20        0.34
    174.60     586.20     194.20     605.80        0.24
    174.60     605.80     194.20     625.40        0.23
    174.60     625.40     194.20     645.00        0.34
    174.60     645.00     194.20     664.60        0.22
    174.60     664.60     194.20     684.20        0.36
    174.60     684.20     194.20     703.80        0.17
    174.60     703.80     194.20     723.40        0.27
    174.60     723.40     194.20     743.00        0.39
    194.20     155.00     213.80     174.60        0.25
    194.20     174.60     213.80     194.20        0.44
    194.20     194.20     213.80     213.80        0.30
    194.20     213.80     213.80     233.40        0.30
    194.20     233.40     213.80     253.00        0.40
    194.20     253.00     213.80     272.60        0.29
    194.20     272.60     213.80     292.20        0.26
    194.20     292.20     213.80     311.80        0.39
    194.20     311.80     213.80     331.40        0.28
    194.20     331.40     213.80     351.00        0.37
    194.20     351.00     213.80     370.60        0.38
    194.20     370.60     213.80     390.20        0.29
    194.20     390.20     213.80     409.80        0.23
    194.20     409.80     213.80     429.40        0.44
    194.20     429.40     213.80     449.00        0.27
    194.20     449.00     213.80     468.60        0.41
    194.20     468.60     213.80     488.20        0.26
    194.20     488.20     213.80     507.80        0.43
    194.20     507.80     213.80     527.40        0.29
    194.20     527.40     213.80     547.00        0.42
    194.20     547.00     213.80     566.60        0.26
    194.20     566.60     213.80     586.20        0.37
    194.20     586.20     213.80     605.80        0.23
    194.20     605.80     213.80     625.40        0.43
    194.20     625.40     213.80     645.00        0.30
    194.20     645.00     213.80     664.60        0.42
    194.20     664.60     213.80     684.20        0.23
    194.20     684.20     213.80     703.80        0.46
    194.20     703.80     213.80     723.40        0.37
    194.20     723.40     213.80     743.00        0.29
    213.80     155.00     233.40     174.60        0.27
    213.80     174.60     233.40     194.20        0.34
    213.80     194.20     233.40     213.80        0.21
    213.80     213.80     233.40     233.40        0.39
    213.80     233.40     233.40     253.00        0.23
    213.80     253.00     233.40     272.60        0.32
    213.80     272.60     233.40     292.20        0.22
    213.80     292.20     233.40     311.80        0.37
    213.80     311.80     233.40     331.40        0.23
    213.80     331.40     233.40     351.00        0.27
    213.80     351.00     233.40     370.60        0.33
    213.80     370.60     233.40     390.20        0.25
    213.80     390.20     233.40     409.80        0.36
    213.80     409.80     233.40     429.40        0.26
    213.80     429.40     233.40     449.00        0.34
    213.80     449.00     233.40     468.60        0.28
    213.80     468.60     233.40     488.20        0.22
    213.80     488.20     233.40     507.80        0.41
    213.80     507.80     233.40     527.40        0.18
    213.80     527.40     233.40     547.00        0.37
    213.80     547.00     233.40     566.60        0.20
    213.80     566.60     233.40     586.20        0.35
    213.80     586.20     233.40     605.80        0.23
    213.80     605.80     233.40     625.40        0.31
    213.80     625.40     233.40     645.00        0.27
    213.80     645.00     233.40     664.60        0.25
    213.80     664.60     233.40     684.20        0.27
    213.80     684.20     233.40     703.80        0.32
    213.80     703.80     233.40     723.40        0.25
    213.80     723.40     233.40     743.00        0.30
    233.40     155.00     253.00     174.60        0.25
    233.40     174.60     253.00     194.20        0.38
    233.40     194.20     253.00     213.80        0.38
    233.40     213.80     253.00     233.40        0.38
    233.40     233.40     253.00     253.00        0.26
    233.40     253.00     253.00     272.60        0.40
    233.40     272.60     253.00     292.20        0.25
    233.40     292.20     253.00     311.80        0.41
    233.40     311.80     253.00     331.40        0.25
    233.40     331.40     253.00     351.00        0.28
    233.40     351.00     253.00     370.60        0.45
    233.40     370.60     253.00     390.20        0.29
    233.40     390.20     253.00     409.80        0.43
    233.40     409.80     253.00     429.40        0.28
    233.40     429.40     253.00     449.00        0.27
    233.40     449.00     253.00     468.60        0.38
    233.40     468.60     253.00     488.20        0.39
    233.40     488.20     253.00     507.80        0.29
    233.40     507.80     253.00     527.40        0.28
    233.40     527.40     253.00     547.00        0.40
    233.40     547.00     253.00     566.60        0.26
    233.40     566.60     253.00     586.20        0.41
    233.40     586.20     253.00     605.80        0.32
    233.40     605.80     253.00     625.40        0.35
    233.40     625.40     253.00     645.00        0.32
    233.40     645.00     253.00     664.60        0.41
    233.40     664.60     253.00     684.20        0.28
    233.40     684.20     253.00     703.80        0.33
    233.40     703.80     253.00     723.40        0.39
    233.40     723.40     253.00     743.00        0.30
    253.00     155.00     272.60     174.60        0.26
    253.00     174.60     272.60     194.20        0.30
    253.00     194.20     272.60     213.80        0.27
    253.00     213.80     272.60     233.40        0.30
    253.00     233.40     272.60     253.00        0.31
    253.00     253.00     272.60     272.60        0.27
    253.00     272.60     272.60     292.20        0.28
    253.00     292.20     272.60     311.80        0.28
    253.00     311.80     272.60     331.40        0.25
    253.00     331.40     272.60     351.00        0.32
    253.00     351.00     272.60     370.60        0.22
    253.00     370.60     272.60     390.20        0.36
    253.00     390.20     272.60     409.80        0.22
    253.00     409.80     272.60     429.40        0.41
    253.00     429.40     272.60     449.00        0.24
    253.00     449.00     272.60     468.60        0.37
    253.00     468.60     272.60     488.20        0.20
    253.00     488.20     272.60     507.80        0.38
    253.00     507.80     272.60     527.40        0.15
    253.00     527.40     272.60     547.00        0.37
    253.00     547.00     272.60     566.60        0.21
    253.00     566.60     272.60     586.20        0.35
    253.00     586.20     272.60     605.80        0.20
    253.00     605.80     272.60     625.40        0.35
    253.00     625.40     272.60     645.00        0.17
    253.00     645.00     272.60     664.60        0.37
    253.00     664.60     272.60     684.20        0.25
    253.00     684.20     272.60     703.80        0.32
    253.00     703.80     272.60     723.40        0.38
    253.00     723.40     272.60     743.00        0.25
    272.60     155.00     292.20     174.60        0.30
    272.60     174.60     292.20     194.20        0.43
    272.60     194.20     292.20     213.80        0.32
    272.60     213.80     292.20     233.40        0.28
    272.60     233.40     292.20     253.00        0.38
    272.60     253.00     292.20     272.60        0.29
    272.60     272.60     292.20     292.20        0.32
    272.60     292.20     292.20     311.80        0.38
    272.60     311.80     292.20     331.40        0.31
    272.60     331.40     292.20     351.00        0.43
    272.60     351.00     292.20     370.60        0.28
    272.60     370.60     292.20     390.20        0.46
    272.60     390.20     292.20     409.80        0.27
    272.60     409.80     292.20     429.40        0.28
    272.60     429.40     292.20     449.00        0.34
    272.60     449.00     292.20     468.60        0.38
    272.60     468.60     292.20     488.20        0.31
    272.60     488.20     292.20     507.80        0.41
    272.60     507.80     292.20     527.40        0.40
    272.60     527.40     292.20     547.00        0.35
    272.60     547.00     292.20     566.60        0.38
    272.60     566.60     292.20     586.20        0.32
    272.60     586.20     292.20     605.80        0.38
    272.60     605.80     292.20     625.40        0.32
    272.60     625.40     292.20     645.00        0.42
    272.60     645.00     292.20     664.60        0.28
    272.60     664.60     292.20     684.20        0.40
    272.60     684.20     292.20     703.80        0.28
    272.60     703.80     292.20     723.40        0.38
    272.60     723.40     292.20     743.00        0.29
    292.20     155.00     311.80     174.60        0.31
    292.20     174.60     311.80     194.20        0.28
    292.20     194.20     311.80     213.80        0.26
    292.20     213.80     311.80     233.40        0.37
    292.20     233.40     311.80     253.00        0.21
    292.20     253.00     311.80     272.60        0.31
    292.20     272.60     311.80     292.20        0.21
    292.20     292.20     311.80     311.80        0.41
    292.20     311.80     311.80     331.40        0.19
    292.20     331.40     311.80     351.00        0.28
    292.20     351.00     311.80     370.60        0.31
    292.20     370.60     311.80     390.20        0.23
    292.20     390.20     311.80     409.80        0.34
    292.20     409.80     311.80     429.40        0.25
    292.20     429.40     311.80     449.00        0.26
    292.20     449.00     311.80     468.60        0.28
    292.20     468.60     311.80     488.20        0.30
    292.20     488.20     311.80     507.80        0.33
    292.20     507.80     311.80     527.40        0.29
    292.20     527.40     311.80     547.00        0.25
    292.20     547.00     311.80     566.60        0.38
    292.20     566.60     311.80     586.20        0.21
    292.20     586.20     311.80     605.80        0.24
    292.20     605.80     311.80     625.40        0.39
    292.20     625.40     311.80     645.00        0.20
    292.20     645.00     311.80     664.60        0.29
    292.20     664.60     311.80     684.20        0.38
    292.20     684.20     311.80     703.80        0.19
    292.20     703.80     311.80     723.40        0.37
    292.20     723.40     311.80     743.00        0.25
    311.80     155.00     331.40     174.60        0.31
    311.80     174.60     331.40     194.20        0.42
    311.80     194.20     331.40     213.80        0.26
    311.80     213.80     331.40     233.40        0.42
    311.80     233.40     331.40     253.00        0.27
    311.80     253.00     331.40     272.60        0.50
    311.80     272.60     331.40     292.20        0.27
    311.80     292.20     331.40     311.80        0.43
    311.80     311.80     331.40     331.40        0.42
    311.80     331.40     331.40     351.00        0.38
    311.80     351.00     331.40     370.60        0.29
    311.80     370.60     331.40     390.20        0.36
    311.80     390.20     331.40     409.80        0.38
    311.80     409.80     331.40     429.40        0.35
    311.80     429.40     331.40     449.00        0.28
    311.80     449.00     331.40     468.60        0.42
    311.80     468.60     331.40     488.20        0.28
    311.80     488.20     331.40     507.80        0.35
    311.80     507.80     331.40     527.40        0.25
    311.80     527.40     331.40     547.00        0.35
    311.80     547.00     331.40     566.60        0.36
    311.80     566.60     331.40     586.20        0.35
    311.80     586.20     331.40     605.80        0.26
    311.80     605.80     331.40     625.40        0.37
    311.80     625.40     331.40     645.00        0.36
    311.80     645.00     331.40     664.60        0.47
    311.80     664.60     331.40     684.20        0.32
    311.80     684.20     331.40     703.80        0.34
    311.80     703.80     331.40     723.40        0.34
    311.80     723.40     331.40     743.00        0.36
    331.40     155.00     351.00     174.60        0.30
    331.40     174.60     351.00     194.20        0.37
    331.40     194.20     351.00     213.80        0.13
    331.40     213.80     351.00     233.40        0.38
    331.40     233.40     351.00     253.00        0.19
    331.40     253.00     351.00     272.60        0.42
    331.40     272.60     351.00     292.20        0.19
    331.40     292.20     351.00     311.80        0.37
    331.40     311.80     351.00     331.40        0.19
    331.40     331.40     351.00     351.00        0.38
    331.40     351.00     351.00     370.60        0.19
    331.40     370.60     351.00     390.20        0.39
    331.40     390.20     351.00     409.80        0.21
    331.40     409.80     351.00     429.40        0.38
    331.40     429.40     351.00     449.00        0.28
    331.40     449.00     351.00     468.60        0.32
    331.40     468.60     351.00     488.20        0.28
    331.40     488.20     351.00     507.80        0.18
    331.40     507.80     351.00     527.40        0.30
    331.40     527.40     351.00     547.00        0.29
    331.40     547.00     351.00     566.60        0.29
    331.40     566.60     351.00     586.20        0.33
    331.40     586.20     351.00     605.80        0.18
    331.40     605.80     351.00     625.40        0.37
    331.40     625.40     351.00     645.00        0.17
    331.40     645.00     351.00     664.60        0.39
    331.40     664.60     351.00     684.20        0.19
    331.40     684.20     351.00     703.80        0.33
    331.40     703.80     351.00     723.40        0.24
    331.40     723.40     351.00     743.00        0.26
    351.00     155.00     370.60     174.60        0.28
    351.00     174.60     370.60     194.20        0.45
    351.00     194.20     370.60     213.80        0.26
    351.00     213.80     370.60     233.40        0.43
    351.00     233.40     370.60     253.00        0.33
    351.00     253.00     370.60     272.60        0.26
    351.00     272.60     370.60     292.20        0.34
    351.00     292.20     370.60     311.80        0.38
    351.00     311.80     370.60     331.40        0.42
    351.00     331.40     370.60     351.00        0.32
    351.00     351.00     370.60     370.60        0.40
    351.00     370.60     370.60     390.20        0.32
    351.00     390.20     370.60     409.80        0.27
    351.00     409.80     370.60     429.40        0.38
    351.00     429.40     370.60     449.00        0.32
    351.00     449.00     370.60     468.60        0.33
    351.00     468.60     370.60     488.20        0.35
    351.00     488.20     370.60     507.80        0.30
    351.00     507.80     370.60     527.40        0.45
    351.00     527.40     370.60     547.00        0.27
    351.00     547.00     370.60     566.60        0.42
    351.00     566.60     370.60     586.20        0.35
    351.00     586.20     370.60     605.80        0.32
    351.00     605.80     370.60     625.40        0.40
    351.00     625.40     370.60     645.00        0.25
    351.00     645.00     370.60     664.60        0.42
    351.00     664.60     370.60     684.20        0.29
    351.00     684.20     370.60     703.80        0.31
    351.00     703.80     370.60     723.40        0.32
    351.00     723.40     370.60     743.00        0.42
    370.60     155.00     390.20     174.60        0.29
    370.60     174.60     390.20     194.20        0.34
    370.60     194.20     390.20     213.80        0.29
    370.60     213.80     390.20     233.40        0.29
    370.60     233.40     390.20     253.00        0.30
    370.60     253.00     390.20     272.60        0.21
    370.60     272.60     390.20     292.20        0.34
    370.60     292.20     390.20     311.80        0.28
    370.60     311.80     390.20     331.40        0.33
    370.60     331.40     390.20     351.00        0.27
    370.60     351.00     390.20     370.60        0.31
    370.60     370.60     390.20     390.20        0.25
    370.60     390.20     390.20     409.80        0.24
    370.60     409.80     390.20     429.40        0.27
    370.60     429.40     390.20     449.00        0.34
    370.60     449.00     390.20     468.60        0.21
    370.60     468.60     390.20     488.20        0.42
    370.60     488.20     390.20     507.80        0.22
    370.60     507.80     390.20     527.40        0.35
    370.60     527.40     390.20     547.00        0.23
    370.60     547.00     390.20     566.60        0.22
    370.60     566.60     390.20     586.20        0.37
    370.60     586.20     390.20     605.80        0.21
    370.60     605.80     390.20     625.40        0.37
    370.60     625.40     390.20     645.00        0.19
    370.60     645.00     390.20     664.60        0.41
    370.60     664.60     390.20     684.20        0.21
    370.60     684.20     390.20     703.80        0.34
    370.60     703.80     390.20     723.40        0.30
    370.60     723.40     390.20     743.00        0.29
    390.20     155.00     409.80     174.60        0.24
    390.20     174.60     409.80     194.20        0.40
    390.20     194.20     409.80     213.80        0.28
    390.20     213.80     409.80     233.40        0.29
    390.20     233.40     409.80     253.00        0.42
    390.20     253.00     409.80     272.60        0.26
    390.20     272.60     409.80     292.20        0.43
    390.20     292.20     409.80     311.80        0.35
    390.20     311.80     409.80     331.40        0.28
    390.20     331.40     409.80     351.00        0.42
    390.20     351.00     409.80     370.60        0.25
    390.20     370.60     409.80     390.20        0.42
    390.20     390.20     409.80     409.80        0.26
    390.20     409.80     409.80     429.40        0.36
    390.20     429.40     409.80     449.00        0.38
    390.20     449.00     409.80     468.60        0.22
    390.20     468.60     409.80     488.20        0.45
    390.20     488.20     409.80     507.80        0.31
    390.20     507.80     409.80     527.40        0.40
    390.20     527.40     409.80     547.00        0.32
    390.20     547.00     409.80     566.60        0.28
    390.20     566.60     409.80     586.20        0.45
    390.20     586.20     409.80     605.80        0.28
    390.20     605.80     409.80     625.40        0.43
    390.20     625.40     409.80     645.00        0.40
    390.20     645.00     409.80     664.60        0.32
    390.20     664.60     409.80     684.20        0.26
    390.20     684.20     409.80     703.80        0.29
    390.20     703.80     409.80     723.40        0.48
    390.20     723.40     409.80     743.00        0.26
    409.80     155.00     429.40     174.60        0.33
    409.80     174.60     429.40     194.20        0.24
    409.80     194.20     429.40     213.80        0.34
    409.80     213.80     429.40     233.40        0.37
    409.80     233.40     429.40     253.00        0.26
    409.80     253.00     429.40     272.60        0.33
    409.80     272.60     429.40     292.20        0.23
    409.80     292.20     429.40     311.80        0.38
    409.80     311.80     429.40     331.40        0.21
    409.80     331.40     429.40     351.00        0.39
    409.80     351.00     429.40     370.60        0.23
    409.80     370.60     429.40     390.20        0.26
    409.80     390.20     429.40     409.80        0.33
    409.80     409.80     429.40     429.40        0.16
    409.80     429.40     429.40     449.00        0.35
    409.80     449.00     429.40     468.60        0.20
    409.80     468.60     429.40     488.20        0.40
    409.80     488.20     429.40     507.80        0.24
    409.80     507.80     429.40     527.40        0.29
    409.80     527.40     429.40     547.00        0.29
    409.80     547.00     429.40     566.60        0.34
    409.80     566.60     429.40     586.20        0.30
    409.80     586.20     429.40     605.80        0.22
    409.80     605.80     429.40     625.40        0.35
    409.80     625.40     429.40     645.00        0.18
    409.80     645.00     429.40     664.60        0.38
    409.80     664.60     429.40     684.20        0.22
    409.80     684.20     429.40     703.80        0.39
    409.80     703.80     429.40     723.40        0.27
    409.80     723.40     429.40     743.00        0.33
    429.40     155.00     449.00     174.60        0.32
    429.40     174.60     449.00     194.20        0.26
    429.40     194.20     449.00     213.80        0.21
    429.40     213.80     449.00     233.40        0.33
    429.40     233.40     449.00     253.00        0.27
    429.40     253.00     449.00     272.60        0.42
    429.40     272.60     449.00     292.20        0.24
    429.40     292.20     449.00     311.80        0.34
    429.40     311.80     449.00     331.40        0.27
    429.40     331.40     449.00     351.00        0.23
    429.40     351.00     449.00     370.60        0.27
    429.40     370.60     449.00     390.20        0.34
    429.40     390.20     449.00     409.80        0.38
    429.40     409.80     449.00     429.40        0.22
    429.40     429.40     449.00     449.00        0.26
    429.40     449.00     449.00     468.60        0.33
    429.40     468.60     449.00     488.20        0.27
    429.40     488.20     449.00     507.80        0.23
    429.40     507.80     449.00     527.40        0.30
    429.40     527.40     449.00     547.00        0.31
    429.40     547.00     449.00     566.60        0.18
    429.40     566.60     449.00     586.20        0.26
    429.40     586.20     449.00     605.80        0.36
    429.40     605.80     449.00     625.40        0.35
    429.40     625.40     449.00     645.00        0.19
    429.40     645.00     449.00     664.60        0.27
    429.40     664.60     449.00     684.20        0.39
    429.40     684.20     449.00     703.80        0.19
    429.40     703.80     449.00     723.40        0.36
    429.40     723.40     449.00     743.00        0.19
    449.00     155.00     468.60     174.60        0.34
    449.00     174.60     468.60     194.20        0.34
    449.00     194.20     468.60     213.80        0.28
    449.00     213.80     468.60     233.40        0.41
    449.00     233.40     468.60     253.00        0.24
    449.00     253.00     468.60     272.60        0.38
    449.00     272.60     468.60     292.20        0.22
    449.00     292.20     468.60     311.80        0.38
    449.00     311.80     468.60     331.40        0.36
    449.00     331.40     468.60     351.00        0.46
    449.00     351.00     468.60     370.60        0.33
    449.00     370.60     468.60     390.20        0.32
    449.00     390.20     468.60     409.80        0.25
    449.00     409.80     468.60     429.40        0.38
    449.00     429.40     468.60     449.00        0.23
    449.00     449.00     468.60     468.60        0.38
    449.00     468.60     468.60     488.20        0.25
    449.00     488.20     468.60     507.80        0.42
    449.00     507.80     468.60     527.40        0.26
    449.00     527.40     468.60     547.00        0.45
    449.00     547.00     468.60     566.60        0.25
    449.00     566.60     468.60     586.20        0.41
    449.00     586.20     468.60     605.80        0.21
    449.00     605.80     468.60     625.40        0.37
    449.00     625.40     468.60     645.00        0.29
    449.00     645.00     468.60     664.60        0.48
    449.00     664.60     468.60     684.20        0.24
    449.00     684.20     468.60     703.80        0.41
    449.00     703.80     468.60     723.40        0.25
    449.00     723.40     468.60     743.00        0.35
    468.60     155.00     488.20     174.60        0.24
    468.60     174.60     488.20     194.20        0.39
    468.60     194.20     488.20     213.80        0.33
    468.60     213.80     488.20     233.40        0.23
    468.60     233.40     488.20     253.00        0.28
    468.60     253.00     488.20     272.60        0.24
    468.60     272.60     488.20     292.20        0.30
    468.60     292.20     488.20     311.80        0.24
    468.60     311.80     488.20     331.40        0.30
    468.60     331.40     488.20     351.00        0.30
    468.60     351.00     488.20     370.60        0.29
    468.60     370.60     488.20     390.20        0.28
    468.60     390.20     488.20     409.80        0.29
    468.60     409.80     488.20     429.40        0.21
    468.60     429.40     488.20     449.00        0.39
    468.60     449.00     488.20     468.60        0.24
    468.60     468.60     488.20     488.20        0.22
    468.60     488.20     488.20     507.80        0.42
    468.60     507.80     488.20     527.40        0.19
    468.60     527.40     488.20     547.00        0.40
    468.60     547.00     488.20     566.60        0.19
    468.60     566.60     488.20     586.20        0.32
    468.60     586.20     488.20     605.80        0.19
    468.60     605.80     488.20     625.40        0.34
    468.60     625.40     488.20     645.00        0.22
    468.60     645.00     488.20     664.60        0.31
    468.60     664.60     488.20     684.20        0.19
    468.60     684.20     488.20     703.80        0.39
    468.60     703.80     488.20     723.40        0.14
    468.60     723.40     488.20     743.00        0.29
    488.20     155.00     507.80     174.60        0.36
    488.20     174.60     507.80     194.20        0.26
    488.20     194.20     507.80     213.80        0.33
    488.20     213.80     507.80     233.40        0.27
    488.20     233.40     507.80     253.00        0.37
    488.20     253.00     507.80     272.60        0.37
    488.20     272.60     507.80     292.20        0.28
    488.20     292.20     507.80     311.80        0.42
    488.20     311.80     507.80     331.40        0.40
    488.20     331.40     507.80     351.00        0.26
    488.20     351.00     507.80     370.60        0.34
    488.20     370.60     507.80     390.20        0.36
    488.20     390.20     507.80     409.80        0.41
    488.20     409.80     507.80     429.40        0.32
    488.20     429.40     507.80     449.00        0.34
    488.20     449.00     507.80     468.60        0.34
    488.20     468.60     507.80     488.20        0.37
    488.20     488.20     507.80     507.80        0.23
    488.20     507.80     507.80     527.40        0.32
    488.20     527.40     507.80     547.00        0.26
    488.20     547.00     507.80     566.60        0.39
    488.20     566.60     507.80     586.20        0.41
    488.20     586.20     507.80     605.80        0.28
    488.20     605.80     507.80     625.40        0.38
    488.20     625.40     507.80     645.00        0.23
    488.20     645.00     507.80     664.60        0.41
    488.20     664.60     507.80     684.20        0.34
    488.20     684.20     507.80     703.80        0.30
    488.20     703.80     507.80     723.40        0.43
    488.20     723.40     507.80     743.00        0.32
    507.80     155.00     527.40     174.60        0.35
    507.80     174.60     527.40     194.20        0.25
    507.80     194.20     527.40     213.80        0.32
    507.80     213.80     527.40     233.40        0.30
    507.80     233.40     527.40     253.00        0.31
    507.80     253.00     527.40     272.60        0.22
    507.80     272.60     527.40     292.20        0.39
    507.80     292.20     527.40     311.80        0.21
    507.80     311.80     527.40     331.40        0.34
    507.80     331.40     527.40     351.00        0.26
    507.80     351.00     527.40     370.60        0.34
    507.80     370.60     527.40     390.20        0.25
    507.80     390.20     527.40     409.80        0.23
    507.80     409.80     527.40     429.40        0.29
    507.80     429.40     527.40     449.00        0.15
    507.80     449.00     527.40     468.60        0.26
    507.80     468.60     527.40     488.20        0.23
    507.80     488.20     527.40     507.80        0.38
    507.80     507.80     527.40     527.40        0.26
    507.80     527.40     527.40     547.00        0.25
    507.80     547.00     527.40     566.60        0.34
    507.80     566.60     527.40     586.20        0.35
    507.80     586.20     527.40     605.80        0.23
    507.80     605.80     527.40     625.40        0.38
    507.80     625.40     527.40     645.00        0.21
    507.80     645.00     527.40     664.60        0.38
    507.80     664.60     527.40     684.20        0.26
    507.80     684.20     527.40     703.80        0.27
    507.80     703.80     527.40     723.40        0.33
    507.80     723.40     527.40     743.00        0.22
    527.40     155.00     547.00     174.60        0.37
    527.40     174.60     547.00     194.20        0.25
    527.40     194.20     547.00     213.80        0.40
    527.40     213.80     547.00     233.40        0.29
    527.40     233.40     547.00     253.00        0.36
    527.40     253.00     547.00     272.60        0.37
    527.40     272.60     547.00     292.20        0.40
    527.40     292.20     547.00     311.80        0.34
    527.40     311.80     547.00     331.40        0.32
    527.40     331.40     547.00     351.00        0.38
    527.40     351.00     547.00     370.60        0.25
    527.40     370.60     547.00     390.20        0.42
    527.40     390.20     547.00     409.80        0.32
    527.40     409.80     547.00     429.40        0.34
    527.40     429.40     547.00     449.00        0.23
    527.40     449.00     547.00     468.60        0.43
    527.40     468.60     547.00     488.20        0.24
    527.40     488.20     547.00     507.80        0.40
    527.40     507.80     547.00     527.40        0.27
    527.40     527.40     547.00     547.00        0.45
    527.40     547.00     547.00     566.60        0.29
    527.40     566.60     547.00     586.20        0.36
    527.40     586.20     547.00     605.80        0.32
    527.40     605.80     547.00     625.40        0.42
    527.40     625.40     547.00     645.00        0.29
    527.40     645.00     547.00     664.60        0.33
    527.40     664.60     547.00     684.20        0.41
    527.40     684.20     547.00     703.80        0.30
    527.40     703.80     547.00     723.40        0.43
    527.40     723.40     547.00     743.00        0.35
    547.00     155.00     566.60     174.60        0.33
    547.00     174.60     566.60     194.20        0.30
    547.00     194.20     566.60     213.80        0.22
    547.00     213.80     566.60     233.40        0.37
    547.00     233.40     566.60     253.00        0.15
    547.00     253.00     566.60     272.60        0.37
    547.00     272.60     566.60     292.20        0.24
    547.00     292.20     566.60     311.80        0.32
    547.00     311.80     566.60     331.40        0.14
    547.00     331.40     566.60     351.00        0.35
    547.00     351.00     566.60     370.60        0.19
    547.00     370.60     566.60     390.20        0.32
    547.00     390.20     566.60     409.80        0.22
    547.00     409.80     566.60     429.40        0.26
    547.00     429.40     566.60     449.00        0.22
    547.00     449.00     566.60     468.60        0.31
    547.00     468.60     566.60     488.20        0.23
    547.00     488.20     566.60     507.80        0.37
    547.00     507.80     566.60     527.40        0.17
    547.00     527.40     566.60     547.00        0.37
    547.00     547.00     566.60     566.60        0.15
    547.00     566.60     566.60     586.20        0.34
    547.00     586.20     566.60     605.80        0.33
    547.00     605.80     566.60     625.40        0.26
    547.00     625.40     566.60     645.00        0.34
    547.00     645.00     566.60     664.60        0.21
    547.00     664.60     566.60     684.20        0.29
    547.00     684.20     566.60     703.80        0.31
    547.00     703.80     566.60     723.40        0.31
    547.00     723.40     566.60     743.00        0.23
    566.60     155.00     586.20     174.60        0.26
    566.60     174.60     586.20     194.20        0.42
    566.60     194.20     586.20     213.80        0.28
    566.60     213.80     586.20     233.40        0.44
    566.60     233.40     586.20     253.00        0.26
    566.60     253.00     586.20     272.60        0.43
    566.60     272.60     586.20     292.20        0.28
    566.60     292.20     586.20     311.80        0.40
    566.60     311.80     586.20     331.40        0.38
    566.60     331.40     586.20     351.00        0.28
    566.60     351.00     586.20     370.60        0.32
    566.60     370.60     586.20     390.20        0.37
    566.60     390.20     586.20     409.80        0.29
    566.60     409.80     586.20     429.40        0.49
    566.60     429.40     586.20     449.00        0.28
    566.60     449.00     586.20     468.60        0.31
    566.60     468.60     586.20     488.20        0.44
    566.60     488.20     586.20     507.80        0.32
    566.60     507.80     586.20     527.40        0.36
    566.60     527.40     586.20     547.00        0.32
    566.60     547.00     586.20     566.60        0.38
    566.60     566.60     586.20     586.20        0.34
    566.60     586.20     586.20     605.80        0.42
    566.60     605.80     586.20     625.40        0.25
    566.60     625.40     586.20     645.00        0.39
    566.60     645.00     586.20     664.60        0.32
    566.60     664.60     586.20     684.20        0.47
    566.60     684.20     586.20     703.80        0.26
    566.60     703.80     586.20     723.40        0.39
    566.60     723.40     586.20     743.00        0.28
    586.20     155.00     605.80     174.60        0.31
    586.20     174.60     605.80     194.20        0.27
    586.20     194.20     605.80     213.80        0.34
    586.20     213.80     605.80     233.40        0.30
    586.20     233.40     605.80     253.00        0.27
    586.20     253.00     605.80     272.60        0.25
    586.20     272.60     605.80     292.20        0.33
    586.20     292.20     605.80     311.80        0.20
    586.20     311.80     605.80     331.40        0.35
    586.20     331.40     605.80     351.00        0.30
    586.20     351.00     605.80     370.60        0.25
    586.20     370.60     605.80     390.20        0.35
    586.20     390.20     605.80     409.80        0.23
    586.20     409.80     605.80     429.40        0.31
    586.20     429.40     605.80     449.00        0.23
    586.20     449.00     605.80     468.60        0.38
    586.20     468.60     605.80     488.20        0.22
    586.20     488.20     605.80     507.80        0.33
    586.20     507.80     605.80     527.40        0.21
    586.20     527.40     605.80     547.00        0.29
    586.20     547.00     605.80     566.60        0.38
    586.20     566.60     605.80     586.20        0.20
    586.20     586.20     605.80     605.80        0.41
    586.20     605.80     605.80     625.40        0.19
    586.20     625.40     605.80     645.00        0.37
    586.20     645.00     605.80     664.60        0.23
    586.20     664.60     605.80     684.20        0.36
    586.20     684.20     605.80     703.80        0.26
    586.20     703.80     605.80     723.40        0.20
    586.20     723.40     605.80     743.00        0.35
    605.80     155.00     625.40     174.60        0.37
    605.80     174.60     625.40     194.20        0.30
    605.80     194.20     625.40     213.80        0.42
    605.80     213.80     625.40     233.40        0.27
    605.80     233.40     625.40     253.00        0.43
    605.80     253.00     625.40     272.60        0.28
    605.80     272.60     625.40     292.20        0.41
    605.80     292.20     625.40     311.80        0.26
    605.80     311.80     625.40     331.40        0.38
    605.80     331.40     625.40     351.00        0.18
    605.80     351.00     625.40     370.60        0.38
    605.80     370.60     625.40     390.20        0.38
    605.80     390.20     625.40     409.80        0.32
    605.80     409.80     625.40     429.40        0.31
    605.80     429.40     625.40     449.00        0.35
    605.80     449.00     625.40     468.60        0.32
    605.80     468.60     625.40     488.20        0.34
    605.80     488.20     625.40     507.80        0.38
    605.80     507.80     625.40     527.40        0.35
    605.80     527.40     625.40     547.00        0.26
    605.80     547.00     625.40     566.60        0.42
    605.80     566.60     625.40     586.20        0.25
    605.80     586.20     625.40     605.80        0.43
    605.80     605.80     625.40     625.40        0.25
    605.80     625.40     625.40     645.00        0.42
    605.80     645.00     625.40     664.60        0.25
    605.80     664.60     625.40     684.20        0.42
    605.80     684.20     625.40     703.80        0.36
    605.80     703.80     625.40     723.40        0.40
    605.80     723.40     625.40     743.00        0.35
    625.40     155.00     645.00     174.60        0.23
    625.40     174.60     645.00     194.20        0.31
    625.40     194.20     645.00     213.80        0.35
    625.40     213.80     645.00     233.40        0.18
    625.40     233.40     645.00     253.00        0.33
    625.40     253.00     645.00     272.60        0.19
    625.40     272.60     645.00     292.20        0.39
    625.40     292.20     645.00     311.80        0.19
    625.40     311.80     645.00     331.40        0.36
    625.40     331.40     645.00     351.00        0.18
    625.40     351.00     645.00     370.60        0.34
    625.40     370.60     645.00     390.20        0.18
    625.40     390.20     645.00     409.80        0.32
    625.40     409.80     645.00     429.40        0.24
    625.40     429.40     645.00     449.00        0.33
    625.40     449.00     645.00     468.60        0.22
    625.40     468.60     645.00     488.20        0.34
    625.40     488.20     645.00     507.80        0.23
    625.40     507.80     645.00     527.40        0.35
    625.40     527.40     645.00     547.00        0.18
    625.40     547.00     645.00     566.60        0.38
    625.40     566.60     645.00     586.20        0.21
    625.40     586.20     645.00     605.80        0.40
    625.40     605.80     645.00     625.40        0.17
    625.40     625.40     645.00     645.00        0.27
    625.40     645.00     645.00     664.60        0.17
    625.40     664.60     645.00     684.20        0.36
    625.40     684.20     645.00     703.80        0.27
    625.40     703.80     645.00     723.40        0.18
    625.40     723.40     645.00     743.00        0.33
    645.00     155.00     664.60     174.60        0.45
    645.00     174.60     664.60     194.20        0.30
    645.00     194.20     664.60     213.80        0.41
    645.00     213.80     664.60     233.40        0.33
    645.00     233.40     664.60     253.00        0.33
    645.00     253.00     664.60     272.60        0.21
    645.00     272.60     664.60     292.20        0.37
    645.00     292.20     664.60     311.80        0.27
    645.00     311.80     664.60     331.40        0.33
    645.00     331.40     664.60     351.00        0.28
    645.00     351.00     664.60     370.60        0.35
    645.00     370.60     664.60     390.20        0.31
    645.00     390.20     664.60     409.80        0.34
    645.00     409.80     664.60     429.40        0.30
    645.00     429.40     664.60     449.00        0.38
    645.00     449.00     664.60     468.60        0.26
    645.00     468.60     664.60     488.20        0.41
    645.00     488.20     664.60     507.80        0.30
    645.00     507.80     664.60     527.40        0.35
    645.00     527.40     664.60     547.00        0.40
    645.00     547.00     664.60     566.60        0.41
    645.00     566.60     664.60     586.20        0.22
    645.00     586.20     664.60     605.80        0.46
    645.00     605.80     664.60     625.40        0.23
    645.00     625.40     664.60     645.00        0.47
    645.00     645.00     664.60     664.60        0.28
    645.00     664.60     664.60     684.20        0.48
    645.00     684.20     664.60     703.80        0.27
    645.00     703.80     664.60     723.40        0.40
    645.00     723.40     664.60     743.00        0.34
    664.60     155.00     684.20     174.60        0.25
    664.60     174.60     684.20     194.20        0.28
    664.60     194.20     684.20     213.80        0.23
    664.60     213.80     684.20     233.40        0.29
    664.60     233.40     684.20     253.00        0.33
    664.60     253.00     684.20     272.60        0.23
    664.60     272.60     684.20     292.20        0.29
    664.60     292.20     684.20     311.80        0.16
    664.60     311.80     684.20     331.40        0.37
    664.60     331.40     684.20     351.00        0.25
    664.60     351.00     684.20     370.60        0.31
    664.60     370.60     684.20     390.20        0.25
    664.60     390.20     684.20     409.80        0.34
    664.60     409.80     684.20     429.40        0.27
    664.60     429.40     684.20     449.00        0.30
    664.60     449.00     684.20     468.60        0.25
    664.60     468.60     684.20     488.20        0.32
    664.60     488.20     684.20     507.80        0.21
    664.60     507.80     684.20     527.40        0.37
    664.60     527.40     684.20     547.00        0.17
    664.60     547.00     684.20     566.60        0.35
    664.60     566.60     684.20     586.20        0.20
    664.60     586.20     684.20     605.80        0.39
    664.60     605.80     684.20     625.40        0.23
    664.60     625.40     684.20     645.00        0.36
    664.60     645.00     684.20     664.60        0.24
    664.60     664.60     684.20     684.20        0.38
    664.60     684.20     684.20     703.80        0.26
    664.60     703.80     684.20     723.40        0.22
    664.60     723.40     684.20     743.00        0.33
    684.20     155.00     703.80     174.60        0.27
    684.20     174.60     703.80     194.20        0.43
    684.20     194.20     703.80     213.80        0.38
    684.20     213.80     703.80     233.40        0.31
    684.20     233.40     703.80     253.00        0.28
    684.20     253.00     703.80     272.60        0.53
    684.20     272.60     703.80     292.20        0.32
    684.20     292.20     703.80     311.80        0.45
    684.20     311.80     703.80     331.40        0.31
    684.20     331.40     703.80     351.00        0.31
    684.20     351.00     703.80     370.60        0.35
    684.20     370.60     703.80     390.20        0.33
    684.20     390.20     703.80     409.80        0.31
    684.20     409.80     703.80     429.40        0.39
    684.20     429.40     703.80     449.00        0.27
    684.20     449.00     703.80     468.60        0.43
    684.20     468.60     703.80     488.20        0.35
    684.20     488.20     703.80     507.80        0.41
    684.20     507.80     703.80     527.40        0.35
    684.20     527.40     703.80     547.00        0.35
    684.20     547.00     703.80     566.60        0.38
    684.20     566.60     703.80     586.20        0.32
    684.20     586.20     703.80     605.80        0.35
    684.20     605.80     703.80     625.40        0.29
    684.20     625.40     703.80     645.00        0.41
    684.20     645.00     703.80     664.60        0.28
    684.20     664.60     703.80     684.20        0.43
    684.20     684.20     703.80     703.80        0.28
    684.20     703.80     703.80     723.40        0.42
    684.20     723.40     703.80     743.00        0.36
    703.80     155.00     723.40     174.60        0.31
    703.80     174.60     723.40     194.20        0.23
    703.80     194.20     723.40     213.80        0.34
    703.80     213.80     723.40     233.40        0.22
    703.80     233.40     723.40     253.00        0.35
    703.80     253.00     723.40     272.60        0.26
    703.80     272.60     723.40     292.20        0.33
    703.80     292.20     723.40     311.80        0.24
    703.80     311.80     723.40     331.40        0.30
    703.80     331.40     723.40     351.00        0.26
    703.80     351.00     723.40     370.60        0.34
    703.80     370.60     723.40     390.20        0.32
    703.80     390.20     723.40     409.80        0.25
    703.80     409.80     723.40     429.40        0.35
    703.80     429.40     723.40     449.00        0.18
    703.80     449.00     723.40     468.60        0.34
    703.80     468.60     723.40     488.20        0.22
    703.80     488.20     723.40     507.80        0.33
    703.80     507.80     723.40     527.40        0.22
    703.80     527.40     723.40     547.00        0.34
    703.80     547.00     723.40     566.60        0.31
    703.80     566.60     723.40     586.20        0.27
    703.80     586.20     723.40     605.80        0.14
    703.80     605.80     723.40     625.40        0.39
    703.80     625.40     723.40     645.00        0.19
    703.80     645.00     723.40     664.60        0.34
    703.80     664.60     723.40     684.20        0.22
    703.80     684.20     723.40     703.80        0.33
    703.80     703.80     723.40     723.40        0.21
    703.80     723.40     723.40     743.00        0.31
    723.40     155.00     743.00     174.60        0.27
    723.40     174.60     743.00     194.20        0.39
    723.40     194.20     743.00     213.80        0.36
    723.40     213.80     743.00     233.40        0.20
    723.40     233.40     743.00     253.00        0.23
    723.40     253.00     743.00     272.60        0.25
    723.40     272.60     743.00     292.20        0.36
    723.40     292.20     743.00     311.80        0.21
    723.40     311.80     743.00     331.40        0.36
    723.40     331.40     743.00     351.00        0.30
    723.40     351.00     743.00     370.60        0.34
    723.40     370.60     743.00     390.20        0.22
    723.40     390.20     743.00     409.80        0.24
    723.40     409.80     743.00     429.40        0.40
    723.40     429.40     743.00     449.00        0.29
    723.40     449.00     743.00     468.60        0.41
    723.40     468.60     743.00     488.20        0.23
    723.40     488.20     743.00     507.80        0.35
    723.40     507.80     743.00     527.40        0.24
    723.40     527.40     743.00     547.00        0.30
    723.40     547.00     743.00     566.60        0.36
    723.40     566.60     743.00     586.20        0.27
    723.40     586.20     743.00     605.80        0.36
    723.40     605.80     743.00     625.40        0.27
    723.40     625.40     743.00     645.00        0.35
    723.40     645.00     743.00     664.60        0.19
    723.40     664.60     743.00     684.20        0.37
    723.40     684.20     743.00     703.80        0.19
    723.40     703.80     743.00     723.40        0.28
    723.40     723.40     743.00     743.00        0.33
    743.00     155.00     745.24     174.60        0.67
    743.00     174.60     745.24     194.20        0.67
    743.00     194.20     745.24     213.80        0.67
    743.00     213.80     745.24     233.40        0.67
    743.00     233.40     745.24     253.00        0.67
    743.00     253.00     745.24     272.60        0.67
    743.00     272.60     745.24     292.20        0.67
    743.00     292.20     745.24     311.80        0.67
    743.00     311.80     745.24     331.40        0.67
    743.00     331.40     745.24     351.00        0.67
    743.00     351.00     745.24     370.60        0.67
    743.00     370.60     745.24     390.20        0.67
    743.00     390.20     745.24     409.80        0.67
    743.00     409.80     745.24     429.40        0.67
    743.00     429.40     745.24     449.00        0.67
    743.00     449.00     745.24     468.60        0.67
    743.00     468.60     745.24     488.20        0.67
    743.00     488.20     745.24     507.80        0.67
    743.00     507.80     745.24     527.40        0.67
    743.00     527.40     745.24     547.00        0.67
    743.00     547.00     745.24     566.60        0.67
    743.00     566.60     745.24     586.20        0.67
    743.00     586.20     745.24     605.80        0.67
    743.00     605.80     745.24     625.40        0.67
    743.00     625.40     745.24     645.00        0.67
    743.00     645.00     745.24     664.60        0.67
    743.00     664.60     745.24     684.20        0.67
    743.00     684.20     745.24     703.80        0.67
    743.00     703.80     745.24     723.40        0.67
    743.00     723.40     745.24     743.00        0.67
-----------------------------------------------------------

Number of regions with placement utilization 0 - 0.125 is 0 (0.00%)
Number of regions with placement utilization 0.125 - 0.25 is 199 (21.40%)
Number of regions with placement utilization 0.25 - 0.375 is 498 (53.55%)
Number of regions with placement utilization 0.375 - 0.5 is 201 (21.61%)
Number of regions with placement utilization 0.5 - 0.625 is 2 (0.22%)
Number of regions with placement utilization 0.625 - 0.75 is 30 (3.23%)
Number of regions with placement utilization 0.75 - 0.875 is 0 (0.00%)
Number of regions with placement utilization 0.875 - 1 is 0 (0.00%)
1
