 
****************************************
Report : timing
        -path full_clock
        -delay min
        -physical
        -derate
        -input_pins
        -nets
        -max_paths 1
        -transition_time
        -crosstalk_delta
        -capacitance
Design : systolic_array
Version: L-2016.03-SP5
Date   : Wed Dec 21 12:24:55 2022
****************************************

 * Some/all delay information is back-annotated.

Operating Conditions: BCCOM   Library: tcb018gbwp7tbc_ccs
Wire Load Model Mode: Inactive.

  Startpoint: rstn_p (input port clocked by clk_p)
  Endpoint: SA_ctrl_state_overall_reg_0_
            (rising edge-triggered flip-flop clocked by clk_p)
  Path Group: REGIN
  Path Type: min

Attributes:
    d - dont_touch
    u - dont_use
   mo - map_only
   so - size_only
    i - ideal_net or ideal_network
  inf - infeasible path

  Point                                       Fanout       Cap     DTran     Trans     Delta     Derate      Incr       Path      Location / Load        Attributes
  --------------------------------------------------------------------------------------------------------------------------------------------------------------------
  clock clk_p (rise edge)                                                                                   0.000      0.000
  clock network delay (ideal)                                                                               0.000      0.000
  input external delay                                                                                     12.000     12.000 f
  rstn_p (in)                                                                0.000                          2.299     14.299 f    (489.96,238.28)        i 
  rstn_p (net)                                  1        1.965                                              0.000     14.299 f    [0.00,1.97]
  u_pad_rst_n/PAD (PDUW0208SCDG)                                   0.000     0.000     0.000                0.039 *   14.338 f    (-38.28,374.83)
  u_pad_rst_n/C (PDUW0208SCDG)                                               0.178                          0.627     14.965 f    (-21.89,491.90)
  rstn (net)                                    5        0.062                                              0.000     14.965 f    [0.04,0.06]
  U3462/A3 (ND3D0BWP7T)                                            0.000     0.178     0.000                0.003 *   14.968 f    (260.03,207.94)
  U3462/ZN (ND3D0BWP7T)                                                      0.065                          0.097     15.065 r    (261.69,207.89)
  n3056 (net)                                   1        0.003                                              0.000     15.065 r    [0.00,0.00]
  U3463/B (OAI21D0BWP7T)                                           0.000     0.065     0.000                0.000 *   15.065 r    (261.87,209.38)
  U3463/ZN (OAI21D0BWP7T)                                                    0.048                          0.043     15.108 f    (260.40,209.81)
  n1042 (net)                                   1        0.005                                              0.000     15.108 f    [0.00,0.01]
  SA_ctrl_state_overall_reg_0_/D (DFQD0BWP7T)                      0.000     0.048     0.000                0.000 *   15.108 f    (261.83,214.41)
  data arrival time                                                                                                   15.108

  clock clk_p (rise edge)                                                                                   0.000      0.000
  clock network delay (ideal)                                                                               0.000      0.000
  SA_ctrl_state_overall_reg_0_/CP (DFQD0BWP7T)                                                              0.000      0.000 r
  library hold time                                                                                         0.011      0.011
  data required time                                                                                                   0.011
  --------------------------------------------------------------------------------------------------------------------------------------------------------------------
  data required time                                                                                                   0.011
  data arrival time                                                                                                  -15.108
  --------------------------------------------------------------------------------------------------------------------------------------------------------------------
  slack (MET)                                                                                                         15.097


  Startpoint: SA_core_pe_2_3_Cij_o_reg_0_
              (rising edge-triggered flip-flop clocked by clk_p)
  Endpoint: p_shift_out[0]
            (output port clocked by clk_p)
  Path Group: REGOUT
  Path Type: min

Attributes:
    d - dont_touch
    u - dont_use
   mo - map_only
   so - size_only
    i - ideal_net or ideal_network
  inf - infeasible path

  Point                                       Fanout       Cap     DTran     Trans     Delta     Derate      Incr       Path      Location / Load        Attributes
  --------------------------------------------------------------------------------------------------------------------------------------------------------------------
  clock clk_p (rise edge)                                                                                   0.000      0.000
  clock network delay (ideal)                                                                               0.000      0.000
  SA_core_pe_2_3_Cij_o_reg_0_/CP (DFQD0BWP7T)                      0.000     0.000     0.000                0.000      0.000 r    (168.89,55.06)
  SA_core_pe_2_3_Cij_o_reg_0_/Q (DFQD0BWP7T)                                 0.075                          0.208      0.208 f    (178.16,54.99)
  SA_core_output_row_2[0] (net)                 3        0.016                                              0.000      0.208 f    [0.01,0.02]
  U1416/A2 (AOI22D0BWP7T)                                          0.000     0.075     0.000                0.000 *    0.208 f    (178.25,76.17)
  U1416/ZN (AOI22D0BWP7T)                                                    0.140                          0.102      0.311 r    (176.23,76.21)
  n1056 (net)                                   1        0.007                                              0.000      0.311 r    [0.00,0.01]
  U1421/A1 (ND2D1BWP7T)                                            0.000     0.140     0.000                0.000 *    0.311 r    (184.57,74.76)
  U1421/ZN (ND2D1BWP7T)                                                      0.131                          0.103      0.413 f    (183.96,74.83)
  shift_out[0] (net)                            1        0.036                                              0.000      0.413 f    [0.01,0.04]
  u_pad_data_out_0/I (PDDW0208CDG)                                 0.000     0.131     0.000                0.001 *    0.415 f    (185.26,-0.50)
  u_pad_data_out_0/PAD (PDDW0208CDG)                                         0.677                          1.680      2.095 f    (198.52,-117.57)
  p_shift_out[0] (net)                          1        2.069                                              0.000      2.095 f    [0.00,2.07]
  p_shift_out[0] (out)                                             0.000     0.677     0.000                0.025 *    2.120 f    (198.52,-117.57)
  data arrival time                                                                                                    2.120

  clock clk_p (rise edge)                                                                                   0.000      0.000
  clock network delay (ideal)                                                                               0.000      0.000
  output external delay                                                                                   -12.000    -12.000
  data required time                                                                                                 -12.000
  --------------------------------------------------------------------------------------------------------------------------------------------------------------------
  data required time                                                                                                 -12.000
  data arrival time                                                                                                   -2.120
  --------------------------------------------------------------------------------------------------------------------------------------------------------------------
  slack (MET)                                                                                                         14.120


  Startpoint: SA_ctrl_state_compute_pump_reg_3_
              (rising edge-triggered flip-flop clocked by clk_p)
  Endpoint: SA_ctrl_state_compute_pump_reg_3_
            (rising edge-triggered flip-flop clocked by clk_p)
  Path Group: clk_p
  Path Type: min

Attributes:
    d - dont_touch
    u - dont_use
   mo - map_only
   so - size_only
    i - ideal_net or ideal_network
  inf - infeasible path

  Point                                       Fanout       Cap     DTran     Trans     Delta     Derate      Incr       Path      Location / Load        Attributes
  --------------------------------------------------------------------------------------------------------------------------------------------------------------------
  clock clk_p (rise edge)                                                                                   0.000      0.000
  clock network delay (ideal)                                                                               0.000      0.000
  SA_ctrl_state_compute_pump_reg_3_/CP (DFQD0BWP7T)                0.000     0.000     0.000                0.000      0.000 r    (250.57,196.68)
  SA_ctrl_state_compute_pump_reg_3_/Q (DFQD0BWP7T)                           0.111                          0.184      0.184 r    (259.85,196.60)
  SA_ctrl_state_compute_pump[3] (net)           3        0.012                                              0.000      0.184 r    [0.00,0.01]
  U3456/A1 (AOI21D0BWP7T)                                          0.000     0.111     0.000                0.000 *    0.184 r    (253.45,202.81)
  U3456/ZN (AOI21D0BWP7T)                                                    0.051                          0.049      0.233 f    (253.07,202.80)
  n1044 (net)                                   1        0.005                                              0.000      0.233 f    [0.00,0.01]
  SA_ctrl_state_compute_pump_reg_3_/D (DFQD0BWP7T)                 0.000     0.051     0.000                0.000 *    0.233 f    (252.41,196.66)
  data arrival time                                                                                                    0.233

  clock clk_p (rise edge)                                                                                   0.000      0.000
  clock network delay (ideal)                                                                               0.000      0.000
  SA_ctrl_state_compute_pump_reg_3_/CP (DFQD0BWP7T)                                                         0.000      0.000 r
  library hold time                                                                                         0.011      0.011
  data required time                                                                                                   0.011
  --------------------------------------------------------------------------------------------------------------------------------------------------------------------
  data required time                                                                                                   0.011
  data arrival time                                                                                                   -0.233
  --------------------------------------------------------------------------------------------------------------------------------------------------------------------
  slack (MET)                                                                                                          0.222


1
