/soft1/synopsys/synthesis/L-2016.03-SP5/auxx/gui/dv/dv_setup.tcl
/soft1/synopsys/synthesis/L-2016.03-SP5/auxx/gui/syn/snpsSynProcs.tcl
/soft1/synopsys/synthesis/L-2016.03-SP5/auxx/gui/syn/layout/pkgIndex.tcl
/soft1/synopsys/synthesis/L-2016.03-SP5/auxx/gui/common/tq/pkgIndex.tcl
/soft1/synopsys/synthesis/L-2016.03-SP5/auxx/gui/common/docBrowser/pkgIndex.tcl
/soft1/synopsys/synthesis/L-2016.03-SP5/auxx/gui/common/qtcl/pkgIndex.tcl
/soft1/synopsys/synthesis/L-2016.03-SP5/auxx/gui/common/profiler/pkgIndex.tcl
/soft1/synopsys/synthesis/L-2016.03-SP5/auxx/gui/common/highlight/pkgIndex.tcl
/soft1/synopsys/synthesis/L-2016.03-SP5/auxx/gui/common/tiledview/pkgIndex.tcl
/soft1/synopsys/synthesis/L-2016.03-SP5/auxx/gui/common/mrupalette/pkgIndex.tcl
/soft1/synopsys/synthesis/L-2016.03-SP5/auxx/gui/common/histogram/pkgIndex.tcl
/soft1/synopsys/synthesis/L-2016.03-SP5/auxx/gui/common/palettegroup/pkgIndex.tcl
/soft1/synopsys/synthesis/L-2016.03-SP5/auxx/gui/common/layout/pkgIndex.tcl
/soft1/synopsys/synthesis/L-2016.03-SP5/auxx/gui/common/select/pkgIndex.tcl
/soft1/synopsys/synthesis/L-2016.03-SP5/auxx/gui/common/pathinspector/pkgIndex.tcl
/soft1/synopsys/synthesis/L-2016.03-SP5/auxx/gui/common/regressionToolkit/pkgIndex.tcl
/soft1/synopsys/synthesis/L-2016.03-SP5/auxx/gui/common/fanoutviewer/pkgIndex.tcl
/soft1/synopsys/synthesis/L-2016.03-SP5/auxx/gui/common/table/pkgIndex.tcl
/soft1/synopsys/synthesis/L-2016.03-SP5/auxx/gui/common/opdlg/pkgIndex.tcl
/soft1/synopsys/synthesis/L-2016.03-SP5/auxx/gui/common/timing/pkgIndex.tcl
/soft1/synopsys/synthesis/L-2016.03-SP5/auxx/gui/common/acg/pkgIndex.tcl
/soft1/synopsys/synthesis/L-2016.03-SP5/auxx/gui/common/strokes/pkgIndex.tcl
/soft1/synopsys/synthesis/L-2016.03-SP5/auxx/gui/common/libviewer/pkgIndex.tcl
/soft1/synopsys/synthesis/L-2016.03-SP5/auxx/gui/common/menus/pkgIndex.tcl
/soft1/synopsys/synthesis/L-2016.03-SP5/auxx/gui/common/view/pkgIndex.tcl
/soft1/synopsys/synthesis/L-2016.03-SP5/auxx/gui/common/commandform/pkgIndex.tcl
/soft1/synopsys/synthesis/L-2016.03-SP5/auxx/gui/common/WindowFrameWork/pkgIndex.tcl
/soft1/synopsys/synthesis/L-2016.03-SP5/auxx/gui/common/schematic/pkgIndex.tcl
/soft1/synopsys/synthesis/L-2016.03-SP5/auxx/gui/common/misc/pkgIndex.tcl
/soft1/synopsys/synthesis/L-2016.03-SP5/auxx/gui/common/tcl-dp/pkgIndex.tcl
/soft1/synopsys/synthesis/L-2016.03-SP5/auxx/gui/common/dialogs/pkgIndex.tcl
/soft1/synopsys/synthesis/L-2016.03-SP5/auxx/gui/common/setup/pkgIndex.tcl
/soft1/synopsys/synthesis/L-2016.03-SP5/auxx/gui/common/hierarchy/pkgIndex.tcl
/soft1/synopsys/synthesis/L-2016.03-SP5/auxx/gui/dv/pkgIndex.tcl
/soft1/synopsys/synthesis/L-2016.03-SP5/auxx/syn/lib/pkgIndex.tcl
/soft1/synopsys/synthesis/L-2016.03-SP5/auxx/tcllib/lib/iwidgets4.1/pkgIndex.tcl
/soft1/synopsys/synthesis/L-2016.03-SP5/auxx/tcllib/snps_tcl/snpsTclPro/pkgIndex.tcl
/soft1/synopsys/synthesis/L-2016.03-SP5/auxx/tcllib/snps_tcl/snpsTest/pkgIndex.tcl
/soft1/synopsys/synthesis/L-2016.03-SP5/auxx/tcllib/snps_tcl/snpsUtils/pkgIndex.tcl
/soft1/synopsys/synthesis/L-2016.03-SP5/auxx/tcllib/snps_tcl/pkgIndex.tcl
/soft1/synopsys/synthesis/L-2016.03-SP5/auxx/tcllib/lib/tcl8.6/reg/pkgIndex.tcl
/soft1/synopsys/synthesis/L-2016.03-SP5/auxx/tcllib/lib/tcl8.6/dde/pkgIndex.tcl
/soft1/synopsys/synthesis/L-2016.03-SP5/auxx/tcllib/lib/tcl8.6/platform/pkgIndex.tcl
/soft1/synopsys/synthesis/L-2016.03-SP5/auxx/tcllib/lib/tcl8.6/tcltest/pkgIndex.tcl
/soft1/synopsys/synthesis/L-2016.03-SP5/auxx/tcllib/lib/tcl8.6/http/pkgIndex.tcl
/soft1/synopsys/synthesis/L-2016.03-SP5/auxx/tcllib/lib/tcl8.6/msgcat/pkgIndex.tcl
/soft1/synopsys/synthesis/L-2016.03-SP5/auxx/tcllib/lib/tcl8.6/http1.0/pkgIndex.tcl
/soft1/synopsys/synthesis/L-2016.03-SP5/auxx/tcllib/lib/tcl8.6/opt/pkgIndex.tcl
/soft1/synopsys/synthesis/L-2016.03-SP5/auxx/gui/common/setup/snpsCommonSetup.tcl
/soft1/synopsys/synthesis/L-2016.03-SP5/auxx/gui/common/setup/snpsCustomize.tcl
/soft1/synopsys/synthesis/L-2016.03-SP5/auxx/gui/common/setup/snpsProcheck.tcl
/soft1/synopsys/synthesis/L-2016.03-SP5/auxx/gui/common/qtcl/.synopsys_qtcl.tcl
/soft1/synopsys/synthesis/L-2016.03-SP5/auxx/gui/common/highlight/highlight.tcl
/soft1/synopsys/synthesis/L-2016.03-SP5/auxx/gui/common/misc/base.tcl
/soft1/synopsys/synthesis/L-2016.03-SP5/auxx/gui/common/misc/timing.tcl
/soft1/synopsys/synthesis/L-2016.03-SP5/auxx/gui/common/misc/setting.tcl
/soft1/synopsys/synthesis/L-2016.03-SP5/auxx/gui/common/misc/preset.tcl
/soft1/synopsys/synthesis/L-2016.03-SP5/auxx/gui/common/WindowFrameWork/windowFrameWork.tcl
/soft1/synopsys/synthesis/L-2016.03-SP5/auxx/gui/common/WindowFrameWork/skipBusyCursorCmdList.tcl
/soft1/synopsys/synthesis/L-2016.03-SP5/auxx/gui/common/docBrowser/docBrowser.tcl
/soft1/synopsys/synthesis/L-2016.03-SP5/auxx/tcllib/snps_tcl/snpsUtils/snpsUtils.tcl
/soft1/synopsys/synthesis/L-2016.03-SP5/auxx/gui/common/dialogs/ObjectChooser.tcl
/soft1/synopsys/synthesis/L-2016.03-SP5/auxx/gui/common/misc/DialogObjectChooser.tcl
/soft1/synopsys/synthesis/L-2016.03-SP5/auxx/gui/common/dialogs/HistBinInformation.tcl
/soft1/synopsys/synthesis/L-2016.03-SP5/auxx/gui/common/dialogs/HistBin1Information.tcl
/soft1/synopsys/synthesis/L-2016.03-SP5/auxx/gui/common/dialogs/BinsOnlyInformation.tcl
/soft1/synopsys/synthesis/L-2016.03-SP5/auxx/gui/common/dialogs/FileChooser.tcl
/soft1/synopsys/synthesis/L-2016.03-SP5/auxx/gui/common/dialogs/PathPinSimpleInfo.tcl
/soft1/synopsys/synthesis/L-2016.03-SP5/auxx/gui/common/dialogs/PathsBasicInfo.tcl
/soft1/synopsys/synthesis/L-2016.03-SP5/auxx/gui/common/dialogs/PathsBasicSimpleInfo.tcl
/soft1/synopsys/synthesis/L-2016.03-SP5/auxx/gui/common/dialogs/SlctOperationInfo.tcl
/soft1/synopsys/synthesis/L-2016.03-SP5/auxx/gui/common/dialogs/ObjectListInfo.tcl
/soft1/synopsys/synthesis/L-2016.03-SP5/auxx/gui/common/dialogs/FanInOutInfo.tcl
/soft1/synopsys/synthesis/L-2016.03-SP5/auxx/gui/common/dialogs/NumberOfLevelsChooser.tcl
/soft1/synopsys/synthesis/L-2016.03-SP5/auxx/gui/common/dialogs/WindowReuseInfo.tcl
/soft1/synopsys/synthesis/L-2016.03-SP5/auxx/gui/common/dialogs/ReportOutputOptionInfo.tcl
/soft1/synopsys/synthesis/L-2016.03-SP5/auxx/gui/common/setup/snpsCollections.tcl
/soft1/synopsys/synthesis/L-2016.03-SP5/auxx/gui/common/dialogs/CompileLinkDesign.tcl
/soft1/synopsys/synthesis/L-2016.03-SP5/auxx/gui/common/histogram/DialogEndpointSlack.tcl
/soft1/synopsys/synthesis/L-2016.03-SP5/auxx/gui/common/histogram/DialogPathsSlack.tcl
/soft1/synopsys/synthesis/L-2016.03-SP5/auxx/gui/common/histogram/DialogNetCapacitance.tcl
/soft1/synopsys/synthesis/L-2016.03-SP5/auxx/gui/common/schematic/DialogPathSchematicFanInOut.tcl
/soft1/synopsys/synthesis/L-2016.03-SP5/auxx/gui/common/schematic/DialogPathSchematicAddPaths.tcl
/soft1/synopsys/synthesis/L-2016.03-SP5/auxx/gui/common/layout/preferences.tcl
/bks2/PB20000328/ic_design/syn/script/dc.tcl
/bks2/PB20000328/ic_design/syn/script/dc_setup.tcl
/bks2/PB20000328/ic_design/syn/script/common_setup.tcl
/bks2/PB20000328/ic_design/syn/script/dc_setup_filenames.tcl
/bks2/PB20000328/ic_design/syn/tech/lib/tcb018gbwp7twc_ccs.db
/bks2/PB20000328/ic_design/syn/tech/lib/tcb018gbwp7tbc_ccs.db
/bks2/PB20000328/ic_design/syn/tech/lib/tpd018bcdnv5wc.db
/bks2/PB20000328/ic_design/syn/tech/lib/tpd018bcdnv5bc.db
/bks2/PB20000328/ic_design/milkyway/systolic_array_LIB
/soft2/eda/tech/TSMC180BCDGEN3/library/std/tcb018gbwp7t_290a/milkyway/cell_frame/tcb018gbwp7t
/bks2/PB20000328/ic_design/syn/tech/tluplus/t018lo_1p5m_typical.tluplus
/bks2/PB20000328/ic_design/syn/tech/tluplus/t018lo_1p5m_typical.tluplus
/bks2/PB20000328/ic_design/syn/tech/tluplus/star.map_5M
/bks2/PB20000328/ic_design/src/systolic_array/array.v
/bks2/PB20000328/ic_design/src/systolic_array/controller.v
/bks2/PB20000328/ic_design/src/systolic_array/pe.v
/bks2/PB20000328/ic_design/src/systolic_array/shift_buffer.v
/bks2/PB20000328/ic_design/src/systolic_array/systolic_array_wrapper_withctl.v
/bks2/PB20000328/ic_design/src/lib.v
/bks2/PB20000328/ic_design/src/systolic_array.v
/soft1/synopsys/synthesis/L-2016.03-SP5/libraries/syn/dw_foundation.sldb
/soft1/synopsys/synthesis/L-2016.03-SP5/libraries/syn/gtech.db
/soft1/synopsys/synthesis/L-2016.03-SP5/libraries/syn/standard.sldb
/bks2/PB20000328/ic_design/syn/script/systolic_array.constraints.tcl
/bks2/PB20000328/ic_design/syn/tech/lib/tcb018gbwp7twc_ccs.db
/bks2/PB20000328/ic_design/syn/tech/alib/alib-52/tcb018gbwp7twc_ccs.db.alib
/bks2/PB20000328/ic_design/syn/tech/lib/tpd018bcdnv5wc.db
/bks2/PB20000328/ic_design/syn/tech/alib/alib-52/tpd018bcdnv5wc.db.alib
/bks2/PB20000328/ic_design/syn/tech/lib/tcb018gbwp7twc_ccs.db
/bks2/PB20000328/ic_design/syn/tech/lib/tpd018bcdnv5wc.db
/bks2/PB20000328/ic_design/syn/tech/alib/alib-52/tcb018gbwp7twc_ccs.db.alib
/bks2/PB20000328/ic_design/syn/tech/alib/alib-52/tpd018bcdnv5wc.db.alib
/bks2/PB20000328/ic_design/syn/tech/lib/tcb018gbwp7twc_ccs.db
/bks2/PB20000328/ic_design/syn/tech/lib/tpd018bcdnv5wc.db
/bks2/PB20000328/ic_design/syn/tech/alib/alib-52/tcb018gbwp7twc_ccs.db.alib
/bks2/PB20000328/ic_design/syn/tech/alib/alib-52/tpd018bcdnv5wc.db.alib
/bks2/PB20000328/ic_design/syn/tech/lib/tcb018gbwp7twc_ccs.db
/bks2/PB20000328/ic_design/syn/tech/lib/tpd018bcdnv5wc.db
/bks2/PB20000328/ic_design/syn/tech/alib/alib-52/tcb018gbwp7twc_ccs.db.alib
/bks2/PB20000328/ic_design/syn/tech/alib/alib-52/tpd018bcdnv5wc.db.alib
/bks2/PB20000328/ic_design/syn/tech/lib/tcb018gbwp7twc_ccs.db
/bks2/PB20000328/ic_design/syn/tech/lib/tpd018bcdnv5wc.db
/bks2/PB20000328/ic_design/syn/tech/alib/alib-52/tcb018gbwp7twc_ccs.db.alib
/bks2/PB20000328/ic_design/syn/tech/alib/alib-52/tpd018bcdnv5wc.db.alib
/bks2/PB20000328/ic_design/syn/tech/lib/tcb018gbwp7twc_ccs.db
/bks2/PB20000328/ic_design/syn/tech/lib/tpd018bcdnv5wc.db
/bks2/PB20000328/ic_design/syn/tech/alib/alib-52/tcb018gbwp7twc_ccs.db.alib
/bks2/PB20000328/ic_design/syn/tech/alib/alib-52/tpd018bcdnv5wc.db.alib
/bks2/PB20000328/ic_design/syn/tech/lib/tpd018bcdnv5bc.db
/bks2/PB20000328/ic_design/syn/tech/lib/tpd018bcdnv5wc.db
/bks2/PB20000328/ic_design/syn/tech/lib/tcb018gbwp7twc_ccs.db
/bks2/PB20000328/ic_design/syn/tech/lib/tpd018bcdnv5wc.db
/bks2/PB20000328/ic_design/syn/tech/alib/alib-52/tcb018gbwp7twc_ccs.db.alib
/bks2/PB20000328/ic_design/syn/tech/alib/alib-52/tpd018bcdnv5wc.db.alib
/bks2/PB20000328/ic_design/syn/tech/lib/tcb018gbwp7twc_ccs.db
/bks2/PB20000328/ic_design/syn/tech/lib/tpd018bcdnv5wc.db
/bks2/PB20000328/ic_design/syn/tech/alib/alib-52/tcb018gbwp7twc_ccs.db.alib
/bks2/PB20000328/ic_design/syn/tech/alib/alib-52/tpd018bcdnv5wc.db.alib
/bks2/PB20000328/ic_design/syn/tech/lib/tcb018gbwp7twc_ccs.db
/bks2/PB20000328/ic_design/syn/tech/lib/tpd018bcdnv5wc.db
/bks2/PB20000328/ic_design/syn/tech/alib/alib-52/tcb018gbwp7twc_ccs.db.alib
/bks2/PB20000328/ic_design/syn/tech/alib/alib-52/tpd018bcdnv5wc.db.alib
/bks2/PB20000328/ic_design/syn/tech/lib/tcb018gbwp7twc_ccs.db
/bks2/PB20000328/ic_design/syn/tech/lib/tpd018bcdnv5wc.db
/bks2/PB20000328/ic_design/syn/tech/alib/alib-52/tcb018gbwp7twc_ccs.db.alib
/bks2/PB20000328/ic_design/syn/tech/alib/alib-52/tpd018bcdnv5wc.db.alib
/bks2/PB20000328/ic_design/syn/tech/lib/tcb018gbwp7tbc_ccs.db
/bks2/PB20000328/ic_design/syn/tech/lib/tpd018bcdnv5bc.db
/bks2/PB20000328/ic_design/syn/tech/lib/tcb018gbwp7twc_ccs.db
/bks2/PB20000328/ic_design/syn/tech/lib/tpd018bcdnv5wc.db
/bks2/PB20000328/ic_design/syn/tech/lib/tcb018gbwp7twc_ccs.db
/bks2/PB20000328/ic_design/syn/tech/alib/alib-52/tcb018gbwp7twc_ccs.db.alib
/bks2/PB20000328/ic_design/syn/tech/lib/tpd018bcdnv5wc.db
/bks2/PB20000328/ic_design/syn/tech/alib/alib-52/tpd018bcdnv5wc.db.alib
/bks2/PB20000328/ic_design/syn/tech/lib/tcb018gbwp7twc_ccs.db
/bks2/PB20000328/ic_design/syn/tech/lib/tpd018bcdnv5wc.db
/bks2/PB20000328/ic_design/syn/tech/alib/alib-52/tcb018gbwp7twc_ccs.db.alib
/bks2/PB20000328/ic_design/syn/tech/alib/alib-52/tpd018bcdnv5wc.db.alib
/bks2/PB20000328/ic_design/syn/tech/lib/tpd018bcdnv5bc.db
/bks2/PB20000328/ic_design/syn/tech/lib/tpd018bcdnv5wc.db
/bks2/PB20000328/ic_design/syn/tech/lib/tcb018gbwp7twc_ccs.db
/bks2/PB20000328/ic_design/syn/tech/lib/tpd018bcdnv5wc.db
/bks2/PB20000328/ic_design/syn/tech/alib/alib-52/tcb018gbwp7twc_ccs.db.alib
/bks2/PB20000328/ic_design/syn/tech/alib/alib-52/tpd018bcdnv5wc.db.alib
/bks2/PB20000328/ic_design/syn/tech/lib/tcb018gbwp7twc_ccs.db
/bks2/PB20000328/ic_design/syn/tech/lib/tpd018bcdnv5wc.db
/bks2/PB20000328/ic_design/syn/tech/alib/alib-52/tcb018gbwp7twc_ccs.db.alib
/bks2/PB20000328/ic_design/syn/tech/alib/alib-52/tpd018bcdnv5wc.db.alib
/bks2/PB20000328/ic_design/syn/tech/lib/tcb018gbwp7twc_ccs.db
/bks2/PB20000328/ic_design/syn/tech/lib/tpd018bcdnv5wc.db
/bks2/PB20000328/ic_design/syn/tech/alib/alib-52/tcb018gbwp7twc_ccs.db.alib
/bks2/PB20000328/ic_design/syn/tech/alib/alib-52/tpd018bcdnv5wc.db.alib
/bks2/PB20000328/ic_design/syn/tech/lib/tcb018gbwp7twc_ccs.db
/bks2/PB20000328/ic_design/syn/tech/lib/tpd018bcdnv5wc.db
/bks2/PB20000328/ic_design/syn/tech/alib/alib-52/tcb018gbwp7twc_ccs.db.alib
/bks2/PB20000328/ic_design/syn/tech/alib/alib-52/tpd018bcdnv5wc.db.alib
/bks2/PB20000328/ic_design/syn/tech/lib/tcb018gbwp7twc_ccs.db
/bks2/PB20000328/ic_design/syn/tech/lib/tpd018bcdnv5wc.db
/bks2/PB20000328/ic_design/syn/tech/alib/alib-52/tcb018gbwp7twc_ccs.db.alib
/bks2/PB20000328/ic_design/syn/tech/alib/alib-52/tpd018bcdnv5wc.db.alib
/bks2/PB20000328/ic_design/syn/tech/lib/tcb018gbwp7twc_ccs.db
/bks2/PB20000328/ic_design/syn/tech/lib/tpd018bcdnv5wc.db
/bks2/PB20000328/ic_design/syn/tech/alib/alib-52/tcb018gbwp7twc_ccs.db.alib
/bks2/PB20000328/ic_design/syn/tech/alib/alib-52/tpd018bcdnv5wc.db.alib
/bks2/PB20000328/ic_design/syn/tech/lib/tcb018gbwp7tbc_ccs.db
/bks2/PB20000328/ic_design/syn/tech/lib/tpd018bcdnv5bc.db
/bks2/PB20000328/ic_design/syn/tech/lib/tcb018gbwp7twc_ccs.db
/bks2/PB20000328/ic_design/syn/tech/lib/tpd018bcdnv5wc.db
/bks2/PB20000328/ic_design/syn/tech/lib/tcb018gbwp7twc_ccs.db
/bks2/PB20000328/ic_design/syn/tech/alib/alib-52/tcb018gbwp7twc_ccs.db.alib
/bks2/PB20000328/ic_design/syn/tech/lib/tpd018bcdnv5wc.db
/bks2/PB20000328/ic_design/syn/tech/alib/alib-52/tpd018bcdnv5wc.db.alib
/bks2/PB20000328/ic_design/syn/tech/lib/tcb018gbwp7twc_ccs.db
/bks2/PB20000328/ic_design/syn/tech/lib/tpd018bcdnv5wc.db
/bks2/PB20000328/ic_design/syn/tech/alib/alib-52/tcb018gbwp7twc_ccs.db.alib
/bks2/PB20000328/ic_design/syn/tech/alib/alib-52/tpd018bcdnv5wc.db.alib
/bks2/PB20000328/ic_design/syn/tech/lib/tcb018gbwp7twc_ccs.db
/bks2/PB20000328/ic_design/syn/tech/lib/tpd018bcdnv5wc.db
/bks2/PB20000328/ic_design/syn/tech/alib/alib-52/tcb018gbwp7twc_ccs.db.alib
/bks2/PB20000328/ic_design/syn/tech/alib/alib-52/tpd018bcdnv5wc.db.alib
/bks2/PB20000328/ic_design/syn/tech/lib/tcb018gbwp7tbc_ccs.db
/bks2/PB20000328/ic_design/syn/tech/lib/tpd018bcdnv5bc.db
/bks2/PB20000328/ic_design/syn/tech/lib/tcb018gbwp7twc_ccs.db
/bks2/PB20000328/ic_design/syn/tech/lib/tpd018bcdnv5wc.db
