Information: Base Cell (com): cell CKXOR2D1BWP7T, w=5040, h=3920 (npin=3)
Information: Base Cell (seq): cell DFKSND2BWP7T, w=15120, h=3920 (npin=4)
 
****************************************
Report : area
Design : systolic_array
Version: L-2016.03-SP5
Date   : Wed Dec 21 12:24:55 2022
****************************************

Library(s) Used:

    tcb018gbwp7twc_ccs (File: /bks2/PB20000328/ic_design/syn/tech/lib/tcb018gbwp7twc_ccs.db)
    tpd018bcdnv5wc (File: /bks2/PB20000328/ic_design/syn/tech/lib/tpd018bcdnv5wc.db)

Number of ports:                           28
Number of nets:                          4264
Number of cells:                         3955
Number of combinational cells:           3144
Number of sequential cells:               783
Number of macros/black boxes:              28
Number of buf/inv:                        477
Number of references:                      81

Combinational area:              49444.684811
Buf/Inv area:                     3850.380741
Noncombinational area:           32730.432941
Macro/Black Box area:                0.000000
Net Interconnect area:      undefined  (Wire load has zero net area)

Total cell area:                 82175.117752
Total area:                 undefined

Core Area:                    138681
Aspect Ratio:                 1.0000
Utilization Ratio:            0.5926


The above information was reported from the logical library. The following are from the physical library:

  Total moveable cell area: 350975.1
  Total fixed cell area: 0.0
  Total physical cell area: 350975.1
 Core area: 0.000, 0.000, 372.400, 372.400
1
