 
****************************************
Report : area
Design : systolic_array
Version: L-2016.03-SP5
Date   : Wed Dec 21 12:24:55 2022
****************************************

Library(s) Used:

    tcb018gbwp7twc_ccs (File: /bks2/PB20000328/ic_design/syn/tech/lib/tcb018gbwp7twc_ccs.db)
    tpd018bcdnv5wc (File: /bks2/PB20000328/ic_design/syn/tech/lib/tpd018bcdnv5wc.db)

Number of ports:                           28
Number of nets:                          4264
Number of cells:                         3955
Number of combinational cells:           3144
Number of sequential cells:               783
Number of macros/black boxes:              28
Number of buf/inv:                        477
Number of references:                      81

Combinational area:              49444.684811
Buf/Inv area:                     3850.380741
Noncombinational area:           32730.432941
Macro/Black Box area:                0.000000
Net Interconnect area:      undefined  (Wire load has zero net area)

Total cell area:                 82175.117752
Total area:                 undefined

Area of detected synthetic parts
--------------------------------
  No DW parts to report!

Estimated area of ungrouped synthetic parts
-------------------------------------------
                                        Estimated  Perc. of
  Module               Implem.  Count        Area cell area
  -------------------- -------  ----- ----------- ---------
  DP_OP_196J1_122_2998     str      1   1940.5573      2.4%
  DP_OP_197J1_123_2998     str      1   1940.5573      2.4%
  DP_OP_198J1_124_2998     str      1   1940.5573      2.4%
  DP_OP_199J1_125_2998     str      1   1940.5573      2.4%
  DP_OP_200J1_126_2998     str      1   1940.5573      2.4%
  DP_OP_201J1_127_2998     str      1   1940.5573      2.4%
  DP_OP_202J1_128_2998     str      1   1940.5573      2.4%
  DP_OP_203J1_129_2998     str      1   1940.5573      2.4%
  DP_OP_204J1_130_2998     str      1   1940.5573      2.4%
  DP_OP_205J1_131_2998     str      1   1940.5573      2.4%
  DP_OP_206J1_132_2998     str      1   1940.5573      2.4%
  DP_OP_207J1_133_2998     str      1   1940.5573      2.4%
  DP_OP_208J1_134_2998     str      1   1940.5573      2.4%
  DP_OP_209J1_135_2998     str      1   1940.5573      2.4%
  DP_OP_210J1_136_2998     str      1   1940.5573      2.4%
  DP_OP_211J1_137_2998     str      1   1940.5573      2.4%
  DW01_add             apparch      1     30.2938      0.0%
  DW01_inc             apparch      5     46.0992      0.1%
  DW01_sub             apparch      1     36.8794      0.0%
  DW_cmp               apparch      1      6.1466      0.0%
  -------------------- -------  ----- ----------- ---------
  DP_OP Subtotal:                  16  31048.9160     37.8%
  Total:                           24  31168.3349     37.9%

Subtotal of datapath(DP_OP) cell area:  31048.9160  37.8%  (estimated)
Total synthetic cell area:              31168.3349  37.9%  (estimated)

1
