Information: Timer is not in zero interconnect delay mode. (TIM-176)
***********************************************
Report          : create_qor_snapshot (systolic_array.qor_snapshot.rpt)
Design          : systolic_array
Version         : L-2016.03-SP5
Date            : Wed Dec 21 12:24:55 2022
Time unit       : 1.0e-09 Second(ns)
Capacitance unit: 1.0e-12 Farad(pF)
Voltage unit    : 1 Volt
Power unit      : N/A
Location        : ./report/systolic_array.qor_snapshot
***********************************************
No. of scenario = 1
--------------------------------------------------
WNS of each timing group:                
--------------------------------------------------
--------------------------------------------------
Setup WNS:                                  11.724 
Setup TNS:                                     0.0
Number of setup violations:                      0  
Hold WNS:                                    0.000  
Hold TNS:                                    0.000  
Number of hold violations:                       0  
Number of max trans violations:                231  
Number of max cap violations:                    0  
Number of min pulse width violations:            0  
--------------------------------------------------
Area:                                        82175
Cell count:                                   3955
Buf/inv cell count:                            477
CPU/ELAPSE(hr):                          0.05/0.06
Mem(Mb):                                       663
Host name:                                  c01n10
--------------------------------------------------
Histogram:           
--------------------------------------------------
Max violations:         0 
   above ~ -0.7  ---    0 
    -0.6 ~ -0.7  ---    0 
    -0.5 ~ -0.6  ---    0 
    -0.4 ~ -0.5  ---    0 
    -0.3 ~ -0.4  ---    0 
    -0.2 ~ -0.3  ---    0 
    -0.1 ~ -0.2  ---    0 
       0 ~ -0.1  ---    0 
--------------------------------------------------
Min violations:         0 
  -0.06 ~ above  ---    0 
  -0.05 ~ -0.06  ---    0 
  -0.04 ~ -0.05  ---    0 
  -0.03 ~ -0.04  ---    0 
  -0.02 ~ -0.03  ---    0 
  -0.01 ~ -0.02  ---    0 
      0 ~ -0.01  ---    0 
--------------------------------------------------
Snapshot (systolic_array.qor_snapshot.rpt) is created and stored under "./report/systolic_array.qor_snapshot" directory
1
