 
****************************************
Report : area
Design : systolic_array
Version: L-2016.03-SP5
Date   : Thu Feb  9 12:11:30 2023
****************************************

Library(s) Used:

    tcb018gbwp7twc_ccs (File: /bks2/PB20000328/ic_design/syn/tech/lib/tcb018gbwp7twc_ccs.db)
    tpd018bcdnv5wc (File: /bks2/PB20000328/ic_design/syn/tech/lib/tpd018bcdnv5wc.db)

Number of ports:                           20
Number of nets:                          4329
Number of cells:                         4030
Number of combinational cells:           3226
Number of sequential cells:               784
Number of macros/black boxes:              20
Number of buf/inv:                        506
Number of references:                      78

Combinational area:              50202.028795
Buf/Inv area:                     4370.643133
Noncombinational area:           32747.994553
Macro/Black Box area:                0.000000
Net Interconnect area:      undefined  (Wire load has zero net area)

Total cell area:                 82950.023348
Total area:                 undefined

Area of detected synthetic parts
--------------------------------
  No DW parts to report!

Estimated area of ungrouped synthetic parts
-------------------------------------------
                                        Estimated  Perc. of
  Module               Implem.  Count        Area cell area
  -------------------- -------  ----- ----------- ---------
  DP_OP_217J1_122_2998     str      1   1940.5573      2.3%
  DP_OP_218J1_123_2998     str      1   1940.5573      2.3%
  DP_OP_219J1_124_2998     str      1   1940.5573      2.3%
  DP_OP_220J1_125_2998     str      1   1940.5573      2.3%
  DP_OP_221J1_126_2998     str      1   1940.5573      2.3%
  DP_OP_222J1_127_2998     str      1   1940.5573      2.3%
  DP_OP_223J1_128_2998     str      1   1940.5573      2.3%
  DP_OP_224J1_129_2998     str      1   1940.5573      2.3%
  DP_OP_225J1_130_2998     str      1   1940.5573      2.3%
  DP_OP_226J1_131_2998     str      1   1940.5573      2.3%
  DP_OP_227J1_132_2998     str      1   1940.5573      2.3%
  DP_OP_228J1_133_2998     str      1   1940.5573      2.3%
  DP_OP_229J1_134_2998     str      1   1940.5573      2.3%
  DP_OP_230J1_135_2998     str      1   1940.5573      2.3%
  DP_OP_231J1_136_2998     str      1   1940.5573      2.3%
  DP_OP_232J1_137_2998     str      1   1940.5573      2.3%
  DW01_add             apparch      1     30.2938      0.0%
  DW01_inc             apparch      5     46.0992      0.1%
  DW01_sub             apparch      1     36.8794      0.0%
  DW_cmp               apparch      1      6.1466      0.0%
  -------------------- -------  ----- ----------- ---------
  DP_OP Subtotal:                  16  31048.9160     37.4%
  Total:                           24  31168.3349     37.6%

Subtotal of datapath(DP_OP) cell area:  31048.9160  37.4%  (estimated)
Total synthetic cell area:              31168.3349  37.6%  (estimated)

1
