# Preference setting overrides
gui_create_pref_key -category {Globals} -key {load_detail_for_funcov} -value_type {bool} -value {false}
gui_create_pref_category -category {schem_obj_name}
gui_create_pref_key -category {schem_obj_name} -key {show_cell_and_pin_with_symbol_name} -value_type {bool} -value {false}
gui_create_pref_key -category {schem_pin_hc} -key {textExtFont} -value_type {string} -value {Helvetica,10,-1,5,50,0,0,0,0,0}

# State setting overrides
gui_state_default_create -off -ini
gui_set_state_value -category Globals -key recent_databases -value {{gui_open_db -file /bks2/PB20000328/ic_design/sim/sim_SA/inter.vpd -design V1}}
gui_set_state_value -category Layout -key child_console_size_x -value 1272
gui_set_state_value -category Layout -key child_console_size_y -value 179
gui_set_state_value -category Layout -key child_data_coltype -value 86
gui_set_state_value -category Layout -key child_data_colvalue -value 53
gui_set_state_value -category Layout -key child_data_colvariable -value 145
gui_set_state_value -category Layout -key child_data_size_x -value 277
gui_set_state_value -category Layout -key child_data_size_y -value 371
gui_set_state_value -category Layout -key child_hier_col3 -value {-1}
gui_set_state_value -category Layout -key child_hier_colpd -value 0
gui_set_state_value -category Layout -key child_hier_size_x -value 195
gui_set_state_value -category Layout -key child_hier_size_y -value 371
gui_set_state_value -category Layout -key child_schematic_docknewline -value false
gui_set_state_value -category Layout -key child_schematic_pos_x -value {-2}
gui_set_state_value -category Layout -key child_schematic_pos_y -value {-15}
gui_set_state_value -category Layout -key child_schematic_size_x -value 774
gui_set_state_value -category Layout -key child_schematic_size_y -value 376
gui_set_state_value -category Layout -key child_source_docknewline -value false
gui_set_state_value -category Layout -key child_source_pos_x -value {-2}
gui_set_state_value -category Layout -key child_source_pos_y -value {-15}
gui_set_state_value -category Layout -key child_source_size_x -value 803
gui_set_state_value -category Layout -key child_source_size_y -value 366
gui_set_state_value -category Layout -key child_wave_colname -value 174
gui_set_state_value -category Layout -key child_wave_colvalue -value 174
gui_set_state_value -category Layout -key child_wave_left -value 353
gui_set_state_value -category Layout -key child_wave_right -value 861
gui_set_state_value -category Layout -key main_pos_x -value 8
gui_set_state_value -category Layout -key main_pos_y -value 31
gui_set_state_value -category Layout -key main_size_x -value 1280
gui_set_state_value -category Layout -key main_size_y -value 680
gui_set_state_value -category Layout -key stand_wave_child_docknewline -value false
gui_set_state_value -category Layout -key stand_wave_child_pos_x -value {-2}
gui_set_state_value -category Layout -key stand_wave_child_pos_y -value {-15}
gui_set_state_value -category Layout -key stand_wave_child_size_x -value 1224
gui_set_state_value -category Layout -key stand_wave_child_size_y -value 535
gui_set_state_value -category Layout -key stand_wave_top_pos_x -value 8
gui_set_state_value -category Layout -key stand_wave_top_pos_y -value 31
gui_set_state_value -category Layout -key stand_wave_top_size_x -value 1227
gui_set_state_value -category Layout -key stand_wave_top_size_y -value 670
gui_create_state_key -category FindDialog -key m_pMatchCase -value_type bool -value false
gui_create_state_key -category FindDialog -key m_pMatchWord -value_type bool -value false
gui_create_state_key -category FindDialog -key m_pUseCombo -value_type string -value {}
gui_create_state_key -category FindDialog -key m_pWrapAround -value_type bool -value true
gui_state_default_create -off

# Begin command logging
gui_sim_run Ucli -exe ./simv -args {-ucligui  } -dir .
gui_list_expand -id  Hier.1   systolic_array_sim_without_control
gui_list_select -id Hier.1 -current_item_name systolic_array_sim_without_control.test -current_item_type Scope  -selected  { systolic_array_sim_without_control.test   }
gui_list_expand -id  Hier.1   systolic_array_sim_without_control.test
gui_list_select -id Hier.1 -current_item_name systolic_array_sim_without_control.test.core -current_item_type Scope  -selected  { systolic_array_sim_without_control.test.core   }
gui_open_window List
gui_lst_add -id List.1 { systolic_array_sim_without_control.test.core }
gui_close_window -window TopLevel.2
gui_open_window Wave
gui_list_add -id Wave.1 -from Hier.1 { systolic_array_sim_without_control.test.core } -insertionbar
gui_sim_continue  
gui_wv_scroll_hslidermove -id  Wave.1 1317765
gui_zoom -window Wave.1 -factor 0.5
gui_zoom -window Wave.1 -factor 0.5
gui_zoom -window Wave.1 -factor 0.5
gui_zoom -window Wave.1 -factor 0.5
gui_zoom -window Wave.1 -factor 0.5
gui_zoom -window Wave.1 -factor 0.5
gui_zoom -window Wave.1 -factor 0.5
gui_zoom -window Wave.1 -factor 0.5
gui_zoom -window Wave.1 -factor 0.5
gui_wv_scroll_hslidermove -id  Wave.1 723
gui_wv_scroll_hslidermove -id  Wave.1 0
gui_marker_move -id  Wave.1 C1 14848
gui_marker_move -id  Wave.1 C1 20000
gui_wv_scroll_hslidermove -id  Wave.1 0
gui_marker_move -id  Wave.1 C1 6656
gui_marker_move -id  Wave.1 C1 34816
gui_zoom -window Wave.1 -factor 0.5
gui_zoom -window Wave.1 -factor 0.5
gui_wv_scroll_hslidermove -id  Wave.1 0
gui_wv_scroll_hslidermove -id  Wave.1 111
gui_marker_move -id  Wave.1 C1 360000
gui_list_expand -id  Wave.1   {systolic_array_sim_without_control.test.core.output_row[7:0]}
gui_list_collapse -id  Wave.1   {systolic_array_sim_without_control.test.core.output_row[7:0]}
gui_list_expand -id  Wave.1   {systolic_array_sim_without_control.test.core.shift_wire[11:0][7:0]}
gui_marker_move -id  Wave.1 C1 380000
gui_marker_move -id  Wave.1 C1 365227
gui_marker_move -id  Wave.1 C1 360000
gui_wv_scroll_hslidermove -id  Wave.1 350
gui_wv_scroll_hslidermove -id  Wave.1 233
gui_wv_scroll_hslidermove -id  Wave.1 0
gui_list_collapse -id  Wave.1   {systolic_array_sim_without_control.test.core.shift_wire[11:0][7:0]}
gui_list_select -id Wave.1 -selected  { {systolic_array_sim_without_control.test.core.shift_wire[11:0][7:0]}   }
gui_list_set_selected_property -id Wave.1 -radix decimal
gui_list_expand -id  Wave.1   {systolic_array_sim_without_control.test.core.shift_wire[11:0][7:0]}
gui_wv_scroll_hslidermove -id  Wave.1 326
gui_wv_scroll_hslidermove -id  Wave.1 1796
gui_wv_scroll_hslidermove -id  Wave.1 3790
gui_wv_scroll_hslidermove -id  Wave.1 1988
gui_wv_scroll_hslidermove -id  Wave.1 2262
gui_wv_scroll_hslidermove -id  Wave.1 3142
gui_wv_scroll_hslidermove -id  Wave.1 3428
gui_close_window -window TopLevel.2
