 
****************************************
  Report : Chip Summary
  Design : systolic_array
  Version: L-2016.03-SP5-3
  Date   : Tue Dec 27 20:13:41 2022
****************************************
Std cell utilization: 16.56%  (38842/(273420-38808))
(Non-fixed + Fixed)
Std cell utilization: 17.06%  (38643/(273420-46849))
(Non-fixed only)
Chip area:            273420   sites, bbox (155.00 155.00 936.20 923.32) um
Std cell area:        38842    sites, (non-fixed:38643  fixed:199)
                      4050     cells, (non-fixed:4035   fixed:15)
Macro cell area:      0        sites
                      0        cells
Placement blockages:  38808    sites, (excluding fixed std cells)
                      46849    sites, (include fixed std cells & chimney area)
                      38808    sites, (complete p/g net blockages)
Routing blockages:    0        sites, (partial p/g net blockages)
                      0        sites, (routing blockages and signal pre-route)
Lib cell count:       116 
Avg. std cell width:  5.46 um 
Site array:           unit     (width: 0.56 um, height: 3.92 um, rows: 196)
Physical DB scale:    1000 db_unit = 1 um 

 
****************************************
  Report : pnet options
  Design : systolic_array
  Version: L-2016.03-SP5-3
  Date   : Tue Dec 27 20:13:41 2022
****************************************


--------------------------------------------------------------------
Layer      Blockage   Min_width   Min_height   Via_additive     Density
--------------------------------------------------------------------
METAL1     none          ---         ---       via additive      ---
METAL2     none          ---         ---       via additive      ---
METAL3     complete    0.00        0.00        via additive      ---
METAL4     complete    0.00        0.00        via additive      ---
METAL5     none          ---         ---       via additive      ---

**********************************
      Sub-Region Utilization      
**********************************
-------------------------------------------------------------
 region_llx  region_lly  region_urx  region_ury  utilization
-------------------------------------------------------------
    155.00     155.00     174.60     174.60        0.17
    155.00     174.60     174.60     194.20        0.18
    155.00     194.20     174.60     213.80        0.25
    155.00     213.80     174.60     233.40        0.17
    155.00     233.40     174.60     253.00        0.17
    155.00     253.00     174.60     272.60        0.21
    155.00     272.60     174.60     292.20        0.19
    155.00     292.20     174.60     311.80        0.21
    155.00     311.80     174.60     331.40        0.21
    155.00     331.40     174.60     351.00        0.16
    155.00     351.00     174.60     370.60        0.21
    155.00     370.60     174.60     390.20        0.22
    155.00     390.20     174.60     409.80        0.19
    155.00     409.80     174.60     429.40        0.17
    155.00     429.40     174.60     449.00        0.18
    155.00     449.00     174.60     468.60        0.19
    155.00     468.60     174.60     488.20        0.36
    155.00     488.20     174.60     507.80        0.16
    155.00     507.80     174.60     527.40        0.15
    155.00     527.40     174.60     547.00        0.21
    155.00     547.00     174.60     566.60        0.18
    155.00     566.60     174.60     586.20        0.22
    155.00     586.20     174.60     605.80        0.16
    155.00     605.80     174.60     625.40        0.19
    155.00     625.40     174.60     645.00        0.21
    155.00     645.00     174.60     664.60        0.24
    155.00     664.60     174.60     684.20        0.24
    155.00     684.20     174.60     703.80        0.26
    155.00     703.80     174.60     723.40        0.19
    155.00     723.40     174.60     743.00        0.16
    155.00     743.00     174.60     762.60        0.18
    155.00     762.60     174.60     782.20        0.22
    155.00     782.20     174.60     801.80        0.17
    155.00     801.80     174.60     821.40        0.17
    155.00     821.40     174.60     841.00        0.14
    155.00     841.00     174.60     860.60        0.19
    155.00     860.60     174.60     880.20        0.17
    155.00     880.20     174.60     899.80        0.17
    155.00     899.80     174.60     919.40        0.15
    155.00     919.40     174.60     923.32        0.17
    174.60     155.00     194.20     174.60        0.18
    174.60     174.60     194.20     194.20        0.18
    174.60     194.20     194.20     213.80        0.21
    174.60     213.80     194.20     233.40        0.22
    174.60     233.40     194.20     253.00        0.19
    174.60     253.00     194.20     272.60        0.19
    174.60     272.60     194.20     292.20        0.19
    174.60     292.20     194.20     311.80        0.19
    174.60     311.80     194.20     331.40        0.11
    174.60     331.40     194.20     351.00        0.13
    174.60     351.00     194.20     370.60        0.22
    174.60     370.60     194.20     390.20        0.15
    174.60     390.20     194.20     409.80        0.23
    174.60     409.80     194.20     429.40        0.10
    174.60     429.40     194.20     449.00        0.13
    174.60     449.00     194.20     468.60        0.29
    174.60     468.60     194.20     488.20        0.15
    174.60     488.20     194.20     507.80        0.17
    174.60     507.80     194.20     527.40        0.14
    174.60     527.40     194.20     547.00        0.14
    174.60     547.00     194.20     566.60        0.22
    174.60     566.60     194.20     586.20        0.22
    174.60     586.20     194.20     605.80        0.13
    174.60     605.80     194.20     625.40        0.13
    174.60     625.40     194.20     645.00        0.30
    174.60     645.00     194.20     664.60        0.25
    174.60     664.60     194.20     684.20        0.26
    174.60     684.20     194.20     703.80        0.26
    174.60     703.80     194.20     723.40        0.15
    174.60     723.40     194.20     743.00        0.16
    174.60     743.00     194.20     762.60        0.24
    174.60     762.60     194.20     782.20        0.30
    174.60     782.20     194.20     801.80        0.10
    174.60     801.80     194.20     821.40        0.13
    174.60     821.40     194.20     841.00        0.13
    174.60     841.00     194.20     860.60        0.13
    174.60     860.60     194.20     880.20        0.12
    174.60     880.20     194.20     899.80        0.11
    174.60     899.80     194.20     919.40        0.11
    174.60     919.40     194.20     923.32        0.09
    194.20     155.00     213.80     174.60        0.20
    194.20     174.60     213.80     194.20        0.27
    194.20     194.20     213.80     213.80        0.17
    194.20     213.80     213.80     233.40        0.12
    194.20     233.40     213.80     253.00        0.20
    194.20     253.00     213.80     272.60        0.12
    194.20     272.60     213.80     292.20        0.27
    194.20     292.20     213.80     311.80        0.23
    194.20     311.80     213.80     331.40        0.22
    194.20     331.40     213.80     351.00        0.28
    194.20     351.00     213.80     370.60        0.23
    194.20     370.60     213.80     390.20        0.18
    194.20     390.20     213.80     409.80        0.25
    194.20     409.80     213.80     429.40        0.24
    194.20     429.40     213.80     449.00        0.27
    194.20     449.00     213.80     468.60        0.21
    194.20     468.60     213.80     488.20        0.17
    194.20     488.20     213.80     507.80        0.24
    194.20     507.80     213.80     527.40        0.31
    194.20     527.40     213.80     547.00        0.17
    194.20     547.00     213.80     566.60        0.27
    194.20     566.60     213.80     586.20        0.21
    194.20     586.20     213.80     605.80        0.24
    194.20     605.80     213.80     625.40        0.17
    194.20     625.40     213.80     645.00        0.22
    194.20     645.00     213.80     664.60        0.16
    194.20     664.60     213.80     684.20        0.08
    194.20     684.20     213.80     703.80        0.15
    194.20     703.80     213.80     723.40        0.17
    194.20     723.40     213.80     743.00        0.21
    194.20     743.00     213.80     762.60        0.17
    194.20     762.60     213.80     782.20        0.22
    194.20     782.20     213.80     801.80        0.17
    194.20     801.80     213.80     821.40        0.16
    194.20     821.40     213.80     841.00        0.15
    194.20     841.00     213.80     860.60        0.17
    194.20     860.60     213.80     880.20        0.15
    194.20     880.20     213.80     899.80        0.14
    194.20     899.80     213.80     919.40        0.22
    194.20     919.40     213.80     923.32        0.08
    213.80     155.00     233.40     174.60        0.17
    213.80     174.60     233.40     194.20        0.19
    213.80     194.20     233.40     213.80        0.18
    213.80     213.80     233.40     233.40        0.13
    213.80     233.40     233.40     253.00        0.18
    213.80     253.00     233.40     272.60        0.14
    213.80     272.60     233.40     292.20        0.13
    213.80     292.20     233.40     311.80        0.25
    213.80     311.80     233.40     331.40        0.18
    213.80     331.40     233.40     351.00        0.14
    213.80     351.00     233.40     370.60        0.22
    213.80     370.60     233.40     390.20        0.21
    213.80     390.20     233.40     409.80        0.21
    213.80     409.80     233.40     429.40        0.21
    213.80     429.40     233.40     449.00        0.25
    213.80     449.00     233.40     468.60        0.21
    213.80     468.60     233.40     488.20        0.25
    213.80     488.20     233.40     507.80        0.26
    213.80     507.80     233.40     527.40        0.09
    213.80     527.40     233.40     547.00        0.18
    213.80     547.00     233.40     566.60        0.23
    213.80     566.60     233.40     586.20        0.21
    213.80     586.20     233.40     605.80        0.28
    213.80     605.80     233.40     625.40        0.10
    213.80     625.40     233.40     645.00        0.25
    213.80     645.00     233.40     664.60        0.14
    213.80     664.60     233.40     684.20        0.12
    213.80     684.20     233.40     703.80        0.17
    213.80     703.80     233.40     723.40        0.20
    213.80     723.40     233.40     743.00        0.18
    213.80     743.00     233.40     762.60        0.33
    213.80     762.60     233.40     782.20        0.23
    213.80     782.20     233.40     801.80        0.10
    213.80     801.80     233.40     821.40        0.10
    213.80     821.40     233.40     841.00        0.13
    213.80     841.00     233.40     860.60        0.13
    213.80     860.60     233.40     880.20        0.13
    213.80     880.20     233.40     899.80        0.13
    213.80     899.80     233.40     919.40        0.09
    213.80     919.40     233.40     923.32        0.23
    233.40     155.00     253.00     174.60        0.22
    233.40     174.60     253.00     194.20        0.17
    233.40     194.20     253.00     213.80        0.26
    233.40     213.80     253.00     233.40        0.21
    233.40     233.40     253.00     253.00        0.17
    233.40     253.00     253.00     272.60        0.24
    233.40     272.60     253.00     292.20        0.28
    233.40     292.20     253.00     311.80        0.25
    233.40     311.80     253.00     331.40        0.17
    233.40     331.40     253.00     351.00        0.18
    233.40     351.00     253.00     370.60        0.17
    233.40     370.60     253.00     390.20        0.17
    233.40     390.20     253.00     409.80        0.23
    233.40     409.80     253.00     429.40        0.19
    233.40     429.40     253.00     449.00        0.24
    233.40     449.00     253.00     468.60        0.17
    233.40     468.60     253.00     488.20        0.17
    233.40     488.20     253.00     507.80        0.17
    233.40     507.80     253.00     527.40        0.23
    233.40     527.40     253.00     547.00        0.22
    233.40     547.00     253.00     566.60        0.21
    233.40     566.60     253.00     586.20        0.28
    233.40     586.20     253.00     605.80        0.17
    233.40     605.80     253.00     625.40        0.22
    233.40     625.40     253.00     645.00        0.25
    233.40     645.00     253.00     664.60        0.22
    233.40     664.60     253.00     684.20        0.23
    233.40     684.20     253.00     703.80        0.19
    233.40     703.80     253.00     723.40        0.20
    233.40     723.40     253.00     743.00        0.27
    233.40     743.00     253.00     762.60        0.17
    233.40     762.60     253.00     782.20        0.21
    233.40     782.20     253.00     801.80        0.22
    233.40     801.80     253.00     821.40        0.17
    233.40     821.40     253.00     841.00        0.16
    233.40     841.00     253.00     860.60        0.17
    233.40     860.60     253.00     880.20        0.22
    233.40     880.20     253.00     899.80        0.17
    233.40     899.80     253.00     919.40        0.16
    233.40     919.40     253.00     923.32        0.08
    253.00     155.00     272.60     174.60        0.17
    253.00     174.60     272.60     194.20        0.18
    253.00     194.20     272.60     213.80        0.15
    253.00     213.80     272.60     233.40        0.15
    253.00     233.40     272.60     253.00        0.21
    253.00     253.00     272.60     272.60        0.13
    253.00     272.60     272.60     292.20        0.18
    253.00     292.20     272.60     311.80        0.24
    253.00     311.80     272.60     331.40        0.23
    253.00     331.40     272.60     351.00        0.16
    253.00     351.00     272.60     370.60        0.14
    253.00     370.60     272.60     390.20        0.13
    253.00     390.20     272.60     409.80        0.13
    253.00     409.80     272.60     429.40        0.28
    253.00     429.40     272.60     449.00        0.27
    253.00     449.00     272.60     468.60        0.18
    253.00     468.60     272.60     488.20        0.19
    253.00     488.20     272.60     507.80        0.18
    253.00     507.80     272.60     527.40        0.15
    253.00     527.40     272.60     547.00        0.12
    253.00     547.00     272.60     566.60        0.21
    253.00     566.60     272.60     586.20        0.22
    253.00     586.20     272.60     605.80        0.26
    253.00     605.80     272.60     625.40        0.18
    253.00     625.40     272.60     645.00        0.23
    253.00     645.00     272.60     664.60        0.17
    253.00     664.60     272.60     684.20        0.18
    253.00     684.20     272.60     703.80        0.14
    253.00     703.80     272.60     723.40        0.29
    253.00     723.40     272.60     743.00        0.08
    253.00     743.00     272.60     762.60        0.15
    253.00     762.60     272.60     782.20        0.19
    253.00     782.20     272.60     801.80        0.22
    253.00     801.80     272.60     821.40        0.11
    253.00     821.40     272.60     841.00        0.10
    253.00     841.00     272.60     860.60        0.10
    253.00     860.60     272.60     880.20        0.13
    253.00     880.20     272.60     899.80        0.14
    253.00     899.80     272.60     919.40        0.15
    253.00     919.40     272.60     923.32        0.00
    272.60     155.00     292.20     174.60        0.22
    272.60     174.60     292.20     194.20        0.18
    272.60     194.20     292.20     213.80        0.18
    272.60     213.80     292.20     233.40        0.20
    272.60     233.40     292.20     253.00        0.29
    272.60     253.00     292.20     272.60        0.18
    272.60     272.60     292.20     292.20        0.18
    272.60     292.20     292.20     311.80        0.16
    272.60     311.80     292.20     331.40        0.25
    272.60     331.40     292.20     351.00        0.24
    272.60     351.00     292.20     370.60        0.24
    272.60     370.60     292.20     390.20        0.21
    272.60     390.20     292.20     409.80        0.21
    272.60     409.80     292.20     429.40        0.24
    272.60     429.40     292.20     449.00        0.30
    272.60     449.00     292.20     468.60        0.18
    272.60     468.60     292.20     488.20        0.18
    272.60     488.20     292.20     507.80        0.18
    272.60     507.80     292.20     527.40        0.29
    272.60     527.40     292.20     547.00        0.24
    272.60     547.00     292.20     566.60        0.18
    272.60     566.60     292.20     586.20        0.19
    272.60     586.20     292.20     605.80        0.29
    272.60     605.80     292.20     625.40        0.25
    272.60     625.40     292.20     645.00        0.14
    272.60     645.00     292.20     664.60        0.26
    272.60     664.60     292.20     684.20        0.19
    272.60     684.20     292.20     703.80        0.25
    272.60     703.80     292.20     723.40        0.32
    272.60     723.40     292.20     743.00        0.21
    272.60     743.00     292.20     762.60        0.27
    272.60     762.60     292.20     782.20        0.26
    272.60     782.20     292.20     801.80        0.07
    272.60     801.80     292.20     821.40        0.29
    272.60     821.40     292.20     841.00        0.21
    272.60     841.00     292.20     860.60        0.25
    272.60     860.60     292.20     880.20        0.22
    272.60     880.20     292.20     899.80        0.31
    272.60     899.80     292.20     919.40        0.21
    272.60     919.40     292.20     923.32        0.07
    292.20     155.00     311.80     174.60        0.25
    292.20     174.60     311.80     194.20        0.16
    292.20     194.20     311.80     213.80        0.05
    292.20     213.80     311.80     233.40        0.29
    292.20     233.40     311.80     253.00        0.12
    292.20     253.00     311.80     272.60        0.17
    292.20     272.60     311.80     292.20        0.17
    292.20     292.20     311.80     311.80        0.15
    292.20     311.80     311.80     331.40        0.14
    292.20     331.40     311.80     351.00        0.16
    292.20     351.00     311.80     370.60        0.30
    292.20     370.60     311.80     390.20        0.17
    292.20     390.20     311.80     409.80        0.17
    292.20     409.80     311.80     429.40        0.15
    292.20     429.40     311.80     449.00        0.15
    292.20     449.00     311.80     468.60        0.15
    292.20     468.60     311.80     488.20        0.18
    292.20     488.20     311.80     507.80        0.26
    292.20     507.80     311.80     527.40        0.19
    292.20     527.40     311.80     547.00        0.17
    292.20     547.00     311.80     566.60        0.17
    292.20     566.60     311.80     586.20        0.17
    292.20     586.20     311.80     605.80        0.17
    292.20     605.80     311.80     625.40        0.19
    292.20     625.40     311.80     645.00        0.28
    292.20     645.00     311.80     664.60        0.17
    292.20     664.60     311.80     684.20        0.22
    292.20     684.20     311.80     703.80        0.16
    292.20     703.80     311.80     723.40        0.25
    292.20     723.40     311.80     743.00        0.20
    292.20     743.00     311.80     762.60        0.15
    292.20     762.60     311.80     782.20        0.19
    292.20     782.20     311.80     801.80        0.15
    292.20     801.80     311.80     821.40        0.17
    292.20     821.40     311.80     841.00        0.22
    292.20     841.00     311.80     860.60        0.15
    292.20     860.60     311.80     880.20        0.15
    292.20     880.20     311.80     899.80        0.15
    292.20     899.80     311.80     919.40        0.21
    292.20     919.40     311.80     923.32        0.35
    311.80     155.00     331.40     174.60        0.25
    311.80     174.60     331.40     194.20        0.23
    311.80     194.20     331.40     213.80        0.23
    311.80     213.80     331.40     233.40        0.21
    311.80     233.40     331.40     253.00        0.22
    311.80     253.00     331.40     272.60        0.22
    311.80     272.60     331.40     292.20        0.24
    311.80     292.20     331.40     311.80        0.23
    311.80     311.80     331.40     331.40        0.18
    311.80     331.40     331.40     351.00        0.28
    311.80     351.00     331.40     370.60        0.18
    311.80     370.60     331.40     390.20        0.19
    311.80     390.20     331.40     409.80        0.24
    311.80     409.80     331.40     429.40        0.22
    311.80     429.40     331.40     449.00        0.21
    311.80     449.00     331.40     468.60        0.25
    311.80     468.60     331.40     488.20        0.25
    311.80     488.20     331.40     507.80        0.30
    311.80     507.80     331.40     527.40        0.18
    311.80     527.40     331.40     547.00        0.22
    311.80     547.00     331.40     566.60        0.21
    311.80     566.60     331.40     586.20        0.21
    311.80     586.20     331.40     605.80        0.18
    311.80     605.80     331.40     625.40        0.18
    311.80     625.40     331.40     645.00        0.22
    311.80     645.00     331.40     664.60        0.23
    311.80     664.60     331.40     684.20        0.27
    311.80     684.20     331.40     703.80        0.24
    311.80     703.80     331.40     723.40        0.21
    311.80     723.40     331.40     743.00        0.21
    311.80     743.00     331.40     762.60        0.24
    311.80     762.60     331.40     782.20        0.16
    311.80     782.20     331.40     801.80        0.19
    311.80     801.80     331.40     821.40        0.25
    311.80     821.40     331.40     841.00        0.18
    311.80     841.00     331.40     860.60        0.24
    311.80     860.60     331.40     880.20        0.16
    311.80     880.20     331.40     899.80        0.23
    311.80     899.80     331.40     919.40        0.19
    311.80     919.40     331.40     923.32        0.06
    331.40     155.00     351.00     174.60        0.17
    331.40     174.60     351.00     194.20        0.15
    331.40     194.20     351.00     213.80        0.15
    331.40     213.80     351.00     233.40        0.16
    331.40     233.40     351.00     253.00        0.18
    331.40     253.00     351.00     272.60        0.18
    331.40     272.60     351.00     292.20        0.18
    331.40     292.20     351.00     311.80        0.08
    331.40     311.80     351.00     331.40        0.18
    331.40     331.40     351.00     351.00        0.32
    331.40     351.00     351.00     370.60        0.12
    331.40     370.60     351.00     390.20        0.22
    331.40     390.20     351.00     409.80        0.18
    331.40     409.80     351.00     429.40        0.21
    331.40     429.40     351.00     449.00        0.15
    331.40     449.00     351.00     468.60        0.18
    331.40     468.60     351.00     488.20        0.25
    331.40     488.20     351.00     507.80        0.19
    331.40     507.80     351.00     527.40        0.13
    331.40     527.40     351.00     547.00        0.19
    331.40     547.00     351.00     566.60        0.15
    331.40     566.60     351.00     586.20        0.24
    331.40     586.20     351.00     605.80        0.20
    331.40     605.80     351.00     625.40        0.18
    331.40     625.40     351.00     645.00        0.15
    331.40     645.00     351.00     664.60        0.18
    331.40     664.60     351.00     684.20        0.24
    331.40     684.20     351.00     703.80        0.21
    331.40     703.80     351.00     723.40        0.25
    331.40     723.40     351.00     743.00        0.21
    331.40     743.00     351.00     762.60        0.15
    331.40     762.60     351.00     782.20        0.18
    331.40     782.20     351.00     801.80        0.18
    331.40     801.80     351.00     821.40        0.25
    331.40     821.40     351.00     841.00        0.20
    331.40     841.00     351.00     860.60        0.18
    331.40     860.60     351.00     880.20        0.25
    331.40     880.20     351.00     899.80        0.35
    331.40     899.80     351.00     919.40        0.15
    331.40     919.40     351.00     923.32        0.00
    351.00     155.00     370.60     174.60        0.22
    351.00     174.60     370.60     194.20        0.21
    351.00     194.20     370.60     213.80        0.21
    351.00     213.80     370.60     233.40        0.18
    351.00     233.40     370.60     253.00        0.27
    351.00     253.00     370.60     272.60        0.19
    351.00     272.60     370.60     292.20        0.17
    351.00     292.20     370.60     311.80        0.27
    351.00     311.80     370.60     331.40        0.22
    351.00     331.40     370.60     351.00        0.22
    351.00     351.00     370.60     370.60        0.23
    351.00     370.60     370.60     390.20        0.30
    351.00     390.20     370.60     409.80        0.20
    351.00     409.80     370.60     429.40        0.22
    351.00     429.40     370.60     449.00        0.23
    351.00     449.00     370.60     468.60        0.15
    351.00     468.60     370.60     488.20        0.23
    351.00     488.20     370.60     507.80        0.22
    351.00     507.80     370.60     527.40        0.24
    351.00     527.40     370.60     547.00        0.26
    351.00     547.00     370.60     566.60        0.26
    351.00     566.60     370.60     586.20        0.27
    351.00     586.20     370.60     605.80        0.22
    351.00     605.80     370.60     625.40        0.26
    351.00     625.40     370.60     645.00        0.20
    351.00     645.00     370.60     664.60        0.20
    351.00     664.60     370.60     684.20        0.25
    351.00     684.20     370.60     703.80        0.25
    351.00     703.80     370.60     723.40        0.21
    351.00     723.40     370.60     743.00        0.25
    351.00     743.00     370.60     762.60        0.22
    351.00     762.60     370.60     782.20        0.13
    351.00     782.20     370.60     801.80        0.22
    351.00     801.80     370.60     821.40        0.20
    351.00     821.40     370.60     841.00        0.25
    351.00     841.00     370.60     860.60        0.19
    351.00     860.60     370.60     880.20        0.39
    351.00     880.20     370.60     899.80        0.19
    351.00     899.80     370.60     919.40        0.18
    351.00     919.40     370.60     923.32        0.29
    370.60     155.00     390.20     174.60        0.23
    370.60     174.60     390.20     194.20        0.17
    370.60     194.20     390.20     213.80        0.17
    370.60     213.80     390.20     233.40        0.17
    370.60     233.40     390.20     253.00        0.17
    370.60     253.00     390.20     272.60        0.13
    370.60     272.60     390.20     292.20        0.28
    370.60     292.20     390.20     311.80        0.14
    370.60     311.80     390.20     331.40        0.15
    370.60     331.40     390.20     351.00        0.34
    370.60     351.00     390.20     370.60        0.12
    370.60     370.60     390.20     390.20        0.25
    370.60     390.20     390.20     409.80        0.17
    370.60     409.80     390.20     429.40        0.18
    370.60     429.40     390.20     449.00        0.11
    370.60     449.00     390.20     468.60        0.23
    370.60     468.60     390.20     488.20        0.26
    370.60     488.20     390.20     507.80        0.15
    370.60     507.80     390.20     527.40        0.16
    370.60     527.40     390.20     547.00        0.24
    370.60     547.00     390.20     566.60        0.19
    370.60     566.60     390.20     586.20        0.20
    370.60     586.20     390.20     605.80        0.09
    370.60     605.80     390.20     625.40        0.19
    370.60     625.40     390.20     645.00        0.12
    370.60     645.00     390.20     664.60        0.23
    370.60     664.60     390.20     684.20        0.12
    370.60     684.20     390.20     703.80        0.21
    370.60     703.80     390.20     723.40        0.28
    370.60     723.40     390.20     743.00        0.21
    370.60     743.00     390.20     762.60        0.11
    370.60     762.60     390.20     782.20        0.21
    370.60     782.20     390.20     801.80        0.18
    370.60     801.80     390.20     821.40        0.20
    370.60     821.40     390.20     841.00        0.13
    370.60     841.00     390.20     860.60        0.24
    370.60     860.60     390.20     880.20        0.12
    370.60     880.20     390.20     899.80        0.21
    370.60     899.80     390.20     919.40        0.18
    370.60     919.40     390.20     923.32        0.00
    390.20     155.00     409.80     174.60        0.25
    390.20     174.60     409.80     194.20        0.17
    390.20     194.20     409.80     213.80        0.21
    390.20     213.80     409.80     233.40        0.22
    390.20     233.40     409.80     253.00        0.28
    390.20     253.00     409.80     272.60        0.23
    390.20     272.60     409.80     292.20        0.24
    390.20     292.20     409.80     311.80        0.21
    390.20     311.80     409.80     331.40        0.17
    390.20     331.40     409.80     351.00        0.27
    390.20     351.00     409.80     370.60        0.19
    390.20     370.60     409.80     390.20        0.23
    390.20     390.20     409.80     409.80        0.21
    390.20     409.80     409.80     429.40        0.20
    390.20     429.40     409.80     449.00        0.19
    390.20     449.00     409.80     468.60        0.34
    390.20     468.60     409.80     488.20        0.29
    390.20     488.20     409.80     507.80        0.23
    390.20     507.80     409.80     527.40        0.23
    390.20     527.40     409.80     547.00        0.29
    390.20     547.00     409.80     566.60        0.17
    390.20     566.60     409.80     586.20        0.24
    390.20     586.20     409.80     605.80        0.23
    390.20     605.80     409.80     625.40        0.21
    390.20     625.40     409.80     645.00        0.25
    390.20     645.00     409.80     664.60        0.21
    390.20     664.60     409.80     684.20        0.20
    390.20     684.20     409.80     703.80        0.26
    390.20     703.80     409.80     723.40        0.35
    390.20     723.40     409.80     743.00        0.23
    390.20     743.00     409.80     762.60        0.21
    390.20     762.60     409.80     782.20        0.26
    390.20     782.20     409.80     801.80        0.25
    390.20     801.80     409.80     821.40        0.17
    390.20     821.40     409.80     841.00        0.30
    390.20     841.00     409.80     860.60        0.18
    390.20     860.60     409.80     880.20        0.37
    390.20     880.20     409.80     899.80        0.19
    390.20     899.80     409.80     919.40        0.22
    390.20     919.40     409.80     923.32        0.06
    409.80     155.00     429.40     174.60        0.11
    409.80     174.60     429.40     194.20        0.22
    409.80     194.20     429.40     213.80        0.17
    409.80     213.80     429.40     233.40        0.12
    409.80     233.40     429.40     253.00        0.18
    409.80     253.00     429.40     272.60        0.18
    409.80     272.60     429.40     292.20        0.19
    409.80     292.20     429.40     311.80        0.19
    409.80     311.80     429.40     331.40        0.15
    409.80     331.40     429.40     351.00        0.14
    409.80     351.00     429.40     370.60        0.16
    409.80     370.60     429.40     390.20        0.12
    409.80     390.20     429.40     409.80        0.12
    409.80     409.80     429.40     429.40        0.19
    409.80     429.40     429.40     449.00        0.19
    409.80     449.00     429.40     468.60        0.13
    409.80     468.60     429.40     488.20        0.18
    409.80     488.20     429.40     507.80        0.18
    409.80     507.80     429.40     527.40        0.10
    409.80     527.40     429.40     547.00        0.13
    409.80     547.00     429.40     566.60        0.19
    409.80     566.60     429.40     586.20        0.13
    409.80     586.20     429.40     605.80        0.18
    409.80     605.80     429.40     625.40        0.16
    409.80     625.40     429.40     645.00        0.17
    409.80     645.00     429.40     664.60        0.10
    409.80     664.60     429.40     684.20        0.25
    409.80     684.20     429.40     703.80        0.22
    409.80     703.80     429.40     723.40        0.11
    409.80     723.40     429.40     743.00        0.13
    409.80     743.00     429.40     762.60        0.20
    409.80     762.60     429.40     782.20        0.17
    409.80     782.20     429.40     801.80        0.13
    409.80     801.80     429.40     821.40        0.20
    409.80     821.40     429.40     841.00        0.13
    409.80     841.00     429.40     860.60        0.17
    409.80     860.60     429.40     880.20        0.13
    409.80     880.20     429.40     899.80        0.13
    409.80     899.80     429.40     919.40        0.22
    409.80     919.40     429.40     923.32        0.00
    429.40     155.00     449.00     174.60        0.21
    429.40     174.60     449.00     194.20        0.19
    429.40     194.20     449.00     213.80        0.11
    429.40     213.80     449.00     233.40        0.18
    429.40     233.40     449.00     253.00        0.22
    429.40     253.00     449.00     272.60        0.18
    429.40     272.60     449.00     292.20        0.13
    429.40     292.20     449.00     311.80        0.17
    429.40     311.80     449.00     331.40        0.16
    429.40     331.40     449.00     351.00        0.14
    429.40     351.00     449.00     370.60        0.13
    429.40     370.60     449.00     390.20        0.26
    429.40     390.20     449.00     409.80        0.29
    429.40     409.80     449.00     429.40        0.37
    429.40     429.40     449.00     449.00        0.23
    429.40     449.00     449.00     468.60        0.21
    429.40     468.60     449.00     488.20        0.14
    429.40     488.20     449.00     507.80        0.11
    429.40     507.80     449.00     527.40        0.39
    429.40     527.40     449.00     547.00        0.17
    429.40     547.00     449.00     566.60        0.17
    429.40     566.60     449.00     586.20        0.17
    429.40     586.20     449.00     605.80        0.22
    429.40     605.80     449.00     625.40        0.19
    429.40     625.40     449.00     645.00        0.30
    429.40     645.00     449.00     664.60        0.25
    429.40     664.60     449.00     684.20        0.13
    429.40     684.20     449.00     703.80        0.24
    429.40     703.80     449.00     723.40        0.19
    429.40     723.40     449.00     743.00        0.33
    429.40     743.00     449.00     762.60        0.17
    429.40     762.60     449.00     782.20        0.17
    429.40     782.20     449.00     801.80        0.17
    429.40     801.80     449.00     821.40        0.18
    429.40     821.40     449.00     841.00        0.22
    429.40     841.00     449.00     860.60        0.14
    429.40     860.60     449.00     880.20        0.19
    429.40     880.20     449.00     899.80        0.25
    429.40     899.80     449.00     919.40        0.19
    429.40     919.40     449.00     923.32        0.00
    449.00     155.00     468.60     174.60        0.22
    449.00     174.60     468.60     194.20        0.19
    449.00     194.20     468.60     213.80        0.28
    449.00     213.80     468.60     233.40        0.14
    449.00     233.40     468.60     253.00        0.25
    449.00     253.00     468.60     272.60        0.25
    449.00     272.60     468.60     292.20        0.24
    449.00     292.20     468.60     311.80        0.25
    449.00     311.80     468.60     331.40        0.20
    449.00     331.40     468.60     351.00        0.18
    449.00     351.00     468.60     370.60        0.18
    449.00     370.60     468.60     390.20        0.17
    449.00     390.20     468.60     409.80        0.17
    449.00     409.80     468.60     429.40        0.15
    449.00     429.40     468.60     449.00        0.15
    449.00     449.00     468.60     468.60        0.27
    449.00     468.60     468.60     488.20        0.21
    449.00     488.20     468.60     507.80        0.18
    449.00     507.80     468.60     527.40        0.08
    449.00     527.40     468.60     547.00        0.17
    449.00     547.00     468.60     566.60        0.21
    449.00     566.60     468.60     586.20        0.17
    449.00     586.20     468.60     605.80        0.17
    449.00     605.80     468.60     625.40        0.16
    449.00     625.40     468.60     645.00        0.09
    449.00     645.00     468.60     664.60        0.27
    449.00     664.60     468.60     684.20        0.29
    449.00     684.20     468.60     703.80        0.17
    449.00     703.80     468.60     723.40        0.17
    449.00     723.40     468.60     743.00        0.18
    449.00     743.00     468.60     762.60        0.18
    449.00     762.60     468.60     782.20        0.23
    449.00     782.20     468.60     801.80        0.23
    449.00     801.80     468.60     821.40        0.25
    449.00     821.40     468.60     841.00        0.17
    449.00     841.00     468.60     860.60        0.22
    449.00     860.60     468.60     880.20        0.17
    449.00     880.20     468.60     899.80        0.34
    449.00     899.80     468.60     919.40        0.23
    449.00     919.40     468.60     923.32        0.08
    468.60     155.00     488.20     174.60        0.15
    468.60     174.60     488.20     194.20        0.18
    468.60     194.20     488.20     213.80        0.27
    468.60     213.80     488.20     233.40        0.13
    468.60     233.40     488.20     253.00        0.18
    468.60     253.00     488.20     272.60        0.17
    468.60     272.60     488.20     292.20        0.18
    468.60     292.20     488.20     311.80        0.25
    468.60     311.80     488.20     331.40        0.20
    468.60     331.40     488.20     351.00        0.18
    468.60     351.00     488.20     370.60        0.15
    468.60     370.60     488.20     390.20        0.18
    468.60     390.20     488.20     409.80        0.18
    468.60     409.80     488.20     429.40        0.21
    468.60     429.40     488.20     449.00        0.17
    468.60     449.00     488.20     468.60        0.14
    468.60     468.60     488.20     488.20        0.20
    468.60     488.20     488.20     507.80        0.22
    468.60     507.80     488.20     527.40        0.18
    468.60     527.40     488.20     547.00        0.20
    468.60     547.00     488.20     566.60        0.14
    468.60     566.60     488.20     586.20        0.12
    468.60     586.20     488.20     605.80        0.15
    468.60     605.80     488.20     625.40        0.16
    468.60     625.40     488.20     645.00        0.22
    468.60     645.00     488.20     664.60        0.21
    468.60     664.60     488.20     684.20        0.22
    468.60     684.20     488.20     703.80        0.15
    468.60     703.80     488.20     723.40        0.21
    468.60     723.40     488.20     743.00        0.13
    468.60     743.00     488.20     762.60        0.25
    468.60     762.60     488.20     782.20        0.26
    468.60     782.20     488.20     801.80        0.19
    468.60     801.80     488.20     821.40        0.21
    468.60     821.40     488.20     841.00        0.18
    468.60     841.00     488.20     860.60        0.17
    468.60     860.60     488.20     880.20        0.11
    468.60     880.20     488.20     899.80        0.25
    468.60     899.80     488.20     919.40        0.17
    468.60     919.40     488.20     923.32        0.03
    488.20     155.00     507.80     174.60        0.18
    488.20     174.60     507.80     194.20        0.21
    488.20     194.20     507.80     213.80        0.29
    488.20     213.80     507.80     233.40        0.17
    488.20     233.40     507.80     253.00        0.23
    488.20     253.00     507.80     272.60        0.25
    488.20     272.60     507.80     292.20        0.23
    488.20     292.20     507.80     311.80        0.26
    488.20     311.80     507.80     331.40        0.26
    488.20     331.40     507.80     351.00        0.24
    488.20     351.00     507.80     370.60        0.21
    488.20     370.60     507.80     390.20        0.23
    488.20     390.20     507.80     409.80        0.19
    488.20     409.80     507.80     429.40        0.21
    488.20     429.40     507.80     449.00        0.24
    488.20     449.00     507.80     468.60        0.18
    488.20     468.60     507.80     488.20        0.18
    488.20     488.20     507.80     507.80        0.23
    488.20     507.80     507.80     527.40        0.23
    488.20     527.40     507.80     547.00        0.20
    488.20     547.00     507.80     566.60        0.28
    488.20     566.60     507.80     586.20        0.21
    488.20     586.20     507.80     605.80        0.19
    488.20     605.80     507.80     625.40        0.22
    488.20     625.40     507.80     645.00        0.25
    488.20     645.00     507.80     664.60        0.23
    488.20     664.60     507.80     684.20        0.21
    488.20     684.20     507.80     703.80        0.24
    488.20     703.80     507.80     723.40        0.17
    488.20     723.40     507.80     743.00        0.22
    488.20     743.00     507.80     762.60        0.19
    488.20     762.60     507.80     782.20        0.22
    488.20     782.20     507.80     801.80        0.16
    488.20     801.80     507.80     821.40        0.20
    488.20     821.40     507.80     841.00        0.28
    488.20     841.00     507.80     860.60        0.22
    488.20     860.60     507.80     880.20        0.20
    488.20     880.20     507.80     899.80        0.28
    488.20     899.80     507.80     919.40        0.23
    488.20     919.40     507.80     923.32        0.21
    507.80     155.00     527.40     174.60        0.16
    507.80     174.60     527.40     194.20        0.18
    507.80     194.20     527.40     213.80        0.30
    507.80     213.80     527.40     233.40        0.21
    507.80     233.40     527.40     253.00        0.11
    507.80     253.00     527.40     272.60        0.18
    507.80     272.60     527.40     292.20        0.17
    507.80     292.20     527.40     311.80        0.16
    507.80     311.80     527.40     331.40        0.19
    507.80     331.40     527.40     351.00        0.25
    507.80     351.00     527.40     370.60        0.19
    507.80     370.60     527.40     390.20        0.14
    507.80     390.20     527.40     409.80        0.18
    507.80     409.80     527.40     429.40        0.13
    507.80     429.40     527.40     449.00        0.31
    507.80     449.00     527.40     468.60        0.15
    507.80     468.60     527.40     488.20        0.18
    507.80     488.20     527.40     507.80        0.14
    507.80     507.80     527.40     527.40        0.27
    507.80     527.40     527.40     547.00        0.24
    507.80     547.00     527.40     566.60        0.21
    507.80     566.60     527.40     586.20        0.15
    507.80     586.20     527.40     605.80        0.23
    507.80     605.80     527.40     625.40        0.15
    507.80     625.40     527.40     645.00        0.21
    507.80     645.00     527.40     664.60        0.27
    507.80     664.60     527.40     684.20        0.22
    507.80     684.20     527.40     703.80        0.15
    507.80     703.80     527.40     723.40        0.17
    507.80     723.40     527.40     743.00        0.19
    507.80     743.00     527.40     762.60        0.17
    507.80     762.60     527.40     782.20        0.35
    507.80     782.20     527.40     801.80        0.06
    507.80     801.80     527.40     821.40        0.40
    507.80     821.40     527.40     841.00        0.25
    507.80     841.00     527.40     860.60        0.16
    507.80     860.60     527.40     880.20        0.19
    507.80     880.20     527.40     899.80        0.15
    507.80     899.80     527.40     919.40        0.13
    507.80     919.40     527.40     923.32        0.29
    527.40     155.00     547.00     174.60        0.22
    527.40     174.60     547.00     194.20        0.23
    527.40     194.20     547.00     213.80        0.22
    527.40     213.80     547.00     233.40        0.25
    527.40     233.40     547.00     253.00        0.20
    527.40     253.00     547.00     272.60        0.28
    527.40     272.60     547.00     292.20        0.28
    527.40     292.20     547.00     311.80        0.27
    527.40     311.80     547.00     331.40        0.17
    527.40     331.40     547.00     351.00        0.23
    527.40     351.00     547.00     370.60        0.27
    527.40     370.60     547.00     390.20        0.22
    527.40     390.20     547.00     409.80        0.24
    527.40     409.80     547.00     429.40        0.21
    527.40     429.40     547.00     449.00        0.30
    527.40     449.00     547.00     468.60        0.18
    527.40     468.60     547.00     488.20        0.21
    527.40     488.20     547.00     507.80        0.22
    527.40     507.80     547.00     527.40        0.18
    527.40     527.40     547.00     547.00        0.27
    527.40     547.00     547.00     566.60        0.19
    527.40     566.60     547.00     586.20        0.24
    527.40     586.20     547.00     605.80        0.22
    527.40     605.80     547.00     625.40        0.17
    527.40     625.40     547.00     645.00        0.22
    527.40     645.00     547.00     664.60        0.22
    527.40     664.60     547.00     684.20        0.22
    527.40     684.20     547.00     703.80        0.20
    527.40     703.80     547.00     723.40        0.21
    527.40     723.40     547.00     743.00        0.23
    527.40     743.00     547.00     762.60        0.17
    527.40     762.60     547.00     782.20        0.22
    527.40     782.20     547.00     801.80        0.22
    527.40     801.80     547.00     821.40        0.17
    527.40     821.40     547.00     841.00        0.34
    527.40     841.00     547.00     860.60        0.21
    527.40     860.60     547.00     880.20        0.25
    527.40     880.20     547.00     899.80        0.24
    527.40     899.80     547.00     919.40        0.28
    527.40     919.40     547.00     923.32        0.25
    547.00     155.00     566.60     174.60        0.15
    547.00     174.60     566.60     194.20        0.19
    547.00     194.20     566.60     213.80        0.19
    547.00     213.80     566.60     233.40        0.14
    547.00     233.40     566.60     253.00        0.16
    547.00     253.00     566.60     272.60        0.16
    547.00     272.60     566.60     292.20        0.15
    547.00     292.20     566.60     311.80        0.21
    547.00     311.80     566.60     331.40        0.09
    547.00     331.40     566.60     351.00        0.21
    547.00     351.00     566.60     370.60        0.12
    547.00     370.60     566.60     390.20        0.26
    547.00     390.20     566.60     409.80        0.19
    547.00     409.80     566.60     429.40        0.14
    547.00     429.40     566.60     449.00        0.21
    547.00     449.00     566.60     468.60        0.14
    547.00     468.60     566.60     488.20        0.16
    547.00     488.20     566.60     507.80        0.17
    547.00     507.80     566.60     527.40        0.19
    547.00     527.40     566.60     547.00        0.24
    547.00     547.00     566.60     566.60        0.14
    547.00     566.60     566.60     586.20        0.17
    547.00     586.20     566.60     605.80        0.19
    547.00     605.80     566.60     625.40        0.17
    547.00     625.40     566.60     645.00        0.18
    547.00     645.00     566.60     664.60        0.19
    547.00     664.60     566.60     684.20        0.28
    547.00     684.20     566.60     703.80        0.19
    547.00     703.80     566.60     723.40        0.17
    547.00     723.40     566.60     743.00        0.21
    547.00     743.00     566.60     762.60        0.25
    547.00     762.60     566.60     782.20        0.15
    547.00     782.20     566.60     801.80        0.11
    547.00     801.80     566.60     821.40        0.29
    547.00     821.40     566.60     841.00        0.18
    547.00     841.00     566.60     860.60        0.18
    547.00     860.60     566.60     880.20        0.21
    547.00     880.20     566.60     899.80        0.16
    547.00     899.80     566.60     919.40        0.18
    547.00     919.40     566.60     923.32        0.37
    566.60     155.00     586.20     174.60        0.19
    566.60     174.60     586.20     194.20        0.26
    566.60     194.20     586.20     213.80        0.29
    566.60     213.80     586.20     233.40        0.19
    566.60     233.40     586.20     253.00        0.22
    566.60     253.00     586.20     272.60        0.22
    566.60     272.60     586.20     292.20        0.26
    566.60     292.20     586.20     311.80        0.24
    566.60     311.80     586.20     331.40        0.22
    566.60     331.40     586.20     351.00        0.23
    566.60     351.00     586.20     370.60        0.18
    566.60     370.60     586.20     390.20        0.27
    566.60     390.20     586.20     409.80        0.24
    566.60     409.80     586.20     429.40        0.22
    566.60     429.40     586.20     449.00        0.25
    566.60     449.00     586.20     468.60        0.21
    566.60     468.60     586.20     488.20        0.26
    566.60     488.20     586.20     507.80        0.33
    566.60     507.80     586.20     527.40        0.19
    566.60     527.40     586.20     547.00        0.22
    566.60     547.00     586.20     566.60        0.26
    566.60     566.60     586.20     586.20        0.25
    566.60     586.20     586.20     605.80        0.31
    566.60     605.80     586.20     625.40        0.21
    566.60     625.40     586.20     645.00        0.18
    566.60     645.00     586.20     664.60        0.24
    566.60     664.60     586.20     684.20        0.18
    566.60     684.20     586.20     703.80        0.23
    566.60     703.80     586.20     723.40        0.28
    566.60     723.40     586.20     743.00        0.18
    566.60     743.00     586.20     762.60        0.25
    566.60     762.60     586.20     782.20        0.29
    566.60     782.20     586.20     801.80        0.29
    566.60     801.80     586.20     821.40        0.26
    566.60     821.40     586.20     841.00        0.21
    566.60     841.00     586.20     860.60        0.18
    566.60     860.60     586.20     880.20        0.18
    566.60     880.20     586.20     899.80        0.22
    566.60     899.80     586.20     919.40        0.18
    566.60     919.40     586.20     923.32        0.43
    586.20     155.00     605.80     174.60        0.16
    586.20     174.60     605.80     194.20        0.19
    586.20     194.20     605.80     213.80        0.17
    586.20     213.80     605.80     233.40        0.14
    586.20     233.40     605.80     253.00        0.15
    586.20     253.00     605.80     272.60        0.14
    586.20     272.60     605.80     292.20        0.15
    586.20     292.20     605.80     311.80        0.17
    586.20     311.80     605.80     331.40        0.16
    586.20     331.40     605.80     351.00        0.26
    586.20     351.00     605.80     370.60        0.20
    586.20     370.60     605.80     390.20        0.17
    586.20     390.20     605.80     409.80        0.17
    586.20     409.80     605.80     429.40        0.15
    586.20     429.40     605.80     449.00        0.20
    586.20     449.00     605.80     468.60        0.19
    586.20     468.60     605.80     488.20        0.26
    586.20     488.20     605.80     507.80        0.14
    586.20     507.80     605.80     527.40        0.17
    586.20     527.40     605.80     547.00        0.16
    586.20     547.00     605.80     566.60        0.19
    586.20     566.60     605.80     586.20        0.22
    586.20     586.20     605.80     605.80        0.20
    586.20     605.80     605.80     625.40        0.16
    586.20     625.40     605.80     645.00        0.11
    586.20     645.00     605.80     664.60        0.26
    586.20     664.60     605.80     684.20        0.24
    586.20     684.20     605.80     703.80        0.22
    586.20     703.80     605.80     723.40        0.16
    586.20     723.40     605.80     743.00        0.26
    586.20     743.00     605.80     762.60        0.11
    586.20     762.60     605.80     782.20        0.23
    586.20     782.20     605.80     801.80        0.15
    586.20     801.80     605.80     821.40        0.19
    586.20     821.40     605.80     841.00        0.15
    586.20     841.00     605.80     860.60        0.26
    586.20     860.60     605.80     880.20        0.15
    586.20     880.20     605.80     899.80        0.10
    586.20     899.80     605.80     919.40        0.17
    586.20     919.40     605.80     923.32        0.23
    605.80     155.00     625.40     174.60        0.20
    605.80     174.60     625.40     194.20        0.24
    605.80     194.20     625.40     213.80        0.31
    605.80     213.80     625.40     233.40        0.25
    605.80     233.40     625.40     253.00        0.24
    605.80     253.00     625.40     272.60        0.22
    605.80     272.60     625.40     292.20        0.21
    605.80     292.20     625.40     311.80        0.28
    605.80     311.80     625.40     331.40        0.13
    605.80     331.40     625.40     351.00        0.25
    605.80     351.00     625.40     370.60        0.31
    605.80     370.60     625.40     390.20        0.18
    605.80     390.20     625.40     409.80        0.21
    605.80     409.80     625.40     429.40        0.20
    605.80     429.40     625.40     449.00        0.18
    605.80     449.00     625.40     468.60        0.23
    605.80     468.60     625.40     488.20        0.25
    605.80     488.20     625.40     507.80        0.15
    605.80     507.80     625.40     527.40        0.24
    605.80     527.40     625.40     547.00        0.19
    605.80     547.00     625.40     566.60        0.19
    605.80     566.60     625.40     586.20        0.25
    605.80     586.20     625.40     605.80        0.19
    605.80     605.80     625.40     625.40        0.24
    605.80     625.40     625.40     645.00        0.27
    605.80     645.00     625.40     664.60        0.15
    605.80     664.60     625.40     684.20        0.29
    605.80     684.20     625.40     703.80        0.18
    605.80     703.80     625.40     723.40        0.21
    605.80     723.40     625.40     743.00        0.24
    605.80     743.00     625.40     762.60        0.17
    605.80     762.60     625.40     782.20        0.29
    605.80     782.20     625.40     801.80        0.20
    605.80     801.80     625.40     821.40        0.20
    605.80     821.40     625.40     841.00        0.18
    605.80     841.00     625.40     860.60        0.21
    605.80     860.60     625.40     880.20        0.22
    605.80     880.20     625.40     899.80        0.33
    605.80     899.80     625.40     919.40        0.17
    605.80     919.40     625.40     923.32        0.18
    625.40     155.00     645.00     174.60        0.21
    625.40     174.60     645.00     194.20        0.07
    625.40     194.20     645.00     213.80        0.10
    625.40     213.80     645.00     233.40        0.12
    625.40     233.40     645.00     253.00        0.22
    625.40     253.00     645.00     272.60        0.12
    625.40     272.60     645.00     292.20        0.22
    625.40     292.20     645.00     311.80        0.15
    625.40     311.80     645.00     331.40        0.21
    625.40     331.40     645.00     351.00        0.08
    625.40     351.00     645.00     370.60        0.18
    625.40     370.60     645.00     390.20        0.22
    625.40     390.20     645.00     409.80        0.15
    625.40     409.80     645.00     429.40        0.18
    625.40     429.40     645.00     449.00        0.20
    625.40     449.00     645.00     468.60        0.18
    625.40     468.60     645.00     488.20        0.18
    625.40     488.20     645.00     507.80        0.16
    625.40     507.80     645.00     527.40        0.16
    625.40     527.40     645.00     547.00        0.26
    625.40     547.00     645.00     566.60        0.29
    625.40     566.60     645.00     586.20        0.08
    625.40     586.20     645.00     605.80        0.19
    625.40     605.80     645.00     625.40        0.18
    625.40     625.40     645.00     645.00        0.19
    625.40     645.00     645.00     664.60        0.17
    625.40     664.60     645.00     684.20        0.05
    625.40     684.20     645.00     703.80        0.18
    625.40     703.80     645.00     723.40        0.28
    625.40     723.40     645.00     743.00        0.22
    625.40     743.00     645.00     762.60        0.18
    625.40     762.60     645.00     782.20        0.16
    625.40     782.20     645.00     801.80        0.29
    625.40     801.80     645.00     821.40        0.16
    625.40     821.40     645.00     841.00        0.21
    625.40     841.00     645.00     860.60        0.17
    625.40     860.60     645.00     880.20        0.22
    625.40     880.20     645.00     899.80        0.20
    625.40     899.80     645.00     919.40        0.18
    625.40     919.40     645.00     923.32        0.00
    645.00     155.00     664.60     174.60        0.26
    645.00     174.60     664.60     194.20        0.21
    645.00     194.20     664.60     213.80        0.20
    645.00     213.80     664.60     233.40        0.21
    645.00     233.40     664.60     253.00        0.27
    645.00     253.00     664.60     272.60        0.16
    645.00     272.60     664.60     292.20        0.21
    645.00     292.20     664.60     311.80        0.19
    645.00     311.80     664.60     331.40        0.17
    645.00     331.40     664.60     351.00        0.30
    645.00     351.00     664.60     370.60        0.19
    645.00     370.60     664.60     390.20        0.19
    645.00     390.20     664.60     409.80        0.23
    645.00     409.80     664.60     429.40        0.24
    645.00     429.40     664.60     449.00        0.27
    645.00     449.00     664.60     468.60        0.25
    645.00     468.60     664.60     488.20        0.11
    645.00     488.20     664.60     507.80        0.21
    645.00     507.80     664.60     527.40        0.21
    645.00     527.40     664.60     547.00        0.18
    645.00     547.00     664.60     566.60        0.13
    645.00     566.60     664.60     586.20        0.18
    645.00     586.20     664.60     605.80        0.32
    645.00     605.80     664.60     625.40        0.20
    645.00     625.40     664.60     645.00        0.23
    645.00     645.00     664.60     664.60        0.21
    645.00     664.60     664.60     684.20        0.20
    645.00     684.20     664.60     703.80        0.20
    645.00     703.80     664.60     723.40        0.17
    645.00     723.40     664.60     743.00        0.21
    645.00     743.00     664.60     762.60        0.23
    645.00     762.60     664.60     782.20        0.22
    645.00     782.20     664.60     801.80        0.31
    645.00     801.80     664.60     821.40        0.23
    645.00     821.40     664.60     841.00        0.19
    645.00     841.00     664.60     860.60        0.26
    645.00     860.60     664.60     880.20        0.18
    645.00     880.20     664.60     899.80        0.33
    645.00     899.80     664.60     919.40        0.22
    645.00     919.40     664.60     923.32        0.06
    664.60     155.00     684.20     174.60        0.22
    664.60     174.60     684.20     194.20        0.09
    664.60     194.20     684.20     213.80        0.13
    664.60     213.80     684.20     233.40        0.14
    664.60     233.40     684.20     253.00        0.21
    664.60     253.00     684.20     272.60        0.21
    664.60     272.60     684.20     292.20        0.16
    664.60     292.20     684.20     311.80        0.22
    664.60     311.80     684.20     331.40        0.12
    664.60     331.40     684.20     351.00        0.10
    664.60     351.00     684.20     370.60        0.18
    664.60     370.60     684.20     390.20        0.16
    664.60     390.20     684.20     409.80        0.16
    664.60     409.80     684.20     429.40        0.19
    664.60     429.40     684.20     449.00        0.11
    664.60     449.00     684.20     468.60        0.27
    664.60     468.60     684.20     488.20        0.19
    664.60     488.20     684.20     507.80        0.22
    664.60     507.80     684.20     527.40        0.18
    664.60     527.40     684.20     547.00        0.10
    664.60     547.00     684.20     566.60        0.18
    664.60     566.60     684.20     586.20        0.18
    664.60     586.20     684.20     605.80        0.21
    664.60     605.80     684.20     625.40        0.23
    664.60     625.40     684.20     645.00        0.25
    664.60     645.00     684.20     664.60        0.18
    664.60     664.60     684.20     684.20        0.20
    664.60     684.20     684.20     703.80        0.12
    664.60     703.80     684.20     723.40        0.12
    664.60     723.40     684.20     743.00        0.18
    664.60     743.00     684.20     762.60        0.07
    664.60     762.60     684.20     782.20        0.28
    664.60     782.20     684.20     801.80        0.22
    664.60     801.80     684.20     821.40        0.15
    664.60     821.40     684.20     841.00        0.17
    664.60     841.00     684.20     860.60        0.08
    664.60     860.60     684.20     880.20        0.14
    664.60     880.20     684.20     899.80        0.17
    664.60     899.80     684.20     919.40        0.25
    664.60     919.40     684.20     923.32        0.00
    684.20     155.00     703.80     174.60        0.23
    684.20     174.60     703.80     194.20        0.19
    684.20     194.20     703.80     213.80        0.21
    684.20     213.80     703.80     233.40        0.20
    684.20     233.40     703.80     253.00        0.23
    684.20     253.00     703.80     272.60        0.12
    684.20     272.60     703.80     292.20        0.23
    684.20     292.20     703.80     311.80        0.24
    684.20     311.80     703.80     331.40        0.22
    684.20     331.40     703.80     351.00        0.23
    684.20     351.00     703.80     370.60        0.19
    684.20     370.60     703.80     390.20        0.19
    684.20     390.20     703.80     409.80        0.17
    684.20     409.80     703.80     429.40        0.29
    684.20     429.40     703.80     449.00        0.19
    684.20     449.00     703.80     468.60        0.24
    684.20     468.60     703.80     488.20        0.19
    684.20     488.20     703.80     507.80        0.19
    684.20     507.80     703.80     527.40        0.19
    684.20     527.40     703.80     547.00        0.17
    684.20     547.00     703.80     566.60        0.38
    684.20     566.60     703.80     586.20        0.20
    684.20     586.20     703.80     605.80        0.22
    684.20     605.80     703.80     625.40        0.24
    684.20     625.40     703.80     645.00        0.22
    684.20     645.00     703.80     664.60        0.21
    684.20     664.60     703.80     684.20        0.21
    684.20     684.20     703.80     703.80        0.19
    684.20     703.80     703.80     723.40        0.23
    684.20     723.40     703.80     743.00        0.23
    684.20     743.00     703.80     762.60        0.19
    684.20     762.60     703.80     782.20        0.29
    684.20     782.20     703.80     801.80        0.19
    684.20     801.80     703.80     821.40        0.23
    684.20     821.40     703.80     841.00        0.35
    684.20     841.00     703.80     860.60        0.27
    684.20     860.60     703.80     880.20        0.22
    684.20     880.20     703.80     899.80        0.31
    684.20     899.80     703.80     919.40        0.28
    684.20     919.40     703.80     923.32        0.06
    703.80     155.00     723.40     174.60        0.18
    703.80     174.60     723.40     194.20        0.18
    703.80     194.20     723.40     213.80        0.21
    703.80     213.80     723.40     233.40        0.20
    703.80     233.40     723.40     253.00        0.08
    703.80     253.00     723.40     272.60        0.23
    703.80     272.60     723.40     292.20        0.18
    703.80     292.20     723.40     311.80        0.14
    703.80     311.80     723.40     331.40        0.16
    703.80     331.40     723.40     351.00        0.15
    703.80     351.00     723.40     370.60        0.08
    703.80     370.60     723.40     390.20        0.17
    703.80     390.20     723.40     409.80        0.15
    703.80     409.80     723.40     429.40        0.13
    703.80     429.40     723.40     449.00        0.13
    703.80     449.00     723.40     468.60        0.12
    703.80     468.60     723.40     488.20        0.12
    703.80     488.20     723.40     507.80        0.16
    703.80     507.80     723.40     527.40        0.13
    703.80     527.40     723.40     547.00        0.21
    703.80     547.00     723.40     566.60        0.09
    703.80     566.60     723.40     586.20        0.14
    703.80     586.20     723.40     605.80        0.29
    703.80     605.80     723.40     625.40        0.17
    703.80     625.40     723.40     645.00        0.20
    703.80     645.00     723.40     664.60        0.12
    703.80     664.60     723.40     684.20        0.09
    703.80     684.20     723.40     703.80        0.12
    703.80     703.80     723.40     723.40        0.08
    703.80     723.40     723.40     743.00        0.25
    703.80     743.00     723.40     762.60        0.26
    703.80     762.60     723.40     782.20        0.14
    703.80     782.20     723.40     801.80        0.18
    703.80     801.80     723.40     821.40        0.12
    703.80     821.40     723.40     841.00        0.04
    703.80     841.00     723.40     860.60        0.11
    703.80     860.60     723.40     880.20        0.22
    703.80     880.20     723.40     899.80        0.22
    703.80     899.80     723.40     919.40        0.11
    703.80     919.40     723.40     923.32        0.00
    723.40     155.00     743.00     174.60        0.19
    723.40     174.60     743.00     194.20        0.13
    723.40     194.20     743.00     213.80        0.17
    723.40     213.80     743.00     233.40        0.26
    723.40     233.40     743.00     253.00        0.22
    723.40     253.00     743.00     272.60        0.15
    723.40     272.60     743.00     292.20        0.11
    723.40     292.20     743.00     311.80        0.25
    723.40     311.80     743.00     331.40        0.25
    723.40     331.40     743.00     351.00        0.15
    723.40     351.00     743.00     370.60        0.14
    723.40     370.60     743.00     390.20        0.15
    723.40     390.20     743.00     409.80        0.14
    723.40     409.80     743.00     429.40        0.19
    723.40     429.40     743.00     449.00        0.17
    723.40     449.00     743.00     468.60        0.12
    723.40     468.60     743.00     488.20        0.27
    723.40     488.20     743.00     507.80        0.14
    723.40     507.80     743.00     527.40        0.21
    723.40     527.40     743.00     547.00        0.21
    723.40     547.00     743.00     566.60        0.20
    723.40     566.60     743.00     586.20        0.14
    723.40     586.20     743.00     605.80        0.23
    723.40     605.80     743.00     625.40        0.15
    723.40     625.40     743.00     645.00        0.15
    723.40     645.00     743.00     664.60        0.21
    723.40     664.60     743.00     684.20        0.21
    723.40     684.20     743.00     703.80        0.20
    723.40     703.80     743.00     723.40        0.22
    723.40     723.40     743.00     743.00        0.14
    723.40     743.00     743.00     762.60        0.30
    723.40     762.60     743.00     782.20        0.19
    723.40     782.20     743.00     801.80        0.13
    723.40     801.80     743.00     821.40        0.18
    723.40     821.40     743.00     841.00        0.13
    723.40     841.00     743.00     860.60        0.19
    723.40     860.60     743.00     880.20        0.33
    723.40     880.20     743.00     899.80        0.25
    723.40     899.80     743.00     919.40        0.17
    723.40     919.40     743.00     923.32        0.00
    743.00     155.00     762.60     174.60        0.22
    743.00     174.60     762.60     194.20        0.28
    743.00     194.20     762.60     213.80        0.22
    743.00     213.80     762.60     233.40        0.12
    743.00     233.40     762.60     253.00        0.22
    743.00     253.00     762.60     272.60        0.22
    743.00     272.60     762.60     292.20        0.27
    743.00     292.20     762.60     311.80        0.17
    743.00     311.80     762.60     331.40        0.22
    743.00     331.40     762.60     351.00        0.28
    743.00     351.00     762.60     370.60        0.17
    743.00     370.60     762.60     390.20        0.17
    743.00     390.20     762.60     409.80        0.24
    743.00     409.80     762.60     429.40        0.20
    743.00     429.40     762.60     449.00        0.16
    743.00     449.00     762.60     468.60        0.18
    743.00     468.60     762.60     488.20        0.26
    743.00     488.20     762.60     507.80        0.17
    743.00     507.80     762.60     527.40        0.27
    743.00     527.40     762.60     547.00        0.27
    743.00     547.00     762.60     566.60        0.22
    743.00     566.60     762.60     586.20        0.27
    743.00     586.20     762.60     605.80        0.18
    743.00     605.80     762.60     625.40        0.22
    743.00     625.40     762.60     645.00        0.26
    743.00     645.00     762.60     664.60        0.24
    743.00     664.60     762.60     684.20        0.20
    743.00     684.20     762.60     703.80        0.17
    743.00     703.80     762.60     723.40        0.18
    743.00     723.40     762.60     743.00        0.17
    743.00     743.00     762.60     762.60        0.22
    743.00     762.60     762.60     782.20        0.27
    743.00     782.20     762.60     801.80        0.22
    743.00     801.80     762.60     821.40        0.11
    743.00     821.40     762.60     841.00        0.20
    743.00     841.00     762.60     860.60        0.18
    743.00     860.60     762.60     880.20        0.29
    743.00     880.20     762.60     899.80        0.16
    743.00     899.80     762.60     919.40        0.20
    743.00     919.40     762.60     923.32        0.21
    762.60     155.00     782.20     174.60        0.21
    762.60     174.60     782.20     194.20        0.13
    762.60     194.20     782.20     213.80        0.14
    762.60     213.80     782.20     233.40        0.24
    762.60     233.40     782.20     253.00        0.26
    762.60     253.00     782.20     272.60        0.22
    762.60     272.60     782.20     292.20        0.15
    762.60     292.20     782.20     311.80        0.17
    762.60     311.80     782.20     331.40        0.13
    762.60     331.40     782.20     351.00        0.17
    762.60     351.00     782.20     370.60        0.27
    762.60     370.60     782.20     390.20        0.11
    762.60     390.20     782.20     409.80        0.21
    762.60     409.80     782.20     429.40        0.20
    762.60     429.40     782.20     449.00        0.15
    762.60     449.00     782.20     468.60        0.19
    762.60     468.60     782.20     488.20        0.17
    762.60     488.20     782.20     507.80        0.29
    762.60     507.80     782.20     527.40        0.11
    762.60     527.40     782.20     547.00        0.19
    762.60     547.00     782.20     566.60        0.13
    762.60     566.60     782.20     586.20        0.20
    762.60     586.20     782.20     605.80        0.19
    762.60     605.80     782.20     625.40        0.19
    762.60     625.40     782.20     645.00        0.23
    762.60     645.00     782.20     664.60        0.22
    762.60     664.60     782.20     684.20        0.17
    762.60     684.20     782.20     703.80        0.15
    762.60     703.80     782.20     723.40        0.21
    762.60     723.40     782.20     743.00        0.24
    762.60     743.00     782.20     762.60        0.22
    762.60     762.60     782.20     782.20        0.26
    762.60     782.20     782.20     801.80        0.25
    762.60     801.80     782.20     821.40        0.19
    762.60     821.40     782.20     841.00        0.18
    762.60     841.00     782.20     860.60        0.15
    762.60     860.60     782.20     880.20        0.18
    762.60     880.20     782.20     899.80        0.32
    762.60     899.80     782.20     919.40        0.20
    762.60     919.40     782.20     923.32        0.00
    782.20     155.00     801.80     174.60        0.28
    782.20     174.60     801.80     194.20        0.22
    782.20     194.20     801.80     213.80        0.26
    782.20     213.80     801.80     233.40        0.22
    782.20     233.40     801.80     253.00        0.28
    782.20     253.00     801.80     272.60        0.13
    782.20     272.60     801.80     292.20        0.14
    782.20     292.20     801.80     311.80        0.24
    782.20     311.80     801.80     331.40        0.22
    782.20     331.40     801.80     351.00        0.25
    782.20     351.00     801.80     370.60        0.22
    782.20     370.60     801.80     390.20        0.22
    782.20     390.20     801.80     409.80        0.20
    782.20     409.80     801.80     429.40        0.22
    782.20     429.40     801.80     449.00        0.22
    782.20     449.00     801.80     468.60        0.16
    782.20     468.60     801.80     488.20        0.25
    782.20     488.20     801.80     507.80        0.28
    782.20     507.80     801.80     527.40        0.17
    782.20     527.40     801.80     547.00        0.20
    782.20     547.00     801.80     566.60        0.25
    782.20     566.60     801.80     586.20        0.20
    782.20     586.20     801.80     605.80        0.21
    782.20     605.80     801.80     625.40        0.26
    782.20     625.40     801.80     645.00        0.22
    782.20     645.00     801.80     664.60        0.19
    782.20     664.60     801.80     684.20        0.21
    782.20     684.20     801.80     703.80        0.22
    782.20     703.80     801.80     723.40        0.17
    782.20     723.40     801.80     743.00        0.16
    782.20     743.00     801.80     762.60        0.12
    782.20     762.60     801.80     782.20        0.17
    782.20     782.20     801.80     801.80        0.14
    782.20     801.80     801.80     821.40        0.22
    782.20     821.40     801.80     841.00        0.23
    782.20     841.00     801.80     860.60        0.17
    782.20     860.60     801.80     880.20        0.24
    782.20     880.20     801.80     899.80        0.12
    782.20     899.80     801.80     919.40        0.18
    782.20     919.40     801.80     923.32        0.12
    801.80     155.00     821.40     174.60        0.18
    801.80     174.60     821.40     194.20        0.17
    801.80     194.20     821.40     213.80        0.17
    801.80     213.80     821.40     233.40        0.21
    801.80     233.40     821.40     253.00        0.17
    801.80     253.00     821.40     272.60        0.23
    801.80     272.60     821.40     292.20        0.14
    801.80     292.20     821.40     311.80        0.25
    801.80     311.80     821.40     331.40        0.22
    801.80     331.40     821.40     351.00        0.22
    801.80     351.00     821.40     370.60        0.12
    801.80     370.60     821.40     390.20        0.19
    801.80     390.20     821.40     409.80        0.17
    801.80     409.80     821.40     429.40        0.21
    801.80     429.40     821.40     449.00        0.18
    801.80     449.00     821.40     468.60        0.14
    801.80     468.60     821.40     488.20        0.26
    801.80     488.20     821.40     507.80        0.19
    801.80     507.80     821.40     527.40        0.19
    801.80     527.40     821.40     547.00        0.11
    801.80     547.00     821.40     566.60        0.15
    801.80     566.60     821.40     586.20        0.14
    801.80     586.20     821.40     605.80        0.19
    801.80     605.80     821.40     625.40        0.23
    801.80     625.40     821.40     645.00        0.16
    801.80     645.00     821.40     664.60        0.14
    801.80     664.60     821.40     684.20        0.17
    801.80     684.20     821.40     703.80        0.25
    801.80     703.80     821.40     723.40        0.23
    801.80     723.40     821.40     743.00        0.18
    801.80     743.00     821.40     762.60        0.23
    801.80     762.60     821.40     782.20        0.30
    801.80     782.20     821.40     801.80        0.18
    801.80     801.80     821.40     821.40        0.13
    801.80     821.40     821.40     841.00        0.15
    801.80     841.00     821.40     860.60        0.19
    801.80     860.60     821.40     880.20        0.21
    801.80     880.20     821.40     899.80        0.14
    801.80     899.80     821.40     919.40        0.17
    801.80     919.40     821.40     923.32        0.20
    821.40     155.00     841.00     174.60        0.22
    821.40     174.60     841.00     194.20        0.22
    821.40     194.20     841.00     213.80        0.31
    821.40     213.80     841.00     233.40        0.24
    821.40     233.40     841.00     253.00        0.20
    821.40     253.00     841.00     272.60        0.22
    821.40     272.60     841.00     292.20        0.27
    821.40     292.20     841.00     311.80        0.27
    821.40     311.80     841.00     331.40        0.19
    821.40     331.40     841.00     351.00        0.26
    821.40     351.00     841.00     370.60        0.17
    821.40     370.60     841.00     390.20        0.22
    821.40     390.20     841.00     409.80        0.17
    821.40     409.80     841.00     429.40        0.22
    821.40     429.40     841.00     449.00        0.20
    821.40     449.00     841.00     468.60        0.22
    821.40     468.60     841.00     488.20        0.30
    821.40     488.20     841.00     507.80        0.19
    821.40     507.80     841.00     527.40        0.26
    821.40     527.40     841.00     547.00        0.28
    821.40     547.00     841.00     566.60        0.22
    821.40     566.60     841.00     586.20        0.24
    821.40     586.20     841.00     605.80        0.24
    821.40     605.80     841.00     625.40        0.24
    821.40     625.40     841.00     645.00        0.25
    821.40     645.00     841.00     664.60        0.22
    821.40     664.60     841.00     684.20        0.22
    821.40     684.20     841.00     703.80        0.22
    821.40     703.80     841.00     723.40        0.17
    821.40     723.40     841.00     743.00        0.17
    821.40     743.00     841.00     762.60        0.18
    821.40     762.60     841.00     782.20        0.17
    821.40     782.20     841.00     801.80        0.21
    821.40     801.80     841.00     821.40        0.17
    821.40     821.40     841.00     841.00        0.26
    821.40     841.00     841.00     860.60        0.25
    821.40     860.60     841.00     880.20        0.28
    821.40     880.20     841.00     899.80        0.22
    821.40     899.80     841.00     919.40        0.25
    821.40     919.40     841.00     923.32        0.08
    841.00     155.00     860.60     174.60        0.15
    841.00     174.60     860.60     194.20        0.25
    841.00     194.20     860.60     213.80        0.26
    841.00     213.80     860.60     233.40        0.11
    841.00     233.40     860.60     253.00        0.17
    841.00     253.00     860.60     272.60        0.21
    841.00     272.60     860.60     292.20        0.19
    841.00     292.20     860.60     311.80        0.15
    841.00     311.80     860.60     331.40        0.25
    841.00     331.40     860.60     351.00        0.13
    841.00     351.00     860.60     370.60        0.22
    841.00     370.60     860.60     390.20        0.15
    841.00     390.20     860.60     409.80        0.17
    841.00     409.80     860.60     429.40        0.19
    841.00     429.40     860.60     449.00        0.23
    841.00     449.00     860.60     468.60        0.15
    841.00     468.60     860.60     488.20        0.13
    841.00     488.20     860.60     507.80        0.27
    841.00     507.80     860.60     527.40        0.15
    841.00     527.40     860.60     547.00        0.14
    841.00     547.00     860.60     566.60        0.17
    841.00     566.60     860.60     586.20        0.11
    841.00     586.20     860.60     605.80        0.18
    841.00     605.80     860.60     625.40        0.23
    841.00     625.40     860.60     645.00        0.17
    841.00     645.00     860.60     664.60        0.18
    841.00     664.60     860.60     684.20        0.17
    841.00     684.20     860.60     703.80        0.20
    841.00     703.80     860.60     723.40        0.14
    841.00     723.40     860.60     743.00        0.26
    841.00     743.00     860.60     762.60        0.22
    841.00     762.60     860.60     782.20        0.18
    841.00     782.20     860.60     801.80        0.17
    841.00     801.80     860.60     821.40        0.17
    841.00     821.40     860.60     841.00        0.18
    841.00     841.00     860.60     860.60        0.19
    841.00     860.60     860.60     880.20        0.23
    841.00     880.20     860.60     899.80        0.22
    841.00     899.80     860.60     919.40        0.19
    841.00     919.40     860.60     923.32        0.00
    860.60     155.00     880.20     174.60        0.23
    860.60     174.60     880.20     194.20        0.26
    860.60     194.20     880.20     213.80        0.29
    860.60     213.80     880.20     233.40        0.19
    860.60     233.40     880.20     253.00        0.23
    860.60     253.00     880.20     272.60        0.21
    860.60     272.60     880.20     292.20        0.26
    860.60     292.20     880.20     311.80        0.21
    860.60     311.80     880.20     331.40        0.27
    860.60     331.40     880.20     351.00        0.26
    860.60     351.00     880.20     370.60        0.22
    860.60     370.60     880.20     390.20        0.23
    860.60     390.20     880.20     409.80        0.25
    860.60     409.80     880.20     429.40        0.22
    860.60     429.40     880.20     449.00        0.29
    860.60     449.00     880.20     468.60        0.22
    860.60     468.60     880.20     488.20        0.22
    860.60     488.20     880.20     507.80        0.22
    860.60     507.80     880.20     527.40        0.22
    860.60     527.40     880.20     547.00        0.24
    860.60     547.00     880.20     566.60        0.25
    860.60     566.60     880.20     586.20        0.21
    860.60     586.20     880.20     605.80        0.23
    860.60     605.80     880.20     625.40        0.30
    860.60     625.40     880.20     645.00        0.21
    860.60     645.00     880.20     664.60        0.19
    860.60     664.60     880.20     684.20        0.20
    860.60     684.20     880.20     703.80        0.15
    860.60     703.80     880.20     723.40        0.18
    860.60     723.40     880.20     743.00        0.23
    860.60     743.00     880.20     762.60        0.29
    860.60     762.60     880.20     782.20        0.21
    860.60     782.20     880.20     801.80        0.18
    860.60     801.80     880.20     821.40        0.18
    860.60     821.40     880.20     841.00        0.18
    860.60     841.00     880.20     860.60        0.18
    860.60     860.60     880.20     880.20        0.21
    860.60     880.20     880.20     899.80        0.20
    860.60     899.80     880.20     919.40        0.24
    860.60     919.40     880.20     923.32        0.07
    880.20     155.00     899.80     174.60        0.15
    880.20     174.60     899.80     194.20        0.10
    880.20     194.20     899.80     213.80        0.24
    880.20     213.80     899.80     233.40        0.21
    880.20     233.40     899.80     253.00        0.12
    880.20     253.00     899.80     272.60        0.17
    880.20     272.60     899.80     292.20        0.14
    880.20     292.20     899.80     311.80        0.24
    880.20     311.80     899.80     331.40        0.12
    880.20     331.40     899.80     351.00        0.15
    880.20     351.00     899.80     370.60        0.12
    880.20     370.60     899.80     390.20        0.17
    880.20     390.20     899.80     409.80        0.19
    880.20     409.80     899.80     429.40        0.10
    880.20     429.40     899.80     449.00        0.14
    880.20     449.00     899.80     468.60        0.21
    880.20     468.60     899.80     488.20        0.19
    880.20     488.20     899.80     507.80        0.15
    880.20     507.80     899.80     527.40        0.04
    880.20     527.40     899.80     547.00        0.17
    880.20     547.00     899.80     566.60        0.25
    880.20     566.60     899.80     586.20        0.17
    880.20     586.20     899.80     605.80        0.12
    880.20     605.80     899.80     625.40        0.14
    880.20     625.40     899.80     645.00        0.15
    880.20     645.00     899.80     664.60        0.12
    880.20     664.60     899.80     684.20        0.27
    880.20     684.20     899.80     703.80        0.10
    880.20     703.80     899.80     723.40        0.15
    880.20     723.40     899.80     743.00        0.19
    880.20     743.00     899.80     762.60        0.14
    880.20     762.60     899.80     782.20        0.17
    880.20     782.20     899.80     801.80        0.17
    880.20     801.80     899.80     821.40        0.17
    880.20     821.40     899.80     841.00        0.15
    880.20     841.00     899.80     860.60        0.17
    880.20     860.60     899.80     880.20        0.12
    880.20     880.20     899.80     899.80        0.17
    880.20     899.80     899.80     919.40        0.20
    880.20     919.40     899.80     923.32        0.00
    899.80     155.00     919.40     174.60        0.18
    899.80     174.60     919.40     194.20        0.27
    899.80     194.20     919.40     213.80        0.18
    899.80     213.80     919.40     233.40        0.21
    899.80     233.40     919.40     253.00        0.30
    899.80     253.00     919.40     272.60        0.19
    899.80     272.60     919.40     292.20        0.19
    899.80     292.20     919.40     311.80        0.30
    899.80     311.80     919.40     331.40        0.18
    899.80     331.40     919.40     351.00        0.23
    899.80     351.00     919.40     370.60        0.18
    899.80     370.60     919.40     390.20        0.23
    899.80     390.20     919.40     409.80        0.26
    899.80     409.80     919.40     429.40        0.22
    899.80     429.40     919.40     449.00        0.26
    899.80     449.00     919.40     468.60        0.25
    899.80     468.60     919.40     488.20        0.26
    899.80     488.20     919.40     507.80        0.27
    899.80     507.80     919.40     527.40        0.25
    899.80     527.40     919.40     547.00        0.19
    899.80     547.00     919.40     566.60        0.18
    899.80     566.60     919.40     586.20        0.29
    899.80     586.20     919.40     605.80        0.21
    899.80     605.80     919.40     625.40        0.23
    899.80     625.40     919.40     645.00        0.18
    899.80     645.00     919.40     664.60        0.18
    899.80     664.60     919.40     684.20        0.27
    899.80     684.20     919.40     703.80        0.26
    899.80     703.80     919.40     723.40        0.19
    899.80     723.40     919.40     743.00        0.30
    899.80     743.00     919.40     762.60        0.12
    899.80     762.60     919.40     782.20        0.27
    899.80     782.20     919.40     801.80        0.20
    899.80     801.80     919.40     821.40        0.18
    899.80     821.40     919.40     841.00        0.21
    899.80     841.00     919.40     860.60        0.18
    899.80     860.60     919.40     880.20        0.17
    899.80     880.20     919.40     899.80        0.18
    899.80     899.80     919.40     919.40        0.32
    899.80     919.40     919.40     923.32        0.06
    919.40     155.00     936.20     174.60        0.21
    919.40     174.60     936.20     194.20        0.24
    919.40     194.20     936.20     213.80        0.20
    919.40     213.80     936.20     233.40        0.20
    919.40     233.40     936.20     253.00        0.23
    919.40     253.00     936.20     272.60        0.16
    919.40     272.60     936.20     292.20        0.23
    919.40     292.20     936.20     311.80        0.16
    919.40     311.80     936.20     331.40        0.21
    919.40     331.40     936.20     351.00        0.26
    919.40     351.00     936.20     370.60        0.21
    919.40     370.60     936.20     390.20        0.21
    919.40     390.20     936.20     409.80        0.27
    919.40     409.80     936.20     429.40        0.21
    919.40     429.40     936.20     449.00        0.20
    919.40     449.00     936.20     468.60        0.21
    919.40     468.60     936.20     488.20        0.26
    919.40     488.20     936.20     507.80        0.21
    919.40     507.80     936.20     527.40        0.22
    919.40     527.40     936.20     547.00        0.20
    919.40     547.00     936.20     566.60        0.26
    919.40     566.60     936.20     586.20        0.25
    919.40     586.20     936.20     605.80        0.25
    919.40     605.80     936.20     625.40        0.21
    919.40     625.40     936.20     645.00        0.24
    919.40     645.00     936.20     664.60        0.21
    919.40     664.60     936.20     684.20        0.25
    919.40     684.20     936.20     703.80        0.19
    919.40     703.80     936.20     723.40        0.23
    919.40     723.40     936.20     743.00        0.20
    919.40     743.00     936.20     762.60        0.25
    919.40     762.60     936.20     782.20        0.16
    919.40     782.20     936.20     801.80        0.24
    919.40     801.80     936.20     821.40        0.23
    919.40     821.40     936.20     841.00        0.24
    919.40     841.00     936.20     860.60        0.22
    919.40     860.60     936.20     880.20        0.27
    919.40     880.20     936.20     899.80        0.20
    919.40     899.80     936.20     919.40        0.19
    919.40     919.40     936.20     923.32        0.10
-----------------------------------------------------------

Number of regions with placement utilization 0 - 0.125 is 121 (7.56%)
Number of regions with placement utilization 0.125 - 0.25 is 1207 (75.44%)
Number of regions with placement utilization 0.25 - 0.375 is 267 (16.69%)
Number of regions with placement utilization 0.375 - 0.5 is 5 (0.31%)
Number of regions with placement utilization 0.5 - 0.625 is 0 (0.00%)
Number of regions with placement utilization 0.625 - 0.75 is 0 (0.00%)
Number of regions with placement utilization 0.75 - 0.875 is 0 (0.00%)
Number of regions with placement utilization 0.875 - 1 is 0 (0.00%)
1
