Information: Updating graph... (UID-83)
Information: Updating design information... (UID-85)
 
****************************************
Report : timing
        -path full
        -delay max
        -input_pins
        -nets
        -max_paths 1
        -transition_time
        -capacitance
Design : systolic_array
Version: L-2016.03-SP5-3
Date   : Tue Dec 27 20:10:13 2022
****************************************

 * Some/all delay information is back-annotated.

Operating Conditions: WCCOM   Library: tcb018gbwp7twc_ccs

  Startpoint: rstn_p (input port clocked by clk_p)
  Endpoint: SA_A_1_shift_reg_reg_5__5_
            (rising edge-triggered flip-flop clocked by clk_p)
  Path Group: REGIN
  Path Type: max

  Point                                       Fanout       Cap     Trans      Incr       Path
  ----------------------------------------------------------------------------------------------
  clock clk_p (rise edge)                                                     0.00       0.00
  clock network delay (ideal)                                                 0.00       0.00
  input external delay                                                       12.00      12.00 r
  rstn_p (in)                                                       0.00     10.02      22.02 r
  rstn_p (net)                                  1         2.31                0.00      22.02 r
  u_pad_rst_n/PAD (PDUW0208SCDG)                                    0.00      0.09 *    22.11 r
  u_pad_rst_n/C (PDUW0208SCDG)                                      0.42      1.31      23.42 r
  rstn (net)                                    5         0.09                0.00      23.42 r
  U1399/I (INVD0BWP7T)                                              0.42      0.01 *    23.43 r
  U1399/ZN (INVD0BWP7T)                                             0.76      0.58      24.01 f
  n3327 (net)                                   8         0.09                0.00      24.01 f
  U3493/B (AOI21D2BWP7T)                                            0.76      0.00 *    24.02 f
  U3493/ZN (AOI21D2BWP7T)                                           0.62      0.55      24.56 r
  n3322 (net)                                   9         0.06                0.00      24.56 r
  U4784/I (DEL1BWP7T)                                               0.62      0.00 *    24.57 r
  U4784/Z (DEL1BWP7T)                                               0.25      1.08      25.65 r
  n4319 (net)                                   3         0.02                0.00      25.65 r
  U3494/B (OAI31D0BWP7T)                                            0.25      0.00 *    25.65 r
  U3494/ZN (OAI31D0BWP7T)                                           1.01      0.69      26.34 f
  n3323 (net)                                   2         0.07                0.00      26.34 f
  U3973/A1 (ND2D1BWP7T)                                             1.01      0.00 *    26.35 f
  U3973/ZN (ND2D1BWP7T)                                             0.94      0.82      27.16 r
  n3324 (net)                                  19         0.10                0.00      27.16 r
  U3219/I (DEL1BWP7T)                                               0.94      0.02 *    27.18 r
  U3219/Z (DEL1BWP7T)                                               0.54      1.30      28.48 r
  n3948 (net)                                  14         0.06                0.00      28.48 r
  U4573/B2 (AOI22D0BWP7T)                                           0.54      0.00 *    28.48 r
  U4573/ZN (AOI22D0BWP7T)                                           0.24      0.22      28.70 f
  n3728 (net)                                   1         0.01                0.00      28.70 f
  U4574/B (OAI21D0BWP7T)                                            0.24      0.00 *    28.70 f
  U4574/ZN (OAI21D0BWP7T)                                           0.46      0.24      28.95 r
  n591 (net)                                    1         0.01                0.00      28.95 r
  SA_A_1_shift_reg_reg_5__5_/D (DFQD0BWP7T)                         0.46      0.00 *    28.95 r
  data arrival time                                                                     28.95

  clock clk_p (rise edge)                                                    40.00      40.00
  clock network delay (ideal)                                                 0.00      40.00
  clock uncertainty                                                          -0.50      39.50
  SA_A_1_shift_reg_reg_5__5_/CP (DFQD0BWP7T)                                  0.00      39.50 r
  library setup time                                                         -0.12      39.38
  data required time                                                                    39.38
  ----------------------------------------------------------------------------------------------
  data required time                                                                    39.38
  data arrival time                                                                    -28.95
  ----------------------------------------------------------------------------------------------
  slack (MET)                                                                           10.43


  Startpoint: SA_ctrl_state_overall_reg_1_
              (rising edge-triggered flip-flop clocked by clk_p)
  Endpoint: p_shift_out[7]
            (output port clocked by clk_p)
  Path Group: REGOUT
  Path Type: max

  Point                                       Fanout       Cap     Trans      Incr       Path
  ----------------------------------------------------------------------------------------------
  clock clk_p (rise edge)                                                     0.00       0.00
  clock network delay (ideal)                                                 0.00       0.00
  SA_ctrl_state_overall_reg_1_/CP (DFQD1BWP7T)                      0.00      0.00       0.00 r
  SA_ctrl_state_overall_reg_1_/Q (DFQD1BWP7T)                       0.28      0.45       0.45 r
  SA_ctrl_state_overall[1] (net)                5         0.03                0.00       0.45 r
  U2733/I (INVD0BWP7T)                                              0.28      0.00 *     0.45 r
  U2733/ZN (INVD0BWP7T)                                             0.32      0.27       0.72 f
  n3909 (net)                                   5         0.03                0.00       0.72 f
  U1398/A1 (NR2D1BWP7T)                                             0.32      0.00 *     0.72 f
  U1398/ZN (NR2D1BWP7T)                                             2.43      1.51       2.23 r
  ack (net)                                     9         0.15                0.00       2.23 r
  U1417/A3 (ND3D0BWP7T)                                             2.43      0.02 *     2.25 r
  U1417/ZN (ND3D0BWP7T)                                             1.89      1.39       3.64 f
  n3055 (net)                                   5         0.09                0.00       3.64 f
  U3015/I (INVD0BWP7T)                                              1.89      0.00 *     3.64 f
  U3015/ZN (INVD0BWP7T)                                             0.85      0.83       4.47 r
  n3938 (net)                                   8         0.03                0.00       4.47 r
  U1441/A1 (AOI22D0BWP7T)                                           0.85      0.00 *     4.48 r
  U1441/ZN (AOI22D0BWP7T)                                           0.50      0.42       4.89 f
  n1070 (net)                                   1         0.02                0.00       4.89 f
  U1442/A2 (ND2D1BWP7T)                                             0.50      0.00 *     4.89 f
  U1442/ZN (ND2D1BWP7T)                                             0.92      0.69       5.59 r
  shift_out[7] (net)                            1         0.11                0.00       5.59 r
  u_pad_data_out_7/I (PDDW0208CDG)                                  0.92      0.02 *     5.60 r
  u_pad_data_out_7/PAD (PDDW0208CDG)                                1.37      4.28       9.88 r
  p_shift_out[7] (net)                          1         2.41                0.00       9.88 r
  p_shift_out[7] (out)                                              1.37      0.00 *     9.88 r
  data arrival time                                                                      9.88

  clock clk_p (rise edge)                                                    40.00      40.00
  clock network delay (ideal)                                                 0.00      40.00
  clock uncertainty                                                          -0.50      39.50
  output external delay                                                     -12.00      27.50
  data required time                                                                    27.50
  ----------------------------------------------------------------------------------------------
  data required time                                                                    27.50
  data arrival time                                                                     -9.88
  ----------------------------------------------------------------------------------------------
  slack (MET)                                                                           17.62


  Startpoint: SA_core_pe_1_0_Bij_o_reg_2_
              (rising edge-triggered flip-flop clocked by clk_p)
  Endpoint: SA_core_pe_2_0_Cij_o_reg_7_
            (rising edge-triggered flip-flop clocked by clk_p)
  Path Group: clk_p
  Path Type: max

  Point                                       Fanout       Cap     Trans      Incr       Path
  ----------------------------------------------------------------------------------------------
  clock clk_p (rise edge)                                                     0.00       0.00
  clock network delay (ideal)                                                 0.00       0.00
  SA_core_pe_1_0_Bij_o_reg_2_/CP (DFQD0BWP7T)                       0.00      0.00       0.00 r
  SA_core_pe_1_0_Bij_o_reg_2_/Q (DFQD0BWP7T)                        1.40      1.06       1.06 r
  SA_core_connect[106] (net)                    2         0.08                0.00       1.06 r
  U1840/I (INVD0BWP7T)                                              1.40      0.01 *     1.07 r
  U1840/ZN (INVD0BWP7T)                                             0.74      0.67       1.74 f
  n3819 (net)                                   8         0.06                0.00       1.74 f
  U2384/A1 (NR2D1BWP7T)                                             0.74      0.00 *     1.74 f
  U2384/ZN (NR2D1BWP7T)                                             0.32      0.32       2.06 r
  n1966 (net)                                   1         0.01                0.00       2.06 r
  U2401/A (FA1D0BWP7T)                                              0.32      0.00 *     2.06 r
  U2401/S (FA1D0BWP7T)                                              0.17      0.71       2.77 f
  n1959 (net)                                   1         0.01                0.00       2.77 f
  U2396/B (FA1D0BWP7T)                                              0.17      0.00 *     2.77 f
  U2396/S (FA1D0BWP7T)                                              0.16      0.65       3.43 f
  n1955 (net)                                   2         0.01                0.00       3.43 f
  U2392/I (INVD0BWP7T)                                              0.16      0.00 *     3.43 f
  U2392/ZN (INVD0BWP7T)                                             0.30      0.23       3.66 r
  n1962 (net)                                   2         0.02                0.00       3.66 r
  U1946/B (MAOI222D1BWP7T)                                          0.30      0.00 *     3.66 r
  U1946/ZN (MAOI222D1BWP7T)                                         0.22      0.22       3.87 f
  n4229 (net)                                   1         0.01                0.00       3.87 f
  U2407/B (FA1D0BWP7T)                                              0.22      0.00 *     3.87 f
  U2407/CO (FA1D0BWP7T)                                             0.19      0.64       4.52 f
  n1987 (net)                                   3         0.01                0.00       4.52 f
  U2422/A (MAOI222D0BWP7T)                                          0.19      0.00 *     4.52 f
  U2422/ZN (MAOI222D0BWP7T)                                         0.52      0.35       4.87 r
  n1988 (net)                                   1         0.00                0.00       4.87 r
  U4651/I (INVD0BWP7T)                                              0.52      0.00 *     4.87 r
  U4651/ZN (INVD0BWP7T)                                             0.18      0.15       5.02 f
  n4189 (net)                                   1         0.01                0.00       5.02 f
  U2442/A (FA1D0BWP7T)                                              0.18      0.00 *     5.02 f
  U2442/CO (FA1D0BWP7T)                                             0.22      0.66       5.68 f
  n2027 (net)                                   1         0.02                0.00       5.68 f
  U2459/A1 (XNR4D0BWP7T)                                            0.22      0.00 *     5.68 f
  U2459/ZN (XNR4D0BWP7T)                                            0.34      0.58       6.26 r
  n2057 (net)                                   2         0.02                0.00       6.26 r
  U2460/A2 (NR2D1BWP7T)                                             0.34      0.00 *     6.26 r
  U2460/ZN (NR2D1BWP7T)                                             0.11      0.11       6.36 f
  n2055 (net)                                   1         0.01                0.00       6.36 f
  U2461/C (AOI211D1BWP7T)                                           0.11      0.00 *     6.37 f
  U2461/ZN (AOI211D1BWP7T)                                          0.41      0.36       6.72 r
  SA_core_pe_2_0_N17 (net)                      1         0.01                0.00       6.72 r
  SA_core_pe_2_0_Cij_o_reg_7_/D (DFQD0BWP7T)                        0.41      0.00 *     6.72 r
  data arrival time                                                                      6.72

  clock clk_p (rise edge)                                                    40.00      40.00
  clock network delay (ideal)                                                 0.00      40.00
  clock uncertainty                                                          -0.50      39.50
  SA_core_pe_2_0_Cij_o_reg_7_/CP (DFQD0BWP7T)                                 0.00      39.50 r
  library setup time                                                         -0.12      39.38
  data required time                                                                    39.38
  ----------------------------------------------------------------------------------------------
  data required time                                                                    39.38
  data arrival time                                                                     -6.72
  ----------------------------------------------------------------------------------------------
  slack (MET)                                                                           32.66


1
