--- Snapshot Timing Progress ---
--------------------------------------------------------------------------------------------------------------------------------------------------------------------------------
QoR Report                                   WNS     TNS     Hold     LogicDRC     RouteDRC     Cell Cnt      Area     Buf/Inv       Util     CPU/Elps(hr)    Mem(Mb)       Host
--------------------------------------------------------------------------------------------------------------------------------------------------------------------------------
route_opt_icc                              4.363     0.0        0           41            0         4089     86570         611     16.56%        0.02/0.02        948     c01n10
chip_finish_icc                            4.278     0.0        0           68            0         4089     86671         611     14.44%        0.03/0.04        938     c01n10
metal_fill_icc                             4.278     0.0        0           68            0         4089     86671         611     14.87%        0.01/0.01        891     c01n10
init_design_icc                           11.567     0.0        0          231            0         3955     82175         477     13.69%        0.01/0.01        889     c01n10
place_opt_icc                              7.188     0.0        0          485            0         4056     84623         578     16.43%        0.02/0.02        889     c01n10
clock_opt_cts_icc                          4.088     0.0        0          481            0         4071     85060         593     16.52%        0.01/0.01        905     c01n10
clock_opt_psyn_icc                         4.249     0.0        0          337            0         4078     85266         600     16.56%        0.02/0.02        890     c01n10
clock_opt_route_icc                        4.255     0.0        0          336            0         4078     85266         600     16.56%        0.01/0.01        925     c01n10
route_icc                                  4.466     0.0        0          244            0         4078     85266         600     16.56%        0.02/0.02        927     c01n10


***********************************************
Report          : create_qor_snapshot (route_opt_icc)
Design          : systolic_array
Version         : L-2016.03-SP5-3
Date            : Tue Dec 27 19:46:03 2022
Time unit       : 1.0e-09 Second(ns)
Capacitance unit: 1.0e-12 Farad(pF)
Voltage unit    : 1 Volt
Power unit      : N/A
Location        : /bks2/PB20000328/ic_design/apr/snapshot
***********************************************
No. of scenario = 1
--------------------------------------------------
WNS of each timing group:                
--------------------------------------------------
--------------------------------------------------
Setup WNS:                                   4.363 
Setup TNS:                                     0.0
Number of setup violations:                      0  
Hold WNS:                                    0.000  
Hold TNS:                                    0.000  
Number of hold violations:                       0  
Number of max trans violations:                 41  
Number of max cap violations:                    0  
Number of min pulse width violations:            0  
Route drc violations:                            0
--------------------------------------------------
Area:                                        86570
Cell count:                                   4089
Buf/inv cell count:                            611
Std cell utilization:                       16.56%
CPU/ELAPSE(hr):                          0.02/0.02
Mem(Mb):                                       948
Host name:                                  c01n10
--------------------------------------------------
Histogram:           
--------------------------------------------------
Max violations:         0 
   above ~ -0.7  ---    0 
    -0.6 ~ -0.7  ---    0 
    -0.5 ~ -0.6  ---    0 
    -0.4 ~ -0.5  ---    0 
    -0.3 ~ -0.4  ---    0 
    -0.2 ~ -0.3  ---    0 
    -0.1 ~ -0.2  ---    0 
       0 ~ -0.1  ---    0 
--------------------------------------------------
Min violations:         0 
  -0.06 ~ above  ---    0 
  -0.05 ~ -0.06  ---    0 
  -0.04 ~ -0.05  ---    0 
  -0.03 ~ -0.04  ---    0 
  -0.02 ~ -0.03  ---    0 
  -0.01 ~ -0.02  ---    0 
      0 ~ -0.01  ---    0 
--------------------------------------------------
Global Skew Report:                  CT Buf    Period 
--------------------------------------------------
clk_p               0.027/16.372      18     40.0000 
--------------------------------------------------
Worst Skew                 0.027 
Worst Delay               16.372 
Max Transitions                0 
Max Caps                       0 
Max Fanouts                    0 
--------------------------------------------------





***********************************************
Report          : create_qor_snapshot (chip_finish_icc)
Design          : systolic_array
Version         : L-2016.03-SP5-3
Date            : Tue Dec 27 19:48:30 2022
Time unit       : 1.0e-09 Second(ns)
Capacitance unit: 1.0e-12 Farad(pF)
Voltage unit    : 1 Volt
Power unit      : N/A
Location        : /bks2/PB20000328/ic_design/apr/snapshot
***********************************************
No. of scenario = 1
--------------------------------------------------
WNS of each timing group:                
--------------------------------------------------
--------------------------------------------------
Setup WNS:                                   4.278 
Setup TNS:                                     0.0
Number of setup violations:                      0  
Hold WNS:                                    0.000  
Hold TNS:                                    0.000  
Number of hold violations:                       0  
Number of max trans violations:                 68  
Number of max cap violations:                    0  
Number of min pulse width violations:            0  
Route drc violations:                            0
--------------------------------------------------
Area:                                        86671
Cell count:                                   4089
Buf/inv cell count:                            611
Std cell utilization:                       14.44%
CPU/ELAPSE(hr):                          0.03/0.04
Mem(Mb):                                       938
Host name:                                  c01n10
--------------------------------------------------
Histogram:           
--------------------------------------------------
Max violations:         0 
   above ~ -0.7  ---    0 
    -0.6 ~ -0.7  ---    0 
    -0.5 ~ -0.6  ---    0 
    -0.4 ~ -0.5  ---    0 
    -0.3 ~ -0.4  ---    0 
    -0.2 ~ -0.3  ---    0 
    -0.1 ~ -0.2  ---    0 
       0 ~ -0.1  ---    0 
--------------------------------------------------
Min violations:         0 
  -0.06 ~ above  ---    0 
  -0.05 ~ -0.06  ---    0 
  -0.04 ~ -0.05  ---    0 
  -0.03 ~ -0.04  ---    0 
  -0.02 ~ -0.03  ---    0 
  -0.01 ~ -0.02  ---    0 
      0 ~ -0.01  ---    0 
--------------------------------------------------
Global Skew Report:                  CT Buf    Period 
--------------------------------------------------
clk_p               0.028/16.377      18     40.0000 
--------------------------------------------------
Worst Skew                 0.028 
Worst Delay               16.377 
Max Transitions                0 
Max Caps                       0 
Max Fanouts                    0 
--------------------------------------------------





***********************************************
Report          : create_qor_snapshot (metal_fill_icc)
Design          : systolic_array
Version         : L-2016.03-SP5-3
Date            : Tue Dec 27 19:49:25 2022
Time unit       : 1.0e-09 Second(ns)
Capacitance unit: 1.0e-12 Farad(pF)
Voltage unit    : 1 Volt
Power unit      : N/A
Location        : /bks2/PB20000328/ic_design/apr/snapshot
***********************************************
No. of scenario = 1
--------------------------------------------------
WNS of each timing group:                
--------------------------------------------------
--------------------------------------------------
Setup WNS:                                   4.278 
Setup TNS:                                     0.0
Number of setup violations:                      0  
Hold WNS:                                    0.000  
Hold TNS:                                    0.000  
Number of hold violations:                       0  
Number of max trans violations:                 68  
Number of max cap violations:                    0  
Number of min pulse width violations:            0  
Route drc violations:                            0
--------------------------------------------------
Area:                                        86671
Cell count:                                   4089
Buf/inv cell count:                            611
Std cell utilization:                       14.87%
CPU/ELAPSE(hr):                          0.01/0.01
Mem(Mb):                                       891
Host name:                                  c01n10
--------------------------------------------------
Histogram:           
--------------------------------------------------
Max violations:         0 
   above ~ -0.7  ---    0 
    -0.6 ~ -0.7  ---    0 
    -0.5 ~ -0.6  ---    0 
    -0.4 ~ -0.5  ---    0 
    -0.3 ~ -0.4  ---    0 
    -0.2 ~ -0.3  ---    0 
    -0.1 ~ -0.2  ---    0 
       0 ~ -0.1  ---    0 
--------------------------------------------------
Min violations:         0 
  -0.06 ~ above  ---    0 
  -0.05 ~ -0.06  ---    0 
  -0.04 ~ -0.05  ---    0 
  -0.03 ~ -0.04  ---    0 
  -0.02 ~ -0.03  ---    0 
  -0.01 ~ -0.02  ---    0 
      0 ~ -0.01  ---    0 
--------------------------------------------------
Global Skew Report:                  CT Buf    Period 
--------------------------------------------------
clk_p               0.028/16.377      18     40.0000 
--------------------------------------------------
Worst Skew                 0.028 
Worst Delay               16.377 
Max Transitions                0 
Max Caps                       0 
Max Fanouts                    0 
--------------------------------------------------





***********************************************
Report          : create_qor_snapshot (init_design_icc)
Design          : systolic_array
Version         : L-2016.03-SP5-3
Date            : Tue Dec 27 20:09:10 2022
Time unit       : 1.0e-09 Second(ns)
Capacitance unit: 1.0e-12 Farad(pF)
Voltage unit    : 1 Volt
Power unit      : N/A
Location        : /bks2/PB20000328/ic_design/apr/snapshot
***********************************************
No. of scenario = 1
--------------------------------------------------
WNS of each timing group:                
--------------------------------------------------
--------------------------------------------------
Setup WNS:                                  11.567 
Setup TNS:                                     0.0
Number of setup violations:                      0  
Hold WNS:                                    0.000  
Hold TNS:                                    0.000  
Number of hold violations:                       0  
Number of max trans violations:                231  
Number of max cap violations:                    0  
Number of min pulse width violations:            0  
Route drc violations:                            0
--------------------------------------------------
Area:                                        82175
Cell count:                                   3955
Buf/inv cell count:                            477
Std cell utilization:                       13.69%
CPU/ELAPSE(hr):                          0.01/0.01
Mem(Mb):                                       889
Host name:                                  c01n10
--------------------------------------------------
Histogram:           
--------------------------------------------------
Max violations:         0 
   above ~ -0.7  ---    0 
    -0.6 ~ -0.7  ---    0 
    -0.5 ~ -0.6  ---    0 
    -0.4 ~ -0.5  ---    0 
    -0.3 ~ -0.4  ---    0 
    -0.2 ~ -0.3  ---    0 
    -0.1 ~ -0.2  ---    0 
       0 ~ -0.1  ---    0 
--------------------------------------------------
Min violations:         0 
  -0.06 ~ above  ---    0 
  -0.05 ~ -0.06  ---    0 
  -0.04 ~ -0.05  ---    0 
  -0.03 ~ -0.04  ---    0 
  -0.02 ~ -0.03  ---    0 
  -0.01 ~ -0.02  ---    0 
      0 ~ -0.01  ---    0 
--------------------------------------------------





***********************************************
Report          : create_qor_snapshot (place_opt_icc)
Design          : systolic_array
Version         : L-2016.03-SP5-3
Date            : Tue Dec 27 20:11:21 2022
Time unit       : 1.0e-09 Second(ns)
Capacitance unit: 1.0e-12 Farad(pF)
Voltage unit    : 1 Volt
Power unit      : N/A
Location        : /bks2/PB20000328/ic_design/apr/snapshot
***********************************************
No. of scenario = 1
--------------------------------------------------
WNS of each timing group:                
--------------------------------------------------
--------------------------------------------------
Setup WNS:                                   7.188 
Setup TNS:                                     0.0
Number of setup violations:                      0  
Hold WNS:                                    0.000  
Hold TNS:                                    0.000  
Number of hold violations:                       0  
Number of max trans violations:                484  
Number of max cap violations:                    1  
Number of min pulse width violations:            0  
Route drc violations:                            0
--------------------------------------------------
Area:                                        84623
Cell count:                                   4056
Buf/inv cell count:                            578
Std cell utilization:                       16.43%
CPU/ELAPSE(hr):                          0.02/0.02
Mem(Mb):                                       889
Host name:                                  c01n10
--------------------------------------------------
Histogram:           
--------------------------------------------------
Max violations:         0 
   above ~ -0.7  ---    0 
    -0.6 ~ -0.7  ---    0 
    -0.5 ~ -0.6  ---    0 
    -0.4 ~ -0.5  ---    0 
    -0.3 ~ -0.4  ---    0 
    -0.2 ~ -0.3  ---    0 
    -0.1 ~ -0.2  ---    0 
       0 ~ -0.1  ---    0 
--------------------------------------------------
Min violations:         0 
  -0.06 ~ above  ---    0 
  -0.05 ~ -0.06  ---    0 
  -0.04 ~ -0.05  ---    0 
  -0.03 ~ -0.04  ---    0 
  -0.02 ~ -0.03  ---    0 
  -0.01 ~ -0.02  ---    0 
      0 ~ -0.01  ---    0 
--------------------------------------------------





***********************************************
Report          : create_qor_snapshot (clock_opt_cts_icc)
Design          : systolic_array
Version         : L-2016.03-SP5-3
Date            : Tue Dec 27 20:12:15 2022
Time unit       : 1.0e-09 Second(ns)
Capacitance unit: 1.0e-12 Farad(pF)
Voltage unit    : 1 Volt
Power unit      : N/A
Location        : /bks2/PB20000328/ic_design/apr/snapshot
***********************************************
No. of scenario = 1
--------------------------------------------------
WNS of each timing group:                
--------------------------------------------------
--------------------------------------------------
Setup WNS:                                   4.088 
Setup TNS:                                     0.0
Number of setup violations:                      0  
Hold WNS:                                    0.000  
Hold TNS:                                    0.000  
Number of hold violations:                       0  
Number of max trans violations:                480  
Number of max cap violations:                    1  
Number of min pulse width violations:            0  
Route drc violations:                            0
--------------------------------------------------
Area:                                        85060
Cell count:                                   4071
Buf/inv cell count:                            593
Std cell utilization:                       16.52%
CPU/ELAPSE(hr):                          0.01/0.01
Mem(Mb):                                       905
Host name:                                  c01n10
--------------------------------------------------
Histogram:           
--------------------------------------------------
Max violations:         0 
   above ~ -0.7  ---    0 
    -0.6 ~ -0.7  ---    0 
    -0.5 ~ -0.6  ---    0 
    -0.4 ~ -0.5  ---    0 
    -0.3 ~ -0.4  ---    0 
    -0.2 ~ -0.3  ---    0 
    -0.1 ~ -0.2  ---    0 
       0 ~ -0.1  ---    0 
--------------------------------------------------
Min violations:         0 
  -0.06 ~ above  ---    0 
  -0.05 ~ -0.06  ---    0 
  -0.04 ~ -0.05  ---    0 
  -0.03 ~ -0.04  ---    0 
  -0.02 ~ -0.03  ---    0 
  -0.01 ~ -0.02  ---    0 
      0 ~ -0.01  ---    0 
--------------------------------------------------
Global Skew Report:                  CT Buf    Period 
--------------------------------------------------
clk_p               0.037/16.379      15     40.0000 
--------------------------------------------------
Worst Skew                 0.037 
Worst Delay               16.379 
Max Transitions                0 
Max Caps                       0 
Max Fanouts                    0 
--------------------------------------------------





***********************************************
Report          : create_qor_snapshot (clock_opt_psyn_icc)
Design          : systolic_array
Version         : L-2016.03-SP5-3
Date            : Tue Dec 27 20:13:42 2022
Time unit       : 1.0e-09 Second(ns)
Capacitance unit: 1.0e-12 Farad(pF)
Voltage unit    : 1 Volt
Power unit      : N/A
Location        : /bks2/PB20000328/ic_design/apr/snapshot
***********************************************
No. of scenario = 1
--------------------------------------------------
WNS of each timing group:                
--------------------------------------------------
--------------------------------------------------
Setup WNS:                                   4.249 
Setup TNS:                                     0.0
Number of setup violations:                      0  
Hold WNS:                                    0.000  
Hold TNS:                                    0.000  
Number of hold violations:                       0  
Number of max trans violations:                337  
Number of max cap violations:                    0  
Number of min pulse width violations:            0  
Route drc violations:                            0
--------------------------------------------------
Area:                                        85266
Cell count:                                   4078
Buf/inv cell count:                            600
Std cell utilization:                       16.56%
CPU/ELAPSE(hr):                          0.02/0.02
Mem(Mb):                                       890
Host name:                                  c01n10
--------------------------------------------------
Histogram:           
--------------------------------------------------
Max violations:         0 
   above ~ -0.7  ---    0 
    -0.6 ~ -0.7  ---    0 
    -0.5 ~ -0.6  ---    0 
    -0.4 ~ -0.5  ---    0 
    -0.3 ~ -0.4  ---    0 
    -0.2 ~ -0.3  ---    0 
    -0.1 ~ -0.2  ---    0 
       0 ~ -0.1  ---    0 
--------------------------------------------------
Min violations:         0 
  -0.06 ~ above  ---    0 
  -0.05 ~ -0.06  ---    0 
  -0.04 ~ -0.05  ---    0 
  -0.03 ~ -0.04  ---    0 
  -0.02 ~ -0.03  ---    0 
  -0.01 ~ -0.02  ---    0 
      0 ~ -0.01  ---    0 
--------------------------------------------------
Global Skew Report:                  CT Buf    Period 
--------------------------------------------------
clk_p               0.036/16.412      15     40.0000 
--------------------------------------------------
Worst Skew                 0.036 
Worst Delay               16.412 
Max Transitions                0 
Max Caps                       0 
Max Fanouts                    0 
--------------------------------------------------





***********************************************
Report          : create_qor_snapshot (clock_opt_route_icc)
Design          : systolic_array
Version         : L-2016.03-SP5-3
Date            : Tue Dec 27 20:14:32 2022
Time unit       : 1.0e-09 Second(ns)
Capacitance unit: 1.0e-12 Farad(pF)
Voltage unit    : 1 Volt
Power unit      : N/A
Location        : /bks2/PB20000328/ic_design/apr/snapshot
***********************************************
No. of scenario = 1
--------------------------------------------------
WNS of each timing group:                
--------------------------------------------------
--------------------------------------------------
Setup WNS:                                   4.255 
Setup TNS:                                     0.0
Number of setup violations:                      0  
Hold WNS:                                    0.000  
Hold TNS:                                    0.000  
Number of hold violations:                       0  
Number of max trans violations:                336  
Number of max cap violations:                    0  
Number of min pulse width violations:            0  
Route drc violations:                            0
--------------------------------------------------
Area:                                        85266
Cell count:                                   4078
Buf/inv cell count:                            600
Std cell utilization:                       16.56%
CPU/ELAPSE(hr):                          0.01/0.01
Mem(Mb):                                       925
Host name:                                  c01n10
--------------------------------------------------
Histogram:           
--------------------------------------------------
Max violations:         0 
   above ~ -0.7  ---    0 
    -0.6 ~ -0.7  ---    0 
    -0.5 ~ -0.6  ---    0 
    -0.4 ~ -0.5  ---    0 
    -0.3 ~ -0.4  ---    0 
    -0.2 ~ -0.3  ---    0 
    -0.1 ~ -0.2  ---    0 
       0 ~ -0.1  ---    0 
--------------------------------------------------
Min violations:         0 
  -0.06 ~ above  ---    0 
  -0.05 ~ -0.06  ---    0 
  -0.04 ~ -0.05  ---    0 
  -0.03 ~ -0.04  ---    0 
  -0.02 ~ -0.03  ---    0 
  -0.01 ~ -0.02  ---    0 
      0 ~ -0.01  ---    0 
--------------------------------------------------
Global Skew Report:                  CT Buf    Period 
--------------------------------------------------
clk_p               0.044/16.415      15     40.0000 
--------------------------------------------------
Worst Skew                 0.044 
Worst Delay               16.415 
Max Transitions                0 
Max Caps                       0 
Max Fanouts                    0 
--------------------------------------------------





***********************************************
Report          : create_qor_snapshot (route_icc)
Design          : systolic_array
Version         : L-2016.03-SP5-3
Date            : Tue Dec 27 20:15:47 2022
Time unit       : 1.0e-09 Second(ns)
Capacitance unit: 1.0e-12 Farad(pF)
Voltage unit    : 1 Volt
Power unit      : N/A
Location        : /bks2/PB20000328/ic_design/apr/snapshot
***********************************************
No. of scenario = 1
--------------------------------------------------
WNS of each timing group:                
--------------------------------------------------
--------------------------------------------------
Setup WNS:                                   4.466 
Setup TNS:                                     0.0
Number of setup violations:                      0  
Hold WNS:                                    0.000  
Hold TNS:                                    0.000  
Number of hold violations:                       0  
Number of max trans violations:                244  
Number of max cap violations:                    0  
Number of min pulse width violations:            0  
Route drc violations:                            0
--------------------------------------------------
Area:                                        85266
Cell count:                                   4078
Buf/inv cell count:                            600
Std cell utilization:                       16.56%
CPU/ELAPSE(hr):                          0.02/0.02
Mem(Mb):                                       927
Host name:                                  c01n10
--------------------------------------------------
Histogram:           
--------------------------------------------------
Max violations:         0 
   above ~ -0.7  ---    0 
    -0.6 ~ -0.7  ---    0 
    -0.5 ~ -0.6  ---    0 
    -0.4 ~ -0.5  ---    0 
    -0.3 ~ -0.4  ---    0 
    -0.2 ~ -0.3  ---    0 
    -0.1 ~ -0.2  ---    0 
       0 ~ -0.1  ---    0 
--------------------------------------------------
Min violations:         0 
  -0.06 ~ above  ---    0 
  -0.05 ~ -0.06  ---    0 
  -0.04 ~ -0.05  ---    0 
  -0.03 ~ -0.04  ---    0 
  -0.02 ~ -0.03  ---    0 
  -0.01 ~ -0.02  ---    0 
      0 ~ -0.01  ---    0 
--------------------------------------------------
Global Skew Report:                  CT Buf    Period 
--------------------------------------------------
clk_p               0.035/16.366      15     40.0000 
--------------------------------------------------
Worst Skew                 0.035 
Worst Delay               16.366 
Max Transitions                0 
Max Caps                       0 
Max Fanouts                    0 
--------------------------------------------------



Snapshot report (index) is created and can be viewed using file "/bks2/PB20000328/ic_design/apr/snapshot/index.html"
1
