Information: Propagating switching activity (low effort zero delay simulation). (PWR-6)
Warning: Design has unannotated primary inputs. (PWR-414)
Warning: Design has unannotated sequential cell outputs. (PWR-415)
 
****************************************
Report : power
        -analysis_effort low
Design : clefia_128
Version: L-2016.03-SP5
Date   : Sun Jan  2 03:01:44 2022
****************************************


Library(s) Used:

    tcb018gbwp7twc_ccs (File: /js1/baixf/teaching/PCD2021/example/syn/tech/lib/tcb018gbwp7twc_ccs.db)


Operating Conditions: WCCOM   Library: tcb018gbwp7twc_ccs
Wire Load Model Mode: Inactive.


Global Operating Voltage = 1.62 
Power-specific unit information :
    Voltage Units = 1V
    Capacitance Units = 1.000000pf
    Time Units = 1ns
    Dynamic Power Units = 1mW    (derived from V,C,T units)
    Leakage Power Units = 1nW

Warning: Cannot report correlated power unless power prediction mode is set. (PWR-727)
Power Breakdown
---------------

                             Cell        Driven Net  Tot Dynamic      Cell
                             Internal    Switching   Power (mW)       Leakage
Cell                         Power (mW)  Power (mW)  (% Cell/Tot)     Power (nW)
--------------------------------------------------------------------------------
Netlist Power                   1.1505      0.4464   1.597e+00 (72%)  1.979e+03
Estimated Clock Tree Power   N/A         N/A          (N/A)           N/A
--------------------------------------------------------------------------------

                 Internal         Switching           Leakage            Total
Power Group      Power            Power               Power              Power   (   %    )  Attrs
--------------------------------------------------------------------------------------------------
io_pad             0.0000            0.0000            0.0000            0.0000  (   0.00%)
memory             0.0000            0.0000            0.0000            0.0000  (   0.00%)
black_box          0.0000            0.0000            0.0000            0.0000  (   0.00%)
clock_network      0.0000            0.0000            0.0000            0.0000  (   0.00%)
register           0.8404        2.3824e-02          289.7238            0.8646  (  54.07%)
sequential         0.0000            0.0000            0.0000            0.0000  (   0.00%)
combinational      0.3100            0.4226        1.6890e+03            0.7343  (  45.93%)
--------------------------------------------------------------------------------------------------
Total              1.1505 mW         0.4464 mW     1.9787e+03 nW         1.5989 mW
1
