Information: Base Cell (com): cell CKXOR2D1BWP7T, w=5040, h=3920 (npin=3)
Information: Base Cell (seq): cell DFKSND2BWP7T, w=15120, h=3920 (npin=4)
 
****************************************
Report : area
Design : clefia_128
Version: L-2016.03-SP5
Date   : Sun Jan  2 03:01:42 2022
****************************************

Library(s) Used:

    tcb018gbwp7twc_ccs (File: /js1/baixf/teaching/PCD2021/example/syn/tech/lib/tcb018gbwp7twc_ccs.db)

Number of ports:                          756
Number of nets:                          6507
Number of cells:                         5791
Number of combinational cells:           5526
Number of sequential cells:               261
Number of macros/black boxes:               0
Number of buf/inv:                       1551
Number of references:                      87

Combinational area:              69919.314281
Buf/Inv area:                    12558.739008
Noncombinational area:           13138.272003
Macro/Black Box area:                0.000000
Net Interconnect area:      undefined  (Wire load has zero net area)

Total cell area:                 83057.586285
Total area:                 undefined

Core Area:                    124467
Aspect Ratio:                 1.0000
Utilization Ratio:            0.6673


The above information was reported from the logical library. The following are from the physical library:

  Total moveable cell area: 83057.6
  Total fixed cell area: 0.0
  Total physical cell area: 83057.6
 Core area: 0.000, 0.000, 352.800, 352.800
1
