# Preference setting overrides
gui_create_pref_key -category {Globals} -key {load_detail_for_funcov} -value_type {bool} -value {false}
gui_create_pref_category -category {schem_obj_name}
gui_create_pref_key -category {schem_obj_name} -key {show_cell_and_pin_with_symbol_name} -value_type {bool} -value {false}
gui_create_pref_key -category {schem_pin_hc} -key {textExtFont} -value_type {string} -value {Helvetica,10,-1,5,50,0,0,0,0,0}

# State setting overrides
gui_state_default_create -off -ini
gui_set_state_value -category Globals -key recent_databases -value {{gui_open_db -file /bks2/PB20000328/ic_design/sim/sim_SA/inter.vpd -design V1}}
gui_set_state_value -category Layout -key child_console_size_x -value 1271
gui_set_state_value -category Layout -key child_console_size_y -value 178
gui_set_state_value -category Layout -key child_data_coltype -value 86
gui_set_state_value -category Layout -key child_data_colvalue -value 53
gui_set_state_value -category Layout -key child_data_colvariable -value 145
gui_set_state_value -category Layout -key child_data_size_x -value 276
gui_set_state_value -category Layout -key child_data_size_y -value 371
gui_set_state_value -category Layout -key child_hier_col3 -value {-1}
gui_set_state_value -category Layout -key child_hier_colpd -value 0
gui_set_state_value -category Layout -key child_hier_size_x -value 194
gui_set_state_value -category Layout -key child_hier_size_y -value 371
gui_set_state_value -category Layout -key child_list_down -value 179
gui_set_state_value -category Layout -key child_list_right -value 444
gui_set_state_value -category Layout -key child_schematic_docknewline -value false
gui_set_state_value -category Layout -key child_schematic_pos_x -value {-2}
gui_set_state_value -category Layout -key child_schematic_pos_y -value {-15}
gui_set_state_value -category Layout -key child_schematic_size_x -value 774
gui_set_state_value -category Layout -key child_schematic_size_y -value 376
gui_set_state_value -category Layout -key child_source_docknewline -value false
gui_set_state_value -category Layout -key child_source_pos_x -value {-2}
gui_set_state_value -category Layout -key child_source_pos_y -value {-15}
gui_set_state_value -category Layout -key child_source_size_x -value 804
gui_set_state_value -category Layout -key child_source_size_y -value 366
gui_set_state_value -category Layout -key child_wave_colname -value 174
gui_set_state_value -category Layout -key child_wave_colvalue -value 174
gui_set_state_value -category Layout -key child_wave_left -value 353
gui_set_state_value -category Layout -key child_wave_right -value 860
gui_set_state_value -category Layout -key main_pos_x -value 8
gui_set_state_value -category Layout -key main_pos_y -value 31
gui_set_state_value -category Layout -key main_size_x -value 1279
gui_set_state_value -category Layout -key main_size_y -value 679
gui_set_state_value -category Layout -key stand_list_child_docknewline -value false
gui_set_state_value -category Layout -key stand_list_child_pos_x -value {-2}
gui_set_state_value -category Layout -key stand_list_child_pos_y -value {-15}
gui_set_state_value -category Layout -key stand_list_child_size_x -value 604
gui_set_state_value -category Layout -key stand_list_child_size_y -value 324
gui_set_state_value -category Layout -key stand_list_top_pos_y -value 31
gui_set_state_value -category Layout -key stand_list_top_size_x -value 1099
gui_set_state_value -category Layout -key stand_list_top_size_y -value 530
gui_set_state_value -category Layout -key stand_wave_child_docknewline -value false
gui_set_state_value -category Layout -key stand_wave_child_pos_x -value {-2}
gui_set_state_value -category Layout -key stand_wave_child_pos_y -value {-15}
gui_set_state_value -category Layout -key stand_wave_child_size_x -value 1223
gui_set_state_value -category Layout -key stand_wave_child_size_y -value 534
gui_set_state_value -category Layout -key stand_wave_top_pos_x -value 8
gui_set_state_value -category Layout -key stand_wave_top_pos_y -value 31
gui_set_state_value -category Layout -key stand_wave_top_size_x -value 1226
gui_set_state_value -category Layout -key stand_wave_top_size_y -value 669
gui_create_state_key -category FindDialog -key m_pMatchCase -value_type bool -value false
gui_create_state_key -category FindDialog -key m_pMatchWord -value_type bool -value false
gui_create_state_key -category FindDialog -key m_pUseCombo -value_type string -value {}
gui_create_state_key -category FindDialog -key m_pWrapAround -value_type bool -value true
gui_state_default_create -off

# Begin command logging
gui_sim_run Ucli -exe ./simv -args {-ucligui  } -dir .
gui_list_select -id Hier.1 -current_item_name systolic_array_sim_top -current_item_type Scope  -selected  { systolic_array_sim_top   }
gui_list_select -id Data.1 -selected  { {systolic_array_sim_top.shift_out[7:0]}   }
gui_list_select -id Data.1 -selected  { systolic_array_sim_top.ack   }
gui_list_select -id Data.1 -selected  { systolic_array_sim_top.clk   }
gui_list_select -id Data.1 -selected  { systolic_array_sim_top.en   }
gui_list_select -id Data.1 -selected  { {systolic_array_sim_top.shift_in[7:0]}   }
gui_list_select -id Data.1 -selected  { {systolic_array_sim_top.clk_period[31:0]}   }
gui_list_expand -id  Hier.1   systolic_array_sim_top
gui_list_expand -id  Hier.1   systolic_array_sim_top.test
gui_list_select -id Hier.1 -current_item_name systolic_array_sim_top.test.u_pad_data_in_0 -current_item_type Scope  -selected  { systolic_array_sim_top.test.u_pad_data_in_0   }
gui_list_select -id Hier.1 -current_item_name systolic_array_sim_top.test.SA -current_item_type Scope  -selected  { systolic_array_sim_top.test.SA   }
gui_list_expand -id  Hier.1   systolic_array_sim_top.test.SA
gui_open_window Wave
gui_list_add -id Wave.1 -from Hier.1 { systolic_array_sim_top.test.SA } -insertionbar
gui_sim_continue  
gui_wv_scroll_hslidermove -id  Wave.1 8607786
gui_zoom -window Wave.1 -factor 0.5
gui_zoom -window Wave.1 -factor 0.5
gui_zoom -window Wave.1 -factor 0.5
gui_zoom -window Wave.1 -factor 0.5
gui_zoom -window Wave.1 -factor 0.5
gui_zoom -window Wave.1 -factor 0.5
gui_zoom -window Wave.1 -factor 0.5
gui_zoom -window Wave.1 -factor 0.5
gui_zoom -window Wave.1 -factor 0.5
gui_zoom -window Wave.1 -factor 0.5
gui_wv_scroll_hslidermove -id  Wave.1 1586
gui_wv_scroll_hslidermove -id  Wave.1 315
gui_wv_scroll_hslidermove -id  Wave.1 0
gui_wv_scroll_hslidermove -id  Wave.1 1901
gui_wv_scroll_hslidermove -id  Wave.1 0
gui_zoom -window Wave.1 -factor 0.5
gui_wv_scroll_hslidermove -id  Wave.1 752
gui_wv_scroll_hslidermove -id  Wave.1 0
gui_marker_move -id  Wave.1 C1 680000
gui_marker_move -id  Wave.1 C1 1000000
gui_wv_scroll_hslidermove -id  Wave.1 1067
gui_marker_move -id  Wave.1 C1 1080000
gui_marker_move -id  Wave.1 C1 1000000
gui_wv_scroll_hslidermove -id  Wave.1 904
gui_list_select -id Hier.1 -current_item_name systolic_array_sim_top.test.SA.ctrl -current_item_type Scope  -selected  { systolic_array_sim_top.test.SA.ctrl   }
gui_list_add -id Wave.1 -from Hier.1 { systolic_array_sim_top.test.SA.ctrl } -insertionbar
gui_sim_restart
gui_sim_continue  
gui_wv_scroll_hslidermove -id  Wave.1 0
gui_wv_scroll_hslidermove -id  Wave.1 0
gui_wv_scroll_hslidermove -id  Wave.1 0
gui_wv_scroll_hslidermove -id  Wave.1 146
gui_wv_scroll_hslidermove -id  Wave.1 0
gui_marker_move -id  Wave.1 C1 194560
gui_marker_move -id  Wave.1 C1 180000
gui_marker_move -id  Wave.1 C1 163840
gui_marker_select -id  Wave.1 { C1 }
gui_marker_move -id  Wave.1 C1 137216
gui_marker_move -id  Wave.1 C1 228011
gui_marker_move -id  Wave.1 C1 382976
gui_marker_move -id  Wave.1 C1 360000
gui_wv_scroll_hslidermove -id  Wave.1 0
gui_wv_scroll_hslidermove -id  Wave.1 305
gui_wv_scroll_hslidermove -id  Wave.1 343
gui_marker_move -id  Wave.1 C1 686763
gui_marker_move -id  Wave.1 C1 683349
gui_marker_move -id  Wave.1 C1 680000
gui_wv_scroll_hslidermove -id  Wave.1 0
gui_wv_scroll_hslidermove -id  Wave.1 83
gui_wv_scroll_hslidermove -id  Wave.1 0
gui_wv_scroll_hslidermove -id  Wave.1 280
gui_wv_scroll_hslidermove -id  Wave.1 413
gui_wv_scroll_hslidermove -id  Wave.1 648
gui_marker_move -id  Wave.1 C1 706560
gui_marker_move -id  Wave.1 C1 695637
gui_marker_move -id  Wave.1 C1 680000
gui_wv_scroll_hslidermove -id  Wave.1 0
gui_wv_scroll_hslidermove -id  Wave.1 0
gui_wv_scroll_hslidermove -id  Wave.1 114
gui_wv_scroll_hslidermove -id  Wave.1 0
gui_wv_scroll_hslidermove -id  Wave.1 337
gui_wv_scroll_hslidermove -id  Wave.1 0
gui_wv_scroll_hslidermove -id  Wave.1 0
gui_wv_scroll_hslidermove -id  Wave.1 0
gui_marker_move -id  Wave.1 C1 414379
gui_marker_move -id  Wave.1 C1 514731
gui_marker_move -id  Wave.1 C1 525653
gui_wv_scroll_hslidermove -id  Wave.1 0
gui_wv_scroll_hslidermove -id  Wave.1 0
gui_wv_scroll_hslidermove -id  Wave.1 0
gui_wv_scrollleft -id  Wave.1  line
gui_wv_scrollleft -id  Wave.1  line
gui_wv_scrollleft -id  Wave.1  line
gui_wv_scrollleft -id  Wave.1  line
gui_wv_scrollright -id  Wave.1  line
gui_wv_scrollright -id  Wave.1  line
gui_wv_scrollright -id  Wave.1  line
gui_wv_scrollright -id  Wave.1  line
gui_wv_scrollright -id  Wave.1  line
gui_wv_scrollright -id  Wave.1  line
gui_wv_scrollright -id  Wave.1  line
gui_wv_scrollright -id  Wave.1  line
gui_wv_scrollright -id  Wave.1  line
gui_wv_scrollright -id  Wave.1  line
gui_wv_scrollright -id  Wave.1  line
gui_wv_scrollright -id  Wave.1  line
gui_wv_scrollright -id  Wave.1  line
gui_wv_scrollright -id  Wave.1  line
gui_wv_scrollright -id  Wave.1  line
gui_wv_scrollright -id  Wave.1  line
gui_wv_scrollright -id  Wave.1  line
gui_wv_scrollright -id  Wave.1  line
gui_wv_scrollright -id  Wave.1  line
gui_wv_scrollright -id  Wave.1  line
gui_wv_scrollright -id  Wave.1  line
gui_wv_scrollright -id  Wave.1  line
gui_wv_scrollright -id  Wave.1  line
gui_marker_move -id  Wave.1 C1 1000000
gui_marker_move -id  Wave.1 C1 1080000
gui_wv_zoom_timerange -id  Wave.1 659456 1168043
gui_wv_zoom_timerange -id  Wave.1 659456 1184427
gui_marker_move -id  Wave.1 C1 1062229
gui_marker_move -id  Wave.1 C1 1080000
gui_wv_scroll_hslidermove -id  Wave.1 627
gui_wv_scroll_hslidermove -id  Wave.1 307
gui_wv_scroll_hslidermove -id  Wave.1 397
gui_wv_scrollright -id  Wave.1  line
gui_wv_scrollright -id  Wave.1  line
gui_wv_scrollright -id  Wave.1  line
gui_wv_scrollright -id  Wave.1  line
gui_wv_scrollright -id  Wave.1  line
gui_wv_scrollright -id  Wave.1  line
gui_wv_scrollright -id  Wave.1  line
gui_wv_scrollright -id  Wave.1  line
gui_wv_scrollright -id  Wave.1  line
gui_wv_scrollright -id  Wave.1  line
gui_wv_scrollright -id  Wave.1  line
gui_marker_move -id  Wave.1 C1 578219
gui_list_select -id Wave.1 -selected  { systolic_array_sim_top.test.SA.ctrl.rstn   }
gui_wv_scrollright -id  Wave.1  line
gui_wv_scrollright -id  Wave.1  line
gui_wv_scrollright -id  Wave.1  line
gui_wv_scrollright -id  Wave.1  line
gui_marker_move -id  Wave.1 C1 1080000
gui_marker_move -id  Wave.1 C1 1000000
gui_marker_move -id  Wave.1 C1 1080000
gui_list_collapse -id  Wave.1   SA|ctrl
gui_list_select -id Wave.1 -selected  { systolic_array_sim_top.test.SA.rstn   }
gui_close_window -window TopLevel.2
