# Preference setting overrides
gui_create_pref_key -category {Globals} -key {load_detail_for_funcov} -value_type {bool} -value {false}
gui_create_pref_category -category {schem_obj_name}
gui_create_pref_key -category {schem_obj_name} -key {show_cell_and_pin_with_symbol_name} -value_type {bool} -value {false}
gui_create_pref_key -category {schem_pin_hc} -key {textExtFont} -value_type {string} -value {Helvetica,10,-1,5,50,0,0,0,0,0}

# State setting overrides
gui_state_default_create -off -ini
gui_set_state_value -category Globals -key recent_databases -value {{gui_open_db -file /bks2/PB20000328/ic_design/sim/sim_SA/inter.vpd -design V1}}
gui_set_state_value -category Layout -key child_console_size_x -value 1275
gui_set_state_value -category Layout -key child_console_size_y -value 182
gui_set_state_value -category Layout -key child_data_coltype -value 86
gui_set_state_value -category Layout -key child_data_colvalue -value 53
gui_set_state_value -category Layout -key child_data_colvariable -value 145
gui_set_state_value -category Layout -key child_data_size_x -value 280
gui_set_state_value -category Layout -key child_data_size_y -value 371
gui_set_state_value -category Layout -key child_hier_col3 -value {-1}
gui_set_state_value -category Layout -key child_hier_colpd -value 0
gui_set_state_value -category Layout -key child_hier_size_x -value 198
gui_set_state_value -category Layout -key child_hier_size_y -value 371
gui_set_state_value -category Layout -key child_schematic_docknewline -value false
gui_set_state_value -category Layout -key child_schematic_pos_x -value {-2}
gui_set_state_value -category Layout -key child_schematic_pos_y -value {-15}
gui_set_state_value -category Layout -key child_schematic_size_x -value 774
gui_set_state_value -category Layout -key child_schematic_size_y -value 376
gui_set_state_value -category Layout -key child_source_docknewline -value false
gui_set_state_value -category Layout -key child_source_pos_x -value {-2}
gui_set_state_value -category Layout -key child_source_pos_y -value {-15}
gui_set_state_value -category Layout -key child_source_size_x -value 800
gui_set_state_value -category Layout -key child_source_size_y -value 366
gui_set_state_value -category Layout -key child_wave_colname -value 173
gui_set_state_value -category Layout -key child_wave_colvalue -value 174
gui_set_state_value -category Layout -key child_wave_left -value 351
gui_set_state_value -category Layout -key child_wave_right -value 856
gui_set_state_value -category Layout -key main_pos_x -value 8
gui_set_state_value -category Layout -key main_pos_y -value 31
gui_set_state_value -category Layout -key main_size_x -value 1283
gui_set_state_value -category Layout -key main_size_y -value 683
gui_set_state_value -category Layout -key stand_wave_child_docknewline -value false
gui_set_state_value -category Layout -key stand_wave_child_pos_x -value {-2}
gui_set_state_value -category Layout -key stand_wave_child_pos_y -value {-15}
gui_set_state_value -category Layout -key stand_wave_child_size_x -value 1217
gui_set_state_value -category Layout -key stand_wave_child_size_y -value 501
gui_set_state_value -category Layout -key stand_wave_top_pos_x -value 28
gui_set_state_value -category Layout -key stand_wave_top_pos_y -value 51
gui_set_state_value -category Layout -key stand_wave_top_size_x -value 1240
gui_set_state_value -category Layout -key stand_wave_top_size_y -value 656
gui_create_state_key -category FindDialog -key m_pMatchCase -value_type bool -value false
gui_create_state_key -category FindDialog -key m_pMatchWord -value_type bool -value false
gui_create_state_key -category FindDialog -key m_pUseCombo -value_type string -value {}
gui_create_state_key -category FindDialog -key m_pWrapAround -value_type bool -value true
gui_state_default_create -off

# Begin command logging
gui_sim_run Ucli -exe ./simv -args {-ucligui  } -dir .
gui_list_select -id Hier.1 -current_item_name systolic_array_sim_without_control -current_item_type Scope  -selected  { systolic_array_sim_without_control   }
gui_list_expand -id  Hier.1   systolic_array_sim_without_control
gui_list_select -id Hier.1 -current_item_name systolic_array_sim_without_control.test -current_item_type Scope  -selected  { systolic_array_sim_without_control.test   }
gui_list_expand -id  Hier.1   systolic_array_sim_without_control.test
gui_list_select -id Hier.1 -current_item_name systolic_array_sim_without_control.test.core -current_item_type Scope  -selected  { systolic_array_sim_without_control.test.core   }
gui_open_window Wave
gui_list_add -id Wave.1 -from Hier.1 { systolic_array_sim_without_control.test.core } -insertionbar
gui_sim_continue  
gui_zoom -window Wave.1 -factor 0.5
gui_zoom -window Wave.1 -factor 0.5
gui_zoom -window Wave.1 -factor 0.5
gui_zoom -window Wave.1 -factor 0.5
gui_zoom -window Wave.1 -factor 0.5
gui_zoom -window Wave.1 -factor 0.5
gui_zoom -window Wave.1 -factor 0.5
gui_zoom -window Wave.1 -factor 0.5
gui_zoom -window Wave.1 -factor 0.5
gui_zoom -window Wave.1 -factor 0.5
gui_zoom -window Wave.1 -factor 0.5
gui_zoom -window Wave.1 -factor 0.5
gui_zoom -window Wave.1 -factor 2
gui_zoom -window Wave.1 -factor 2
gui_zoom -window Wave.1 -factor 0.5
gui_wv_scroll_hslidermove -id  Wave.1 0
gui_marker_move -id  Wave.1 C1 200000
gui_marker_move -id  Wave.1 C1 240000
gui_marker_move -id  Wave.1 C1 240000
gui_marker_move -id  Wave.1 C1 286377
gui_wv_scroll_hslidermove -id  Wave.1 0
gui_marker_move -id  Wave.1 C1 100000
gui_marker_move -id  Wave.1 C1 41593
gui_marker_move -id  Wave.1 C1 100000
gui_marker_move -id  Wave.1 C1 40000
gui_marker_move -id  Wave.1 C1 100000
gui_list_select -id Hier.1 -current_item_name systolic_array_sim_without_control -current_item_type Scope  -selected  { systolic_array_sim_without_control   }
gui_list_select -id Hier.1 -current_item_name systolic_array_sim_without_control.test -current_item_type Scope  -selected  { systolic_array_sim_without_control.test   }
gui_list_select -id Hier.1 -current_item_name systolic_array_sim_without_control.test.A_0 -current_item_type Scope  -selected  { systolic_array_sim_without_control.test.A_0   }
gui_open_window Wave
gui_list_add -id Wave.2 -from Hier.1 { systolic_array_sim_without_control.test.A_0 } -insertionbar
gui_sim_restart
gui_sim_continue  
gui_zoom -window Wave.2 -factor 0.5
gui_zoom -window Wave.2 -factor 0.5
gui_zoom -window Wave.2 -factor 0.5
gui_zoom -window Wave.2 -factor 0.5
gui_zoom -window Wave.2 -factor 0.5
gui_zoom -window Wave.2 -factor 0.5
gui_zoom -window Wave.2 -factor 0.5
gui_zoom -window Wave.2 -factor 0.5
gui_zoom -window Wave.2 -factor 0.5
gui_zoom -window Wave.2 -factor 0.5
gui_wv_scroll_hslidermove -id  Wave.2 0
gui_marker_move -id  Wave.2 C1 40000
gui_marker_move -id  Wave.2 C1 100000
gui_list_expand -id  Wave.2   {systolic_array_sim_without_control.test.A_0.shift_reg[6:0][7:0]}
gui_marker_move -id  Wave.2 C1 40000
gui_marker_select -id  Wave.2 { C1 }
gui_marker_move -id  Wave.2 C1 40000
gui_marker_move -id  Wave.2 C1 40000
gui_get_drivers -id Wave.2 -signal systolic_array_sim_without_control.test.A_0.rstn
gui_marker_move -id  Wave.2 C1 49775
gui_marker_move -id  Wave.2 C1 40000
gui_marker_move -id  Wave.2 C1 52843
gui_marker_move -id  Wave.2 C1 193987
gui_marker_move -id  Wave.2 C1 180000
gui_zoom -window Wave.2 -factor 0.5
gui_zoom -window Wave.2 -factor 2
gui_wv_scroll_hslidermove -id  Wave.2 0
gui_wv_scroll_hslidermove -id  Wave.2 0
gui_wv_scroll_hslidermove -id  Wave.2 0
gui_marker_move -id  Wave.2 C1 160000
gui_marker_move -id  Wave.2 C1 180000
gui_marker_move -id  Wave.2 C1 160000
gui_wv_scroll_hslidermove -id  Wave.2 0
gui_wv_scroll_hslidermove -id  Wave.2 1191
gui_marker_move -id  Wave.2 C1 560000
gui_marker_move -id  Wave.2 C1 560000
gui_wv_scroll_hslidermove -id  Wave.2 2007
gui_wv_scroll_hslidermove -id  Wave.1 0
gui_wv_scroll_hslidermove -id  Wave.1 36
gui_wv_scroll_hslidermove -id  Wave.1 0
gui_wv_scroll_hslidermove -id  Wave.2 2007
gui_wv_scroll_hslidermove -id  Wave.2 0
gui_wv_scroll_hslidermove -id  Wave.2 1651
gui_wv_scroll_hslidermove -id  Wave.2 1260
gui_marker_move -id  Wave.2 C1 520000
gui_marker_move -id  Wave.2 C1 560000
gui_marker_move -id  Wave.2 C1 520000
gui_marker_move -id  Wave.2 C1 520000
gui_wv_scroll_hslidermove -id  Wave.2 979
gui_marker_move -id  Wave.2 C1 530000
gui_marker_move -id  Wave.2 C1 520000
gui_close_window -window TopLevel.3
gui_close_window -window TopLevel.2
